

================================================================
== Vitis HLS Report for 'cnn_top'
================================================================
* Date:           Fri Jul 18 13:04:12 2025

* Version:        2025.1 (Build 6135595 on May 21 2025)
* Project:        hls_component
* Solution:       hls (Vivado IP Flow Target)
* Product family: zynq
* Target device:  xc7z020-clg400-2


================================================================
== Performance Estimates
================================================================
+ Timing: 
    * Summary: 
    +--------+----------+-----------+------------+
    |  Clock |  Target  | Estimated | Uncertainty|
    +--------+----------+-----------+------------+
    |ap_clk  |  10.00 ns|  10.071 ns|     2.70 ns|
    +--------+----------+-----------+------------+

+ Latency: 
    * Summary: 
    +---------+---------+-----------+-----------+---------+---------+----------+
    |  Latency (cycles) |   Latency (absolute)  |      Interval     | Pipeline |
    |   min   |   max   |    min    |    max    |   min   |   max   |   Type   |
    +---------+---------+-----------+-----------+---------+---------+----------+
    |  2439577|  2439577|  24.569 ms|  24.569 ms|  2439575|  2439575|  dataflow|
    +---------+---------+-----------+-----------+---------+---------+----------+

    + Detail: 
        * Instance: 
        +------------------------------+---------------------------+---------+---------+-----------+-----------+---------+---------+------------------------------------------------+
        |                              |                           |  Latency (cycles) |   Latency (absolute)  |      Interval     |                    Pipeline                    |
        |           Instance           |           Module          |   min   |   max   |    min    |    max    |   min   |   max   |                      Type                      |
        +------------------------------+---------------------------+---------+---------+-----------+-----------+---------+---------+------------------------------------------------+
        |entry_proc_U0                 |entry_proc                 |        0|        0|       0 ns|       0 ns|        0|        0|                                              no|
        |read_input_top_U0             |read_input_top             |     1032|     1032|  10.320 us|  10.320 us|     1024|     1024|  loop auto-rewind stp (delay=0 clock cycles(s))|
        |compute_4_U0                  |compute_4                  |    43627|    43627|   0.436 ms|   0.436 ms|    43627|    43627|                                              no|
        |compute_3_U0                  |compute_3                  |  2439574|  2439574|  24.569 ms|  24.569 ms|  2439574|  2439574|                                              no|
        |compute_1_U0                  |compute_1                  |    24583|    24583|   0.246 ms|   0.246 ms|    24583|    24583|                                              no|
        |compute_2_U0                  |compute_2                  |   623750|   623750|   6.282 ms|   6.282 ms|   623750|   623750|                                              no|
        |compute_U0                    |compute                    |     6151|     6151|  61.510 us|  61.510 us|     6151|     6151|                                              no|
        |Block_entry_gmem1_wr_proc_U0  |Block_entry_gmem1_wr_proc  |     1554|     1554|  15.540 us|  15.540 us|     1554|     1554|                                              no|
        +------------------------------+---------------------------+---------+---------+-----------+-----------+---------+---------+------------------------------------------------+

        * Loop: 
        N/A



================================================================
== Utilization Estimates
================================================================
* Summary: 
+-----------------+---------+-----+--------+-------+-----+
|       Name      | BRAM_18K| DSP |   FF   |  LUT  | URAM|
+-----------------+---------+-----+--------+-------+-----+
|DSP              |        -|    -|       -|      -|    -|
|Expression       |        -|    -|       0|     12|    -|
|FIFO             |       22|    -|    1071|    550|    -|
|Instance         |       94|   12|   12448|  18957|    0|
|Memory           |        -|    -|       -|      -|    -|
|Multiplexer      |        -|    -|       0|     45|    -|
|Register         |        -|    -|       5|      -|    -|
+-----------------+---------+-----+--------+-------+-----+
|Total            |      116|   12|   13524|  19564|    0|
+-----------------+---------+-----+--------+-------+-----+
|Available        |      280|  220|  106400|  53200|    0|
+-----------------+---------+-----+--------+-------+-----+
|Utilization (%)  |       41|    5|      12|     36|    0|
+-----------------+---------+-----+--------+-------+-----+

+ Detail: 
    * Instance: 
    +------------------------------+---------------------------+---------+----+------+------+-----+
    |           Instance           |           Module          | BRAM_18K| DSP|  FF  |  LUT | URAM|
    +------------------------------+---------------------------+---------+----+------+------+-----+
    |Block_entry_gmem1_wr_proc_U0  |Block_entry_gmem1_wr_proc  |        0|   0|   146|   570|    0|
    |compute_U0                    |compute                    |        2|   0|   127|   595|    0|
    |compute_1_U0                  |compute_1                  |        8|   0|   139|   621|    0|
    |compute_2_U0                  |compute_2                  |       22|   1|  1961|  3122|    0|
    |compute_3_U0                  |compute_3                  |       40|   1|  1994|  3220|    0|
    |compute_4_U0                  |compute_4                  |        8|  10|  2147|  4077|    0|
    |control_s_axi_U               |control_s_axi              |        0|   0|   340|   552|    0|
    |entry_proc_U0                 |entry_proc                 |        0|   0|     3|    28|    0|
    |gmem0_m_axi_U                 |gmem0_m_axi                |        2|   0|   698|   755|    0|
    |gmem1_m_axi_U                 |gmem1_m_axi                |        0|   0|   636|   762|    0|
    |gmem2_m_axi_U                 |gmem2_m_axi                |        2|   0|   698|   755|    0|
    |gmem3_m_axi_U                 |gmem3_m_axi                |        2|   0|   698|   755|    0|
    |gmem4_m_axi_U                 |gmem4_m_axi                |        2|   0|   698|   755|    0|
    |gmem5_m_axi_U                 |gmem5_m_axi                |        2|   0|   698|   755|    0|
    |gmem6_m_axi_U                 |gmem6_m_axi                |        2|   0|   698|   755|    0|
    |gmem7_m_axi_U                 |gmem7_m_axi                |        2|   0|   698|   755|    0|
    |read_input_top_U0             |read_input_top             |        0|   0|    69|   125|    0|
    +------------------------------+---------------------------+---------+----+------+------+-----+
    |Total                         |                           |       94|  12| 12448| 18957|    0|
    +------------------------------+---------------------------+---------+----+------+------+-----+

    * DSP: 
    N/A

    * Memory: 
    N/A

    * FIFO: 
    +--------------+---------+-----+----+-----+------+-----+---------+
    |     Name     | BRAM_18K|  FF | LUT| URAM| Depth| Bits| Size:D*B|
    +--------------+---------+-----+----+-----+------+-----+---------+
    |conv1_out_U   |        8|  163|   0|    -|  8192|   16|   131072|
    |conv2_out_U   |        8|  163|   0|    -|  8192|   16|   131072|
    |conv3_out_U   |        2|  163|   0|    -|  2048|   16|    32768|
    |input_s_U     |        1|  159|   0|    -|   256|   16|     4096|
    |output_r_c_U  |        0|   99|   0|    -|     8|   32|      256|
    |output_s_U    |        1|  161|   0|    -|   512|   16|     8192|
    |pool1_out_U   |        2|  163|   0|    -|  2048|   16|    32768|
    +--------------+---------+-----+----+-----+------+-----+---------+
    |Total         |       22| 1071|   0|    0| 21256|  128|   340224|
    +--------------+---------+-----+----+-----+------+-----+---------+

    * Expression: 
    +------------------------------------+----------+----+---+----+------------+------------+
    |            Variable Name           | Operation| DSP| FF| LUT| Bitwidth P0| Bitwidth P1|
    +------------------------------------+----------+----+---+----+------------+------------+
    |ap_idle                             |       and|   0|  0|   1|           1|           1|
    |ap_sync_ready                       |       and|   0|  0|   1|           1|           1|
    |compute_2_U0_ap_start               |       and|   0|  0|   1|           1|           1|
    |compute_3_U0_ap_start               |       and|   0|  0|   1|           1|           1|
    |compute_4_U0_ap_start               |       and|   0|  0|   1|           1|           1|
    |entry_proc_U0_ap_start              |       and|   0|  0|   1|           1|           1|
    |read_input_top_U0_ap_start          |       and|   0|  0|   1|           1|           1|
    |ap_sync_compute_2_U0_ap_ready       |        or|   0|  0|   1|           1|           1|
    |ap_sync_compute_3_U0_ap_ready       |        or|   0|  0|   1|           1|           1|
    |ap_sync_compute_4_U0_ap_ready       |        or|   0|  0|   1|           1|           1|
    |ap_sync_entry_proc_U0_ap_ready      |        or|   0|  0|   1|           1|           1|
    |ap_sync_read_input_top_U0_ap_ready  |        or|   0|  0|   1|           1|           1|
    +------------------------------------+----------+----+---+----+------------+------------+
    |Total                               |          |   0|  0|  12|          12|          12|
    +------------------------------------+----------+----+---+----+------------+------------+

    * Multiplexer: 
    +----------------------------------------+----+-----------+-----+-----------+
    |                  Name                  | LUT| Input Size| Bits| Total Bits|
    +----------------------------------------+----+-----------+-----+-----------+
    |ap_sync_reg_compute_2_U0_ap_ready       |   9|          2|    1|          2|
    |ap_sync_reg_compute_3_U0_ap_ready       |   9|          2|    1|          2|
    |ap_sync_reg_compute_4_U0_ap_ready       |   9|          2|    1|          2|
    |ap_sync_reg_entry_proc_U0_ap_ready      |   9|          2|    1|          2|
    |ap_sync_reg_read_input_top_U0_ap_ready  |   9|          2|    1|          2|
    +----------------------------------------+----+-----------+-----+-----------+
    |Total                                   |  45|         10|    5|         10|
    +----------------------------------------+----+-----------+-----+-----------+

    * Register: 
    +----------------------------------------+---+----+-----+-----------+
    |                  Name                  | FF| LUT| Bits| Const Bits|
    +----------------------------------------+---+----+-----+-----------+
    |ap_sync_reg_compute_2_U0_ap_ready       |  1|   0|    1|          0|
    |ap_sync_reg_compute_3_U0_ap_ready       |  1|   0|    1|          0|
    |ap_sync_reg_compute_4_U0_ap_ready       |  1|   0|    1|          0|
    |ap_sync_reg_entry_proc_U0_ap_ready      |  1|   0|    1|          0|
    |ap_sync_reg_read_input_top_U0_ap_ready  |  1|   0|    1|          0|
    +----------------------------------------+---+----+-----+-----------+
    |Total                                   |  5|   0|    5|          0|
    +----------------------------------------+---+----+-----+-----------+



================================================================
== Interface
================================================================
* Summary: 
+-----------------------+-----+-----+------------+--------------+--------------+
|       RTL Ports       | Dir | Bits|  Protocol  | Source Object|    C Type    |
+-----------------------+-----+-----+------------+--------------+--------------+
|s_axi_control_AWVALID  |   in|    1|       s_axi|       control|        scalar|
|s_axi_control_AWREADY  |  out|    1|       s_axi|       control|        scalar|
|s_axi_control_AWADDR   |   in|    7|       s_axi|       control|        scalar|
|s_axi_control_WVALID   |   in|    1|       s_axi|       control|        scalar|
|s_axi_control_WREADY   |  out|    1|       s_axi|       control|        scalar|
|s_axi_control_WDATA    |   in|   32|       s_axi|       control|        scalar|
|s_axi_control_WSTRB    |   in|    4|       s_axi|       control|        scalar|
|s_axi_control_ARVALID  |   in|    1|       s_axi|       control|        scalar|
|s_axi_control_ARREADY  |  out|    1|       s_axi|       control|        scalar|
|s_axi_control_ARADDR   |   in|    7|       s_axi|       control|        scalar|
|s_axi_control_RVALID   |  out|    1|       s_axi|       control|        scalar|
|s_axi_control_RREADY   |   in|    1|       s_axi|       control|        scalar|
|s_axi_control_RDATA    |  out|   32|       s_axi|       control|        scalar|
|s_axi_control_RRESP    |  out|    2|       s_axi|       control|        scalar|
|s_axi_control_BVALID   |  out|    1|       s_axi|       control|        scalar|
|s_axi_control_BREADY   |   in|    1|       s_axi|       control|        scalar|
|s_axi_control_BRESP    |  out|    2|       s_axi|       control|        scalar|
|ap_clk                 |   in|    1|  ap_ctrl_hs|       cnn_top|  return value|
|ap_rst_n               |   in|    1|  ap_ctrl_hs|       cnn_top|  return value|
|interrupt              |  out|    1|  ap_ctrl_hs|       cnn_top|  return value|
|m_axi_gmem0_AWVALID    |  out|    1|       m_axi|         gmem0|       pointer|
|m_axi_gmem0_AWREADY    |   in|    1|       m_axi|         gmem0|       pointer|
|m_axi_gmem0_AWADDR     |  out|   32|       m_axi|         gmem0|       pointer|
|m_axi_gmem0_AWID       |  out|    1|       m_axi|         gmem0|       pointer|
|m_axi_gmem0_AWLEN      |  out|    8|       m_axi|         gmem0|       pointer|
|m_axi_gmem0_AWSIZE     |  out|    3|       m_axi|         gmem0|       pointer|
|m_axi_gmem0_AWBURST    |  out|    2|       m_axi|         gmem0|       pointer|
|m_axi_gmem0_AWLOCK     |  out|    2|       m_axi|         gmem0|       pointer|
|m_axi_gmem0_AWCACHE    |  out|    4|       m_axi|         gmem0|       pointer|
|m_axi_gmem0_AWPROT     |  out|    3|       m_axi|         gmem0|       pointer|
|m_axi_gmem0_AWQOS      |  out|    4|       m_axi|         gmem0|       pointer|
|m_axi_gmem0_AWREGION   |  out|    4|       m_axi|         gmem0|       pointer|
|m_axi_gmem0_AWUSER     |  out|    1|       m_axi|         gmem0|       pointer|
|m_axi_gmem0_WVALID     |  out|    1|       m_axi|         gmem0|       pointer|
|m_axi_gmem0_WREADY     |   in|    1|       m_axi|         gmem0|       pointer|
|m_axi_gmem0_WDATA      |  out|   32|       m_axi|         gmem0|       pointer|
|m_axi_gmem0_WSTRB      |  out|    4|       m_axi|         gmem0|       pointer|
|m_axi_gmem0_WLAST      |  out|    1|       m_axi|         gmem0|       pointer|
|m_axi_gmem0_WID        |  out|    1|       m_axi|         gmem0|       pointer|
|m_axi_gmem0_WUSER      |  out|    1|       m_axi|         gmem0|       pointer|
|m_axi_gmem0_ARVALID    |  out|    1|       m_axi|         gmem0|       pointer|
|m_axi_gmem0_ARREADY    |   in|    1|       m_axi|         gmem0|       pointer|
|m_axi_gmem0_ARADDR     |  out|   32|       m_axi|         gmem0|       pointer|
|m_axi_gmem0_ARID       |  out|    1|       m_axi|         gmem0|       pointer|
|m_axi_gmem0_ARLEN      |  out|    8|       m_axi|         gmem0|       pointer|
|m_axi_gmem0_ARSIZE     |  out|    3|       m_axi|         gmem0|       pointer|
|m_axi_gmem0_ARBURST    |  out|    2|       m_axi|         gmem0|       pointer|
|m_axi_gmem0_ARLOCK     |  out|    2|       m_axi|         gmem0|       pointer|
|m_axi_gmem0_ARCACHE    |  out|    4|       m_axi|         gmem0|       pointer|
|m_axi_gmem0_ARPROT     |  out|    3|       m_axi|         gmem0|       pointer|
|m_axi_gmem0_ARQOS      |  out|    4|       m_axi|         gmem0|       pointer|
|m_axi_gmem0_ARREGION   |  out|    4|       m_axi|         gmem0|       pointer|
|m_axi_gmem0_ARUSER     |  out|    1|       m_axi|         gmem0|       pointer|
|m_axi_gmem0_RVALID     |   in|    1|       m_axi|         gmem0|       pointer|
|m_axi_gmem0_RREADY     |  out|    1|       m_axi|         gmem0|       pointer|
|m_axi_gmem0_RDATA      |   in|   32|       m_axi|         gmem0|       pointer|
|m_axi_gmem0_RLAST      |   in|    1|       m_axi|         gmem0|       pointer|
|m_axi_gmem0_RID        |   in|    1|       m_axi|         gmem0|       pointer|
|m_axi_gmem0_RUSER      |   in|    1|       m_axi|         gmem0|       pointer|
|m_axi_gmem0_RRESP      |   in|    2|       m_axi|         gmem0|       pointer|
|m_axi_gmem0_BVALID     |   in|    1|       m_axi|         gmem0|       pointer|
|m_axi_gmem0_BREADY     |  out|    1|       m_axi|         gmem0|       pointer|
|m_axi_gmem0_BRESP      |   in|    2|       m_axi|         gmem0|       pointer|
|m_axi_gmem0_BID        |   in|    1|       m_axi|         gmem0|       pointer|
|m_axi_gmem0_BUSER      |   in|    1|       m_axi|         gmem0|       pointer|
|m_axi_gmem1_AWVALID    |  out|    1|       m_axi|         gmem1|       pointer|
|m_axi_gmem1_AWREADY    |   in|    1|       m_axi|         gmem1|       pointer|
|m_axi_gmem1_AWADDR     |  out|   32|       m_axi|         gmem1|       pointer|
|m_axi_gmem1_AWID       |  out|    1|       m_axi|         gmem1|       pointer|
|m_axi_gmem1_AWLEN      |  out|    8|       m_axi|         gmem1|       pointer|
|m_axi_gmem1_AWSIZE     |  out|    3|       m_axi|         gmem1|       pointer|
|m_axi_gmem1_AWBURST    |  out|    2|       m_axi|         gmem1|       pointer|
|m_axi_gmem1_AWLOCK     |  out|    2|       m_axi|         gmem1|       pointer|
|m_axi_gmem1_AWCACHE    |  out|    4|       m_axi|         gmem1|       pointer|
|m_axi_gmem1_AWPROT     |  out|    3|       m_axi|         gmem1|       pointer|
|m_axi_gmem1_AWQOS      |  out|    4|       m_axi|         gmem1|       pointer|
|m_axi_gmem1_AWREGION   |  out|    4|       m_axi|         gmem1|       pointer|
|m_axi_gmem1_AWUSER     |  out|    1|       m_axi|         gmem1|       pointer|
|m_axi_gmem1_WVALID     |  out|    1|       m_axi|         gmem1|       pointer|
|m_axi_gmem1_WREADY     |   in|    1|       m_axi|         gmem1|       pointer|
|m_axi_gmem1_WDATA      |  out|   32|       m_axi|         gmem1|       pointer|
|m_axi_gmem1_WSTRB      |  out|    4|       m_axi|         gmem1|       pointer|
|m_axi_gmem1_WLAST      |  out|    1|       m_axi|         gmem1|       pointer|
|m_axi_gmem1_WID        |  out|    1|       m_axi|         gmem1|       pointer|
|m_axi_gmem1_WUSER      |  out|    1|       m_axi|         gmem1|       pointer|
|m_axi_gmem1_ARVALID    |  out|    1|       m_axi|         gmem1|       pointer|
|m_axi_gmem1_ARREADY    |   in|    1|       m_axi|         gmem1|       pointer|
|m_axi_gmem1_ARADDR     |  out|   32|       m_axi|         gmem1|       pointer|
|m_axi_gmem1_ARID       |  out|    1|       m_axi|         gmem1|       pointer|
|m_axi_gmem1_ARLEN      |  out|    8|       m_axi|         gmem1|       pointer|
|m_axi_gmem1_ARSIZE     |  out|    3|       m_axi|         gmem1|       pointer|
|m_axi_gmem1_ARBURST    |  out|    2|       m_axi|         gmem1|       pointer|
|m_axi_gmem1_ARLOCK     |  out|    2|       m_axi|         gmem1|       pointer|
|m_axi_gmem1_ARCACHE    |  out|    4|       m_axi|         gmem1|       pointer|
|m_axi_gmem1_ARPROT     |  out|    3|       m_axi|         gmem1|       pointer|
|m_axi_gmem1_ARQOS      |  out|    4|       m_axi|         gmem1|       pointer|
|m_axi_gmem1_ARREGION   |  out|    4|       m_axi|         gmem1|       pointer|
|m_axi_gmem1_ARUSER     |  out|    1|       m_axi|         gmem1|       pointer|
|m_axi_gmem1_RVALID     |   in|    1|       m_axi|         gmem1|       pointer|
|m_axi_gmem1_RREADY     |  out|    1|       m_axi|         gmem1|       pointer|
|m_axi_gmem1_RDATA      |   in|   32|       m_axi|         gmem1|       pointer|
|m_axi_gmem1_RLAST      |   in|    1|       m_axi|         gmem1|       pointer|
|m_axi_gmem1_RID        |   in|    1|       m_axi|         gmem1|       pointer|
|m_axi_gmem1_RUSER      |   in|    1|       m_axi|         gmem1|       pointer|
|m_axi_gmem1_RRESP      |   in|    2|       m_axi|         gmem1|       pointer|
|m_axi_gmem1_BVALID     |   in|    1|       m_axi|         gmem1|       pointer|
|m_axi_gmem1_BREADY     |  out|    1|       m_axi|         gmem1|       pointer|
|m_axi_gmem1_BRESP      |   in|    2|       m_axi|         gmem1|       pointer|
|m_axi_gmem1_BID        |   in|    1|       m_axi|         gmem1|       pointer|
|m_axi_gmem1_BUSER      |   in|    1|       m_axi|         gmem1|       pointer|
|m_axi_gmem2_AWVALID    |  out|    1|       m_axi|         gmem2|       pointer|
|m_axi_gmem2_AWREADY    |   in|    1|       m_axi|         gmem2|       pointer|
|m_axi_gmem2_AWADDR     |  out|   32|       m_axi|         gmem2|       pointer|
|m_axi_gmem2_AWID       |  out|    1|       m_axi|         gmem2|       pointer|
|m_axi_gmem2_AWLEN      |  out|    8|       m_axi|         gmem2|       pointer|
|m_axi_gmem2_AWSIZE     |  out|    3|       m_axi|         gmem2|       pointer|
|m_axi_gmem2_AWBURST    |  out|    2|       m_axi|         gmem2|       pointer|
|m_axi_gmem2_AWLOCK     |  out|    2|       m_axi|         gmem2|       pointer|
|m_axi_gmem2_AWCACHE    |  out|    4|       m_axi|         gmem2|       pointer|
|m_axi_gmem2_AWPROT     |  out|    3|       m_axi|         gmem2|       pointer|
|m_axi_gmem2_AWQOS      |  out|    4|       m_axi|         gmem2|       pointer|
|m_axi_gmem2_AWREGION   |  out|    4|       m_axi|         gmem2|       pointer|
|m_axi_gmem2_AWUSER     |  out|    1|       m_axi|         gmem2|       pointer|
|m_axi_gmem2_WVALID     |  out|    1|       m_axi|         gmem2|       pointer|
|m_axi_gmem2_WREADY     |   in|    1|       m_axi|         gmem2|       pointer|
|m_axi_gmem2_WDATA      |  out|   32|       m_axi|         gmem2|       pointer|
|m_axi_gmem2_WSTRB      |  out|    4|       m_axi|         gmem2|       pointer|
|m_axi_gmem2_WLAST      |  out|    1|       m_axi|         gmem2|       pointer|
|m_axi_gmem2_WID        |  out|    1|       m_axi|         gmem2|       pointer|
|m_axi_gmem2_WUSER      |  out|    1|       m_axi|         gmem2|       pointer|
|m_axi_gmem2_ARVALID    |  out|    1|       m_axi|         gmem2|       pointer|
|m_axi_gmem2_ARREADY    |   in|    1|       m_axi|         gmem2|       pointer|
|m_axi_gmem2_ARADDR     |  out|   32|       m_axi|         gmem2|       pointer|
|m_axi_gmem2_ARID       |  out|    1|       m_axi|         gmem2|       pointer|
|m_axi_gmem2_ARLEN      |  out|    8|       m_axi|         gmem2|       pointer|
|m_axi_gmem2_ARSIZE     |  out|    3|       m_axi|         gmem2|       pointer|
|m_axi_gmem2_ARBURST    |  out|    2|       m_axi|         gmem2|       pointer|
|m_axi_gmem2_ARLOCK     |  out|    2|       m_axi|         gmem2|       pointer|
|m_axi_gmem2_ARCACHE    |  out|    4|       m_axi|         gmem2|       pointer|
|m_axi_gmem2_ARPROT     |  out|    3|       m_axi|         gmem2|       pointer|
|m_axi_gmem2_ARQOS      |  out|    4|       m_axi|         gmem2|       pointer|
|m_axi_gmem2_ARREGION   |  out|    4|       m_axi|         gmem2|       pointer|
|m_axi_gmem2_ARUSER     |  out|    1|       m_axi|         gmem2|       pointer|
|m_axi_gmem2_RVALID     |   in|    1|       m_axi|         gmem2|       pointer|
|m_axi_gmem2_RREADY     |  out|    1|       m_axi|         gmem2|       pointer|
|m_axi_gmem2_RDATA      |   in|   32|       m_axi|         gmem2|       pointer|
|m_axi_gmem2_RLAST      |   in|    1|       m_axi|         gmem2|       pointer|
|m_axi_gmem2_RID        |   in|    1|       m_axi|         gmem2|       pointer|
|m_axi_gmem2_RUSER      |   in|    1|       m_axi|         gmem2|       pointer|
|m_axi_gmem2_RRESP      |   in|    2|       m_axi|         gmem2|       pointer|
|m_axi_gmem2_BVALID     |   in|    1|       m_axi|         gmem2|       pointer|
|m_axi_gmem2_BREADY     |  out|    1|       m_axi|         gmem2|       pointer|
|m_axi_gmem2_BRESP      |   in|    2|       m_axi|         gmem2|       pointer|
|m_axi_gmem2_BID        |   in|    1|       m_axi|         gmem2|       pointer|
|m_axi_gmem2_BUSER      |   in|    1|       m_axi|         gmem2|       pointer|
|m_axi_gmem3_AWVALID    |  out|    1|       m_axi|         gmem3|       pointer|
|m_axi_gmem3_AWREADY    |   in|    1|       m_axi|         gmem3|       pointer|
|m_axi_gmem3_AWADDR     |  out|   32|       m_axi|         gmem3|       pointer|
|m_axi_gmem3_AWID       |  out|    1|       m_axi|         gmem3|       pointer|
|m_axi_gmem3_AWLEN      |  out|    8|       m_axi|         gmem3|       pointer|
|m_axi_gmem3_AWSIZE     |  out|    3|       m_axi|         gmem3|       pointer|
|m_axi_gmem3_AWBURST    |  out|    2|       m_axi|         gmem3|       pointer|
|m_axi_gmem3_AWLOCK     |  out|    2|       m_axi|         gmem3|       pointer|
|m_axi_gmem3_AWCACHE    |  out|    4|       m_axi|         gmem3|       pointer|
|m_axi_gmem3_AWPROT     |  out|    3|       m_axi|         gmem3|       pointer|
|m_axi_gmem3_AWQOS      |  out|    4|       m_axi|         gmem3|       pointer|
|m_axi_gmem3_AWREGION   |  out|    4|       m_axi|         gmem3|       pointer|
|m_axi_gmem3_AWUSER     |  out|    1|       m_axi|         gmem3|       pointer|
|m_axi_gmem3_WVALID     |  out|    1|       m_axi|         gmem3|       pointer|
|m_axi_gmem3_WREADY     |   in|    1|       m_axi|         gmem3|       pointer|
|m_axi_gmem3_WDATA      |  out|   32|       m_axi|         gmem3|       pointer|
|m_axi_gmem3_WSTRB      |  out|    4|       m_axi|         gmem3|       pointer|
|m_axi_gmem3_WLAST      |  out|    1|       m_axi|         gmem3|       pointer|
|m_axi_gmem3_WID        |  out|    1|       m_axi|         gmem3|       pointer|
|m_axi_gmem3_WUSER      |  out|    1|       m_axi|         gmem3|       pointer|
|m_axi_gmem3_ARVALID    |  out|    1|       m_axi|         gmem3|       pointer|
|m_axi_gmem3_ARREADY    |   in|    1|       m_axi|         gmem3|       pointer|
|m_axi_gmem3_ARADDR     |  out|   32|       m_axi|         gmem3|       pointer|
|m_axi_gmem3_ARID       |  out|    1|       m_axi|         gmem3|       pointer|
|m_axi_gmem3_ARLEN      |  out|    8|       m_axi|         gmem3|       pointer|
|m_axi_gmem3_ARSIZE     |  out|    3|       m_axi|         gmem3|       pointer|
|m_axi_gmem3_ARBURST    |  out|    2|       m_axi|         gmem3|       pointer|
|m_axi_gmem3_ARLOCK     |  out|    2|       m_axi|         gmem3|       pointer|
|m_axi_gmem3_ARCACHE    |  out|    4|       m_axi|         gmem3|       pointer|
|m_axi_gmem3_ARPROT     |  out|    3|       m_axi|         gmem3|       pointer|
|m_axi_gmem3_ARQOS      |  out|    4|       m_axi|         gmem3|       pointer|
|m_axi_gmem3_ARREGION   |  out|    4|       m_axi|         gmem3|       pointer|
|m_axi_gmem3_ARUSER     |  out|    1|       m_axi|         gmem3|       pointer|
|m_axi_gmem3_RVALID     |   in|    1|       m_axi|         gmem3|       pointer|
|m_axi_gmem3_RREADY     |  out|    1|       m_axi|         gmem3|       pointer|
|m_axi_gmem3_RDATA      |   in|   32|       m_axi|         gmem3|       pointer|
|m_axi_gmem3_RLAST      |   in|    1|       m_axi|         gmem3|       pointer|
|m_axi_gmem3_RID        |   in|    1|       m_axi|         gmem3|       pointer|
|m_axi_gmem3_RUSER      |   in|    1|       m_axi|         gmem3|       pointer|
|m_axi_gmem3_RRESP      |   in|    2|       m_axi|         gmem3|       pointer|
|m_axi_gmem3_BVALID     |   in|    1|       m_axi|         gmem3|       pointer|
|m_axi_gmem3_BREADY     |  out|    1|       m_axi|         gmem3|       pointer|
|m_axi_gmem3_BRESP      |   in|    2|       m_axi|         gmem3|       pointer|
|m_axi_gmem3_BID        |   in|    1|       m_axi|         gmem3|       pointer|
|m_axi_gmem3_BUSER      |   in|    1|       m_axi|         gmem3|       pointer|
|m_axi_gmem4_AWVALID    |  out|    1|       m_axi|         gmem4|       pointer|
|m_axi_gmem4_AWREADY    |   in|    1|       m_axi|         gmem4|       pointer|
|m_axi_gmem4_AWADDR     |  out|   32|       m_axi|         gmem4|       pointer|
|m_axi_gmem4_AWID       |  out|    1|       m_axi|         gmem4|       pointer|
|m_axi_gmem4_AWLEN      |  out|    8|       m_axi|         gmem4|       pointer|
|m_axi_gmem4_AWSIZE     |  out|    3|       m_axi|         gmem4|       pointer|
|m_axi_gmem4_AWBURST    |  out|    2|       m_axi|         gmem4|       pointer|
|m_axi_gmem4_AWLOCK     |  out|    2|       m_axi|         gmem4|       pointer|
|m_axi_gmem4_AWCACHE    |  out|    4|       m_axi|         gmem4|       pointer|
|m_axi_gmem4_AWPROT     |  out|    3|       m_axi|         gmem4|       pointer|
|m_axi_gmem4_AWQOS      |  out|    4|       m_axi|         gmem4|       pointer|
|m_axi_gmem4_AWREGION   |  out|    4|       m_axi|         gmem4|       pointer|
|m_axi_gmem4_AWUSER     |  out|    1|       m_axi|         gmem4|       pointer|
|m_axi_gmem4_WVALID     |  out|    1|       m_axi|         gmem4|       pointer|
|m_axi_gmem4_WREADY     |   in|    1|       m_axi|         gmem4|       pointer|
|m_axi_gmem4_WDATA      |  out|   32|       m_axi|         gmem4|       pointer|
|m_axi_gmem4_WSTRB      |  out|    4|       m_axi|         gmem4|       pointer|
|m_axi_gmem4_WLAST      |  out|    1|       m_axi|         gmem4|       pointer|
|m_axi_gmem4_WID        |  out|    1|       m_axi|         gmem4|       pointer|
|m_axi_gmem4_WUSER      |  out|    1|       m_axi|         gmem4|       pointer|
|m_axi_gmem4_ARVALID    |  out|    1|       m_axi|         gmem4|       pointer|
|m_axi_gmem4_ARREADY    |   in|    1|       m_axi|         gmem4|       pointer|
|m_axi_gmem4_ARADDR     |  out|   32|       m_axi|         gmem4|       pointer|
|m_axi_gmem4_ARID       |  out|    1|       m_axi|         gmem4|       pointer|
|m_axi_gmem4_ARLEN      |  out|    8|       m_axi|         gmem4|       pointer|
|m_axi_gmem4_ARSIZE     |  out|    3|       m_axi|         gmem4|       pointer|
|m_axi_gmem4_ARBURST    |  out|    2|       m_axi|         gmem4|       pointer|
|m_axi_gmem4_ARLOCK     |  out|    2|       m_axi|         gmem4|       pointer|
|m_axi_gmem4_ARCACHE    |  out|    4|       m_axi|         gmem4|       pointer|
|m_axi_gmem4_ARPROT     |  out|    3|       m_axi|         gmem4|       pointer|
|m_axi_gmem4_ARQOS      |  out|    4|       m_axi|         gmem4|       pointer|
|m_axi_gmem4_ARREGION   |  out|    4|       m_axi|         gmem4|       pointer|
|m_axi_gmem4_ARUSER     |  out|    1|       m_axi|         gmem4|       pointer|
|m_axi_gmem4_RVALID     |   in|    1|       m_axi|         gmem4|       pointer|
|m_axi_gmem4_RREADY     |  out|    1|       m_axi|         gmem4|       pointer|
|m_axi_gmem4_RDATA      |   in|   32|       m_axi|         gmem4|       pointer|
|m_axi_gmem4_RLAST      |   in|    1|       m_axi|         gmem4|       pointer|
|m_axi_gmem4_RID        |   in|    1|       m_axi|         gmem4|       pointer|
|m_axi_gmem4_RUSER      |   in|    1|       m_axi|         gmem4|       pointer|
|m_axi_gmem4_RRESP      |   in|    2|       m_axi|         gmem4|       pointer|
|m_axi_gmem4_BVALID     |   in|    1|       m_axi|         gmem4|       pointer|
|m_axi_gmem4_BREADY     |  out|    1|       m_axi|         gmem4|       pointer|
|m_axi_gmem4_BRESP      |   in|    2|       m_axi|         gmem4|       pointer|
|m_axi_gmem4_BID        |   in|    1|       m_axi|         gmem4|       pointer|
|m_axi_gmem4_BUSER      |   in|    1|       m_axi|         gmem4|       pointer|
|m_axi_gmem5_AWVALID    |  out|    1|       m_axi|         gmem5|       pointer|
|m_axi_gmem5_AWREADY    |   in|    1|       m_axi|         gmem5|       pointer|
|m_axi_gmem5_AWADDR     |  out|   32|       m_axi|         gmem5|       pointer|
|m_axi_gmem5_AWID       |  out|    1|       m_axi|         gmem5|       pointer|
|m_axi_gmem5_AWLEN      |  out|    8|       m_axi|         gmem5|       pointer|
|m_axi_gmem5_AWSIZE     |  out|    3|       m_axi|         gmem5|       pointer|
|m_axi_gmem5_AWBURST    |  out|    2|       m_axi|         gmem5|       pointer|
|m_axi_gmem5_AWLOCK     |  out|    2|       m_axi|         gmem5|       pointer|
|m_axi_gmem5_AWCACHE    |  out|    4|       m_axi|         gmem5|       pointer|
|m_axi_gmem5_AWPROT     |  out|    3|       m_axi|         gmem5|       pointer|
|m_axi_gmem5_AWQOS      |  out|    4|       m_axi|         gmem5|       pointer|
|m_axi_gmem5_AWREGION   |  out|    4|       m_axi|         gmem5|       pointer|
|m_axi_gmem5_AWUSER     |  out|    1|       m_axi|         gmem5|       pointer|
|m_axi_gmem5_WVALID     |  out|    1|       m_axi|         gmem5|       pointer|
|m_axi_gmem5_WREADY     |   in|    1|       m_axi|         gmem5|       pointer|
|m_axi_gmem5_WDATA      |  out|   32|       m_axi|         gmem5|       pointer|
|m_axi_gmem5_WSTRB      |  out|    4|       m_axi|         gmem5|       pointer|
|m_axi_gmem5_WLAST      |  out|    1|       m_axi|         gmem5|       pointer|
|m_axi_gmem5_WID        |  out|    1|       m_axi|         gmem5|       pointer|
|m_axi_gmem5_WUSER      |  out|    1|       m_axi|         gmem5|       pointer|
|m_axi_gmem5_ARVALID    |  out|    1|       m_axi|         gmem5|       pointer|
|m_axi_gmem5_ARREADY    |   in|    1|       m_axi|         gmem5|       pointer|
|m_axi_gmem5_ARADDR     |  out|   32|       m_axi|         gmem5|       pointer|
|m_axi_gmem5_ARID       |  out|    1|       m_axi|         gmem5|       pointer|
|m_axi_gmem5_ARLEN      |  out|    8|       m_axi|         gmem5|       pointer|
|m_axi_gmem5_ARSIZE     |  out|    3|       m_axi|         gmem5|       pointer|
|m_axi_gmem5_ARBURST    |  out|    2|       m_axi|         gmem5|       pointer|
|m_axi_gmem5_ARLOCK     |  out|    2|       m_axi|         gmem5|       pointer|
|m_axi_gmem5_ARCACHE    |  out|    4|       m_axi|         gmem5|       pointer|
|m_axi_gmem5_ARPROT     |  out|    3|       m_axi|         gmem5|       pointer|
|m_axi_gmem5_ARQOS      |  out|    4|       m_axi|         gmem5|       pointer|
|m_axi_gmem5_ARREGION   |  out|    4|       m_axi|         gmem5|       pointer|
|m_axi_gmem5_ARUSER     |  out|    1|       m_axi|         gmem5|       pointer|
|m_axi_gmem5_RVALID     |   in|    1|       m_axi|         gmem5|       pointer|
|m_axi_gmem5_RREADY     |  out|    1|       m_axi|         gmem5|       pointer|
|m_axi_gmem5_RDATA      |   in|   32|       m_axi|         gmem5|       pointer|
|m_axi_gmem5_RLAST      |   in|    1|       m_axi|         gmem5|       pointer|
|m_axi_gmem5_RID        |   in|    1|       m_axi|         gmem5|       pointer|
|m_axi_gmem5_RUSER      |   in|    1|       m_axi|         gmem5|       pointer|
|m_axi_gmem5_RRESP      |   in|    2|       m_axi|         gmem5|       pointer|
|m_axi_gmem5_BVALID     |   in|    1|       m_axi|         gmem5|       pointer|
|m_axi_gmem5_BREADY     |  out|    1|       m_axi|         gmem5|       pointer|
|m_axi_gmem5_BRESP      |   in|    2|       m_axi|         gmem5|       pointer|
|m_axi_gmem5_BID        |   in|    1|       m_axi|         gmem5|       pointer|
|m_axi_gmem5_BUSER      |   in|    1|       m_axi|         gmem5|       pointer|
|m_axi_gmem6_AWVALID    |  out|    1|       m_axi|         gmem6|       pointer|
|m_axi_gmem6_AWREADY    |   in|    1|       m_axi|         gmem6|       pointer|
|m_axi_gmem6_AWADDR     |  out|   32|       m_axi|         gmem6|       pointer|
|m_axi_gmem6_AWID       |  out|    1|       m_axi|         gmem6|       pointer|
|m_axi_gmem6_AWLEN      |  out|    8|       m_axi|         gmem6|       pointer|
|m_axi_gmem6_AWSIZE     |  out|    3|       m_axi|         gmem6|       pointer|
|m_axi_gmem6_AWBURST    |  out|    2|       m_axi|         gmem6|       pointer|
|m_axi_gmem6_AWLOCK     |  out|    2|       m_axi|         gmem6|       pointer|
|m_axi_gmem6_AWCACHE    |  out|    4|       m_axi|         gmem6|       pointer|
|m_axi_gmem6_AWPROT     |  out|    3|       m_axi|         gmem6|       pointer|
|m_axi_gmem6_AWQOS      |  out|    4|       m_axi|         gmem6|       pointer|
|m_axi_gmem6_AWREGION   |  out|    4|       m_axi|         gmem6|       pointer|
|m_axi_gmem6_AWUSER     |  out|    1|       m_axi|         gmem6|       pointer|
|m_axi_gmem6_WVALID     |  out|    1|       m_axi|         gmem6|       pointer|
|m_axi_gmem6_WREADY     |   in|    1|       m_axi|         gmem6|       pointer|
|m_axi_gmem6_WDATA      |  out|   32|       m_axi|         gmem6|       pointer|
|m_axi_gmem6_WSTRB      |  out|    4|       m_axi|         gmem6|       pointer|
|m_axi_gmem6_WLAST      |  out|    1|       m_axi|         gmem6|       pointer|
|m_axi_gmem6_WID        |  out|    1|       m_axi|         gmem6|       pointer|
|m_axi_gmem6_WUSER      |  out|    1|       m_axi|         gmem6|       pointer|
|m_axi_gmem6_ARVALID    |  out|    1|       m_axi|         gmem6|       pointer|
|m_axi_gmem6_ARREADY    |   in|    1|       m_axi|         gmem6|       pointer|
|m_axi_gmem6_ARADDR     |  out|   32|       m_axi|         gmem6|       pointer|
|m_axi_gmem6_ARID       |  out|    1|       m_axi|         gmem6|       pointer|
|m_axi_gmem6_ARLEN      |  out|    8|       m_axi|         gmem6|       pointer|
|m_axi_gmem6_ARSIZE     |  out|    3|       m_axi|         gmem6|       pointer|
|m_axi_gmem6_ARBURST    |  out|    2|       m_axi|         gmem6|       pointer|
|m_axi_gmem6_ARLOCK     |  out|    2|       m_axi|         gmem6|       pointer|
|m_axi_gmem6_ARCACHE    |  out|    4|       m_axi|         gmem6|       pointer|
|m_axi_gmem6_ARPROT     |  out|    3|       m_axi|         gmem6|       pointer|
|m_axi_gmem6_ARQOS      |  out|    4|       m_axi|         gmem6|       pointer|
|m_axi_gmem6_ARREGION   |  out|    4|       m_axi|         gmem6|       pointer|
|m_axi_gmem6_ARUSER     |  out|    1|       m_axi|         gmem6|       pointer|
|m_axi_gmem6_RVALID     |   in|    1|       m_axi|         gmem6|       pointer|
|m_axi_gmem6_RREADY     |  out|    1|       m_axi|         gmem6|       pointer|
|m_axi_gmem6_RDATA      |   in|   32|       m_axi|         gmem6|       pointer|
|m_axi_gmem6_RLAST      |   in|    1|       m_axi|         gmem6|       pointer|
|m_axi_gmem6_RID        |   in|    1|       m_axi|         gmem6|       pointer|
|m_axi_gmem6_RUSER      |   in|    1|       m_axi|         gmem6|       pointer|
|m_axi_gmem6_RRESP      |   in|    2|       m_axi|         gmem6|       pointer|
|m_axi_gmem6_BVALID     |   in|    1|       m_axi|         gmem6|       pointer|
|m_axi_gmem6_BREADY     |  out|    1|       m_axi|         gmem6|       pointer|
|m_axi_gmem6_BRESP      |   in|    2|       m_axi|         gmem6|       pointer|
|m_axi_gmem6_BID        |   in|    1|       m_axi|         gmem6|       pointer|
|m_axi_gmem6_BUSER      |   in|    1|       m_axi|         gmem6|       pointer|
|m_axi_gmem7_AWVALID    |  out|    1|       m_axi|         gmem7|       pointer|
|m_axi_gmem7_AWREADY    |   in|    1|       m_axi|         gmem7|       pointer|
|m_axi_gmem7_AWADDR     |  out|   32|       m_axi|         gmem7|       pointer|
|m_axi_gmem7_AWID       |  out|    1|       m_axi|         gmem7|       pointer|
|m_axi_gmem7_AWLEN      |  out|    8|       m_axi|         gmem7|       pointer|
|m_axi_gmem7_AWSIZE     |  out|    3|       m_axi|         gmem7|       pointer|
|m_axi_gmem7_AWBURST    |  out|    2|       m_axi|         gmem7|       pointer|
|m_axi_gmem7_AWLOCK     |  out|    2|       m_axi|         gmem7|       pointer|
|m_axi_gmem7_AWCACHE    |  out|    4|       m_axi|         gmem7|       pointer|
|m_axi_gmem7_AWPROT     |  out|    3|       m_axi|         gmem7|       pointer|
|m_axi_gmem7_AWQOS      |  out|    4|       m_axi|         gmem7|       pointer|
|m_axi_gmem7_AWREGION   |  out|    4|       m_axi|         gmem7|       pointer|
|m_axi_gmem7_AWUSER     |  out|    1|       m_axi|         gmem7|       pointer|
|m_axi_gmem7_WVALID     |  out|    1|       m_axi|         gmem7|       pointer|
|m_axi_gmem7_WREADY     |   in|    1|       m_axi|         gmem7|       pointer|
|m_axi_gmem7_WDATA      |  out|   32|       m_axi|         gmem7|       pointer|
|m_axi_gmem7_WSTRB      |  out|    4|       m_axi|         gmem7|       pointer|
|m_axi_gmem7_WLAST      |  out|    1|       m_axi|         gmem7|       pointer|
|m_axi_gmem7_WID        |  out|    1|       m_axi|         gmem7|       pointer|
|m_axi_gmem7_WUSER      |  out|    1|       m_axi|         gmem7|       pointer|
|m_axi_gmem7_ARVALID    |  out|    1|       m_axi|         gmem7|       pointer|
|m_axi_gmem7_ARREADY    |   in|    1|       m_axi|         gmem7|       pointer|
|m_axi_gmem7_ARADDR     |  out|   32|       m_axi|         gmem7|       pointer|
|m_axi_gmem7_ARID       |  out|    1|       m_axi|         gmem7|       pointer|
|m_axi_gmem7_ARLEN      |  out|    8|       m_axi|         gmem7|       pointer|
|m_axi_gmem7_ARSIZE     |  out|    3|       m_axi|         gmem7|       pointer|
|m_axi_gmem7_ARBURST    |  out|    2|       m_axi|         gmem7|       pointer|
|m_axi_gmem7_ARLOCK     |  out|    2|       m_axi|         gmem7|       pointer|
|m_axi_gmem7_ARCACHE    |  out|    4|       m_axi|         gmem7|       pointer|
|m_axi_gmem7_ARPROT     |  out|    3|       m_axi|         gmem7|       pointer|
|m_axi_gmem7_ARQOS      |  out|    4|       m_axi|         gmem7|       pointer|
|m_axi_gmem7_ARREGION   |  out|    4|       m_axi|         gmem7|       pointer|
|m_axi_gmem7_ARUSER     |  out|    1|       m_axi|         gmem7|       pointer|
|m_axi_gmem7_RVALID     |   in|    1|       m_axi|         gmem7|       pointer|
|m_axi_gmem7_RREADY     |  out|    1|       m_axi|         gmem7|       pointer|
|m_axi_gmem7_RDATA      |   in|   32|       m_axi|         gmem7|       pointer|
|m_axi_gmem7_RLAST      |   in|    1|       m_axi|         gmem7|       pointer|
|m_axi_gmem7_RID        |   in|    1|       m_axi|         gmem7|       pointer|
|m_axi_gmem7_RUSER      |   in|    1|       m_axi|         gmem7|       pointer|
|m_axi_gmem7_RRESP      |   in|    2|       m_axi|         gmem7|       pointer|
|m_axi_gmem7_BVALID     |   in|    1|       m_axi|         gmem7|       pointer|
|m_axi_gmem7_BREADY     |  out|    1|       m_axi|         gmem7|       pointer|
|m_axi_gmem7_BRESP      |   in|    2|       m_axi|         gmem7|       pointer|
|m_axi_gmem7_BID        |   in|    1|       m_axi|         gmem7|       pointer|
|m_axi_gmem7_BUSER      |   in|    1|       m_axi|         gmem7|       pointer|
+-----------------------+-----+-----+------------+--------------+--------------+

