

================================================================
== Vitis HLS Report for 'compute_2'
================================================================
* Date:           Fri Jul 18 13:04:08 2025

* Version:        2025.1 (Build 6135595 on May 21 2025)
* Project:        hls_component
* Solution:       hls (Vivado IP Flow Target)
* Product family: zynq
* Target device:  xc7z020-clg400-2


================================================================
== Performance Estimates
================================================================
+ Timing: 
    * Summary: 
    +--------+----------+-----------+------------+
    |  Clock |  Target  | Estimated | Uncertainty|
    +--------+----------+-----------+------------+
    |ap_clk  |  10.00 ns|  10.071 ns|     2.70 ns|
    +--------+----------+-----------+------------+

+ Latency: 
    * Summary: 
    +---------+---------+----------+----------+--------+--------+---------+
    |  Latency (cycles) |  Latency (absolute) |     Interval    | Pipeline|
    |   min   |   max   |    min   |    max   |   min  |   max  |   Type  |
    +---------+---------+----------+----------+--------+--------+---------+
    |   623750|   623750|  6.282 ms|  6.282 ms|  623750|  623750|       no|
    +---------+---------+----------+----------+--------+--------+---------+

    + Detail: 
        * Instance: 
        +----------------------------------+------------------------+---------+---------+-----------+-----------+--------+--------+------------------------------------------------+
        |                                  |                        |  Latency (cycles) |   Latency (absolute)  |     Interval    |                    Pipeline                    |
        |             Instance             |         Module         |   min   |   max   |    min    |    max    |   min  |   max  |                      Type                      |
        +----------------------------------+------------------------+---------+---------+-----------+-----------+--------+--------+------------------------------------------------+
        |grp_load_params_func_fu_74        |load_params_func        |    27767|    27767|   0.278 ms|   0.278 ms|   27767|   27767|                                              no|
        |grp_prepare_input_buf_func_fu_90  |prepare_input_buf_func  |    15751|    15751|   0.158 ms|   0.158 ms|   15751|   15751|                                              no|
        |grp_convolution_func_fu_98        |convolution_func        |   589832|   589832|   5.898 ms|   5.898 ms|  589825|  589825|  loop auto-rewind stp (delay=0 clock cycles(s))|
        |grp_write_output_func_fu_106      |write_output_func       |     6146|     6146|  61.460 us|  61.460 us|    6145|    6145|  loop auto-rewind stp (delay=0 clock cycles(s))|
        +----------------------------------+------------------------+---------+---------+-----------+-----------+--------+--------+------------------------------------------------+

        * Loop: 
        N/A



================================================================
== Utilization Estimates
================================================================
* Summary: 
+-----------------+---------+-----+--------+-------+-----+
|       Name      | BRAM_18K| DSP |   FF   |  LUT  | URAM|
+-----------------+---------+-----+--------+-------+-----+
|DSP              |        -|    -|       -|      -|    -|
|Expression       |        -|    -|       0|      2|    -|
|FIFO             |        -|    -|       -|      -|    -|
|Instance         |        -|    1|    1869|   2925|    -|
|Memory           |       22|    -|      16|      8|    0|
|Multiplexer      |        -|    -|       0|    187|    -|
|Register         |        -|    -|      76|      -|    -|
+-----------------+---------+-----+--------+-------+-----+
|Total            |       22|    1|    1961|   3122|    0|
+-----------------+---------+-----+--------+-------+-----+
|Available        |      280|  220|  106400|  53200|    0|
+-----------------+---------+-----+--------+-------+-----+
|Utilization (%)  |        7|   ~0|       1|      5|    0|
+-----------------+---------+-----+--------+-------+-----+

+ Detail: 
    * Instance: 
    +----------------------------------+------------------------+---------+----+------+------+-----+
    |             Instance             |         Module         | BRAM_18K| DSP|  FF  |  LUT | URAM|
    +----------------------------------+------------------------+---------+----+------+------+-----+
    |grp_convolution_func_fu_98        |convolution_func        |        0|   1|  1521|  1431|    0|
    |grp_load_params_func_fu_74        |load_params_func        |        0|   0|   198|   751|    0|
    |grp_prepare_input_buf_func_fu_90  |prepare_input_buf_func  |        0|   0|   110|   552|    0|
    |grp_write_output_func_fu_106      |write_output_func       |        0|   0|    40|   191|    0|
    +----------------------------------+------------------------+---------+----+------+------+-----+
    |Total                             |                        |        0|   1|  1869|  2925|    0|
    +----------------------------------+------------------------+---------+----+------+------+-----+

    * DSP: 
    N/A

    * Memory: 
    +-----------------+---------------------------------------+---------+----+----+-----+------+-----+------+-------------+
    |      Memory     |                 Module                | BRAM_18K| FF | LUT| URAM| Words| Bits| Banks| W*Bits*Banks|
    +-----------------+---------------------------------------+---------+----+----+-----+------+-----+------+-------------+
    |input_buf_U      |compute_2_input_buf_RAM_AUTO_1R1W      |        4|   0|   0|    0|  3200|   16|     1|        51200|
    |local_bias_U     |compute_2_local_bias_RAM_AUTO_1R1W     |        0|  16|   8|    0|    32|   16|     1|          512|
    |local_weights_U  |compute_2_local_weights_RAM_AUTO_1R1W  |       16|   0|   0|    0|  9216|   16|     1|       147456|
    |output_buf_U     |compute_2_output_buf_RAM_AUTO_1R1W     |        2|   0|   0|    0|  2048|   15|     1|        30720|
    +-----------------+---------------------------------------+---------+----+----+-----+------+-----+------+-------------+
    |Total            |                                       |       22|  16|   8|    0| 14496|   63|     4|       229888|
    +-----------------+---------------------------------------+---------+----+----+-----+------+-----+------+-------------+

    * FIFO: 
    N/A

    * Expression: 
    +---------------------------------+----------+----+---+----+------------+------------+
    |          Variable Name          | Operation| DSP| FF| LUT| Bitwidth P0| Bitwidth P1|
    +---------------------------------+----------+----+---+----+------------+------------+
    |ap_block_state1                  |        or|   0|  0|   1|           1|           1|
    |ap_block_state2_on_subcall_done  |        or|   0|  0|   1|           1|           1|
    +---------------------------------+----------+----+---+----+------------+------------+
    |Total                            |          |   0|  0|   2|           2|           2|
    +---------------------------------+----------+----+---+----+------------+------------+

    * Multiplexer: 
    +------------------------+----+-----------+-----+-----------+
    |          Name          | LUT| Input Size| Bits| Total Bits|
    +------------------------+----+-----------+-----+-----------+
    |ap_NS_fsm               |  29|          7|    1|          7|
    |ap_done                 |   9|          2|    1|          2|
    |input_buf_address0      |  13|          3|   12|         36|
    |input_buf_ce0           |  13|          3|    1|          3|
    |input_buf_we0           |   9|          2|    1|          2|
    |local_bias_address0     |  13|          3|    5|         15|
    |local_bias_ce0          |  13|          3|    1|          3|
    |local_bias_we0          |   9|          2|    1|          2|
    |local_weights_address0  |  13|          3|   14|         42|
    |local_weights_ce0       |  13|          3|    1|          3|
    |local_weights_we0       |   9|          2|    1|          2|
    |output_buf_address0     |  13|          3|   11|         33|
    |output_buf_ce0          |  13|          3|    1|          3|
    |output_buf_we0          |   9|          2|    1|          2|
    |real_start              |   9|          2|    1|          2|
    +------------------------+----+-----------+-----+-----------+
    |Total                   | 187|         43|   53|        157|
    +------------------------+----+-----------+-----+-----------+

    * Register: 
    +-----------------------------------------------+----+----+-----+-----------+
    |                      Name                     | FF | LUT| Bits| Const Bits|
    +-----------------------------------------------+----+----+-----+-----------+
    |ap_CS_fsm                                      |   6|   0|    6|          0|
    |ap_done_reg                                    |   1|   0|    1|          0|
    |grp_convolution_func_fu_98_ap_start_reg        |   1|   0|    1|          0|
    |grp_load_params_func_fu_74_ap_start_reg        |   1|   0|    1|          0|
    |grp_prepare_input_buf_func_fu_90_ap_start_reg  |   1|   0|    1|          0|
    |grp_write_output_func_fu_106_ap_start_reg      |   1|   0|    1|          0|
    |start_once_reg                                 |   1|   0|    1|          0|
    |this_bias_read_reg_113                         |  32|   0|   32|          0|
    |this_weights_read_reg_118                      |  32|   0|   32|          0|
    +-----------------------------------------------+----+----+-----+-----------+
    |Total                                          |  76|   0|   76|          0|
    +-----------------------------------------------+----+----+-----+-----------+



================================================================
== Interface
================================================================
* Summary: 
+--------------------------+-----+-----+------------+--------------+--------------+
|         RTL Ports        | Dir | Bits|  Protocol  | Source Object|    C Type    |
+--------------------------+-----+-----+------------+--------------+--------------+
|ap_clk                    |   in|    1|  ap_ctrl_hs|     compute.2|  return value|
|ap_rst                    |   in|    1|  ap_ctrl_hs|     compute.2|  return value|
|ap_start                  |   in|    1|  ap_ctrl_hs|     compute.2|  return value|
|start_full_n              |   in|    1|  ap_ctrl_hs|     compute.2|  return value|
|ap_done                   |  out|    1|  ap_ctrl_hs|     compute.2|  return value|
|ap_continue               |   in|    1|  ap_ctrl_hs|     compute.2|  return value|
|ap_idle                   |  out|    1|  ap_ctrl_hs|     compute.2|  return value|
|ap_ready                  |  out|    1|  ap_ctrl_hs|     compute.2|  return value|
|start_out                 |  out|    1|  ap_ctrl_hs|     compute.2|  return value|
|start_write               |  out|    1|  ap_ctrl_hs|     compute.2|  return value|
|m_axi_gmem6_0_AWVALID     |  out|    1|       m_axi|         gmem6|       pointer|
|m_axi_gmem6_0_AWREADY     |   in|    1|       m_axi|         gmem6|       pointer|
|m_axi_gmem6_0_AWADDR      |  out|   32|       m_axi|         gmem6|       pointer|
|m_axi_gmem6_0_AWID        |  out|    1|       m_axi|         gmem6|       pointer|
|m_axi_gmem6_0_AWLEN       |  out|   32|       m_axi|         gmem6|       pointer|
|m_axi_gmem6_0_AWSIZE      |  out|    3|       m_axi|         gmem6|       pointer|
|m_axi_gmem6_0_AWBURST     |  out|    2|       m_axi|         gmem6|       pointer|
|m_axi_gmem6_0_AWLOCK      |  out|    2|       m_axi|         gmem6|       pointer|
|m_axi_gmem6_0_AWCACHE     |  out|    4|       m_axi|         gmem6|       pointer|
|m_axi_gmem6_0_AWPROT      |  out|    3|       m_axi|         gmem6|       pointer|
|m_axi_gmem6_0_AWQOS       |  out|    4|       m_axi|         gmem6|       pointer|
|m_axi_gmem6_0_AWREGION    |  out|    4|       m_axi|         gmem6|       pointer|
|m_axi_gmem6_0_AWUSER      |  out|    1|       m_axi|         gmem6|       pointer|
|m_axi_gmem6_0_WVALID      |  out|    1|       m_axi|         gmem6|       pointer|
|m_axi_gmem6_0_WREADY      |   in|    1|       m_axi|         gmem6|       pointer|
|m_axi_gmem6_0_WDATA       |  out|   16|       m_axi|         gmem6|       pointer|
|m_axi_gmem6_0_WSTRB       |  out|    2|       m_axi|         gmem6|       pointer|
|m_axi_gmem6_0_WLAST       |  out|    1|       m_axi|         gmem6|       pointer|
|m_axi_gmem6_0_WID         |  out|    1|       m_axi|         gmem6|       pointer|
|m_axi_gmem6_0_WUSER       |  out|    1|       m_axi|         gmem6|       pointer|
|m_axi_gmem6_0_ARVALID     |  out|    1|       m_axi|         gmem6|       pointer|
|m_axi_gmem6_0_ARREADY     |   in|    1|       m_axi|         gmem6|       pointer|
|m_axi_gmem6_0_ARADDR      |  out|   32|       m_axi|         gmem6|       pointer|
|m_axi_gmem6_0_ARID        |  out|    1|       m_axi|         gmem6|       pointer|
|m_axi_gmem6_0_ARLEN       |  out|   32|       m_axi|         gmem6|       pointer|
|m_axi_gmem6_0_ARSIZE      |  out|    3|       m_axi|         gmem6|       pointer|
|m_axi_gmem6_0_ARBURST     |  out|    2|       m_axi|         gmem6|       pointer|
|m_axi_gmem6_0_ARLOCK      |  out|    2|       m_axi|         gmem6|       pointer|
|m_axi_gmem6_0_ARCACHE     |  out|    4|       m_axi|         gmem6|       pointer|
|m_axi_gmem6_0_ARPROT      |  out|    3|       m_axi|         gmem6|       pointer|
|m_axi_gmem6_0_ARQOS       |  out|    4|       m_axi|         gmem6|       pointer|
|m_axi_gmem6_0_ARREGION    |  out|    4|       m_axi|         gmem6|       pointer|
|m_axi_gmem6_0_ARUSER      |  out|    1|       m_axi|         gmem6|       pointer|
|m_axi_gmem6_0_RVALID      |   in|    1|       m_axi|         gmem6|       pointer|
|m_axi_gmem6_0_RREADY      |  out|    1|       m_axi|         gmem6|       pointer|
|m_axi_gmem6_0_RDATA       |   in|   16|       m_axi|         gmem6|       pointer|
|m_axi_gmem6_0_RLAST       |   in|    1|       m_axi|         gmem6|       pointer|
|m_axi_gmem6_0_RID         |   in|    1|       m_axi|         gmem6|       pointer|
|m_axi_gmem6_0_RFIFONUM    |   in|   11|       m_axi|         gmem6|       pointer|
|m_axi_gmem6_0_RUSER       |   in|    1|       m_axi|         gmem6|       pointer|
|m_axi_gmem6_0_RRESP       |   in|    2|       m_axi|         gmem6|       pointer|
|m_axi_gmem6_0_BVALID      |   in|    1|       m_axi|         gmem6|       pointer|
|m_axi_gmem6_0_BREADY      |  out|    1|       m_axi|         gmem6|       pointer|
|m_axi_gmem6_0_BRESP       |   in|    2|       m_axi|         gmem6|       pointer|
|m_axi_gmem6_0_BID         |   in|    1|       m_axi|         gmem6|       pointer|
|m_axi_gmem6_0_BUSER       |   in|    1|       m_axi|         gmem6|       pointer|
|this_weights              |   in|   32|     ap_none|  this_weights|        scalar|
|m_axi_gmem7_0_AWVALID     |  out|    1|       m_axi|         gmem7|       pointer|
|m_axi_gmem7_0_AWREADY     |   in|    1|       m_axi|         gmem7|       pointer|
|m_axi_gmem7_0_AWADDR      |  out|   32|       m_axi|         gmem7|       pointer|
|m_axi_gmem7_0_AWID        |  out|    1|       m_axi|         gmem7|       pointer|
|m_axi_gmem7_0_AWLEN       |  out|   32|       m_axi|         gmem7|       pointer|
|m_axi_gmem7_0_AWSIZE      |  out|    3|       m_axi|         gmem7|       pointer|
|m_axi_gmem7_0_AWBURST     |  out|    2|       m_axi|         gmem7|       pointer|
|m_axi_gmem7_0_AWLOCK      |  out|    2|       m_axi|         gmem7|       pointer|
|m_axi_gmem7_0_AWCACHE     |  out|    4|       m_axi|         gmem7|       pointer|
|m_axi_gmem7_0_AWPROT      |  out|    3|       m_axi|         gmem7|       pointer|
|m_axi_gmem7_0_AWQOS       |  out|    4|       m_axi|         gmem7|       pointer|
|m_axi_gmem7_0_AWREGION    |  out|    4|       m_axi|         gmem7|       pointer|
|m_axi_gmem7_0_AWUSER      |  out|    1|       m_axi|         gmem7|       pointer|
|m_axi_gmem7_0_WVALID      |  out|    1|       m_axi|         gmem7|       pointer|
|m_axi_gmem7_0_WREADY      |   in|    1|       m_axi|         gmem7|       pointer|
|m_axi_gmem7_0_WDATA       |  out|   16|       m_axi|         gmem7|       pointer|
|m_axi_gmem7_0_WSTRB       |  out|    2|       m_axi|         gmem7|       pointer|
|m_axi_gmem7_0_WLAST       |  out|    1|       m_axi|         gmem7|       pointer|
|m_axi_gmem7_0_WID         |  out|    1|       m_axi|         gmem7|       pointer|
|m_axi_gmem7_0_WUSER       |  out|    1|       m_axi|         gmem7|       pointer|
|m_axi_gmem7_0_ARVALID     |  out|    1|       m_axi|         gmem7|       pointer|
|m_axi_gmem7_0_ARREADY     |   in|    1|       m_axi|         gmem7|       pointer|
|m_axi_gmem7_0_ARADDR      |  out|   32|       m_axi|         gmem7|       pointer|
|m_axi_gmem7_0_ARID        |  out|    1|       m_axi|         gmem7|       pointer|
|m_axi_gmem7_0_ARLEN       |  out|   32|       m_axi|         gmem7|       pointer|
|m_axi_gmem7_0_ARSIZE      |  out|    3|       m_axi|         gmem7|       pointer|
|m_axi_gmem7_0_ARBURST     |  out|    2|       m_axi|         gmem7|       pointer|
|m_axi_gmem7_0_ARLOCK      |  out|    2|       m_axi|         gmem7|       pointer|
|m_axi_gmem7_0_ARCACHE     |  out|    4|       m_axi|         gmem7|       pointer|
|m_axi_gmem7_0_ARPROT      |  out|    3|       m_axi|         gmem7|       pointer|
|m_axi_gmem7_0_ARQOS       |  out|    4|       m_axi|         gmem7|       pointer|
|m_axi_gmem7_0_ARREGION    |  out|    4|       m_axi|         gmem7|       pointer|
|m_axi_gmem7_0_ARUSER      |  out|    1|       m_axi|         gmem7|       pointer|
|m_axi_gmem7_0_RVALID      |   in|    1|       m_axi|         gmem7|       pointer|
|m_axi_gmem7_0_RREADY      |  out|    1|       m_axi|         gmem7|       pointer|
|m_axi_gmem7_0_RDATA       |   in|   16|       m_axi|         gmem7|       pointer|
|m_axi_gmem7_0_RLAST       |   in|    1|       m_axi|         gmem7|       pointer|
|m_axi_gmem7_0_RID         |   in|    1|       m_axi|         gmem7|       pointer|
|m_axi_gmem7_0_RFIFONUM    |   in|   11|       m_axi|         gmem7|       pointer|
|m_axi_gmem7_0_RUSER       |   in|    1|       m_axi|         gmem7|       pointer|
|m_axi_gmem7_0_RRESP       |   in|    2|       m_axi|         gmem7|       pointer|
|m_axi_gmem7_0_BVALID      |   in|    1|       m_axi|         gmem7|       pointer|
|m_axi_gmem7_0_BREADY      |  out|    1|       m_axi|         gmem7|       pointer|
|m_axi_gmem7_0_BRESP       |   in|    2|       m_axi|         gmem7|       pointer|
|m_axi_gmem7_0_BID         |   in|    1|       m_axi|         gmem7|       pointer|
|m_axi_gmem7_0_BUSER       |   in|    1|       m_axi|         gmem7|       pointer|
|this_bias                 |   in|   32|     ap_none|     this_bias|        scalar|
|pool1_out_dout            |   in|   16|     ap_fifo|     pool1_out|       pointer|
|pool1_out_empty_n         |   in|    1|     ap_fifo|     pool1_out|       pointer|
|pool1_out_read            |  out|    1|     ap_fifo|     pool1_out|       pointer|
|pool1_out_num_data_valid  |   in|   12|     ap_fifo|     pool1_out|       pointer|
|pool1_out_fifo_cap        |   in|   12|     ap_fifo|     pool1_out|       pointer|
|conv3_out_din             |  out|   16|     ap_fifo|     conv3_out|       pointer|
|conv3_out_full_n          |   in|    1|     ap_fifo|     conv3_out|       pointer|
|conv3_out_write           |  out|    1|     ap_fifo|     conv3_out|       pointer|
|conv3_out_num_data_valid  |   in|   12|     ap_fifo|     conv3_out|       pointer|
|conv3_out_fifo_cap        |   in|   12|     ap_fifo|     conv3_out|       pointer|
+--------------------------+-----+-----+------------+--------------+--------------+

