  **** HLS Build v2025.1 6135595
INFO: [HLS 200-2005] Using work_dir D:/vitis/projects_learning/hls_cnn/hls_component/hls_component 
INFO: [HLS 200-2176] Writing Vitis IDE component file D:/vitis/projects_learning/hls_cnn/hls_component/hls_component/vitis-comp.json
INFO: [HLS 200-10] Creating and opening component 'D:/vitis/projects_learning/hls_cnn/hls_component/hls_component'.
INFO: [HLS 200-1505] Using default flow_target 'vivado'
Resolution: For help on HLS 200-1505 see docs.xilinx.com/access/sources/dita/topic?Doc_Version=2025.1%20English&url=ug1448-hls-guidance&resourceid=200-1505.html
INFO: [HLS 200-2174] Applying component config ini file D:/vitis/projects_learning/hls_cnn/hls_component/hls_config.cfg
INFO: [HLS 200-1465] Applying config ini 'syn.file=cnn_layer.cpp' from D:/vitis/projects_learning/hls_cnn/hls_component/hls_config.cfg(7)
INFO: [HLS 200-10] Adding design file 'D:/vitis/projects_learning/hls_cnn/hls_component/cnn_layer.cpp' to the project
INFO: [HLS 200-1465] Applying config ini 'syn.file=cnn_layer.h' from D:/vitis/projects_learning/hls_cnn/hls_component/hls_config.cfg(8)
INFO: [HLS 200-10] Adding design file 'D:/vitis/projects_learning/hls_cnn/hls_component/cnn_layer.h' to the project
INFO: [HLS 200-1465] Applying config ini 'syn.file=weights.cpp' from D:/vitis/projects_learning/hls_cnn/hls_component/hls_config.cfg(9)
INFO: [HLS 200-10] Adding design file 'D:/vitis/projects_learning/hls_cnn/hls_component/weights.cpp' to the project
INFO: [HLS 200-1465] Applying config ini 'syn.file=weights.h' from D:/vitis/projects_learning/hls_cnn/hls_component/hls_config.cfg(10)
INFO: [HLS 200-10] Adding design file 'D:/vitis/projects_learning/hls_cnn/hls_component/weights.h' to the project
INFO: [HLS 200-1465] Applying config ini 'tb.file=test.cpp' from D:/vitis/projects_learning/hls_cnn/hls_component/hls_config.cfg(11)
INFO: [HLS 200-10] Adding test bench file 'D:/vitis/projects_learning/hls_cnn/hls_component/test.cpp' to the project
INFO: [HLS 200-1465] Applying config ini 'syn.top=cnn_top' from D:/vitis/projects_learning/hls_cnn/hls_component/hls_config.cfg(12)
INFO: [HLS 200-1465] Applying config ini 'flow_target=vivado' from D:/vitis/projects_learning/hls_cnn/hls_component/hls_config.cfg(4)
INFO: [HLS 200-1505] Using flow_target 'vivado'
Resolution: For help on HLS 200-1505 see docs.xilinx.com/access/sources/dita/topic?Doc_Version=2025.1%20English&url=ug1448-hls-guidance&resourceid=200-1505.html
INFO: [HLS 200-1465] Applying config ini 'part=xc7z020clg400-2' from D:/vitis/projects_learning/hls_cnn/hls_component/hls_config.cfg(1)
INFO: [HLS 200-1611] Setting target device to 'xc7z020-clg400-2'
INFO: [HLS 200-1465] Applying config ini 'package.output.format=ip_catalog' from D:/vitis/projects_learning/hls_cnn/hls_component/hls_config.cfg(5)
INFO: [HLS 200-2176] Writing Vitis IDE component file D:/vitis/projects_learning/hls_cnn/hls_component/hls_component/vitis-comp.json
INFO: [SIM 211-2] *************** CSIM start ***************
INFO: [SIM 211-4] CSIM will launch CLANG as the compiler.
INFO: [HLS 200-2036] Building debug C Simulation binaries
   Compiling ../../../../cnn_layer.cpp in debug mode
csim.mk:100: recipe for target 'obj/cnn_layer.o' failed
../../../../cnn_layer.cpp:252:2: error: expected '}'
}
 ^
../../../../cnn_layer.cpp:134:15: note: to match this '{'
class MaxPool {
              ^
../../../../cnn_layer.cpp:156:100: error: function definition is not allowed here
    void pooling_func(int16_t input_buf[MAX_C][MAX_H][MAX_H], hls::stream<int16_t> &output_stream) {
                                                                                                   ^
../../../../cnn_layer.cpp:178:91: error: function definition is not allowed here
    void compute(hls::stream<int16_t> &input_stream, hls::stream<int16_t> &output_stream) {
                                                                                          ^
../../../../cnn_layer.cpp:243:11: error: no member named 'compute' in 'MaxPool<32, 16, 16>'
    pool1.compute(conv2_out, pool1_out);
    ~~~~~ ^
../../../../cnn_layer.cpp:249:11: error: no member named 'compute' in 'MaxPool<32, 8, 8>'
    pool2.compute(conv3_out, output_s);
    ~~~~~ ^
../../../../cnn_layer.cpp:252:2: error: expected ';' after class
}
 ^
 ;
6 errors generated.
make: *** [obj/cnn_layer.o] Error 1
ERROR: [SIM 211-100] 'csim_design' failed: compilation error(s).
INFO: [SIM 211-3] *************** CSIM finish ***************
ERROR: 4
INFO: [HLS 200-112] Total CPU user time: 1 seconds. Total CPU system time: 2 seconds. Total elapsed time: 3.37 seconds; peak allocated memory: 391.703 MB.
