  **** HLS Build v2025.1 6135595
INFO: [HLS 200-2005] Using work_dir D:/vitis/projects_learning/hls_cnn/hls_component/hls_component 
INFO: [HLS 200-2176] Writing Vitis IDE component file D:/vitis/projects_learning/hls_cnn/hls_component/hls_component/vitis-comp.json
INFO: [HLS 200-10] Creating and opening component 'D:/vitis/projects_learning/hls_cnn/hls_component/hls_component'.
INFO: [HLS 200-1505] Using default flow_target 'vivado'
Resolution: For help on HLS 200-1505 see docs.xilinx.com/access/sources/dita/topic?Doc_Version=2025.1%20English&url=ug1448-hls-guidance&resourceid=200-1505.html
INFO: [HLS 200-2174] Applying component config ini file D:/vitis/projects_learning/hls_cnn/hls_component/hls_config.cfg
INFO: [HLS 200-1465] Applying config ini 'syn.file=cnn_layer.cpp' from D:/vitis/projects_learning/hls_cnn/hls_component/hls_config.cfg(7)
INFO: [HLS 200-10] Adding design file 'D:/vitis/projects_learning/hls_cnn/hls_component/cnn_layer.cpp' to the project
INFO: [HLS 200-1465] Applying config ini 'syn.file=cnn_layer.h' from D:/vitis/projects_learning/hls_cnn/hls_component/hls_config.cfg(8)
INFO: [HLS 200-10] Adding design file 'D:/vitis/projects_learning/hls_cnn/hls_component/cnn_layer.h' to the project
INFO: [HLS 200-1465] Applying config ini 'syn.file=weights.cpp' from D:/vitis/projects_learning/hls_cnn/hls_component/hls_config.cfg(9)
INFO: [HLS 200-10] Adding design file 'D:/vitis/projects_learning/hls_cnn/hls_component/weights.cpp' to the project
INFO: [HLS 200-1465] Applying config ini 'syn.file=weights.h' from D:/vitis/projects_learning/hls_cnn/hls_component/hls_config.cfg(10)
INFO: [HLS 200-10] Adding design file 'D:/vitis/projects_learning/hls_cnn/hls_component/weights.h' to the project
INFO: [HLS 200-1465] Applying config ini 'tb.file=test.cpp' from D:/vitis/projects_learning/hls_cnn/hls_component/hls_config.cfg(11)
INFO: [HLS 200-10] Adding test bench file 'D:/vitis/projects_learning/hls_cnn/hls_component/test.cpp' to the project
INFO: [HLS 200-1465] Applying config ini 'syn.top=cnn_top' from D:/vitis/projects_learning/hls_cnn/hls_component/hls_config.cfg(12)
INFO: [HLS 200-1465] Applying config ini 'flow_target=vivado' from D:/vitis/projects_learning/hls_cnn/hls_component/hls_config.cfg(4)
INFO: [HLS 200-1505] Using flow_target 'vivado'
Resolution: For help on HLS 200-1505 see docs.xilinx.com/access/sources/dita/topic?Doc_Version=2025.1%20English&url=ug1448-hls-guidance&resourceid=200-1505.html
INFO: [HLS 200-1465] Applying config ini 'part=xc7z020clg400-2' from D:/vitis/projects_learning/hls_cnn/hls_component/hls_config.cfg(1)
INFO: [HLS 200-1611] Setting target device to 'xc7z020-clg400-2'
INFO: [HLS 200-1465] Applying config ini 'package.output.format=ip_catalog' from D:/vitis/projects_learning/hls_cnn/hls_component/hls_config.cfg(5)
INFO: [HLS 200-1465] Applying config ini 'syn.interface.m_axi_addr64=0' from D:/vitis/projects_learning/hls_cnn/hls_component/hls_config.cfg(13)
INFO: [HLS 200-2176] Writing Vitis IDE component file D:/vitis/projects_learning/hls_cnn/hls_component/hls_component/vitis-comp.json
INFO: [HLS 200-111] Finished File checks and directory preparation: CPU user time: 1 seconds. CPU system time: 1 seconds. Elapsed time: 2.677 seconds; current allocated memory: 392.312 MB.
INFO: [HLS 200-10] Analyzing design file 'weights.cpp' ... 
INFO: [HLS 200-10] Analyzing design file 'cnn_layer.cpp' ... 
WARNING: [HLS 207-5562] missing argument for 'variable' (cnn_layer.cpp:74:9)
WARNING: [HLS 207-5562] missing argument for 'variable' (cnn_layer.cpp:75:9)
WARNING: [HLS 207-5570] unexpected pragma parameter 'data_width' (cnn_layer.cpp:207:76)
WARNING: [HLS 207-5570] unexpected pragma parameter 'data_width' (cnn_layer.cpp:208:77)
INFO: [HLS 200-111] Finished Source Code Analysis and Preprocessing: CPU user time: 0 seconds. CPU system time: 2 seconds. Elapsed time: 5.058 seconds; current allocated memory: 395.445 MB.
INFO: [HLS 200-777] Using interface defaults for 'Vivado' flow target.
INFO: [HLS 200-1995] There were 19 instructions in the design after the 'Compile/Link' phase of compilation. See the Design Size Report for more details (D:/vitis/projects_learning/hls_cnn/hls_component/hls_component/hls/syn/report/csynth_design_size.rpt:2)
INFO: [HLS 200-1995] There were 16 instructions in the design after the 'Unroll/Inline (step 1)' phase of compilation. See the Design Size Report for more details (D:/vitis/projects_learning/hls_cnn/hls_component/hls_component/hls/syn/report/csynth_design_size.rpt:2)
INFO: [HLS 200-1995] There were 13 instructions in the design after the 'Unroll/Inline (step 2)' phase of compilation. See the Design Size Report for more details (D:/vitis/projects_learning/hls_cnn/hls_component/hls_component/hls/syn/report/csynth_design_size.rpt:2)
INFO: [HLS 200-1995] There were 12 instructions in the design after the 'Unroll/Inline (step 3)' phase of compilation. See the Design Size Report for more details (D:/vitis/projects_learning/hls_cnn/hls_component/hls_component/hls/syn/report/csynth_design_size.rpt:2)
INFO: [HLS 200-1995] There were 12 instructions in the design after the 'Unroll/Inline (step 4)' phase of compilation. See the Design Size Report for more details (D:/vitis/projects_learning/hls_cnn/hls_component/hls_component/hls/syn/report/csynth_design_size.rpt:2)
INFO: [HLS 200-1995] There were 12 instructions in the design after the 'Array/Struct (step 1)' phase of compilation. See the Design Size Report for more details (D:/vitis/projects_learning/hls_cnn/hls_component/hls_component/hls/syn/report/csynth_design_size.rpt:2)
INFO: [HLS 200-1995] There were 12 instructions in the design after the 'Array/Struct (step 2)' phase of compilation. See the Design Size Report for more details (D:/vitis/projects_learning/hls_cnn/hls_component/hls_component/hls/syn/report/csynth_design_size.rpt:2)
INFO: [HLS 200-1995] There were 12 instructions in the design after the 'Array/Struct (step 3)' phase of compilation. See the Design Size Report for more details (D:/vitis/projects_learning/hls_cnn/hls_component/hls_component/hls/syn/report/csynth_design_size.rpt:2)
INFO: [HLS 200-1995] There were 12 instructions in the design after the 'Array/Struct (step 4)' phase of compilation. See the Design Size Report for more details (D:/vitis/projects_learning/hls_cnn/hls_component/hls_component/hls/syn/report/csynth_design_size.rpt:2)
INFO: [HLS 200-1995] There were 12 instructions in the design after the 'Array/Struct (step 5)' phase of compilation. See the Design Size Report for more details (D:/vitis/projects_learning/hls_cnn/hls_component/hls_component/hls/syn/report/csynth_design_size.rpt:2)
INFO: [HLS 200-1995] There were 12 instructions in the design after the 'Performance (step 1)' phase of compilation. See the Design Size Report for more details (D:/vitis/projects_learning/hls_cnn/hls_component/hls_component/hls/syn/report/csynth_design_size.rpt:2)
INFO: [HLS 200-1995] There were 12 instructions in the design after the 'Performance (step 2)' phase of compilation. See the Design Size Report for more details (D:/vitis/projects_learning/hls_cnn/hls_component/hls_component/hls/syn/report/csynth_design_size.rpt:2)
INFO: [HLS 200-1995] There were 12 instructions in the design after the 'Performance (step 3)' phase of compilation. See the Design Size Report for more details (D:/vitis/projects_learning/hls_cnn/hls_component/hls_component/hls/syn/report/csynth_design_size.rpt:2)
INFO: [HLS 200-1995] There were 12 instructions in the design after the 'Performance (step 4)' phase of compilation. See the Design Size Report for more details (D:/vitis/projects_learning/hls_cnn/hls_component/hls_component/hls/syn/report/csynth_design_size.rpt:2)
INFO: [HLS 200-1995] There were 14 instructions in the design after the 'HW Transforms (step 1)' phase of compilation. See the Design Size Report for more details (D:/vitis/projects_learning/hls_cnn/hls_component/hls_component/hls/syn/report/csynth_design_size.rpt:2)
INFO: [HLS 200-1995] There were 19 instructions in the design after the 'HW Transforms (step 2)' phase of compilation. See the Design Size Report for more details (D:/vitis/projects_learning/hls_cnn/hls_component/hls_component/hls/syn/report/csynth_design_size.rpt:2)
WARNING: [HLS 214-450] Ignore address on register port 'input' (cnn_layer.cpp:219:14)
WARNING: [HLS 214-450] Ignore address on register port 'output' (cnn_layer.cpp:219:12)
INFO: [HLS 200-111] Finished Compiling Optimization and Transform: CPU user time: 0 seconds. CPU system time: 0 seconds. Elapsed time: 8.44 seconds; current allocated memory: 397.113 MB.
INFO: [HLS 200-111] Finished Checking Pragmas: CPU user time: 0 seconds. CPU system time: 0 seconds. Elapsed time: 0.003 seconds; current allocated memory: 397.113 MB.
INFO: [HLS 200-10] Starting code transformations ...
INFO: [HLS 200-111] Finished Standard Transforms: CPU user time: 0 seconds. CPU system time: 0 seconds. Elapsed time: 0.056 seconds; current allocated memory: 400.930 MB.
INFO: [HLS 200-10] Checking synthesizability ...
INFO: [HLS 200-111] Finished Checking Synthesizability: CPU user time: 0 seconds. CPU system time: 0 seconds. Elapsed time: 0.01 seconds; current allocated memory: 401.914 MB.
INFO: [HLS 200-111] Finished Loop, function and other optimizations: CPU user time: 0 seconds. CPU system time: 0 seconds. Elapsed time: 0.021 seconds; current allocated memory: 421.859 MB.
INFO: [HLS 200-111] Finished Architecture Synthesis: CPU user time: 0 seconds. CPU system time: 0 seconds. Elapsed time: 0.023 seconds; current allocated memory: 421.879 MB.
INFO: [HLS 200-10] Starting hardware synthesis ...
INFO: [HLS 200-10] Synthesizing 'cnn_top' ...
INFO: [SYN 201-201] Setting up clock 'default' with a period of 10ns.
INFO: [HLS 200-10] ----------------------------------------------------------------
INFO: [HLS 200-42] -- Implementing module 'cnn_top' 
INFO: [HLS 200-10] ----------------------------------------------------------------
INFO: [SCHED 204-11] Starting scheduling ...
INFO: [SCHED 204-11] Finished scheduling.
INFO: [HLS 200-111] Finished Scheduling: CPU user time: 0 seconds. CPU system time: 0 seconds. Elapsed time: 0.08 seconds; current allocated memory: 421.879 MB.
INFO: [BIND 205-100] Starting micro-architecture generation ...
INFO: [BIND 205-101] Performing variable lifetime analysis.
INFO: [BIND 205-101] Exploring resource sharing.
INFO: [BIND 205-101] Binding ...
INFO: [BIND 205-100] Finished micro-architecture generation.
INFO: [HLS 200-111] Finished Binding: CPU user time: 0 seconds. CPU system time: 0 seconds. Elapsed time: 0.023 seconds; current allocated memory: 421.879 MB.
INFO: [HLS 200-10] ----------------------------------------------------------------
INFO: [HLS 200-10] -- Generating RTL for module 'cnn_top' 
INFO: [HLS 200-10] ----------------------------------------------------------------
WARNING: [RTGEN 206-101] Design contains AXI ports. Reset is fixed to synchronous and active low.
INFO: [RTGEN 206-500] Setting interface mode on port 'cnn_top/input_r' to 'ap_none'.
INFO: [RTGEN 206-500] Setting interface mode on port 'cnn_top/output_r' to 'ap_vld'.
INFO: [RTGEN 206-500] Setting interface mode on function 'cnn_top' to 's_axilite & ap_ctrl_hs'.
INFO: [RTGEN 206-100] Bundling port 'return' to AXI-Lite port control.
INFO: [RTGEN 206-100] Finished creating RTL model for 'cnn_top'.
INFO: [HLS 200-111] Finished Creating RTL model: CPU user time: 0 seconds. CPU system time: 0 seconds. Elapsed time: 0.025 seconds; current allocated memory: 421.879 MB.
INFO: [HLS 200-111] Finished Generating all RTL models: CPU user time: 1 seconds. CPU system time: 0 seconds. Elapsed time: 0.165 seconds; current allocated memory: 424.766 MB.
INFO: [HLS 200-111] Finished Updating report files: CPU user time: 0 seconds. CPU system time: 0 seconds. Elapsed time: 0.28 seconds; current allocated memory: 427.332 MB.
INFO: [VHDL 208-304] Generating VHDL RTL for cnn_top.
INFO: [VLOG 209-307] Generating Verilog RTL for cnn_top.
INFO: [HLS 200-789] **** Estimated Fmax: 0.00 MHz
INFO: [HLS 200-112] Total CPU user time: 2 seconds. Total CPU system time: 3 seconds. Total elapsed time: 16.868 seconds; peak allocated memory: 427.484 MB.
INFO: [v++ 60-791] Total elapsed time: 0h 0m 20s
