  **** HLS Build v2025.1 6135595
INFO: [HLS 200-2005] Using work_dir D:/vitis/projects_learning/hls_cnn/hls_component/hls_component 
INFO: [HLS 200-2176] Writing Vitis IDE component file D:/vitis/projects_learning/hls_cnn/hls_component/hls_component/vitis-comp.json
INFO: [HLS 200-10] Creating and opening component 'D:/vitis/projects_learning/hls_cnn/hls_component/hls_component'.
INFO: [HLS 200-1505] Using default flow_target 'vivado'
Resolution: For help on HLS 200-1505 see docs.xilinx.com/access/sources/dita/topic?Doc_Version=2025.1%20English&url=ug1448-hls-guidance&resourceid=200-1505.html
INFO: [HLS 200-2174] Applying component config ini file D:/vitis/projects_learning/hls_cnn/hls_component/hls_config.cfg
INFO: [HLS 200-1465] Applying config ini 'syn.file=cnn_layer.cpp' from D:/vitis/projects_learning/hls_cnn/hls_component/hls_config.cfg(7)
INFO: [HLS 200-10] Adding design file 'D:/vitis/projects_learning/hls_cnn/hls_component/cnn_layer.cpp' to the project
INFO: [HLS 200-1465] Applying config ini 'syn.file=cnn_layer.h' from D:/vitis/projects_learning/hls_cnn/hls_component/hls_config.cfg(8)
INFO: [HLS 200-10] Adding design file 'D:/vitis/projects_learning/hls_cnn/hls_component/cnn_layer.h' to the project
INFO: [HLS 200-1465] Applying config ini 'syn.file=weights.cpp' from D:/vitis/projects_learning/hls_cnn/hls_component/hls_config.cfg(9)
INFO: [HLS 200-10] Adding design file 'D:/vitis/projects_learning/hls_cnn/hls_component/weights.cpp' to the project
INFO: [HLS 200-1465] Applying config ini 'syn.file=weights.h' from D:/vitis/projects_learning/hls_cnn/hls_component/hls_config.cfg(10)
INFO: [HLS 200-10] Adding design file 'D:/vitis/projects_learning/hls_cnn/hls_component/weights.h' to the project
INFO: [HLS 200-1465] Applying config ini 'tb.file=test.cpp' from D:/vitis/projects_learning/hls_cnn/hls_component/hls_config.cfg(11)
INFO: [HLS 200-10] Adding test bench file 'D:/vitis/projects_learning/hls_cnn/hls_component/test.cpp' to the project
INFO: [HLS 200-1465] Applying config ini 'syn.top=cnn_top' from D:/vitis/projects_learning/hls_cnn/hls_component/hls_config.cfg(12)
INFO: [HLS 200-1465] Applying config ini 'flow_target=vivado' from D:/vitis/projects_learning/hls_cnn/hls_component/hls_config.cfg(4)
INFO: [HLS 200-1505] Using flow_target 'vivado'
Resolution: For help on HLS 200-1505 see docs.xilinx.com/access/sources/dita/topic?Doc_Version=2025.1%20English&url=ug1448-hls-guidance&resourceid=200-1505.html
INFO: [HLS 200-1465] Applying config ini 'part=xc7z020clg400-2' from D:/vitis/projects_learning/hls_cnn/hls_component/hls_config.cfg(1)
INFO: [HLS 200-1611] Setting target device to 'xc7z020-clg400-2'
INFO: [HLS 200-1465] Applying config ini 'package.output.format=ip_catalog' from D:/vitis/projects_learning/hls_cnn/hls_component/hls_config.cfg(5)
INFO: [HLS 200-2176] Writing Vitis IDE component file D:/vitis/projects_learning/hls_cnn/hls_component/hls_component/vitis-comp.json
INFO: [SIM 211-2] *************** CSIM start ***************
INFO: [SIM 211-4] CSIM will launch CLANG as the compiler.
INFO: [HLS 200-2036] Building debug C Simulation binaries
   Compiling ../../../../cnn_layer.cpp in debug mode
   Generating csim.exe
Output[0] = 1.3125
Output[1] = -0.273682
Output[2] = 1.5437
Output[3] = 0.878662
Output[4] = 0.885254
Test completed with 0 errors
INFO [HLS SIM]: The maximum depth reached by any hls::stream() instance in the design is 8192
INFO: [SIM 211-1] CSim done with 0 errors.
INFO: [SIM 211-3] *************** CSIM finish ***************
INFO: [HLS 200-112] Total CPU user time: 1 seconds. Total CPU system time: 2 seconds. Total elapsed time: 9.41 seconds; peak allocated memory: 392.387 MB.
INFO: [vitis-run 60-791] Total elapsed time: 0h 0m 13s
