  **** HLS Build v2025.1 6135595
INFO: [HLS 200-2005] Using work_dir D:/vitis/projects_learning/hls_cnn/hls_component/hls_component 
INFO: [HLS 200-2176] Writing Vitis IDE component file D:/vitis/projects_learning/hls_cnn/hls_component/hls_component/vitis-comp.json
INFO: [HLS 200-10] Creating and opening component 'D:/vitis/projects_learning/hls_cnn/hls_component/hls_component'.
INFO: [HLS 200-1505] Using default flow_target 'vivado'
Resolution: For help on HLS 200-1505 see docs.xilinx.com/access/sources/dita/topic?Doc_Version=2025.1%20English&url=ug1448-hls-guidance&resourceid=200-1505.html
INFO: [HLS 200-2174] Applying component config ini file D:/vitis/projects_learning/hls_cnn/hls_component/hls_config.cfg
INFO: [HLS 200-1465] Applying config ini 'syn.file=cnn_layer.cpp' from D:/vitis/projects_learning/hls_cnn/hls_component/hls_config.cfg(7)
INFO: [HLS 200-10] Adding design file 'D:/vitis/projects_learning/hls_cnn/hls_component/cnn_layer.cpp' to the project
INFO: [HLS 200-1465] Applying config ini 'syn.file=cnn_layer.h' from D:/vitis/projects_learning/hls_cnn/hls_component/hls_config.cfg(8)
INFO: [HLS 200-10] Adding design file 'D:/vitis/projects_learning/hls_cnn/hls_component/cnn_layer.h' to the project
INFO: [HLS 200-1465] Applying config ini 'syn.file=weights.cpp' from D:/vitis/projects_learning/hls_cnn/hls_component/hls_config.cfg(9)
INFO: [HLS 200-10] Adding design file 'D:/vitis/projects_learning/hls_cnn/hls_component/weights.cpp' to the project
INFO: [HLS 200-1465] Applying config ini 'syn.file=weights.h' from D:/vitis/projects_learning/hls_cnn/hls_component/hls_config.cfg(10)
INFO: [HLS 200-10] Adding design file 'D:/vitis/projects_learning/hls_cnn/hls_component/weights.h' to the project
INFO: [HLS 200-1465] Applying config ini 'tb.file=test.cpp' from D:/vitis/projects_learning/hls_cnn/hls_component/hls_config.cfg(11)
INFO: [HLS 200-10] Adding test bench file 'D:/vitis/projects_learning/hls_cnn/hls_component/test.cpp' to the project
INFO: [HLS 200-1465] Applying config ini 'syn.top=cnn_top' from D:/vitis/projects_learning/hls_cnn/hls_component/hls_config.cfg(12)
INFO: [HLS 200-1465] Applying config ini 'flow_target=vivado' from D:/vitis/projects_learning/hls_cnn/hls_component/hls_config.cfg(4)
INFO: [HLS 200-1505] Using flow_target 'vivado'
Resolution: For help on HLS 200-1505 see docs.xilinx.com/access/sources/dita/topic?Doc_Version=2025.1%20English&url=ug1448-hls-guidance&resourceid=200-1505.html
INFO: [HLS 200-1465] Applying config ini 'part=xc7z020clg400-2' from D:/vitis/projects_learning/hls_cnn/hls_component/hls_config.cfg(1)
INFO: [HLS 200-1611] Setting target device to 'xc7z020-clg400-2'
INFO: [HLS 200-1465] Applying config ini 'package.output.format=ip_catalog' from D:/vitis/projects_learning/hls_cnn/hls_component/hls_config.cfg(5)
INFO: [HLS 200-1465] Applying config ini 'syn.interface.m_axi_addr64=0' from D:/vitis/projects_learning/hls_cnn/hls_component/hls_config.cfg(13)
INFO: [HLS 200-2176] Writing Vitis IDE component file D:/vitis/projects_learning/hls_cnn/hls_component/hls_component/vitis-comp.json
INFO: [HLS 200-111] Finished File checks and directory preparation: CPU user time: 1 seconds. CPU system time: 2 seconds. Elapsed time: 3.326 seconds; current allocated memory: 393.012 MB.
INFO: [HLS 200-10] Analyzing design file 'weights.cpp' ... 
INFO: [HLS 200-10] Analyzing design file 'cnn_layer.cpp' ... 
WARNING: [HLS 207-5562] missing argument for 'variable' (cnn_layer.cpp:74:9)
WARNING: [HLS 207-5562] missing argument for 'variable' (cnn_layer.cpp:75:9)
INFO: [HLS 200-111] Finished Source Code Analysis and Preprocessing: CPU user time: 0 seconds. CPU system time: 1 seconds. Elapsed time: 5.947 seconds; current allocated memory: 396.484 MB.
INFO: [HLS 200-777] Using interface defaults for 'Vivado' flow target.
INFO: [HLS 200-1995] There were 111 instructions in the design after the 'Compile/Link' phase of compilation. See the Design Size Report for more details (D:/vitis/projects_learning/hls_cnn/hls_component/hls_component/hls/syn/report/csynth_design_size.rpt:2)
INFO: [HLS 200-1995] There were 40 instructions in the design after the 'Unroll/Inline (step 1)' phase of compilation. See the Design Size Report for more details (D:/vitis/projects_learning/hls_cnn/hls_component/hls_component/hls/syn/report/csynth_design_size.rpt:2)
INFO: [HLS 200-1995] There were 36 instructions in the design after the 'Unroll/Inline (step 2)' phase of compilation. See the Design Size Report for more details (D:/vitis/projects_learning/hls_cnn/hls_component/hls_component/hls/syn/report/csynth_design_size.rpt:2)
INFO: [HLS 200-1995] There were 42 instructions in the design after the 'Unroll/Inline (step 3)' phase of compilation. See the Design Size Report for more details (D:/vitis/projects_learning/hls_cnn/hls_component/hls_component/hls/syn/report/csynth_design_size.rpt:2)
INFO: [HLS 200-1995] There were 42 instructions in the design after the 'Unroll/Inline (step 4)' phase of compilation. See the Design Size Report for more details (D:/vitis/projects_learning/hls_cnn/hls_component/hls_component/hls/syn/report/csynth_design_size.rpt:2)
INFO: [HLS 200-1995] There were 50 instructions in the design after the 'Array/Struct (step 1)' phase of compilation. See the Design Size Report for more details (D:/vitis/projects_learning/hls_cnn/hls_component/hls_component/hls/syn/report/csynth_design_size.rpt:2)
INFO: [HLS 200-1995] There were 50 instructions in the design after the 'Array/Struct (step 2)' phase of compilation. See the Design Size Report for more details (D:/vitis/projects_learning/hls_cnn/hls_component/hls_component/hls/syn/report/csynth_design_size.rpt:2)
INFO: [HLS 200-1995] There were 50 instructions in the design after the 'Array/Struct (step 3)' phase of compilation. See the Design Size Report for more details (D:/vitis/projects_learning/hls_cnn/hls_component/hls_component/hls/syn/report/csynth_design_size.rpt:2)
INFO: [HLS 200-1995] There were 50 instructions in the design after the 'Array/Struct (step 4)' phase of compilation. See the Design Size Report for more details (D:/vitis/projects_learning/hls_cnn/hls_component/hls_component/hls/syn/report/csynth_design_size.rpt:2)
INFO: [HLS 200-1995] There were 56 instructions in the design after the 'Array/Struct (step 5)' phase of compilation. See the Design Size Report for more details (D:/vitis/projects_learning/hls_cnn/hls_component/hls_component/hls/syn/report/csynth_design_size.rpt:2)
INFO: [HLS 200-1995] There were 56 instructions in the design after the 'Performance (step 1)' phase of compilation. See the Design Size Report for more details (D:/vitis/projects_learning/hls_cnn/hls_component/hls_component/hls/syn/report/csynth_design_size.rpt:2)
INFO: [HLS 200-1995] There were 56 instructions in the design after the 'Performance (step 2)' phase of compilation. See the Design Size Report for more details (D:/vitis/projects_learning/hls_cnn/hls_component/hls_component/hls/syn/report/csynth_design_size.rpt:2)
INFO: [HLS 200-1995] There were 56 instructions in the design after the 'Performance (step 3)' phase of compilation. See the Design Size Report for more details (D:/vitis/projects_learning/hls_cnn/hls_component/hls_component/hls/syn/report/csynth_design_size.rpt:2)
INFO: [HLS 200-1995] There were 56 instructions in the design after the 'Performance (step 4)' phase of compilation. See the Design Size Report for more details (D:/vitis/projects_learning/hls_cnn/hls_component/hls_component/hls/syn/report/csynth_design_size.rpt:2)
INFO: [HLS 200-1995] There were 69 instructions in the design after the 'HW Transforms (step 1)' phase of compilation. See the Design Size Report for more details (D:/vitis/projects_learning/hls_cnn/hls_component/hls_component/hls/syn/report/csynth_design_size.rpt:2)
INFO: [HLS 200-1995] There were 80 instructions in the design after the 'HW Transforms (step 2)' phase of compilation. See the Design Size Report for more details (D:/vitis/projects_learning/hls_cnn/hls_component/hls_component/hls/syn/report/csynth_design_size.rpt:2)
INFO: [HLS 214-115] Multiple burst reads of length 256 and bit width 16 in loop 'VITIS_LOOP_183_1'(cnn_layer.cpp:183:20) has been inferred on bundle 'gmem0'. These burst requests might be further partitioned into multiple requests during RTL generation, based on max_read_burst_length or max_write_burst_length settings. (cnn_layer.cpp:183:20)
INFO: [HLS 214-115] Multiple burst writes of length 256 and bit width 16 in loop 'VITIS_LOOP_195_1'(cnn_layer.cpp:195:20) has been inferred on bundle 'gmem1'. These burst requests might be further partitioned into multiple requests during RTL generation, based on max_read_burst_length or max_write_burst_length settings. (cnn_layer.cpp:195:20)
INFO: [HLS 200-111] Finished Compiling Optimization and Transform: CPU user time: 0 seconds. CPU system time: 0 seconds. Elapsed time: 8.957 seconds; current allocated memory: 398.207 MB.
INFO: [HLS 200-111] Finished Checking Pragmas: CPU user time: 0 seconds. CPU system time: 0 seconds. Elapsed time: 0.002 seconds; current allocated memory: 398.207 MB.
INFO: [HLS 200-10] Starting code transformations ...
INFO: [HLS 200-111] Finished Standard Transforms: CPU user time: 0 seconds. CPU system time: 0 seconds. Elapsed time: 0.014 seconds; current allocated memory: 402.645 MB.
INFO: [HLS 200-10] Checking synthesizability ...
INFO: [HLS 200-111] Finished Checking Synthesizability: CPU user time: 0 seconds. CPU system time: 0 seconds. Elapsed time: 0.007 seconds; current allocated memory: 404.141 MB.
INFO: [HLS 200-111] Finished Loop, function and other optimizations: CPU user time: 0 seconds. CPU system time: 0 seconds. Elapsed time: 0.028 seconds; current allocated memory: 425.305 MB.
INFO: [HLS 200-111] Finished Architecture Synthesis: CPU user time: 0 seconds. CPU system time: 0 seconds. Elapsed time: 0.033 seconds; current allocated memory: 453.816 MB.
INFO: [HLS 200-10] Starting hardware synthesis ...
INFO: [HLS 200-10] Synthesizing 'cnn_top' ...
INFO: [SYN 201-201] Setting up clock 'default' with a period of 10ns.
INFO: [HLS 200-10] ----------------------------------------------------------------
INFO: [HLS 200-42] -- Implementing module 'read_input_top_Pipeline_VITIS_LOOP_183_1' 
INFO: [HLS 200-10] ----------------------------------------------------------------
INFO: [SCHED 204-11] Starting scheduling ...
INFO: [SCHED 204-61] Pipelining loop 'VITIS_LOOP_183_1'.
INFO: [HLS 200-1470] Pipelining result : Target II = 4, Final II = 3, Depth = 3, loop 'VITIS_LOOP_183_1'
INFO: [SCHED 204-11] Finished scheduling.
INFO: [HLS 200-111] Finished Scheduling: CPU user time: 0 seconds. CPU system time: 0 seconds. Elapsed time: 0.106 seconds; current allocated memory: 457.387 MB.
INFO: [BIND 205-100] Starting micro-architecture generation ...
INFO: [BIND 205-101] Performing variable lifetime analysis.
INFO: [BIND 205-101] Exploring resource sharing.
INFO: [BIND 205-101] Binding ...
INFO: [BIND 205-100] Finished micro-architecture generation.
INFO: [HLS 200-111] Finished Binding: CPU user time: 0 seconds. CPU system time: 0 seconds. Elapsed time: 0.014 seconds; current allocated memory: 458.707 MB.
INFO: [HLS 200-10] ----------------------------------------------------------------
INFO: [HLS 200-42] -- Implementing module 'read_input_top' 
INFO: [HLS 200-10] ----------------------------------------------------------------
INFO: [SCHED 204-11] Starting scheduling ...
INFO: [SCHED 204-11] Finished scheduling.
INFO: [HLS 200-111] Finished Scheduling: CPU user time: 0 seconds. CPU system time: 0 seconds. Elapsed time: 0.014 seconds; current allocated memory: 458.812 MB.
INFO: [BIND 205-100] Starting micro-architecture generation ...
INFO: [BIND 205-101] Performing variable lifetime analysis.
INFO: [BIND 205-101] Exploring resource sharing.
INFO: [BIND 205-101] Binding ...
INFO: [BIND 205-100] Finished micro-architecture generation.
INFO: [HLS 200-111] Finished Binding: CPU user time: 1 seconds. CPU system time: 0 seconds. Elapsed time: 0.01 seconds; current allocated memory: 458.828 MB.
INFO: [HLS 200-10] ----------------------------------------------------------------
INFO: [HLS 200-42] -- Implementing module 'write_output_top_Pipeline_VITIS_LOOP_195_1' 
INFO: [HLS 200-10] ----------------------------------------------------------------
INFO: [SCHED 204-11] Starting scheduling ...
INFO: [SCHED 204-61] Pipelining loop 'VITIS_LOOP_195_1'.
INFO: [HLS 200-1470] Pipelining result : Target II = 4, Final II = 3, Depth = 3, loop 'VITIS_LOOP_195_1'
INFO: [SCHED 204-11] Finished scheduling.
INFO: [HLS 200-111] Finished Scheduling: CPU user time: 0 seconds. CPU system time: 0 seconds. Elapsed time: 1.731 seconds; current allocated memory: 458.840 MB.
INFO: [BIND 205-100] Starting micro-architecture generation ...
INFO: [BIND 205-101] Performing variable lifetime analysis.
INFO: [BIND 205-101] Exploring resource sharing.
INFO: [BIND 205-101] Binding ...
INFO: [BIND 205-100] Finished micro-architecture generation.
INFO: [HLS 200-111] Finished Binding: CPU user time: 0 seconds. CPU system time: 0 seconds. Elapsed time: 0.014 seconds; current allocated memory: 458.844 MB.
INFO: [HLS 200-10] ----------------------------------------------------------------
INFO: [HLS 200-42] -- Implementing module 'write_output_top' 
INFO: [HLS 200-10] ----------------------------------------------------------------
INFO: [SCHED 204-11] Starting scheduling ...
INFO: [SCHED 204-11] Finished scheduling.
INFO: [HLS 200-111] Finished Scheduling: CPU user time: 0 seconds. CPU system time: 0 seconds. Elapsed time: 0.014 seconds; current allocated memory: 458.844 MB.
INFO: [BIND 205-100] Starting micro-architecture generation ...
INFO: [BIND 205-101] Performing variable lifetime analysis.
INFO: [BIND 205-101] Exploring resource sharing.
INFO: [BIND 205-101] Binding ...
INFO: [BIND 205-100] Finished micro-architecture generation.
INFO: [HLS 200-111] Finished Binding: CPU user time: 0 seconds. CPU system time: 0 seconds. Elapsed time: 0.015 seconds; current allocated memory: 458.844 MB.
INFO: [HLS 200-10] ----------------------------------------------------------------
INFO: [HLS 200-42] -- Implementing module 'cnn_top' 
INFO: [HLS 200-10] ----------------------------------------------------------------
INFO: [SCHED 204-11] Starting scheduling ...
INFO: [SCHED 204-11] Finished scheduling.
INFO: [HLS 200-111] Finished Scheduling: CPU user time: 0 seconds. CPU system time: 0 seconds. Elapsed time: 0.017 seconds; current allocated memory: 458.863 MB.
INFO: [BIND 205-100] Starting micro-architecture generation ...
INFO: [BIND 205-101] Performing variable lifetime analysis.
INFO: [BIND 205-101] Exploring resource sharing.
INFO: [BIND 205-101] Binding ...
INFO: [BIND 205-100] Finished micro-architecture generation.
INFO: [HLS 200-111] Finished Binding: CPU user time: 0 seconds. CPU system time: 0 seconds. Elapsed time: 0.013 seconds; current allocated memory: 458.926 MB.
INFO: [HLS 200-10] ----------------------------------------------------------------
INFO: [HLS 200-10] -- Generating RTL for module 'read_input_top_Pipeline_VITIS_LOOP_183_1' 
INFO: [HLS 200-10] ----------------------------------------------------------------
WARNING: [RTGEN 206-101] Setting dangling out port 'read_input_top_Pipeline_VITIS_LOOP_183_1/m_axi_gmem0_0_ARVALID' to 0.
WARNING: [RTGEN 206-101] Setting dangling out port 'read_input_top_Pipeline_VITIS_LOOP_183_1/m_axi_gmem0_0_ARADDR' to 0.
WARNING: [RTGEN 206-101] Setting dangling out port 'read_input_top_Pipeline_VITIS_LOOP_183_1/m_axi_gmem0_0_ARID' to 0.
WARNING: [RTGEN 206-101] Setting dangling out port 'read_input_top_Pipeline_VITIS_LOOP_183_1/m_axi_gmem0_0_ARLEN' to 0.
WARNING: [RTGEN 206-101] Setting dangling out port 'read_input_top_Pipeline_VITIS_LOOP_183_1/m_axi_gmem0_0_ARSIZE' to 0.
WARNING: [RTGEN 206-101] Setting dangling out port 'read_input_top_Pipeline_VITIS_LOOP_183_1/m_axi_gmem0_0_ARBURST' to 0.
WARNING: [RTGEN 206-101] Setting dangling out port 'read_input_top_Pipeline_VITIS_LOOP_183_1/m_axi_gmem0_0_ARLOCK' to 0.
WARNING: [RTGEN 206-101] Setting dangling out port 'read_input_top_Pipeline_VITIS_LOOP_183_1/m_axi_gmem0_0_ARCACHE' to 0.
WARNING: [RTGEN 206-101] Setting dangling out port 'read_input_top_Pipeline_VITIS_LOOP_183_1/m_axi_gmem0_0_ARPROT' to 0.
WARNING: [RTGEN 206-101] Setting dangling out port 'read_input_top_Pipeline_VITIS_LOOP_183_1/m_axi_gmem0_0_ARQOS' to 0.
WARNING: [RTGEN 206-101] Setting dangling out port 'read_input_top_Pipeline_VITIS_LOOP_183_1/m_axi_gmem0_0_ARREGION' to 0.
WARNING: [RTGEN 206-101] Setting dangling out port 'read_input_top_Pipeline_VITIS_LOOP_183_1/m_axi_gmem0_0_ARUSER' to 0.
INFO: [RTGEN 206-100] Finished creating RTL model for 'read_input_top_Pipeline_VITIS_LOOP_183_1'.
INFO: [HLS 200-111] Finished Creating RTL model: CPU user time: 0 seconds. CPU system time: 0 seconds. Elapsed time: 1.929 seconds; current allocated memory: 460.359 MB.
INFO: [HLS 200-10] ----------------------------------------------------------------
INFO: [HLS 200-10] -- Generating RTL for module 'read_input_top' 
INFO: [HLS 200-10] ----------------------------------------------------------------
INFO: [RTGEN 206-100] Finished creating RTL model for 'read_input_top'.
INFO: [HLS 200-111] Finished Creating RTL model: CPU user time: 0 seconds. CPU system time: 0 seconds. Elapsed time: 0.051 seconds; current allocated memory: 462.145 MB.
INFO: [HLS 200-10] ----------------------------------------------------------------
INFO: [HLS 200-10] -- Generating RTL for module 'write_output_top_Pipeline_VITIS_LOOP_195_1' 
INFO: [HLS 200-10] ----------------------------------------------------------------
WARNING: [RTGEN 206-101] Setting dangling out port 'write_output_top_Pipeline_VITIS_LOOP_195_1/m_axi_gmem1_0_AWVALID' to 0.
WARNING: [RTGEN 206-101] Setting dangling out port 'write_output_top_Pipeline_VITIS_LOOP_195_1/m_axi_gmem1_0_AWADDR' to 0.
WARNING: [RTGEN 206-101] Setting dangling out port 'write_output_top_Pipeline_VITIS_LOOP_195_1/m_axi_gmem1_0_AWID' to 0.
WARNING: [RTGEN 206-101] Setting dangling out port 'write_output_top_Pipeline_VITIS_LOOP_195_1/m_axi_gmem1_0_AWLEN' to 0.
WARNING: [RTGEN 206-101] Setting dangling out port 'write_output_top_Pipeline_VITIS_LOOP_195_1/m_axi_gmem1_0_AWSIZE' to 0.
WARNING: [RTGEN 206-101] Setting dangling out port 'write_output_top_Pipeline_VITIS_LOOP_195_1/m_axi_gmem1_0_AWBURST' to 0.
WARNING: [RTGEN 206-101] Setting dangling out port 'write_output_top_Pipeline_VITIS_LOOP_195_1/m_axi_gmem1_0_AWLOCK' to 0.
WARNING: [RTGEN 206-101] Setting dangling out port 'write_output_top_Pipeline_VITIS_LOOP_195_1/m_axi_gmem1_0_AWCACHE' to 0.
WARNING: [RTGEN 206-101] Setting dangling out port 'write_output_top_Pipeline_VITIS_LOOP_195_1/m_axi_gmem1_0_AWPROT' to 0.
WARNING: [RTGEN 206-101] Setting dangling out port 'write_output_top_Pipeline_VITIS_LOOP_195_1/m_axi_gmem1_0_AWQOS' to 0.
WARNING: [RTGEN 206-101] Setting dangling out port 'write_output_top_Pipeline_VITIS_LOOP_195_1/m_axi_gmem1_0_AWREGION' to 0.
WARNING: [RTGEN 206-101] Setting dangling out port 'write_output_top_Pipeline_VITIS_LOOP_195_1/m_axi_gmem1_0_AWUSER' to 0.
WARNING: [RTGEN 206-101] Setting dangling out port 'write_output_top_Pipeline_VITIS_LOOP_195_1/m_axi_gmem1_0_BREADY' to 0.
INFO: [RTGEN 206-100] Finished creating RTL model for 'write_output_top_Pipeline_VITIS_LOOP_195_1'.
INFO: [HLS 200-111] Finished Creating RTL model: CPU user time: 0 seconds. CPU system time: 0 seconds. Elapsed time: 0.043 seconds; current allocated memory: 462.793 MB.
INFO: [HLS 200-10] ----------------------------------------------------------------
INFO: [HLS 200-10] -- Generating RTL for module 'write_output_top' 
INFO: [HLS 200-10] ----------------------------------------------------------------
INFO: [RTGEN 206-100] Finished creating RTL model for 'write_output_top'.
INFO: [HLS 200-111] Finished Creating RTL model: CPU user time: 0 seconds. CPU system time: 1 seconds. Elapsed time: 0.044 seconds; current allocated memory: 463.496 MB.
INFO: [HLS 200-10] ----------------------------------------------------------------
INFO: [HLS 200-10] -- Generating RTL for module 'cnn_top' 
INFO: [HLS 200-10] ----------------------------------------------------------------
WARNING: [RTGEN 206-101] Design contains AXI ports. Reset is fixed to synchronous and active low.
INFO: [RTGEN 206-500] Setting interface mode on port 'cnn_top/gmem0' to 'm_axi'.
INFO: [RTGEN 206-500] Setting interface mode on port 'cnn_top/gmem1' to 'm_axi'.
INFO: [RTGEN 206-500] Setting interface mode on port 'cnn_top/gmem2' to 'm_axi'.
INFO: [RTGEN 206-500] Setting interface mode on port 'cnn_top/gmem3' to 'm_axi'.
INFO: [RTGEN 206-500] Setting interface mode on port 'cnn_top/gmem4' to 'm_axi'.
INFO: [RTGEN 206-500] Setting interface mode on port 'cnn_top/gmem5' to 'm_axi'.
INFO: [RTGEN 206-500] Setting interface mode on port 'cnn_top/gmem6' to 'm_axi'.
INFO: [RTGEN 206-500] Setting interface mode on port 'cnn_top/gmem7' to 'm_axi'.
INFO: [RTGEN 206-500] Setting interface mode on port 'cnn_top/input_r' to 's_axilite & ap_none'.
INFO: [RTGEN 206-500] Setting interface mode on port 'cnn_top/output_r' to 's_axilite & ap_none'.
INFO: [RTGEN 206-500] Setting interface mode on port 'cnn_top/conv1_weights' to 's_axilite & ap_none'.
INFO: [RTGEN 206-500] Setting interface mode on port 'cnn_top/conv1_bias' to 's_axilite & ap_none'.
INFO: [RTGEN 206-500] Setting interface mode on port 'cnn_top/conv2_weights' to 's_axilite & ap_none'.
INFO: [RTGEN 206-500] Setting interface mode on port 'cnn_top/conv2_bias' to 's_axilite & ap_none'.
INFO: [RTGEN 206-500] Setting interface mode on port 'cnn_top/conv3_weights' to 's_axilite & ap_none'.
INFO: [RTGEN 206-500] Setting interface mode on port 'cnn_top/conv3_bias' to 's_axilite & ap_none'.
INFO: [RTGEN 206-500] Setting interface mode on function 'cnn_top' to 's_axilite & ap_ctrl_hs'.
INFO: [RTGEN 206-100] Bundling port 'input_r', 'output_r', 'conv1_weights', 'conv1_bias', 'conv2_weights', 'conv2_bias', 'conv3_weights', 'conv3_bias' and 'return' to AXI-Lite port control.
WARNING: [RTGEN 206-101] Port 'cnn_top/m_axi_gmem2_AWVALID' has no fanin or fanout and is left dangling.
               Please use C simulation to confirm this function argument can be read from or written to.
WARNING: [RTGEN 206-101] Setting dangling out port 'cnn_top/m_axi_gmem2_AWVALID' to 0.
WARNING: [RTGEN 206-101] Port 'cnn_top/m_axi_gmem2_AWREADY' has no fanin or fanout and is left dangling.
               Please use C simulation to confirm this function argument can be read from or written to.
WARNING: [RTGEN 206-101] Port 'cnn_top/m_axi_gmem2_AWADDR' has no fanin or fanout and is left dangling.
               Please use C simulation to confirm this function argument can be read from or written to.
WARNING: [RTGEN 206-101] Setting dangling out port 'cnn_top/m_axi_gmem2_AWADDR' to 0.
WARNING: [RTGEN 206-101] Port 'cnn_top/m_axi_gmem2_AWID' has no fanin or fanout and is left dangling.
               Please use C simulation to confirm this function argument can be read from or written to.
WARNING: [RTGEN 206-101] Setting dangling out port 'cnn_top/m_axi_gmem2_AWID' to 0.
WARNING: [RTGEN 206-101] Port 'cnn_top/m_axi_gmem2_AWLEN' has no fanin or fanout and is left dangling.
               Please use C simulation to confirm this function argument can be read from or written to.
WARNING: [RTGEN 206-101] Setting dangling out port 'cnn_top/m_axi_gmem2_AWLEN' to 0.
WARNING: [RTGEN 206-101] Port 'cnn_top/m_axi_gmem2_AWSIZE' has no fanin or fanout and is left dangling.
               Please use C simulation to confirm this function argument can be read from or written to.
WARNING: [RTGEN 206-101] Setting dangling out port 'cnn_top/m_axi_gmem2_AWSIZE' to 0.
WARNING: [RTGEN 206-101] Port 'cnn_top/m_axi_gmem2_AWBURST' has no fanin or fanout and is left dangling.
               Please use C simulation to confirm this function argument can be read from or written to.
WARNING: [RTGEN 206-101] Setting dangling out port 'cnn_top/m_axi_gmem2_AWBURST' to 0.
WARNING: [RTGEN 206-101] Port 'cnn_top/m_axi_gmem2_AWLOCK' has no fanin or fanout and is left dangling.
               Please use C simulation to confirm this function argument can be read from or written to.
WARNING: [RTGEN 206-101] Setting dangling out port 'cnn_top/m_axi_gmem2_AWLOCK' to 0.
WARNING: [RTGEN 206-101] Port 'cnn_top/m_axi_gmem2_AWCACHE' has no fanin or fanout and is left dangling.
               Please use C simulation to confirm this function argument can be read from or written to.
WARNING: [RTGEN 206-101] Setting dangling out port 'cnn_top/m_axi_gmem2_AWCACHE' to 0.
WARNING: [RTGEN 206-101] Port 'cnn_top/m_axi_gmem2_AWPROT' has no fanin or fanout and is left dangling.
               Please use C simulation to confirm this function argument can be read from or written to.
WARNING: [RTGEN 206-101] Setting dangling out port 'cnn_top/m_axi_gmem2_AWPROT' to 0.
WARNING: [RTGEN 206-101] Port 'cnn_top/m_axi_gmem2_AWQOS' has no fanin or fanout and is left dangling.
               Please use C simulation to confirm this function argument can be read from or written to.
WARNING: [RTGEN 206-101] Setting dangling out port 'cnn_top/m_axi_gmem2_AWQOS' to 0.
WARNING: [RTGEN 206-101] Port 'cnn_top/m_axi_gmem2_AWREGION' has no fanin or fanout and is left dangling.
               Please use C simulation to confirm this function argument can be read from or written to.
WARNING: [RTGEN 206-101] Setting dangling out port 'cnn_top/m_axi_gmem2_AWREGION' to 0.
WARNING: [RTGEN 206-101] Port 'cnn_top/m_axi_gmem2_AWUSER' has no fanin or fanout and is left dangling.
               Please use C simulation to confirm this function argument can be read from or written to.
WARNING: [RTGEN 206-101] Setting dangling out port 'cnn_top/m_axi_gmem2_AWUSER' to 0.
WARNING: [RTGEN 206-101] Port 'cnn_top/m_axi_gmem2_WVALID' has no fanin or fanout and is left dangling.
               Please use C simulation to confirm this function argument can be read from or written to.
WARNING: [RTGEN 206-101] Setting dangling out port 'cnn_top/m_axi_gmem2_WVALID' to 0.
WARNING: [RTGEN 206-101] Port 'cnn_top/m_axi_gmem2_WREADY' has no fanin or fanout and is left dangling.
               Please use C simulation to confirm this function argument can be read from or written to.
WARNING: [RTGEN 206-101] Port 'cnn_top/m_axi_gmem2_WDATA' has no fanin or fanout and is left dangling.
               Please use C simulation to confirm this function argument can be read from or written to.
WARNING: [RTGEN 206-101] Setting dangling out port 'cnn_top/m_axi_gmem2_WDATA' to 0.
WARNING: [RTGEN 206-101] Port 'cnn_top/m_axi_gmem2_WSTRB' has no fanin or fanout and is left dangling.
               Please use C simulation to confirm this function argument can be read from or written to.
WARNING: [RTGEN 206-101] Setting dangling out port 'cnn_top/m_axi_gmem2_WSTRB' to 0.
WARNING: [RTGEN 206-101] Port 'cnn_top/m_axi_gmem2_WLAST' has no fanin or fanout and is left dangling.
               Please use C simulation to confirm this function argument can be read from or written to.
WARNING: [RTGEN 206-101] Setting dangling out port 'cnn_top/m_axi_gmem2_WLAST' to 0.
WARNING: [RTGEN 206-101] Port 'cnn_top/m_axi_gmem2_WID' has no fanin or fanout and is left dangling.
               Please use C simulation to confirm this function argument can be read from or written to.
WARNING: [RTGEN 206-101] Setting dangling out port 'cnn_top/m_axi_gmem2_WID' to 0.
WARNING: [RTGEN 206-101] Port 'cnn_top/m_axi_gmem2_WUSER' has no fanin or fanout and is left dangling.
               Please use C simulation to confirm this function argument can be read from or written to.
WARNING: [RTGEN 206-101] Setting dangling out port 'cnn_top/m_axi_gmem2_WUSER' to 0.
WARNING: [RTGEN 206-101] Port 'cnn_top/m_axi_gmem2_ARVALID' has no fanin or fanout and is left dangling.
               Please use C simulation to confirm this function argument can be read from or written to.
WARNING: [RTGEN 206-101] Setting dangling out port 'cnn_top/m_axi_gmem2_ARVALID' to 0.
WARNING: [RTGEN 206-101] Port 'cnn_top/m_axi_gmem2_ARREADY' has no fanin or fanout and is left dangling.
               Please use C simulation to confirm this function argument can be read from or written to.
WARNING: [RTGEN 206-101] Port 'cnn_top/m_axi_gmem2_ARADDR' has no fanin or fanout and is left dangling.
               Please use C simulation to confirm this function argument can be read from or written to.
WARNING: [RTGEN 206-101] Setting dangling out port 'cnn_top/m_axi_gmem2_ARADDR' to 0.
WARNING: [RTGEN 206-101] Port 'cnn_top/m_axi_gmem2_ARID' has no fanin or fanout and is left dangling.
               Please use C simulation to confirm this function argument can be read from or written to.
WARNING: [RTGEN 206-101] Setting dangling out port 'cnn_top/m_axi_gmem2_ARID' to 0.
WARNING: [RTGEN 206-101] Port 'cnn_top/m_axi_gmem2_ARLEN' has no fanin or fanout and is left dangling.
               Please use C simulation to confirm this function argument can be read from or written to.
WARNING: [RTGEN 206-101] Setting dangling out port 'cnn_top/m_axi_gmem2_ARLEN' to 0.
WARNING: [RTGEN 206-101] Port 'cnn_top/m_axi_gmem2_ARSIZE' has no fanin or fanout and is left dangling.
               Please use C simulation to confirm this function argument can be read from or written to.
WARNING: [RTGEN 206-101] Setting dangling out port 'cnn_top/m_axi_gmem2_ARSIZE' to 0.
WARNING: [RTGEN 206-101] Port 'cnn_top/m_axi_gmem2_ARBURST' has no fanin or fanout and is left dangling.
               Please use C simulation to confirm this function argument can be read from or written to.
WARNING: [RTGEN 206-101] Setting dangling out port 'cnn_top/m_axi_gmem2_ARBURST' to 0.
WARNING: [RTGEN 206-101] Port 'cnn_top/m_axi_gmem2_ARLOCK' has no fanin or fanout and is left dangling.
               Please use C simulation to confirm this function argument can be read from or written to.
WARNING: [RTGEN 206-101] Setting dangling out port 'cnn_top/m_axi_gmem2_ARLOCK' to 0.
WARNING: [RTGEN 206-101] Port 'cnn_top/m_axi_gmem2_ARCACHE' has no fanin or fanout and is left dangling.
               Please use C simulation to confirm this function argument can be read from or written to.
WARNING: [RTGEN 206-101] Setting dangling out port 'cnn_top/m_axi_gmem2_ARCACHE' to 0.
WARNING: [RTGEN 206-101] Port 'cnn_top/m_axi_gmem2_ARPROT' has no fanin or fanout and is left dangling.
               Please use C simulation to confirm this function argument can be read from or written to.
WARNING: [RTGEN 206-101] Setting dangling out port 'cnn_top/m_axi_gmem2_ARPROT' to 0.
WARNING: [RTGEN 206-101] Port 'cnn_top/m_axi_gmem2_ARQOS' has no fanin or fanout and is left dangling.
               Please use C simulation to confirm this function argument can be read from or written to.
WARNING: [RTGEN 206-101] Setting dangling out port 'cnn_top/m_axi_gmem2_ARQOS' to 0.
WARNING: [RTGEN 206-101] Port 'cnn_top/m_axi_gmem2_ARREGION' has no fanin or fanout and is left dangling.
               Please use C simulation to confirm this function argument can be read from or written to.
WARNING: [RTGEN 206-101] Setting dangling out port 'cnn_top/m_axi_gmem2_ARREGION' to 0.
WARNING: [RTGEN 206-101] Port 'cnn_top/m_axi_gmem2_ARUSER' has no fanin or fanout and is left dangling.
               Please use C simulation to confirm this function argument can be read from or written to.
WARNING: [RTGEN 206-101] Setting dangling out port 'cnn_top/m_axi_gmem2_ARUSER' to 0.
WARNING: [RTGEN 206-101] Port 'cnn_top/m_axi_gmem2_RVALID' has no fanin or fanout and is left dangling.
               Please use C simulation to confirm this function argument can be read from or written to.
WARNING: [RTGEN 206-101] Port 'cnn_top/m_axi_gmem2_RREADY' has no fanin or fanout and is left dangling.
               Please use C simulation to confirm this function argument can be read from or written to.
WARNING: [RTGEN 206-101] Setting dangling out port 'cnn_top/m_axi_gmem2_RREADY' to 0.
WARNING: [RTGEN 206-101] Port 'cnn_top/m_axi_gmem2_RDATA' has no fanin or fanout and is left dangling.
               Please use C simulation to confirm this function argument can be read from or written to.
WARNING: [RTGEN 206-101] Port 'cnn_top/m_axi_gmem2_RLAST' has no fanin or fanout and is left dangling.
               Please use C simulation to confirm this function argument can be read from or written to.
WARNING: [RTGEN 206-101] Port 'cnn_top/m_axi_gmem2_RID' has no fanin or fanout and is left dangling.
               Please use C simulation to confirm this function argument can be read from or written to.
WARNING: [RTGEN 206-101] Port 'cnn_top/m_axi_gmem2_RUSER' has no fanin or fanout and is left dangling.
               Please use C simulation to confirm this function argument can be read from or written to.
WARNING: [RTGEN 206-101] Port 'cnn_top/m_axi_gmem2_RRESP' has no fanin or fanout and is left dangling.
               Please use C simulation to confirm this function argument can be read from or written to.
WARNING: [RTGEN 206-101] Port 'cnn_top/m_axi_gmem2_BVALID' has no fanin or fanout and is left dangling.
               Please use C simulation to confirm this function argument can be read from or written to.
WARNING: [RTGEN 206-101] Port 'cnn_top/m_axi_gmem2_BREADY' has no fanin or fanout and is left dangling.
               Please use C simulation to confirm this function argument can be read from or written to.
WARNING: [RTGEN 206-101] Setting dangling out port 'cnn_top/m_axi_gmem2_BREADY' to 0.
WARNING: [RTGEN 206-101] Port 'cnn_top/m_axi_gmem2_BRESP' has no fanin or fanout and is left dangling.
               Please use C simulation to confirm this function argument can be read from or written to.
WARNING: [RTGEN 206-101] Port 'cnn_top/m_axi_gmem2_BID' has no fanin or fanout and is left dangling.
               Please use C simulation to confirm this function argument can be read from or written to.
WARNING: [RTGEN 206-101] Port 'cnn_top/m_axi_gmem2_BUSER' has no fanin or fanout and is left dangling.
               Please use C simulation to confirm this function argument can be read from or written to.
WARNING: [RTGEN 206-101] Port 'cnn_top/m_axi_gmem3_AWVALID' has no fanin or fanout and is left dangling.
               Please use C simulation to confirm this function argument can be read from or written to.
WARNING: [RTGEN 206-101] Setting dangling out port 'cnn_top/m_axi_gmem3_AWVALID' to 0.
WARNING: [RTGEN 206-101] Port 'cnn_top/m_axi_gmem3_AWREADY' has no fanin or fanout and is left dangling.
               Please use C simulation to confirm this function argument can be read from or written to.
WARNING: [RTGEN 206-101] Port 'cnn_top/m_axi_gmem3_AWADDR' has no fanin or fanout and is left dangling.
               Please use C simulation to confirm this function argument can be read from or written to.
WARNING: [RTGEN 206-101] Setting dangling out port 'cnn_top/m_axi_gmem3_AWADDR' to 0.
WARNING: [RTGEN 206-101] Port 'cnn_top/m_axi_gmem3_AWID' has no fanin or fanout and is left dangling.
               Please use C simulation to confirm this function argument can be read from or written to.
WARNING: [RTGEN 206-101] Setting dangling out port 'cnn_top/m_axi_gmem3_AWID' to 0.
WARNING: [RTGEN 206-101] Port 'cnn_top/m_axi_gmem3_AWLEN' has no fanin or fanout and is left dangling.
               Please use C simulation to confirm this function argument can be read from or written to.
WARNING: [RTGEN 206-101] Setting dangling out port 'cnn_top/m_axi_gmem3_AWLEN' to 0.
WARNING: [RTGEN 206-101] Port 'cnn_top/m_axi_gmem3_AWSIZE' has no fanin or fanout and is left dangling.
               Please use C simulation to confirm this function argument can be read from or written to.
WARNING: [RTGEN 206-101] Setting dangling out port 'cnn_top/m_axi_gmem3_AWSIZE' to 0.
WARNING: [RTGEN 206-101] Port 'cnn_top/m_axi_gmem3_AWBURST' has no fanin or fanout and is left dangling.
               Please use C simulation to confirm this function argument can be read from or written to.
WARNING: [RTGEN 206-101] Setting dangling out port 'cnn_top/m_axi_gmem3_AWBURST' to 0.
WARNING: [RTGEN 206-101] Port 'cnn_top/m_axi_gmem3_AWLOCK' has no fanin or fanout and is left dangling.
               Please use C simulation to confirm this function argument can be read from or written to.
WARNING: [RTGEN 206-101] Setting dangling out port 'cnn_top/m_axi_gmem3_AWLOCK' to 0.
WARNING: [RTGEN 206-101] Port 'cnn_top/m_axi_gmem3_AWCACHE' has no fanin or fanout and is left dangling.
               Please use C simulation to confirm this function argument can be read from or written to.
WARNING: [RTGEN 206-101] Setting dangling out port 'cnn_top/m_axi_gmem3_AWCACHE' to 0.
WARNING: [RTGEN 206-101] Port 'cnn_top/m_axi_gmem3_AWPROT' has no fanin or fanout and is left dangling.
               Please use C simulation to confirm this function argument can be read from or written to.
WARNING: [RTGEN 206-101] Setting dangling out port 'cnn_top/m_axi_gmem3_AWPROT' to 0.
WARNING: [RTGEN 206-101] Port 'cnn_top/m_axi_gmem3_AWQOS' has no fanin or fanout and is left dangling.
               Please use C simulation to confirm this function argument can be read from or written to.
WARNING: [RTGEN 206-101] Setting dangling out port 'cnn_top/m_axi_gmem3_AWQOS' to 0.
WARNING: [RTGEN 206-101] Port 'cnn_top/m_axi_gmem3_AWREGION' has no fanin or fanout and is left dangling.
               Please use C simulation to confirm this function argument can be read from or written to.
WARNING: [RTGEN 206-101] Setting dangling out port 'cnn_top/m_axi_gmem3_AWREGION' to 0.
WARNING: [RTGEN 206-101] Port 'cnn_top/m_axi_gmem3_AWUSER' has no fanin or fanout and is left dangling.
               Please use C simulation to confirm this function argument can be read from or written to.
WARNING: [RTGEN 206-101] Setting dangling out port 'cnn_top/m_axi_gmem3_AWUSER' to 0.
WARNING: [RTGEN 206-101] Port 'cnn_top/m_axi_gmem3_WVALID' has no fanin or fanout and is left dangling.
               Please use C simulation to confirm this function argument can be read from or written to.
WARNING: [RTGEN 206-101] Setting dangling out port 'cnn_top/m_axi_gmem3_WVALID' to 0.
WARNING: [RTGEN 206-101] Port 'cnn_top/m_axi_gmem3_WREADY' has no fanin or fanout and is left dangling.
               Please use C simulation to confirm this function argument can be read from or written to.
WARNING: [RTGEN 206-101] Port 'cnn_top/m_axi_gmem3_WDATA' has no fanin or fanout and is left dangling.
               Please use C simulation to confirm this function argument can be read from or written to.
WARNING: [RTGEN 206-101] Setting dangling out port 'cnn_top/m_axi_gmem3_WDATA' to 0.
WARNING: [RTGEN 206-101] Port 'cnn_top/m_axi_gmem3_WSTRB' has no fanin or fanout and is left dangling.
               Please use C simulation to confirm this function argument can be read from or written to.
WARNING: [RTGEN 206-101] Setting dangling out port 'cnn_top/m_axi_gmem3_WSTRB' to 0.
WARNING: [RTGEN 206-101] Port 'cnn_top/m_axi_gmem3_WLAST' has no fanin or fanout and is left dangling.
               Please use C simulation to confirm this function argument can be read from or written to.
WARNING: [RTGEN 206-101] Setting dangling out port 'cnn_top/m_axi_gmem3_WLAST' to 0.
WARNING: [RTGEN 206-101] Port 'cnn_top/m_axi_gmem3_WID' has no fanin or fanout and is left dangling.
               Please use C simulation to confirm this function argument can be read from or written to.
WARNING: [RTGEN 206-101] Setting dangling out port 'cnn_top/m_axi_gmem3_WID' to 0.
WARNING: [RTGEN 206-101] Port 'cnn_top/m_axi_gmem3_WUSER' has no fanin or fanout and is left dangling.
               Please use C simulation to confirm this function argument can be read from or written to.
WARNING: [RTGEN 206-101] Setting dangling out port 'cnn_top/m_axi_gmem3_WUSER' to 0.
WARNING: [RTGEN 206-101] Port 'cnn_top/m_axi_gmem3_ARVALID' has no fanin or fanout and is left dangling.
               Please use C simulation to confirm this function argument can be read from or written to.
WARNING: [RTGEN 206-101] Setting dangling out port 'cnn_top/m_axi_gmem3_ARVALID' to 0.
WARNING: [RTGEN 206-101] Port 'cnn_top/m_axi_gmem3_ARREADY' has no fanin or fanout and is left dangling.
               Please use C simulation to confirm this function argument can be read from or written to.
WARNING: [RTGEN 206-101] Port 'cnn_top/m_axi_gmem3_ARADDR' has no fanin or fanout and is left dangling.
               Please use C simulation to confirm this function argument can be read from or written to.
WARNING: [RTGEN 206-101] Setting dangling out port 'cnn_top/m_axi_gmem3_ARADDR' to 0.
WARNING: [RTGEN 206-101] Port 'cnn_top/m_axi_gmem3_ARID' has no fanin or fanout and is left dangling.
               Please use C simulation to confirm this function argument can be read from or written to.
WARNING: [RTGEN 206-101] Setting dangling out port 'cnn_top/m_axi_gmem3_ARID' to 0.
WARNING: [RTGEN 206-101] Port 'cnn_top/m_axi_gmem3_ARLEN' has no fanin or fanout and is left dangling.
               Please use C simulation to confirm this function argument can be read from or written to.
WARNING: [RTGEN 206-101] Setting dangling out port 'cnn_top/m_axi_gmem3_ARLEN' to 0.
WARNING: [RTGEN 206-101] Port 'cnn_top/m_axi_gmem3_ARSIZE' has no fanin or fanout and is left dangling.
               Please use C simulation to confirm this function argument can be read from or written to.
WARNING: [RTGEN 206-101] Setting dangling out port 'cnn_top/m_axi_gmem3_ARSIZE' to 0.
WARNING: [RTGEN 206-101] Port 'cnn_top/m_axi_gmem3_ARBURST' has no fanin or fanout and is left dangling.
               Please use C simulation to confirm this function argument can be read from or written to.
WARNING: [RTGEN 206-101] Setting dangling out port 'cnn_top/m_axi_gmem3_ARBURST' to 0.
WARNING: [RTGEN 206-101] Port 'cnn_top/m_axi_gmem3_ARLOCK' has no fanin or fanout and is left dangling.
               Please use C simulation to confirm this function argument can be read from or written to.
WARNING: [RTGEN 206-101] Setting dangling out port 'cnn_top/m_axi_gmem3_ARLOCK' to 0.
WARNING: [RTGEN 206-101] Port 'cnn_top/m_axi_gmem3_ARCACHE' has no fanin or fanout and is left dangling.
               Please use C simulation to confirm this function argument can be read from or written to.
WARNING: [RTGEN 206-101] Setting dangling out port 'cnn_top/m_axi_gmem3_ARCACHE' to 0.
WARNING: [RTGEN 206-101] Port 'cnn_top/m_axi_gmem3_ARPROT' has no fanin or fanout and is left dangling.
               Please use C simulation to confirm this function argument can be read from or written to.
WARNING: [RTGEN 206-101] Setting dangling out port 'cnn_top/m_axi_gmem3_ARPROT' to 0.
WARNING: [RTGEN 206-101] Port 'cnn_top/m_axi_gmem3_ARQOS' has no fanin or fanout and is left dangling.
               Please use C simulation to confirm this function argument can be read from or written to.
WARNING: [RTGEN 206-101] Setting dangling out port 'cnn_top/m_axi_gmem3_ARQOS' to 0.
WARNING: [RTGEN 206-101] Port 'cnn_top/m_axi_gmem3_ARREGION' has no fanin or fanout and is left dangling.
               Please use C simulation to confirm this function argument can be read from or written to.
WARNING: [RTGEN 206-101] Setting dangling out port 'cnn_top/m_axi_gmem3_ARREGION' to 0.
WARNING: [RTGEN 206-101] Port 'cnn_top/m_axi_gmem3_ARUSER' has no fanin or fanout and is left dangling.
               Please use C simulation to confirm this function argument can be read from or written to.
WARNING: [RTGEN 206-101] Setting dangling out port 'cnn_top/m_axi_gmem3_ARUSER' to 0.
WARNING: [RTGEN 206-101] Port 'cnn_top/m_axi_gmem3_RVALID' has no fanin or fanout and is left dangling.
               Please use C simulation to confirm this function argument can be read from or written to.
WARNING: [RTGEN 206-101] Port 'cnn_top/m_axi_gmem3_RREADY' has no fanin or fanout and is left dangling.
               Please use C simulation to confirm this function argument can be read from or written to.
WARNING: [RTGEN 206-101] Setting dangling out port 'cnn_top/m_axi_gmem3_RREADY' to 0.
WARNING: [RTGEN 206-101] Port 'cnn_top/m_axi_gmem3_RDATA' has no fanin or fanout and is left dangling.
               Please use C simulation to confirm this function argument can be read from or written to.
WARNING: [RTGEN 206-101] Port 'cnn_top/m_axi_gmem3_RLAST' has no fanin or fanout and is left dangling.
               Please use C simulation to confirm this function argument can be read from or written to.
WARNING: [RTGEN 206-101] Port 'cnn_top/m_axi_gmem3_RID' has no fanin or fanout and is left dangling.
               Please use C simulation to confirm this function argument can be read from or written to.
WARNING: [RTGEN 206-101] Port 'cnn_top/m_axi_gmem3_RUSER' has no fanin or fanout and is left dangling.
               Please use C simulation to confirm this function argument can be read from or written to.
WARNING: [RTGEN 206-101] Port 'cnn_top/m_axi_gmem3_RRESP' has no fanin or fanout and is left dangling.
               Please use C simulation to confirm this function argument can be read from or written to.
WARNING: [RTGEN 206-101] Port 'cnn_top/m_axi_gmem3_BVALID' has no fanin or fanout and is left dangling.
               Please use C simulation to confirm this function argument can be read from or written to.
WARNING: [RTGEN 206-101] Port 'cnn_top/m_axi_gmem3_BREADY' has no fanin or fanout and is left dangling.
               Please use C simulation to confirm this function argument can be read from or written to.
WARNING: [RTGEN 206-101] Setting dangling out port 'cnn_top/m_axi_gmem3_BREADY' to 0.
WARNING: [RTGEN 206-101] Port 'cnn_top/m_axi_gmem3_BRESP' has no fanin or fanout and is left dangling.
               Please use C simulation to confirm this function argument can be read from or written to.
WARNING: [RTGEN 206-101] Port 'cnn_top/m_axi_gmem3_BID' has no fanin or fanout and is left dangling.
               Please use C simulation to confirm this function argument can be read from or written to.
WARNING: [RTGEN 206-101] Port 'cnn_top/m_axi_gmem3_BUSER' has no fanin or fanout and is left dangling.
               Please use C simulation to confirm this function argument can be read from or written to.
WARNING: [RTGEN 206-101] Port 'cnn_top/m_axi_gmem4_AWVALID' has no fanin or fanout and is left dangling.
               Please use C simulation to confirm this function argument can be read from or written to.
WARNING: [RTGEN 206-101] Setting dangling out port 'cnn_top/m_axi_gmem4_AWVALID' to 0.
WARNING: [RTGEN 206-101] Port 'cnn_top/m_axi_gmem4_AWREADY' has no fanin or fanout and is left dangling.
               Please use C simulation to confirm this function argument can be read from or written to.
WARNING: [RTGEN 206-101] Port 'cnn_top/m_axi_gmem4_AWADDR' has no fanin or fanout and is left dangling.
               Please use C simulation to confirm this function argument can be read from or written to.
WARNING: [RTGEN 206-101] Setting dangling out port 'cnn_top/m_axi_gmem4_AWADDR' to 0.
WARNING: [RTGEN 206-101] Port 'cnn_top/m_axi_gmem4_AWID' has no fanin or fanout and is left dangling.
               Please use C simulation to confirm this function argument can be read from or written to.
WARNING: [RTGEN 206-101] Setting dangling out port 'cnn_top/m_axi_gmem4_AWID' to 0.
WARNING: [RTGEN 206-101] Port 'cnn_top/m_axi_gmem4_AWLEN' has no fanin or fanout and is left dangling.
               Please use C simulation to confirm this function argument can be read from or written to.
WARNING: [RTGEN 206-101] Setting dangling out port 'cnn_top/m_axi_gmem4_AWLEN' to 0.
WARNING: [RTGEN 206-101] Port 'cnn_top/m_axi_gmem4_AWSIZE' has no fanin or fanout and is left dangling.
               Please use C simulation to confirm this function argument can be read from or written to.
WARNING: [RTGEN 206-101] Setting dangling out port 'cnn_top/m_axi_gmem4_AWSIZE' to 0.
WARNING: [RTGEN 206-101] Port 'cnn_top/m_axi_gmem4_AWBURST' has no fanin or fanout and is left dangling.
               Please use C simulation to confirm this function argument can be read from or written to.
WARNING: [RTGEN 206-101] Setting dangling out port 'cnn_top/m_axi_gmem4_AWBURST' to 0.
WARNING: [RTGEN 206-101] Port 'cnn_top/m_axi_gmem4_AWLOCK' has no fanin or fanout and is left dangling.
               Please use C simulation to confirm this function argument can be read from or written to.
WARNING: [RTGEN 206-101] Setting dangling out port 'cnn_top/m_axi_gmem4_AWLOCK' to 0.
WARNING: [RTGEN 206-101] Port 'cnn_top/m_axi_gmem4_AWCACHE' has no fanin or fanout and is left dangling.
               Please use C simulation to confirm this function argument can be read from or written to.
WARNING: [RTGEN 206-101] Setting dangling out port 'cnn_top/m_axi_gmem4_AWCACHE' to 0.
WARNING: [RTGEN 206-101] Port 'cnn_top/m_axi_gmem4_AWPROT' has no fanin or fanout and is left dangling.
               Please use C simulation to confirm this function argument can be read from or written to.
WARNING: [RTGEN 206-101] Setting dangling out port 'cnn_top/m_axi_gmem4_AWPROT' to 0.
WARNING: [RTGEN 206-101] Port 'cnn_top/m_axi_gmem4_AWQOS' has no fanin or fanout and is left dangling.
               Please use C simulation to confirm this function argument can be read from or written to.
WARNING: [RTGEN 206-101] Setting dangling out port 'cnn_top/m_axi_gmem4_AWQOS' to 0.
WARNING: [RTGEN 206-101] Port 'cnn_top/m_axi_gmem4_AWREGION' has no fanin or fanout and is left dangling.
               Please use C simulation to confirm this function argument can be read from or written to.
WARNING: [RTGEN 206-101] Setting dangling out port 'cnn_top/m_axi_gmem4_AWREGION' to 0.
WARNING: [RTGEN 206-101] Port 'cnn_top/m_axi_gmem4_AWUSER' has no fanin or fanout and is left dangling.
               Please use C simulation to confirm this function argument can be read from or written to.
WARNING: [RTGEN 206-101] Setting dangling out port 'cnn_top/m_axi_gmem4_AWUSER' to 0.
WARNING: [RTGEN 206-101] Port 'cnn_top/m_axi_gmem4_WVALID' has no fanin or fanout and is left dangling.
               Please use C simulation to confirm this function argument can be read from or written to.
WARNING: [RTGEN 206-101] Setting dangling out port 'cnn_top/m_axi_gmem4_WVALID' to 0.
WARNING: [RTGEN 206-101] Port 'cnn_top/m_axi_gmem4_WREADY' has no fanin or fanout and is left dangling.
               Please use C simulation to confirm this function argument can be read from or written to.
WARNING: [RTGEN 206-101] Port 'cnn_top/m_axi_gmem4_WDATA' has no fanin or fanout and is left dangling.
               Please use C simulation to confirm this function argument can be read from or written to.
WARNING: [RTGEN 206-101] Setting dangling out port 'cnn_top/m_axi_gmem4_WDATA' to 0.
WARNING: [RTGEN 206-101] Port 'cnn_top/m_axi_gmem4_WSTRB' has no fanin or fanout and is left dangling.
               Please use C simulation to confirm this function argument can be read from or written to.
WARNING: [RTGEN 206-101] Setting dangling out port 'cnn_top/m_axi_gmem4_WSTRB' to 0.
WARNING: [RTGEN 206-101] Port 'cnn_top/m_axi_gmem4_WLAST' has no fanin or fanout and is left dangling.
               Please use C simulation to confirm this function argument can be read from or written to.
WARNING: [RTGEN 206-101] Setting dangling out port 'cnn_top/m_axi_gmem4_WLAST' to 0.
WARNING: [RTGEN 206-101] Port 'cnn_top/m_axi_gmem4_WID' has no fanin or fanout and is left dangling.
               Please use C simulation to confirm this function argument can be read from or written to.
WARNING: [RTGEN 206-101] Setting dangling out port 'cnn_top/m_axi_gmem4_WID' to 0.
WARNING: [RTGEN 206-101] Port 'cnn_top/m_axi_gmem4_WUSER' has no fanin or fanout and is left dangling.
               Please use C simulation to confirm this function argument can be read from or written to.
WARNING: [RTGEN 206-101] Setting dangling out port 'cnn_top/m_axi_gmem4_WUSER' to 0.
WARNING: [RTGEN 206-101] Port 'cnn_top/m_axi_gmem4_ARVALID' has no fanin or fanout and is left dangling.
               Please use C simulation to confirm this function argument can be read from or written to.
WARNING: [RTGEN 206-101] Setting dangling out port 'cnn_top/m_axi_gmem4_ARVALID' to 0.
WARNING: [RTGEN 206-101] Port 'cnn_top/m_axi_gmem4_ARREADY' has no fanin or fanout and is left dangling.
               Please use C simulation to confirm this function argument can be read from or written to.
WARNING: [RTGEN 206-101] Port 'cnn_top/m_axi_gmem4_ARADDR' has no fanin or fanout and is left dangling.
               Please use C simulation to confirm this function argument can be read from or written to.
WARNING: [RTGEN 206-101] Setting dangling out port 'cnn_top/m_axi_gmem4_ARADDR' to 0.
WARNING: [RTGEN 206-101] Port 'cnn_top/m_axi_gmem4_ARID' has no fanin or fanout and is left dangling.
               Please use C simulation to confirm this function argument can be read from or written to.
WARNING: [RTGEN 206-101] Setting dangling out port 'cnn_top/m_axi_gmem4_ARID' to 0.
WARNING: [RTGEN 206-101] Port 'cnn_top/m_axi_gmem4_ARLEN' has no fanin or fanout and is left dangling.
               Please use C simulation to confirm this function argument can be read from or written to.
WARNING: [RTGEN 206-101] Setting dangling out port 'cnn_top/m_axi_gmem4_ARLEN' to 0.
WARNING: [RTGEN 206-101] Port 'cnn_top/m_axi_gmem4_ARSIZE' has no fanin or fanout and is left dangling.
               Please use C simulation to confirm this function argument can be read from or written to.
WARNING: [RTGEN 206-101] Setting dangling out port 'cnn_top/m_axi_gmem4_ARSIZE' to 0.
WARNING: [RTGEN 206-101] Port 'cnn_top/m_axi_gmem4_ARBURST' has no fanin or fanout and is left dangling.
               Please use C simulation to confirm this function argument can be read from or written to.
WARNING: [RTGEN 206-101] Setting dangling out port 'cnn_top/m_axi_gmem4_ARBURST' to 0.
WARNING: [RTGEN 206-101] Port 'cnn_top/m_axi_gmem4_ARLOCK' has no fanin or fanout and is left dangling.
               Please use C simulation to confirm this function argument can be read from or written to.
WARNING: [RTGEN 206-101] Setting dangling out port 'cnn_top/m_axi_gmem4_ARLOCK' to 0.
WARNING: [RTGEN 206-101] Port 'cnn_top/m_axi_gmem4_ARCACHE' has no fanin or fanout and is left dangling.
               Please use C simulation to confirm this function argument can be read from or written to.
WARNING: [RTGEN 206-101] Setting dangling out port 'cnn_top/m_axi_gmem4_ARCACHE' to 0.
WARNING: [RTGEN 206-101] Port 'cnn_top/m_axi_gmem4_ARPROT' has no fanin or fanout and is left dangling.
               Please use C simulation to confirm this function argument can be read from or written to.
WARNING: [RTGEN 206-101] Setting dangling out port 'cnn_top/m_axi_gmem4_ARPROT' to 0.
WARNING: [RTGEN 206-101] Port 'cnn_top/m_axi_gmem4_ARQOS' has no fanin or fanout and is left dangling.
               Please use C simulation to confirm this function argument can be read from or written to.
WARNING: [RTGEN 206-101] Setting dangling out port 'cnn_top/m_axi_gmem4_ARQOS' to 0.
WARNING: [RTGEN 206-101] Port 'cnn_top/m_axi_gmem4_ARREGION' has no fanin or fanout and is left dangling.
               Please use C simulation to confirm this function argument can be read from or written to.
WARNING: [RTGEN 206-101] Setting dangling out port 'cnn_top/m_axi_gmem4_ARREGION' to 0.
WARNING: [RTGEN 206-101] Port 'cnn_top/m_axi_gmem4_ARUSER' has no fanin or fanout and is left dangling.
               Please use C simulation to confirm this function argument can be read from or written to.
WARNING: [RTGEN 206-101] Setting dangling out port 'cnn_top/m_axi_gmem4_ARUSER' to 0.
WARNING: [RTGEN 206-101] Port 'cnn_top/m_axi_gmem4_RVALID' has no fanin or fanout and is left dangling.
               Please use C simulation to confirm this function argument can be read from or written to.
WARNING: [RTGEN 206-101] Port 'cnn_top/m_axi_gmem4_RREADY' has no fanin or fanout and is left dangling.
               Please use C simulation to confirm this function argument can be read from or written to.
WARNING: [RTGEN 206-101] Setting dangling out port 'cnn_top/m_axi_gmem4_RREADY' to 0.
WARNING: [RTGEN 206-101] Port 'cnn_top/m_axi_gmem4_RDATA' has no fanin or fanout and is left dangling.
               Please use C simulation to confirm this function argument can be read from or written to.
WARNING: [RTGEN 206-101] Port 'cnn_top/m_axi_gmem4_RLAST' has no fanin or fanout and is left dangling.
               Please use C simulation to confirm this function argument can be read from or written to.
WARNING: [RTGEN 206-101] Port 'cnn_top/m_axi_gmem4_RID' has no fanin or fanout and is left dangling.
               Please use C simulation to confirm this function argument can be read from or written to.
WARNING: [RTGEN 206-101] Port 'cnn_top/m_axi_gmem4_RUSER' has no fanin or fanout and is left dangling.
               Please use C simulation to confirm this function argument can be read from or written to.
WARNING: [RTGEN 206-101] Port 'cnn_top/m_axi_gmem4_RRESP' has no fanin or fanout and is left dangling.
               Please use C simulation to confirm this function argument can be read from or written to.
WARNING: [RTGEN 206-101] Port 'cnn_top/m_axi_gmem4_BVALID' has no fanin or fanout and is left dangling.
               Please use C simulation to confirm this function argument can be read from or written to.
WARNING: [RTGEN 206-101] Port 'cnn_top/m_axi_gmem4_BREADY' has no fanin or fanout and is left dangling.
               Please use C simulation to confirm this function argument can be read from or written to.
WARNING: [RTGEN 206-101] Setting dangling out port 'cnn_top/m_axi_gmem4_BREADY' to 0.
WARNING: [RTGEN 206-101] Port 'cnn_top/m_axi_gmem4_BRESP' has no fanin or fanout and is left dangling.
               Please use C simulation to confirm this function argument can be read from or written to.
WARNING: [RTGEN 206-101] Port 'cnn_top/m_axi_gmem4_BID' has no fanin or fanout and is left dangling.
               Please use C simulation to confirm this function argument can be read from or written to.
WARNING: [RTGEN 206-101] Port 'cnn_top/m_axi_gmem4_BUSER' has no fanin or fanout and is left dangling.
               Please use C simulation to confirm this function argument can be read from or written to.
WARNING: [RTGEN 206-101] Port 'cnn_top/m_axi_gmem5_AWVALID' has no fanin or fanout and is left dangling.
               Please use C simulation to confirm this function argument can be read from or written to.
WARNING: [RTGEN 206-101] Setting dangling out port 'cnn_top/m_axi_gmem5_AWVALID' to 0.
WARNING: [RTGEN 206-101] Port 'cnn_top/m_axi_gmem5_AWREADY' has no fanin or fanout and is left dangling.
               Please use C simulation to confirm this function argument can be read from or written to.
WARNING: [RTGEN 206-101] Port 'cnn_top/m_axi_gmem5_AWADDR' has no fanin or fanout and is left dangling.
               Please use C simulation to confirm this function argument can be read from or written to.
WARNING: [RTGEN 206-101] Setting dangling out port 'cnn_top/m_axi_gmem5_AWADDR' to 0.
WARNING: [RTGEN 206-101] Port 'cnn_top/m_axi_gmem5_AWID' has no fanin or fanout and is left dangling.
               Please use C simulation to confirm this function argument can be read from or written to.
WARNING: [RTGEN 206-101] Setting dangling out port 'cnn_top/m_axi_gmem5_AWID' to 0.
WARNING: [RTGEN 206-101] Port 'cnn_top/m_axi_gmem5_AWLEN' has no fanin or fanout and is left dangling.
               Please use C simulation to confirm this function argument can be read from or written to.
WARNING: [RTGEN 206-101] Setting dangling out port 'cnn_top/m_axi_gmem5_AWLEN' to 0.
WARNING: [RTGEN 206-101] Port 'cnn_top/m_axi_gmem5_AWSIZE' has no fanin or fanout and is left dangling.
               Please use C simulation to confirm this function argument can be read from or written to.
WARNING: [RTGEN 206-101] Setting dangling out port 'cnn_top/m_axi_gmem5_AWSIZE' to 0.
WARNING: [RTGEN 206-101] Port 'cnn_top/m_axi_gmem5_AWBURST' has no fanin or fanout and is left dangling.
               Please use C simulation to confirm this function argument can be read from or written to.
WARNING: [RTGEN 206-101] Setting dangling out port 'cnn_top/m_axi_gmem5_AWBURST' to 0.
WARNING: [RTGEN 206-101] Port 'cnn_top/m_axi_gmem5_AWLOCK' has no fanin or fanout and is left dangling.
               Please use C simulation to confirm this function argument can be read from or written to.
WARNING: [RTGEN 206-101] Setting dangling out port 'cnn_top/m_axi_gmem5_AWLOCK' to 0.
WARNING: [RTGEN 206-101] Port 'cnn_top/m_axi_gmem5_AWCACHE' has no fanin or fanout and is left dangling.
               Please use C simulation to confirm this function argument can be read from or written to.
WARNING: [RTGEN 206-101] Setting dangling out port 'cnn_top/m_axi_gmem5_AWCACHE' to 0.
WARNING: [RTGEN 206-101] Port 'cnn_top/m_axi_gmem5_AWPROT' has no fanin or fanout and is left dangling.
               Please use C simulation to confirm this function argument can be read from or written to.
WARNING: [RTGEN 206-101] Setting dangling out port 'cnn_top/m_axi_gmem5_AWPROT' to 0.
WARNING: [RTGEN 206-101] Port 'cnn_top/m_axi_gmem5_AWQOS' has no fanin or fanout and is left dangling.
               Please use C simulation to confirm this function argument can be read from or written to.
WARNING: [RTGEN 206-101] Setting dangling out port 'cnn_top/m_axi_gmem5_AWQOS' to 0.
WARNING: [RTGEN 206-101] Port 'cnn_top/m_axi_gmem5_AWREGION' has no fanin or fanout and is left dangling.
               Please use C simulation to confirm this function argument can be read from or written to.
WARNING: [RTGEN 206-101] Setting dangling out port 'cnn_top/m_axi_gmem5_AWREGION' to 0.
WARNING: [RTGEN 206-101] Port 'cnn_top/m_axi_gmem5_AWUSER' has no fanin or fanout and is left dangling.
               Please use C simulation to confirm this function argument can be read from or written to.
WARNING: [RTGEN 206-101] Setting dangling out port 'cnn_top/m_axi_gmem5_AWUSER' to 0.
WARNING: [RTGEN 206-101] Port 'cnn_top/m_axi_gmem5_WVALID' has no fanin or fanout and is left dangling.
               Please use C simulation to confirm this function argument can be read from or written to.
WARNING: [RTGEN 206-101] Setting dangling out port 'cnn_top/m_axi_gmem5_WVALID' to 0.
WARNING: [RTGEN 206-101] Port 'cnn_top/m_axi_gmem5_WREADY' has no fanin or fanout and is left dangling.
               Please use C simulation to confirm this function argument can be read from or written to.
WARNING: [RTGEN 206-101] Port 'cnn_top/m_axi_gmem5_WDATA' has no fanin or fanout and is left dangling.
               Please use C simulation to confirm this function argument can be read from or written to.
WARNING: [RTGEN 206-101] Setting dangling out port 'cnn_top/m_axi_gmem5_WDATA' to 0.
WARNING: [RTGEN 206-101] Port 'cnn_top/m_axi_gmem5_WSTRB' has no fanin or fanout and is left dangling.
               Please use C simulation to confirm this function argument can be read from or written to.
WARNING: [RTGEN 206-101] Setting dangling out port 'cnn_top/m_axi_gmem5_WSTRB' to 0.
WARNING: [RTGEN 206-101] Port 'cnn_top/m_axi_gmem5_WLAST' has no fanin or fanout and is left dangling.
               Please use C simulation to confirm this function argument can be read from or written to.
WARNING: [RTGEN 206-101] Setting dangling out port 'cnn_top/m_axi_gmem5_WLAST' to 0.
WARNING: [RTGEN 206-101] Port 'cnn_top/m_axi_gmem5_WID' has no fanin or fanout and is left dangling.
               Please use C simulation to confirm this function argument can be read from or written to.
WARNING: [RTGEN 206-101] Setting dangling out port 'cnn_top/m_axi_gmem5_WID' to 0.
WARNING: [RTGEN 206-101] Port 'cnn_top/m_axi_gmem5_WUSER' has no fanin or fanout and is left dangling.
               Please use C simulation to confirm this function argument can be read from or written to.
WARNING: [RTGEN 206-101] Setting dangling out port 'cnn_top/m_axi_gmem5_WUSER' to 0.
WARNING: [RTGEN 206-101] Port 'cnn_top/m_axi_gmem5_ARVALID' has no fanin or fanout and is left dangling.
               Please use C simulation to confirm this function argument can be read from or written to.
WARNING: [RTGEN 206-101] Setting dangling out port 'cnn_top/m_axi_gmem5_ARVALID' to 0.
WARNING: [RTGEN 206-101] Port 'cnn_top/m_axi_gmem5_ARREADY' has no fanin or fanout and is left dangling.
               Please use C simulation to confirm this function argument can be read from or written to.
WARNING: [RTGEN 206-101] Port 'cnn_top/m_axi_gmem5_ARADDR' has no fanin or fanout and is left dangling.
               Please use C simulation to confirm this function argument can be read from or written to.
WARNING: [RTGEN 206-101] Setting dangling out port 'cnn_top/m_axi_gmem5_ARADDR' to 0.
WARNING: [RTGEN 206-101] Port 'cnn_top/m_axi_gmem5_ARID' has no fanin or fanout and is left dangling.
               Please use C simulation to confirm this function argument can be read from or written to.
WARNING: [RTGEN 206-101] Setting dangling out port 'cnn_top/m_axi_gmem5_ARID' to 0.
WARNING: [RTGEN 206-101] Port 'cnn_top/m_axi_gmem5_ARLEN' has no fanin or fanout and is left dangling.
               Please use C simulation to confirm this function argument can be read from or written to.
WARNING: [RTGEN 206-101] Setting dangling out port 'cnn_top/m_axi_gmem5_ARLEN' to 0.
WARNING: [RTGEN 206-101] Port 'cnn_top/m_axi_gmem5_ARSIZE' has no fanin or fanout and is left dangling.
               Please use C simulation to confirm this function argument can be read from or written to.
WARNING: [RTGEN 206-101] Setting dangling out port 'cnn_top/m_axi_gmem5_ARSIZE' to 0.
WARNING: [RTGEN 206-101] Port 'cnn_top/m_axi_gmem5_ARBURST' has no fanin or fanout and is left dangling.
               Please use C simulation to confirm this function argument can be read from or written to.
WARNING: [RTGEN 206-101] Setting dangling out port 'cnn_top/m_axi_gmem5_ARBURST' to 0.
WARNING: [RTGEN 206-101] Port 'cnn_top/m_axi_gmem5_ARLOCK' has no fanin or fanout and is left dangling.
               Please use C simulation to confirm this function argument can be read from or written to.
WARNING: [RTGEN 206-101] Setting dangling out port 'cnn_top/m_axi_gmem5_ARLOCK' to 0.
WARNING: [RTGEN 206-101] Port 'cnn_top/m_axi_gmem5_ARCACHE' has no fanin or fanout and is left dangling.
               Please use C simulation to confirm this function argument can be read from or written to.
WARNING: [RTGEN 206-101] Setting dangling out port 'cnn_top/m_axi_gmem5_ARCACHE' to 0.
WARNING: [RTGEN 206-101] Port 'cnn_top/m_axi_gmem5_ARPROT' has no fanin or fanout and is left dangling.
               Please use C simulation to confirm this function argument can be read from or written to.
WARNING: [RTGEN 206-101] Setting dangling out port 'cnn_top/m_axi_gmem5_ARPROT' to 0.
WARNING: [RTGEN 206-101] Port 'cnn_top/m_axi_gmem5_ARQOS' has no fanin or fanout and is left dangling.
               Please use C simulation to confirm this function argument can be read from or written to.
WARNING: [RTGEN 206-101] Setting dangling out port 'cnn_top/m_axi_gmem5_ARQOS' to 0.
WARNING: [RTGEN 206-101] Port 'cnn_top/m_axi_gmem5_ARREGION' has no fanin or fanout and is left dangling.
               Please use C simulation to confirm this function argument can be read from or written to.
WARNING: [RTGEN 206-101] Setting dangling out port 'cnn_top/m_axi_gmem5_ARREGION' to 0.
WARNING: [RTGEN 206-101] Port 'cnn_top/m_axi_gmem5_ARUSER' has no fanin or fanout and is left dangling.
               Please use C simulation to confirm this function argument can be read from or written to.
WARNING: [RTGEN 206-101] Setting dangling out port 'cnn_top/m_axi_gmem5_ARUSER' to 0.
WARNING: [RTGEN 206-101] Port 'cnn_top/m_axi_gmem5_RVALID' has no fanin or fanout and is left dangling.
               Please use C simulation to confirm this function argument can be read from or written to.
WARNING: [RTGEN 206-101] Port 'cnn_top/m_axi_gmem5_RREADY' has no fanin or fanout and is left dangling.
               Please use C simulation to confirm this function argument can be read from or written to.
WARNING: [RTGEN 206-101] Setting dangling out port 'cnn_top/m_axi_gmem5_RREADY' to 0.
WARNING: [RTGEN 206-101] Port 'cnn_top/m_axi_gmem5_RDATA' has no fanin or fanout and is left dangling.
               Please use C simulation to confirm this function argument can be read from or written to.
WARNING: [RTGEN 206-101] Port 'cnn_top/m_axi_gmem5_RLAST' has no fanin or fanout and is left dangling.
               Please use C simulation to confirm this function argument can be read from or written to.
WARNING: [RTGEN 206-101] Port 'cnn_top/m_axi_gmem5_RID' has no fanin or fanout and is left dangling.
               Please use C simulation to confirm this function argument can be read from or written to.
WARNING: [RTGEN 206-101] Port 'cnn_top/m_axi_gmem5_RUSER' has no fanin or fanout and is left dangling.
               Please use C simulation to confirm this function argument can be read from or written to.
WARNING: [RTGEN 206-101] Port 'cnn_top/m_axi_gmem5_RRESP' has no fanin or fanout and is left dangling.
               Please use C simulation to confirm this function argument can be read from or written to.
WARNING: [RTGEN 206-101] Port 'cnn_top/m_axi_gmem5_BVALID' has no fanin or fanout and is left dangling.
               Please use C simulation to confirm this function argument can be read from or written to.
WARNING: [RTGEN 206-101] Port 'cnn_top/m_axi_gmem5_BREADY' has no fanin or fanout and is left dangling.
               Please use C simulation to confirm this function argument can be read from or written to.
WARNING: [RTGEN 206-101] Setting dangling out port 'cnn_top/m_axi_gmem5_BREADY' to 0.
WARNING: [RTGEN 206-101] Port 'cnn_top/m_axi_gmem5_BRESP' has no fanin or fanout and is left dangling.
               Please use C simulation to confirm this function argument can be read from or written to.
WARNING: [RTGEN 206-101] Port 'cnn_top/m_axi_gmem5_BID' has no fanin or fanout and is left dangling.
               Please use C simulation to confirm this function argument can be read from or written to.
WARNING: [RTGEN 206-101] Port 'cnn_top/m_axi_gmem5_BUSER' has no fanin or fanout and is left dangling.
               Please use C simulation to confirm this function argument can be read from or written to.
WARNING: [RTGEN 206-101] Port 'cnn_top/m_axi_gmem6_AWVALID' has no fanin or fanout and is left dangling.
               Please use C simulation to confirm this function argument can be read from or written to.
WARNING: [RTGEN 206-101] Setting dangling out port 'cnn_top/m_axi_gmem6_AWVALID' to 0.
WARNING: [RTGEN 206-101] Port 'cnn_top/m_axi_gmem6_AWREADY' has no fanin or fanout and is left dangling.
               Please use C simulation to confirm this function argument can be read from or written to.
WARNING: [RTGEN 206-101] Port 'cnn_top/m_axi_gmem6_AWADDR' has no fanin or fanout and is left dangling.
               Please use C simulation to confirm this function argument can be read from or written to.
WARNING: [RTGEN 206-101] Setting dangling out port 'cnn_top/m_axi_gmem6_AWADDR' to 0.
WARNING: [RTGEN 206-101] Port 'cnn_top/m_axi_gmem6_AWID' has no fanin or fanout and is left dangling.
               Please use C simulation to confirm this function argument can be read from or written to.
WARNING: [RTGEN 206-101] Setting dangling out port 'cnn_top/m_axi_gmem6_AWID' to 0.
WARNING: [RTGEN 206-101] Port 'cnn_top/m_axi_gmem6_AWLEN' has no fanin or fanout and is left dangling.
               Please use C simulation to confirm this function argument can be read from or written to.
WARNING: [RTGEN 206-101] Setting dangling out port 'cnn_top/m_axi_gmem6_AWLEN' to 0.
WARNING: [RTGEN 206-101] Port 'cnn_top/m_axi_gmem6_AWSIZE' has no fanin or fanout and is left dangling.
               Please use C simulation to confirm this function argument can be read from or written to.
WARNING: [RTGEN 206-101] Setting dangling out port 'cnn_top/m_axi_gmem6_AWSIZE' to 0.
WARNING: [RTGEN 206-101] Port 'cnn_top/m_axi_gmem6_AWBURST' has no fanin or fanout and is left dangling.
               Please use C simulation to confirm this function argument can be read from or written to.
WARNING: [RTGEN 206-101] Setting dangling out port 'cnn_top/m_axi_gmem6_AWBURST' to 0.
WARNING: [RTGEN 206-101] Port 'cnn_top/m_axi_gmem6_AWLOCK' has no fanin or fanout and is left dangling.
               Please use C simulation to confirm this function argument can be read from or written to.
WARNING: [RTGEN 206-101] Setting dangling out port 'cnn_top/m_axi_gmem6_AWLOCK' to 0.
WARNING: [RTGEN 206-101] Port 'cnn_top/m_axi_gmem6_AWCACHE' has no fanin or fanout and is left dangling.
               Please use C simulation to confirm this function argument can be read from or written to.
WARNING: [RTGEN 206-101] Setting dangling out port 'cnn_top/m_axi_gmem6_AWCACHE' to 0.
WARNING: [RTGEN 206-101] Port 'cnn_top/m_axi_gmem6_AWPROT' has no fanin or fanout and is left dangling.
               Please use C simulation to confirm this function argument can be read from or written to.
WARNING: [RTGEN 206-101] Setting dangling out port 'cnn_top/m_axi_gmem6_AWPROT' to 0.
WARNING: [RTGEN 206-101] Port 'cnn_top/m_axi_gmem6_AWQOS' has no fanin or fanout and is left dangling.
               Please use C simulation to confirm this function argument can be read from or written to.
WARNING: [RTGEN 206-101] Setting dangling out port 'cnn_top/m_axi_gmem6_AWQOS' to 0.
WARNING: [RTGEN 206-101] Port 'cnn_top/m_axi_gmem6_AWREGION' has no fanin or fanout and is left dangling.
               Please use C simulation to confirm this function argument can be read from or written to.
WARNING: [RTGEN 206-101] Setting dangling out port 'cnn_top/m_axi_gmem6_AWREGION' to 0.
WARNING: [RTGEN 206-101] Port 'cnn_top/m_axi_gmem6_AWUSER' has no fanin or fanout and is left dangling.
               Please use C simulation to confirm this function argument can be read from or written to.
WARNING: [RTGEN 206-101] Setting dangling out port 'cnn_top/m_axi_gmem6_AWUSER' to 0.
WARNING: [RTGEN 206-101] Port 'cnn_top/m_axi_gmem6_WVALID' has no fanin or fanout and is left dangling.
               Please use C simulation to confirm this function argument can be read from or written to.
WARNING: [RTGEN 206-101] Setting dangling out port 'cnn_top/m_axi_gmem6_WVALID' to 0.
WARNING: [RTGEN 206-101] Port 'cnn_top/m_axi_gmem6_WREADY' has no fanin or fanout and is left dangling.
               Please use C simulation to confirm this function argument can be read from or written to.
WARNING: [RTGEN 206-101] Port 'cnn_top/m_axi_gmem6_WDATA' has no fanin or fanout and is left dangling.
               Please use C simulation to confirm this function argument can be read from or written to.
WARNING: [RTGEN 206-101] Setting dangling out port 'cnn_top/m_axi_gmem6_WDATA' to 0.
WARNING: [RTGEN 206-101] Port 'cnn_top/m_axi_gmem6_WSTRB' has no fanin or fanout and is left dangling.
               Please use C simulation to confirm this function argument can be read from or written to.
WARNING: [RTGEN 206-101] Setting dangling out port 'cnn_top/m_axi_gmem6_WSTRB' to 0.
WARNING: [RTGEN 206-101] Port 'cnn_top/m_axi_gmem6_WLAST' has no fanin or fanout and is left dangling.
               Please use C simulation to confirm this function argument can be read from or written to.
WARNING: [RTGEN 206-101] Setting dangling out port 'cnn_top/m_axi_gmem6_WLAST' to 0.
WARNING: [RTGEN 206-101] Port 'cnn_top/m_axi_gmem6_WID' has no fanin or fanout and is left dangling.
               Please use C simulation to confirm this function argument can be read from or written to.
WARNING: [RTGEN 206-101] Setting dangling out port 'cnn_top/m_axi_gmem6_WID' to 0.
WARNING: [RTGEN 206-101] Port 'cnn_top/m_axi_gmem6_WUSER' has no fanin or fanout and is left dangling.
               Please use C simulation to confirm this function argument can be read from or written to.
WARNING: [RTGEN 206-101] Setting dangling out port 'cnn_top/m_axi_gmem6_WUSER' to 0.
WARNING: [RTGEN 206-101] Port 'cnn_top/m_axi_gmem6_ARVALID' has no fanin or fanout and is left dangling.
               Please use C simulation to confirm this function argument can be read from or written to.
WARNING: [RTGEN 206-101] Setting dangling out port 'cnn_top/m_axi_gmem6_ARVALID' to 0.
WARNING: [RTGEN 206-101] Port 'cnn_top/m_axi_gmem6_ARREADY' has no fanin or fanout and is left dangling.
               Please use C simulation to confirm this function argument can be read from or written to.
WARNING: [RTGEN 206-101] Port 'cnn_top/m_axi_gmem6_ARADDR' has no fanin or fanout and is left dangling.
               Please use C simulation to confirm this function argument can be read from or written to.
WARNING: [RTGEN 206-101] Setting dangling out port 'cnn_top/m_axi_gmem6_ARADDR' to 0.
WARNING: [RTGEN 206-101] Port 'cnn_top/m_axi_gmem6_ARID' has no fanin or fanout and is left dangling.
               Please use C simulation to confirm this function argument can be read from or written to.
WARNING: [RTGEN 206-101] Setting dangling out port 'cnn_top/m_axi_gmem6_ARID' to 0.
WARNING: [RTGEN 206-101] Port 'cnn_top/m_axi_gmem6_ARLEN' has no fanin or fanout and is left dangling.
               Please use C simulation to confirm this function argument can be read from or written to.
WARNING: [RTGEN 206-101] Setting dangling out port 'cnn_top/m_axi_gmem6_ARLEN' to 0.
WARNING: [RTGEN 206-101] Port 'cnn_top/m_axi_gmem6_ARSIZE' has no fanin or fanout and is left dangling.
               Please use C simulation to confirm this function argument can be read from or written to.
WARNING: [RTGEN 206-101] Setting dangling out port 'cnn_top/m_axi_gmem6_ARSIZE' to 0.
WARNING: [RTGEN 206-101] Port 'cnn_top/m_axi_gmem6_ARBURST' has no fanin or fanout and is left dangling.
               Please use C simulation to confirm this function argument can be read from or written to.
WARNING: [RTGEN 206-101] Setting dangling out port 'cnn_top/m_axi_gmem6_ARBURST' to 0.
WARNING: [RTGEN 206-101] Port 'cnn_top/m_axi_gmem6_ARLOCK' has no fanin or fanout and is left dangling.
               Please use C simulation to confirm this function argument can be read from or written to.
WARNING: [RTGEN 206-101] Setting dangling out port 'cnn_top/m_axi_gmem6_ARLOCK' to 0.
WARNING: [RTGEN 206-101] Port 'cnn_top/m_axi_gmem6_ARCACHE' has no fanin or fanout and is left dangling.
               Please use C simulation to confirm this function argument can be read from or written to.
WARNING: [RTGEN 206-101] Setting dangling out port 'cnn_top/m_axi_gmem6_ARCACHE' to 0.
WARNING: [RTGEN 206-101] Port 'cnn_top/m_axi_gmem6_ARPROT' has no fanin or fanout and is left dangling.
               Please use C simulation to confirm this function argument can be read from or written to.
WARNING: [RTGEN 206-101] Setting dangling out port 'cnn_top/m_axi_gmem6_ARPROT' to 0.
WARNING: [RTGEN 206-101] Port 'cnn_top/m_axi_gmem6_ARQOS' has no fanin or fanout and is left dangling.
               Please use C simulation to confirm this function argument can be read from or written to.
WARNING: [RTGEN 206-101] Setting dangling out port 'cnn_top/m_axi_gmem6_ARQOS' to 0.
WARNING: [RTGEN 206-101] Port 'cnn_top/m_axi_gmem6_ARREGION' has no fanin or fanout and is left dangling.
               Please use C simulation to confirm this function argument can be read from or written to.
WARNING: [RTGEN 206-101] Setting dangling out port 'cnn_top/m_axi_gmem6_ARREGION' to 0.
WARNING: [RTGEN 206-101] Port 'cnn_top/m_axi_gmem6_ARUSER' has no fanin or fanout and is left dangling.
               Please use C simulation to confirm this function argument can be read from or written to.
WARNING: [RTGEN 206-101] Setting dangling out port 'cnn_top/m_axi_gmem6_ARUSER' to 0.
WARNING: [RTGEN 206-101] Port 'cnn_top/m_axi_gmem6_RVALID' has no fanin or fanout and is left dangling.
               Please use C simulation to confirm this function argument can be read from or written to.
WARNING: [RTGEN 206-101] Port 'cnn_top/m_axi_gmem6_RREADY' has no fanin or fanout and is left dangling.
               Please use C simulation to confirm this function argument can be read from or written to.
WARNING: [RTGEN 206-101] Setting dangling out port 'cnn_top/m_axi_gmem6_RREADY' to 0.
WARNING: [RTGEN 206-101] Port 'cnn_top/m_axi_gmem6_RDATA' has no fanin or fanout and is left dangling.
               Please use C simulation to confirm this function argument can be read from or written to.
WARNING: [RTGEN 206-101] Port 'cnn_top/m_axi_gmem6_RLAST' has no fanin or fanout and is left dangling.
               Please use C simulation to confirm this function argument can be read from or written to.
WARNING: [RTGEN 206-101] Port 'cnn_top/m_axi_gmem6_RID' has no fanin or fanout and is left dangling.
               Please use C simulation to confirm this function argument can be read from or written to.
WARNING: [RTGEN 206-101] Port 'cnn_top/m_axi_gmem6_RUSER' has no fanin or fanout and is left dangling.
               Please use C simulation to confirm this function argument can be read from or written to.
WARNING: [RTGEN 206-101] Port 'cnn_top/m_axi_gmem6_RRESP' has no fanin or fanout and is left dangling.
               Please use C simulation to confirm this function argument can be read from or written to.
WARNING: [RTGEN 206-101] Port 'cnn_top/m_axi_gmem6_BVALID' has no fanin or fanout and is left dangling.
               Please use C simulation to confirm this function argument can be read from or written to.
WARNING: [RTGEN 206-101] Port 'cnn_top/m_axi_gmem6_BREADY' has no fanin or fanout and is left dangling.
               Please use C simulation to confirm this function argument can be read from or written to.
WARNING: [RTGEN 206-101] Setting dangling out port 'cnn_top/m_axi_gmem6_BREADY' to 0.
WARNING: [RTGEN 206-101] Port 'cnn_top/m_axi_gmem6_BRESP' has no fanin or fanout and is left dangling.
               Please use C simulation to confirm this function argument can be read from or written to.
WARNING: [RTGEN 206-101] Port 'cnn_top/m_axi_gmem6_BID' has no fanin or fanout and is left dangling.
               Please use C simulation to confirm this function argument can be read from or written to.
WARNING: [RTGEN 206-101] Port 'cnn_top/m_axi_gmem6_BUSER' has no fanin or fanout and is left dangling.
               Please use C simulation to confirm this function argument can be read from or written to.
WARNING: [RTGEN 206-101] Port 'cnn_top/m_axi_gmem7_AWVALID' has no fanin or fanout and is left dangling.
               Please use C simulation to confirm this function argument can be read from or written to.
WARNING: [RTGEN 206-101] Setting dangling out port 'cnn_top/m_axi_gmem7_AWVALID' to 0.
WARNING: [RTGEN 206-101] Port 'cnn_top/m_axi_gmem7_AWREADY' has no fanin or fanout and is left dangling.
               Please use C simulation to confirm this function argument can be read from or written to.
WARNING: [RTGEN 206-101] Port 'cnn_top/m_axi_gmem7_AWADDR' has no fanin or fanout and is left dangling.
               Please use C simulation to confirm this function argument can be read from or written to.
WARNING: [RTGEN 206-101] Setting dangling out port 'cnn_top/m_axi_gmem7_AWADDR' to 0.
WARNING: [RTGEN 206-101] Port 'cnn_top/m_axi_gmem7_AWID' has no fanin or fanout and is left dangling.
               Please use C simulation to confirm this function argument can be read from or written to.
WARNING: [RTGEN 206-101] Setting dangling out port 'cnn_top/m_axi_gmem7_AWID' to 0.
WARNING: [RTGEN 206-101] Port 'cnn_top/m_axi_gmem7_AWLEN' has no fanin or fanout and is left dangling.
               Please use C simulation to confirm this function argument can be read from or written to.
WARNING: [RTGEN 206-101] Setting dangling out port 'cnn_top/m_axi_gmem7_AWLEN' to 0.
WARNING: [RTGEN 206-101] Port 'cnn_top/m_axi_gmem7_AWSIZE' has no fanin or fanout and is left dangling.
               Please use C simulation to confirm this function argument can be read from or written to.
WARNING: [RTGEN 206-101] Setting dangling out port 'cnn_top/m_axi_gmem7_AWSIZE' to 0.
WARNING: [RTGEN 206-101] Port 'cnn_top/m_axi_gmem7_AWBURST' has no fanin or fanout and is left dangling.
               Please use C simulation to confirm this function argument can be read from or written to.
WARNING: [RTGEN 206-101] Setting dangling out port 'cnn_top/m_axi_gmem7_AWBURST' to 0.
WARNING: [RTGEN 206-101] Port 'cnn_top/m_axi_gmem7_AWLOCK' has no fanin or fanout and is left dangling.
               Please use C simulation to confirm this function argument can be read from or written to.
WARNING: [RTGEN 206-101] Setting dangling out port 'cnn_top/m_axi_gmem7_AWLOCK' to 0.
WARNING: [RTGEN 206-101] Port 'cnn_top/m_axi_gmem7_AWCACHE' has no fanin or fanout and is left dangling.
               Please use C simulation to confirm this function argument can be read from or written to.
WARNING: [RTGEN 206-101] Setting dangling out port 'cnn_top/m_axi_gmem7_AWCACHE' to 0.
WARNING: [RTGEN 206-101] Port 'cnn_top/m_axi_gmem7_AWPROT' has no fanin or fanout and is left dangling.
               Please use C simulation to confirm this function argument can be read from or written to.
WARNING: [RTGEN 206-101] Setting dangling out port 'cnn_top/m_axi_gmem7_AWPROT' to 0.
WARNING: [RTGEN 206-101] Port 'cnn_top/m_axi_gmem7_AWQOS' has no fanin or fanout and is left dangling.
               Please use C simulation to confirm this function argument can be read from or written to.
WARNING: [RTGEN 206-101] Setting dangling out port 'cnn_top/m_axi_gmem7_AWQOS' to 0.
WARNING: [RTGEN 206-101] Port 'cnn_top/m_axi_gmem7_AWREGION' has no fanin or fanout and is left dangling.
               Please use C simulation to confirm this function argument can be read from or written to.
WARNING: [RTGEN 206-101] Setting dangling out port 'cnn_top/m_axi_gmem7_AWREGION' to 0.
WARNING: [RTGEN 206-101] Port 'cnn_top/m_axi_gmem7_AWUSER' has no fanin or fanout and is left dangling.
               Please use C simulation to confirm this function argument can be read from or written to.
WARNING: [RTGEN 206-101] Setting dangling out port 'cnn_top/m_axi_gmem7_AWUSER' to 0.
WARNING: [RTGEN 206-101] Port 'cnn_top/m_axi_gmem7_WVALID' has no fanin or fanout and is left dangling.
               Please use C simulation to confirm this function argument can be read from or written to.
WARNING: [RTGEN 206-101] Setting dangling out port 'cnn_top/m_axi_gmem7_WVALID' to 0.
WARNING: [RTGEN 206-101] Port 'cnn_top/m_axi_gmem7_WREADY' has no fanin or fanout and is left dangling.
               Please use C simulation to confirm this function argument can be read from or written to.
WARNING: [RTGEN 206-101] Port 'cnn_top/m_axi_gmem7_WDATA' has no fanin or fanout and is left dangling.
               Please use C simulation to confirm this function argument can be read from or written to.
WARNING: [RTGEN 206-101] Setting dangling out port 'cnn_top/m_axi_gmem7_WDATA' to 0.
WARNING: [RTGEN 206-101] Port 'cnn_top/m_axi_gmem7_WSTRB' has no fanin or fanout and is left dangling.
               Please use C simulation to confirm this function argument can be read from or written to.
WARNING: [RTGEN 206-101] Setting dangling out port 'cnn_top/m_axi_gmem7_WSTRB' to 0.
WARNING: [RTGEN 206-101] Port 'cnn_top/m_axi_gmem7_WLAST' has no fanin or fanout and is left dangling.
               Please use C simulation to confirm this function argument can be read from or written to.
WARNING: [RTGEN 206-101] Setting dangling out port 'cnn_top/m_axi_gmem7_WLAST' to 0.
WARNING: [RTGEN 206-101] Port 'cnn_top/m_axi_gmem7_WID' has no fanin or fanout and is left dangling.
               Please use C simulation to confirm this function argument can be read from or written to.
WARNING: [RTGEN 206-101] Setting dangling out port 'cnn_top/m_axi_gmem7_WID' to 0.
WARNING: [RTGEN 206-101] Port 'cnn_top/m_axi_gmem7_WUSER' has no fanin or fanout and is left dangling.
               Please use C simulation to confirm this function argument can be read from or written to.
WARNING: [RTGEN 206-101] Setting dangling out port 'cnn_top/m_axi_gmem7_WUSER' to 0.
WARNING: [RTGEN 206-101] Port 'cnn_top/m_axi_gmem7_ARVALID' has no fanin or fanout and is left dangling.
               Please use C simulation to confirm this function argument can be read from or written to.
WARNING: [RTGEN 206-101] Setting dangling out port 'cnn_top/m_axi_gmem7_ARVALID' to 0.
WARNING: [RTGEN 206-101] Port 'cnn_top/m_axi_gmem7_ARREADY' has no fanin or fanout and is left dangling.
               Please use C simulation to confirm this function argument can be read from or written to.
WARNING: [RTGEN 206-101] Port 'cnn_top/m_axi_gmem7_ARADDR' has no fanin or fanout and is left dangling.
               Please use C simulation to confirm this function argument can be read from or written to.
WARNING: [RTGEN 206-101] Setting dangling out port 'cnn_top/m_axi_gmem7_ARADDR' to 0.
WARNING: [RTGEN 206-101] Port 'cnn_top/m_axi_gmem7_ARID' has no fanin or fanout and is left dangling.
               Please use C simulation to confirm this function argument can be read from or written to.
WARNING: [RTGEN 206-101] Setting dangling out port 'cnn_top/m_axi_gmem7_ARID' to 0.
WARNING: [RTGEN 206-101] Port 'cnn_top/m_axi_gmem7_ARLEN' has no fanin or fanout and is left dangling.
               Please use C simulation to confirm this function argument can be read from or written to.
WARNING: [RTGEN 206-101] Setting dangling out port 'cnn_top/m_axi_gmem7_ARLEN' to 0.
WARNING: [RTGEN 206-101] Port 'cnn_top/m_axi_gmem7_ARSIZE' has no fanin or fanout and is left dangling.
               Please use C simulation to confirm this function argument can be read from or written to.
WARNING: [RTGEN 206-101] Setting dangling out port 'cnn_top/m_axi_gmem7_ARSIZE' to 0.
WARNING: [RTGEN 206-101] Port 'cnn_top/m_axi_gmem7_ARBURST' has no fanin or fanout and is left dangling.
               Please use C simulation to confirm this function argument can be read from or written to.
WARNING: [RTGEN 206-101] Setting dangling out port 'cnn_top/m_axi_gmem7_ARBURST' to 0.
WARNING: [RTGEN 206-101] Port 'cnn_top/m_axi_gmem7_ARLOCK' has no fanin or fanout and is left dangling.
               Please use C simulation to confirm this function argument can be read from or written to.
WARNING: [RTGEN 206-101] Setting dangling out port 'cnn_top/m_axi_gmem7_ARLOCK' to 0.
WARNING: [RTGEN 206-101] Port 'cnn_top/m_axi_gmem7_ARCACHE' has no fanin or fanout and is left dangling.
               Please use C simulation to confirm this function argument can be read from or written to.
WARNING: [RTGEN 206-101] Setting dangling out port 'cnn_top/m_axi_gmem7_ARCACHE' to 0.
WARNING: [RTGEN 206-101] Port 'cnn_top/m_axi_gmem7_ARPROT' has no fanin or fanout and is left dangling.
               Please use C simulation to confirm this function argument can be read from or written to.
WARNING: [RTGEN 206-101] Setting dangling out port 'cnn_top/m_axi_gmem7_ARPROT' to 0.
WARNING: [RTGEN 206-101] Port 'cnn_top/m_axi_gmem7_ARQOS' has no fanin or fanout and is left dangling.
               Please use C simulation to confirm this function argument can be read from or written to.
WARNING: [RTGEN 206-101] Setting dangling out port 'cnn_top/m_axi_gmem7_ARQOS' to 0.
WARNING: [RTGEN 206-101] Port 'cnn_top/m_axi_gmem7_ARREGION' has no fanin or fanout and is left dangling.
               Please use C simulation to confirm this function argument can be read from or written to.
WARNING: [RTGEN 206-101] Setting dangling out port 'cnn_top/m_axi_gmem7_ARREGION' to 0.
WARNING: [RTGEN 206-101] Port 'cnn_top/m_axi_gmem7_ARUSER' has no fanin or fanout and is left dangling.
               Please use C simulation to confirm this function argument can be read from or written to.
WARNING: [RTGEN 206-101] Setting dangling out port 'cnn_top/m_axi_gmem7_ARUSER' to 0.
WARNING: [RTGEN 206-101] Port 'cnn_top/m_axi_gmem7_RVALID' has no fanin or fanout and is left dangling.
               Please use C simulation to confirm this function argument can be read from or written to.
WARNING: [RTGEN 206-101] Port 'cnn_top/m_axi_gmem7_RREADY' has no fanin or fanout and is left dangling.
               Please use C simulation to confirm this function argument can be read from or written to.
WARNING: [RTGEN 206-101] Setting dangling out port 'cnn_top/m_axi_gmem7_RREADY' to 0.
WARNING: [RTGEN 206-101] Port 'cnn_top/m_axi_gmem7_RDATA' has no fanin or fanout and is left dangling.
               Please use C simulation to confirm this function argument can be read from or written to.
WARNING: [RTGEN 206-101] Port 'cnn_top/m_axi_gmem7_RLAST' has no fanin or fanout and is left dangling.
               Please use C simulation to confirm this function argument can be read from or written to.
WARNING: [RTGEN 206-101] Port 'cnn_top/m_axi_gmem7_RID' has no fanin or fanout and is left dangling.
               Please use C simulation to confirm this function argument can be read from or written to.
WARNING: [RTGEN 206-101] Port 'cnn_top/m_axi_gmem7_RUSER' has no fanin or fanout and is left dangling.
               Please use C simulation to confirm this function argument can be read from or written to.
WARNING: [RTGEN 206-101] Port 'cnn_top/m_axi_gmem7_RRESP' has no fanin or fanout and is left dangling.
               Please use C simulation to confirm this function argument can be read from or written to.
WARNING: [RTGEN 206-101] Port 'cnn_top/m_axi_gmem7_BVALID' has no fanin or fanout and is left dangling.
               Please use C simulation to confirm this function argument can be read from or written to.
WARNING: [RTGEN 206-101] Port 'cnn_top/m_axi_gmem7_BREADY' has no fanin or fanout and is left dangling.
               Please use C simulation to confirm this function argument can be read from or written to.
WARNING: [RTGEN 206-101] Setting dangling out port 'cnn_top/m_axi_gmem7_BREADY' to 0.
WARNING: [RTGEN 206-101] Port 'cnn_top/m_axi_gmem7_BRESP' has no fanin or fanout and is left dangling.
               Please use C simulation to confirm this function argument can be read from or written to.
WARNING: [RTGEN 206-101] Port 'cnn_top/m_axi_gmem7_BID' has no fanin or fanout and is left dangling.
               Please use C simulation to confirm this function argument can be read from or written to.
WARNING: [RTGEN 206-101] Port 'cnn_top/m_axi_gmem7_BUSER' has no fanin or fanout and is left dangling.
               Please use C simulation to confirm this function argument can be read from or written to.
INFO: [RTGEN 206-100] Finished creating RTL model for 'cnn_top'.
INFO: [RTMG 210-285] Implementing FIFO 'input_s_U(cnn_top_fifo_w16_d16_S)' using Shift Registers.
INFO: [HLS 200-111] Finished Creating RTL model: CPU user time: 0 seconds. CPU system time: 0 seconds. Elapsed time: 5.914 seconds; current allocated memory: 467.508 MB.
INFO: [HLS 200-111] Finished Generating all RTL models: CPU user time: 0 seconds. CPU system time: 0 seconds. Elapsed time: 0.22 seconds; current allocated memory: 471.535 MB.
INFO: [HLS 200-1603] Design has inferred MAXI bursts and missed bursts, see Vitis HLS GUI synthesis summary report for detailed information.
INFO: [HLS 200-111] Finished Updating report files: CPU user time: 0 seconds. CPU system time: 0 seconds. Elapsed time: 0.525 seconds; current allocated memory: 482.867 MB.
INFO: [VHDL 208-304] Generating VHDL RTL for cnn_top.
INFO: [VLOG 209-307] Generating Verilog RTL for cnn_top.
INFO: [HLS 200-789] **** Estimated Fmax: 136.99 MHz
INFO: [HLS 200-112] Total CPU user time: 2 seconds. Total CPU system time: 4 seconds. Total elapsed time: 29 seconds; peak allocated memory: 482.910 MB.
INFO: [v++ 60-791] Total elapsed time: 0h 0m 32s
