

================================================================
== Vitis HLS Report for 'compute_4'
================================================================
* Date:           Fri Jul 18 13:03:40 2025

* Version:        2025.1 (Build 6135595 on May 21 2025)
* Project:        hls_component
* Solution:       hls (Vivado IP Flow Target)
* Product family: zynq
* Target device:  xc7z020-clg400-2


================================================================
== Performance Estimates
================================================================
+ Timing: 
    * Summary: 
    +--------+----------+----------+------------+
    |  Clock |  Target  | Estimated| Uncertainty|
    +--------+----------+----------+------------+
    |ap_clk  |  10.00 ns|  9.055 ns|     2.70 ns|
    +--------+----------+----------+------------+

+ Latency: 
    * Summary: 
    +---------+---------+----------+----------+-------+-------+---------+
    |  Latency (cycles) |  Latency (absolute) |    Interval   | Pipeline|
    |   min   |   max   |    min   |    max   |  min  |  max  |   Type  |
    +---------+---------+----------+----------+-------+-------+---------+
    |    43627|    43627|  0.436 ms|  0.436 ms|  43627|  43627|       no|
    +---------+---------+----------+----------+-------+-------+---------+

    + Detail: 
        * Instance: 
        +-------------------------------------+--------------------------+---------+---------+-----------+-----------+-------+-------+------------------------------------------------+
        |                                     |                          |  Latency (cycles) |   Latency (absolute)  |    Interval   |                    Pipeline                    |
        |               Instance              |          Module          |   min   |   max   |    min    |    max    |  min  |  max  |                      Type                      |
        +-------------------------------------+--------------------------+---------+---------+-----------+-----------+-------+-------+------------------------------------------------+
        |grp_load_params_func_2_fu_138        |load_params_func_2        |      983|      983|   9.830 us|   9.830 us|    983|    983|                                              no|
        |grp_prepare_input_buf_func_2_fu_170  |prepare_input_buf_func_2  |     1571|     1571|  15.710 us|  15.710 us|   1571|   1571|                                              no|
        |grp_convolution_func_2_fu_194        |convolution_func_2        |    17473|    17473|   0.175 ms|   0.175 ms|  17473|  17473|                                              no|
        |grp_write_output_func_2_fu_218       |write_output_func_2       |    24578|    24578|   0.246 ms|   0.246 ms|  24577|  24577|  loop auto-rewind stp (delay=0 clock cycles(s))|
        +-------------------------------------+--------------------------+---------+---------+-----------+-----------+-------+-------+------------------------------------------------+

        * Loop: 
        N/A

============================================================
+ Verbose Summary: Synthesis Manager
============================================================
InlineROM: 1
ExposeGlobal: 0
============================================================
+ Verbose Summary: CDFG Model
============================================================
IsTopModel: 0
ResetActiveHigh: 1
IsCombinational: 2
IsDatapathOnly: 0
HasWiredReturn: 1
HasMFsm: 0
HasVarLatency: 1
IsPipeline: 0
IsRtlPipelined: 0
IsInstanceOverlapped: 0
IsDontTouch: 0
HasImplIP: 0
IsGatedGlobalClock: 0


============================================================
+ Verbose Summary: Schedule
============================================================
* Number of FSM states : 6
* Pipeline : 0
* Dataflow Pipeline: 0

* FSM state transitions: 
1 --> 2 
2 --> 3 
3 --> 4 
4 --> 5 
5 --> 6 
6 --> 

* FSM state operations: 

State 1 <SV = 0> <Delay = 9.05>
ST_1 : Operation 7 [1/1] (0.00ns)   --->   "%this_bias_read = read i32 @_ssdm_op_Read.ap_auto.i32, i32 %this_bias"   --->   Operation 7 'read' 'this_bias_read' <Predicate = true> <Delay = 0.00>
ST_1 : Operation 8 [1/1] (0.00ns)   --->   "%this_weights_read = read i32 @_ssdm_op_Read.ap_auto.i32, i32 %this_weights"   --->   Operation 8 'read' 'this_weights_read' <Predicate = true> <Delay = 0.00>
ST_1 : Operation 9 [1/1] (1.75ns)   --->   "%input_buf = alloca i32 1" [cnn_layer.cpp:115]   --->   Operation 9 'alloca' 'input_buf' <Predicate = true> <Delay = 1.75>
ST_1 : Operation 10 [1/1] (1.75ns)   --->   "%input_buf_1 = alloca i32 1" [cnn_layer.cpp:115]   --->   Operation 10 'alloca' 'input_buf_1' <Predicate = true> <Delay = 1.75>
ST_1 : Operation 11 [1/1] (1.75ns)   --->   "%input_buf_2 = alloca i32 1" [cnn_layer.cpp:115]   --->   Operation 11 'alloca' 'input_buf_2' <Predicate = true> <Delay = 1.75>
ST_1 : Operation 12 [1/1] (1.75ns)   --->   "%input_buf_3 = alloca i32 1" [cnn_layer.cpp:115]   --->   Operation 12 'alloca' 'input_buf_3' <Predicate = true> <Delay = 1.75>
ST_1 : Operation 13 [1/1] (1.75ns)   --->   "%input_buf_4 = alloca i32 1" [cnn_layer.cpp:115]   --->   Operation 13 'alloca' 'input_buf_4' <Predicate = true> <Delay = 1.75>
ST_1 : Operation 14 [1/1] (1.75ns)   --->   "%input_buf_5 = alloca i32 1" [cnn_layer.cpp:115]   --->   Operation 14 'alloca' 'input_buf_5' <Predicate = true> <Delay = 1.75>
ST_1 : Operation 15 [1/1] (1.75ns)   --->   "%input_buf_6 = alloca i32 1" [cnn_layer.cpp:115]   --->   Operation 15 'alloca' 'input_buf_6' <Predicate = true> <Delay = 1.75>
ST_1 : Operation 16 [1/1] (1.75ns)   --->   "%input_buf_7 = alloca i32 1" [cnn_layer.cpp:115]   --->   Operation 16 'alloca' 'input_buf_7' <Predicate = true> <Delay = 1.75>
ST_1 : Operation 17 [1/1] (1.75ns)   --->   "%input_buf_8 = alloca i32 1" [cnn_layer.cpp:115]   --->   Operation 17 'alloca' 'input_buf_8' <Predicate = true> <Delay = 1.75>
ST_1 : Operation 18 [1/1] (2.77ns)   --->   "%output_buf = alloca i32 1" [cnn_layer.cpp:116]   --->   Operation 18 'alloca' 'output_buf' <Predicate = true> <Delay = 2.77>
ST_1 : Operation 19 [1/1] (1.75ns)   --->   "%local_weights = alloca i32 1" [cnn_layer.cpp:118]   --->   Operation 19 'alloca' 'local_weights' <Predicate = true> <Delay = 1.75>
ST_1 : Operation 20 [1/1] (1.75ns)   --->   "%local_weights_1 = alloca i32 1" [cnn_layer.cpp:118]   --->   Operation 20 'alloca' 'local_weights_1' <Predicate = true> <Delay = 1.75>
ST_1 : Operation 21 [1/1] (1.75ns)   --->   "%local_weights_2 = alloca i32 1" [cnn_layer.cpp:118]   --->   Operation 21 'alloca' 'local_weights_2' <Predicate = true> <Delay = 1.75>
ST_1 : Operation 22 [1/1] (1.75ns)   --->   "%local_weights_3 = alloca i32 1" [cnn_layer.cpp:118]   --->   Operation 22 'alloca' 'local_weights_3' <Predicate = true> <Delay = 1.75>
ST_1 : Operation 23 [1/1] (1.75ns)   --->   "%local_weights_4 = alloca i32 1" [cnn_layer.cpp:118]   --->   Operation 23 'alloca' 'local_weights_4' <Predicate = true> <Delay = 1.75>
ST_1 : Operation 24 [1/1] (1.75ns)   --->   "%local_weights_5 = alloca i32 1" [cnn_layer.cpp:118]   --->   Operation 24 'alloca' 'local_weights_5' <Predicate = true> <Delay = 1.75>
ST_1 : Operation 25 [1/1] (1.75ns)   --->   "%local_weights_6 = alloca i32 1" [cnn_layer.cpp:118]   --->   Operation 25 'alloca' 'local_weights_6' <Predicate = true> <Delay = 1.75>
ST_1 : Operation 26 [1/1] (1.75ns)   --->   "%local_weights_7 = alloca i32 1" [cnn_layer.cpp:118]   --->   Operation 26 'alloca' 'local_weights_7' <Predicate = true> <Delay = 1.75>
ST_1 : Operation 27 [1/1] (1.75ns)   --->   "%local_weights_8 = alloca i32 1" [cnn_layer.cpp:118]   --->   Operation 27 'alloca' 'local_weights_8' <Predicate = true> <Delay = 1.75>
ST_1 : Operation 28 [1/1] (1.75ns)   --->   "%local_bias = alloca i32 1" [cnn_layer.cpp:119]   --->   Operation 28 'alloca' 'local_bias' <Predicate = true> <Delay = 1.75>
ST_1 : Operation 29 [2/2] (7.30ns)   --->   "%call_ln121 = call void @load_params_func.2, i16 %gmem2, i32 %this_weights_read, i16 %gmem3, i32 %this_bias_read, i16 %local_weights, i16 %local_weights_1, i16 %local_weights_2, i16 %local_weights_3, i16 %local_weights_4, i16 %local_weights_5, i16 %local_weights_6, i16 %local_weights_7, i16 %local_weights_8, i16 %local_bias" [cnn_layer.cpp:121]   --->   Operation 29 'call' 'call_ln121' <Predicate = true> <Delay = 7.30> <CoreType = "Generic">   --->   Generic Core
ST_1 : Operation 30 [2/2] (0.00ns)   --->   "%call_ln122 = call void @prepare_input_buf_func.2, i16 %input_s, i16 %input_buf, i16 %input_buf_1, i16 %input_buf_2, i16 %input_buf_3, i16 %input_buf_4, i16 %input_buf_5, i16 %input_buf_6, i16 %input_buf_7, i16 %input_buf_8" [cnn_layer.cpp:122]   --->   Operation 30 'call' 'call_ln122' <Predicate = true> <Delay = 0.00> <CoreType = "Generic">   --->   Generic Core

State 2 <SV = 1> <Delay = 0.00>
ST_2 : Operation 31 [1/2] (0.00ns)   --->   "%call_ln121 = call void @load_params_func.2, i16 %gmem2, i32 %this_weights_read, i16 %gmem3, i32 %this_bias_read, i16 %local_weights, i16 %local_weights_1, i16 %local_weights_2, i16 %local_weights_3, i16 %local_weights_4, i16 %local_weights_5, i16 %local_weights_6, i16 %local_weights_7, i16 %local_weights_8, i16 %local_bias" [cnn_layer.cpp:121]   --->   Operation 31 'call' 'call_ln121' <Predicate = true> <Delay = 0.00> <CoreType = "Generic">   --->   Generic Core
ST_2 : Operation 32 [1/2] (0.00ns)   --->   "%call_ln122 = call void @prepare_input_buf_func.2, i16 %input_s, i16 %input_buf, i16 %input_buf_1, i16 %input_buf_2, i16 %input_buf_3, i16 %input_buf_4, i16 %input_buf_5, i16 %input_buf_6, i16 %input_buf_7, i16 %input_buf_8" [cnn_layer.cpp:122]   --->   Operation 32 'call' 'call_ln122' <Predicate = true> <Delay = 0.00> <CoreType = "Generic">   --->   Generic Core

State 3 <SV = 2> <Delay = 0.00>
ST_3 : Operation 33 [2/2] (0.00ns)   --->   "%call_ln123 = call void @convolution_func.2, i16 %input_buf, i16 %input_buf_1, i16 %input_buf_2, i16 %input_buf_3, i16 %input_buf_4, i16 %input_buf_5, i16 %input_buf_6, i16 %input_buf_7, i16 %input_buf_8, i16 %local_weights, i16 %local_weights_1, i16 %local_weights_2, i16 %local_weights_3, i16 %local_weights_4, i16 %local_weights_5, i16 %local_weights_6, i16 %local_weights_7, i16 %local_weights_8, i16 %local_bias, i15 %output_buf" [cnn_layer.cpp:123]   --->   Operation 33 'call' 'call_ln123' <Predicate = true> <Delay = 0.00> <CoreType = "Generic">   --->   Generic Core

State 4 <SV = 3> <Delay = 1.28>
ST_4 : Operation 34 [1/2] (1.28ns)   --->   "%call_ln123 = call void @convolution_func.2, i16 %input_buf, i16 %input_buf_1, i16 %input_buf_2, i16 %input_buf_3, i16 %input_buf_4, i16 %input_buf_5, i16 %input_buf_6, i16 %input_buf_7, i16 %input_buf_8, i16 %local_weights, i16 %local_weights_1, i16 %local_weights_2, i16 %local_weights_3, i16 %local_weights_4, i16 %local_weights_5, i16 %local_weights_6, i16 %local_weights_7, i16 %local_weights_8, i16 %local_bias, i15 %output_buf" [cnn_layer.cpp:123]   --->   Operation 34 'call' 'call_ln123' <Predicate = true> <Delay = 1.28> <CoreType = "Generic">   --->   Generic Core

State 5 <SV = 4> <Delay = 0.00>
ST_5 : Operation 35 [2/2] (0.00ns)   --->   "%call_ln124 = call void @write_output_func.2, i15 %output_buf, i16 %conv1_out" [cnn_layer.cpp:124]   --->   Operation 35 'call' 'call_ln124' <Predicate = true> <Delay = 0.00> <CoreType = "Generic">   --->   Generic Core

State 6 <SV = 5> <Delay = 4.12>
ST_6 : Operation 36 [1/1] (0.00ns)   --->   "%specinterface_ln0 = specinterface void @_ssdm_op_SpecInterface, i16 %conv1_out, void @empty_0, i32 0, i32 0, void @empty_13, i32 0, i32 0, void @empty_13, void @empty_13, void @empty_13, i32 0, i32 0, i32 0, i32 0, void @empty_13, void @empty_13, i32 4294967295, i32 0, i32 0"   --->   Operation 36 'specinterface' 'specinterface_ln0' <Predicate = true> <Delay = 0.00>
ST_6 : Operation 37 [1/1] (0.00ns)   --->   "%specinterface_ln0 = specinterface void @_ssdm_op_SpecInterface, i16 %input_s, void @empty_0, i32 0, i32 0, void @empty_13, i32 0, i32 0, void @empty_13, void @empty_13, void @empty_13, i32 0, i32 0, i32 0, i32 0, void @empty_13, void @empty_13, i32 4294967295, i32 0, i32 0"   --->   Operation 37 'specinterface' 'specinterface_ln0' <Predicate = true> <Delay = 0.00>
ST_6 : Operation 38 [1/1] (0.00ns)   --->   "%specinterface_ln0 = specinterface void @_ssdm_op_SpecInterface, i16 %gmem3, void @empty_15, i32 0, i32 0, void @empty_13, i32 0, i32 0, void @empty_7, void @empty_4, void @empty_13, i32 16, i32 16, i32 32, i32 32, void @empty_13, void @empty_13, i32 4294967295, i32 0, i32 0"   --->   Operation 38 'specinterface' 'specinterface_ln0' <Predicate = true> <Delay = 0.00>
ST_6 : Operation 39 [1/1] (0.00ns)   --->   "%specinterface_ln0 = specinterface void @_ssdm_op_SpecInterface, i16 %gmem2, void @empty_15, i32 0, i32 0, void @empty_13, i32 0, i32 0, void @empty_6, void @empty_4, void @empty_13, i32 16, i32 16, i32 32, i32 32, void @empty_13, void @empty_13, i32 4294967295, i32 0, i32 0"   --->   Operation 39 'specinterface' 'specinterface_ln0' <Predicate = true> <Delay = 0.00>
ST_6 : Operation 40 [1/2] (4.12ns)   --->   "%call_ln124 = call void @write_output_func.2, i15 %output_buf, i16 %conv1_out" [cnn_layer.cpp:124]   --->   Operation 40 'call' 'call_ln124' <Predicate = true> <Delay = 4.12> <CoreType = "Generic">   --->   Generic Core
ST_6 : Operation 41 [1/1] (0.00ns)   --->   "%ret_ln125 = ret" [cnn_layer.cpp:125]   --->   Operation 41 'ret' 'ret_ln125' <Predicate = true> <Delay = 0.00>


============================================================
+ Verbose Summary: Binding
============================================================
STG Binding: 
---------------- STG Properties BEGIN ----------------
- Is combinational: 0
- Is one-state seq: 0
- Is datapath-only: 0
- Is pipelined: 0
- Is top level: 0
Port [ Return ] is wired: 1; IO mode=ap_ctrl_hs:ce=0
Port [ gmem2]:  wired=1; compound=1; hidden=0; nouse=0; global=0; static=0; extern=0; dir=0; type=4; pingpong=0; private_global=0; IO mode=m_axi:ce=0
Port [ this_weights]:  wired=1; compound=0; hidden=0; nouse=0; global=0; static=0; extern=0; dir=0; type=0; pingpong=0; private_global=0; IO mode=ap_none:ce=0
Port [ gmem3]:  wired=1; compound=1; hidden=0; nouse=0; global=0; static=0; extern=0; dir=0; type=4; pingpong=0; private_global=0; IO mode=m_axi:ce=0
Port [ this_bias]:  wired=1; compound=0; hidden=0; nouse=0; global=0; static=0; extern=0; dir=0; type=0; pingpong=0; private_global=0; IO mode=ap_none:ce=0
Port [ input_s]:  wired=1; compound=1; hidden=0; nouse=0; global=0; static=0; extern=0; dir=0; type=3; pingpong=0; private_global=0; IO mode=ap_fifo:ce=0
Port [ conv1_out]:  wired=1; compound=1; hidden=0; nouse=0; global=0; static=0; extern=0; dir=1; type=3; pingpong=0; private_global=0; IO mode=ap_fifo:ce=0
---------------- STG Properties END ------------------

---------------- Datapath Model BEGIN ----------------

<LifeTime>
<method=bitvector/>
this_bias_read    (read         ) [ 0010000]
this_weights_read (read         ) [ 0010000]
input_buf         (alloca       ) [ 0011100]
input_buf_1       (alloca       ) [ 0011100]
input_buf_2       (alloca       ) [ 0011100]
input_buf_3       (alloca       ) [ 0011100]
input_buf_4       (alloca       ) [ 0011100]
input_buf_5       (alloca       ) [ 0011100]
input_buf_6       (alloca       ) [ 0011100]
input_buf_7       (alloca       ) [ 0011100]
input_buf_8       (alloca       ) [ 0011100]
output_buf        (alloca       ) [ 0011111]
local_weights     (alloca       ) [ 0011100]
local_weights_1   (alloca       ) [ 0011100]
local_weights_2   (alloca       ) [ 0011100]
local_weights_3   (alloca       ) [ 0011100]
local_weights_4   (alloca       ) [ 0011100]
local_weights_5   (alloca       ) [ 0011100]
local_weights_6   (alloca       ) [ 0011100]
local_weights_7   (alloca       ) [ 0011100]
local_weights_8   (alloca       ) [ 0011100]
local_bias        (alloca       ) [ 0011100]
call_ln121        (call         ) [ 0000000]
call_ln122        (call         ) [ 0000000]
call_ln123        (call         ) [ 0000000]
specinterface_ln0 (specinterface) [ 0000000]
specinterface_ln0 (specinterface) [ 0000000]
specinterface_ln0 (specinterface) [ 0000000]
specinterface_ln0 (specinterface) [ 0000000]
call_ln124        (call         ) [ 0000000]
ret_ln125         (ret          ) [ 0000000]
</LifeTime>

<model>

<comp_list>
<comp id="0" class="1000" name="gmem2">
<pin_list>
<pin id="1" dir="1" index="0" bw="1" slack="0"/>
</pin_list>
<bind>
<StgValue><ssdm name="gmem2"/><MemPortTyVec>0 </MemPortTyVec>
</StgValue>
</bind>
</comp>

<comp id="2" class="1000" name="this_weights">
<pin_list>
<pin id="3" dir="1" index="0" bw="1" slack="0"/>
</pin_list>
<bind>
<StgValue><ssdm name="this_weights"/></StgValue>
</bind>
</comp>

<comp id="4" class="1000" name="gmem3">
<pin_list>
<pin id="5" dir="1" index="0" bw="1" slack="0"/>
</pin_list>
<bind>
<StgValue><ssdm name="gmem3"/><MemPortTyVec>0 </MemPortTyVec>
</StgValue>
</bind>
</comp>

<comp id="6" class="1000" name="this_bias">
<pin_list>
<pin id="7" dir="1" index="0" bw="1" slack="0"/>
</pin_list>
<bind>
<StgValue><ssdm name="this_bias"/></StgValue>
</bind>
</comp>

<comp id="8" class="1000" name="input_s">
<pin_list>
<pin id="9" dir="1" index="0" bw="1" slack="0"/>
</pin_list>
<bind>
<StgValue><ssdm name="input_s"/></StgValue>
</bind>
</comp>

<comp id="10" class="1000" name="conv1_out">
<pin_list>
<pin id="11" dir="1" index="0" bw="1" slack="0"/>
</pin_list>
<bind>
<StgValue><ssdm name="conv1_out"/></StgValue>
</bind>
</comp>

<comp id="12" class="1001" name="const_12">
<pin_list>
<pin id="13" dir="1" index="0" bw="1" slack="0"/>
</pin_list>
<bind>
<StgValue><ssdm name="_ssdm_op_Read.ap_auto.i32"/></StgValue>
</bind>
</comp>

<comp id="14" class="1001" name="const_14">
<pin_list>
<pin id="15" dir="1" index="0" bw="1" slack="0"/>
</pin_list>
<bind>
<StgValue><ssdm name=""/></StgValue>
</bind>
</comp>

<comp id="16" class="1001" name="const_16">
<pin_list>
<pin id="17" dir="1" index="0" bw="1" slack="0"/>
</pin_list>
<bind>
<StgValue><ssdm name="load_params_func.2"/></StgValue>
</bind>
</comp>

<comp id="18" class="1001" name="const_18">
<pin_list>
<pin id="19" dir="1" index="0" bw="1" slack="0"/>
</pin_list>
<bind>
<StgValue><ssdm name="prepare_input_buf_func.2"/></StgValue>
</bind>
</comp>

<comp id="20" class="1001" name="const_20">
<pin_list>
<pin id="21" dir="1" index="0" bw="1" slack="0"/>
</pin_list>
<bind>
<StgValue><ssdm name="convolution_func.2"/></StgValue>
</bind>
</comp>

<comp id="22" class="1001" name="const_22">
<pin_list>
<pin id="23" dir="1" index="0" bw="1" slack="0"/>
</pin_list>
<bind>
<StgValue><ssdm name="write_output_func.2"/></StgValue>
</bind>
</comp>

<comp id="24" class="1001" name="const_24">
<pin_list>
<pin id="25" dir="1" index="0" bw="1" slack="2147483647"/>
</pin_list>
<bind>
<StgValue><ssdm name="_ssdm_op_SpecInterface"/></StgValue>
</bind>
</comp>

<comp id="26" class="1001" name="const_26">
<pin_list>
<pin id="27" dir="1" index="0" bw="1" slack="2147483647"/>
</pin_list>
<bind>
<StgValue><ssdm name="empty_0"/></StgValue>
</bind>
</comp>

<comp id="28" class="1001" name="const_28">
<pin_list>
<pin id="29" dir="1" index="0" bw="1" slack="2147483647"/>
</pin_list>
<bind>
<StgValue><ssdm name=""/></StgValue>
</bind>
</comp>

<comp id="30" class="1001" name="const_30">
<pin_list>
<pin id="31" dir="1" index="0" bw="1" slack="2147483647"/>
</pin_list>
<bind>
<StgValue><ssdm name="empty_13"/></StgValue>
</bind>
</comp>

<comp id="32" class="1001" name="const_32">
<pin_list>
<pin id="33" dir="1" index="0" bw="1" slack="2147483647"/>
</pin_list>
<bind>
<StgValue><ssdm name=""/></StgValue>
</bind>
</comp>

<comp id="34" class="1001" name="const_34">
<pin_list>
<pin id="35" dir="1" index="0" bw="1" slack="2147483647"/>
</pin_list>
<bind>
<StgValue><ssdm name="empty_15"/></StgValue>
</bind>
</comp>

<comp id="36" class="1001" name="const_36">
<pin_list>
<pin id="37" dir="1" index="0" bw="1" slack="2147483647"/>
</pin_list>
<bind>
<StgValue><ssdm name="empty_7"/></StgValue>
</bind>
</comp>

<comp id="38" class="1001" name="const_38">
<pin_list>
<pin id="39" dir="1" index="0" bw="1" slack="2147483647"/>
</pin_list>
<bind>
<StgValue><ssdm name="empty_4"/></StgValue>
</bind>
</comp>

<comp id="40" class="1001" name="const_40">
<pin_list>
<pin id="41" dir="1" index="0" bw="1" slack="2147483647"/>
</pin_list>
<bind>
<StgValue><ssdm name=""/></StgValue>
</bind>
</comp>

<comp id="42" class="1001" name="const_42">
<pin_list>
<pin id="43" dir="1" index="0" bw="1" slack="2147483647"/>
</pin_list>
<bind>
<StgValue><ssdm name=""/></StgValue>
</bind>
</comp>

<comp id="44" class="1001" name="const_44">
<pin_list>
<pin id="45" dir="1" index="0" bw="1" slack="2147483647"/>
</pin_list>
<bind>
<StgValue><ssdm name="empty_6"/></StgValue>
</bind>
</comp>

<comp id="46" class="1004" name="input_buf_alloca_fu_46">
<pin_list>
<pin id="47" dir="0" index="0" bw="1" slack="0"/>
<pin id="48" dir="1" index="1" bw="16" slack="0"/>
</pin_list>
<bind>
<opcode="alloca(26) " fcode="alloca"/>
<opset="input_buf/1 "/>
</bind>
</comp>

<comp id="50" class="1004" name="input_buf_1_alloca_fu_50">
<pin_list>
<pin id="51" dir="0" index="0" bw="1" slack="0"/>
<pin id="52" dir="1" index="1" bw="16" slack="0"/>
</pin_list>
<bind>
<opcode="alloca(26) " fcode="alloca"/>
<opset="input_buf_1/1 "/>
</bind>
</comp>

<comp id="54" class="1004" name="input_buf_2_alloca_fu_54">
<pin_list>
<pin id="55" dir="0" index="0" bw="1" slack="0"/>
<pin id="56" dir="1" index="1" bw="16" slack="0"/>
</pin_list>
<bind>
<opcode="alloca(26) " fcode="alloca"/>
<opset="input_buf_2/1 "/>
</bind>
</comp>

<comp id="58" class="1004" name="input_buf_3_alloca_fu_58">
<pin_list>
<pin id="59" dir="0" index="0" bw="1" slack="0"/>
<pin id="60" dir="1" index="1" bw="16" slack="0"/>
</pin_list>
<bind>
<opcode="alloca(26) " fcode="alloca"/>
<opset="input_buf_3/1 "/>
</bind>
</comp>

<comp id="62" class="1004" name="input_buf_4_alloca_fu_62">
<pin_list>
<pin id="63" dir="0" index="0" bw="1" slack="0"/>
<pin id="64" dir="1" index="1" bw="16" slack="0"/>
</pin_list>
<bind>
<opcode="alloca(26) " fcode="alloca"/>
<opset="input_buf_4/1 "/>
</bind>
</comp>

<comp id="66" class="1004" name="input_buf_5_alloca_fu_66">
<pin_list>
<pin id="67" dir="0" index="0" bw="1" slack="0"/>
<pin id="68" dir="1" index="1" bw="16" slack="0"/>
</pin_list>
<bind>
<opcode="alloca(26) " fcode="alloca"/>
<opset="input_buf_5/1 "/>
</bind>
</comp>

<comp id="70" class="1004" name="input_buf_6_alloca_fu_70">
<pin_list>
<pin id="71" dir="0" index="0" bw="1" slack="0"/>
<pin id="72" dir="1" index="1" bw="16" slack="0"/>
</pin_list>
<bind>
<opcode="alloca(26) " fcode="alloca"/>
<opset="input_buf_6/1 "/>
</bind>
</comp>

<comp id="74" class="1004" name="input_buf_7_alloca_fu_74">
<pin_list>
<pin id="75" dir="0" index="0" bw="1" slack="0"/>
<pin id="76" dir="1" index="1" bw="16" slack="0"/>
</pin_list>
<bind>
<opcode="alloca(26) " fcode="alloca"/>
<opset="input_buf_7/1 "/>
</bind>
</comp>

<comp id="78" class="1004" name="input_buf_8_alloca_fu_78">
<pin_list>
<pin id="79" dir="0" index="0" bw="1" slack="0"/>
<pin id="80" dir="1" index="1" bw="16" slack="0"/>
</pin_list>
<bind>
<opcode="alloca(26) " fcode="alloca"/>
<opset="input_buf_8/1 "/>
</bind>
</comp>

<comp id="82" class="1004" name="output_buf_alloca_fu_82">
<pin_list>
<pin id="83" dir="0" index="0" bw="1" slack="0"/>
<pin id="84" dir="1" index="1" bw="15" slack="2147483647"/>
</pin_list>
<bind>
<opcode="alloca(26) " fcode="alloca"/>
<opset="output_buf/1 "/>
</bind>
</comp>

<comp id="86" class="1004" name="local_weights_alloca_fu_86">
<pin_list>
<pin id="87" dir="0" index="0" bw="1" slack="0"/>
<pin id="88" dir="1" index="1" bw="16" slack="0"/>
</pin_list>
<bind>
<opcode="alloca(26) " fcode="alloca"/>
<opset="local_weights/1 "/>
</bind>
</comp>

<comp id="90" class="1004" name="local_weights_1_alloca_fu_90">
<pin_list>
<pin id="91" dir="0" index="0" bw="1" slack="0"/>
<pin id="92" dir="1" index="1" bw="16" slack="0"/>
</pin_list>
<bind>
<opcode="alloca(26) " fcode="alloca"/>
<opset="local_weights_1/1 "/>
</bind>
</comp>

<comp id="94" class="1004" name="local_weights_2_alloca_fu_94">
<pin_list>
<pin id="95" dir="0" index="0" bw="1" slack="0"/>
<pin id="96" dir="1" index="1" bw="16" slack="0"/>
</pin_list>
<bind>
<opcode="alloca(26) " fcode="alloca"/>
<opset="local_weights_2/1 "/>
</bind>
</comp>

<comp id="98" class="1004" name="local_weights_3_alloca_fu_98">
<pin_list>
<pin id="99" dir="0" index="0" bw="1" slack="0"/>
<pin id="100" dir="1" index="1" bw="16" slack="0"/>
</pin_list>
<bind>
<opcode="alloca(26) " fcode="alloca"/>
<opset="local_weights_3/1 "/>
</bind>
</comp>

<comp id="102" class="1004" name="local_weights_4_alloca_fu_102">
<pin_list>
<pin id="103" dir="0" index="0" bw="1" slack="0"/>
<pin id="104" dir="1" index="1" bw="16" slack="0"/>
</pin_list>
<bind>
<opcode="alloca(26) " fcode="alloca"/>
<opset="local_weights_4/1 "/>
</bind>
</comp>

<comp id="106" class="1004" name="local_weights_5_alloca_fu_106">
<pin_list>
<pin id="107" dir="0" index="0" bw="1" slack="0"/>
<pin id="108" dir="1" index="1" bw="16" slack="0"/>
</pin_list>
<bind>
<opcode="alloca(26) " fcode="alloca"/>
<opset="local_weights_5/1 "/>
</bind>
</comp>

<comp id="110" class="1004" name="local_weights_6_alloca_fu_110">
<pin_list>
<pin id="111" dir="0" index="0" bw="1" slack="0"/>
<pin id="112" dir="1" index="1" bw="16" slack="0"/>
</pin_list>
<bind>
<opcode="alloca(26) " fcode="alloca"/>
<opset="local_weights_6/1 "/>
</bind>
</comp>

<comp id="114" class="1004" name="local_weights_7_alloca_fu_114">
<pin_list>
<pin id="115" dir="0" index="0" bw="1" slack="0"/>
<pin id="116" dir="1" index="1" bw="16" slack="0"/>
</pin_list>
<bind>
<opcode="alloca(26) " fcode="alloca"/>
<opset="local_weights_7/1 "/>
</bind>
</comp>

<comp id="118" class="1004" name="local_weights_8_alloca_fu_118">
<pin_list>
<pin id="119" dir="0" index="0" bw="1" slack="0"/>
<pin id="120" dir="1" index="1" bw="16" slack="0"/>
</pin_list>
<bind>
<opcode="alloca(26) " fcode="alloca"/>
<opset="local_weights_8/1 "/>
</bind>
</comp>

<comp id="122" class="1004" name="local_bias_alloca_fu_122">
<pin_list>
<pin id="123" dir="0" index="0" bw="1" slack="0"/>
<pin id="124" dir="1" index="1" bw="16" slack="0"/>
</pin_list>
<bind>
<opcode="alloca(26) " fcode="alloca"/>
<opset="local_bias/1 "/>
</bind>
</comp>

<comp id="126" class="1004" name="this_bias_read_read_fu_126">
<pin_list>
<pin id="127" dir="0" index="0" bw="32" slack="0"/>
<pin id="128" dir="0" index="1" bw="32" slack="0"/>
<pin id="129" dir="1" index="2" bw="32" slack="0"/>
</pin_list>
<bind>
<opcode="read(1150) " fcode="read"/>
<opset="this_bias_read/1 "/>
</bind>
</comp>

<comp id="132" class="1004" name="this_weights_read_read_fu_132">
<pin_list>
<pin id="133" dir="0" index="0" bw="32" slack="0"/>
<pin id="134" dir="0" index="1" bw="32" slack="0"/>
<pin id="135" dir="1" index="2" bw="32" slack="0"/>
</pin_list>
<bind>
<opcode="read(1150) " fcode="read"/>
<opset="this_weights_read/1 "/>
</bind>
</comp>

<comp id="138" class="1004" name="grp_load_params_func_2_fu_138">
<pin_list>
<pin id="139" dir="0" index="0" bw="0" slack="0"/>
<pin id="140" dir="0" index="1" bw="16" slack="0"/>
<pin id="141" dir="0" index="2" bw="32" slack="0"/>
<pin id="142" dir="0" index="3" bw="16" slack="0"/>
<pin id="143" dir="0" index="4" bw="32" slack="0"/>
<pin id="144" dir="0" index="5" bw="16" slack="0"/>
<pin id="145" dir="0" index="6" bw="16" slack="0"/>
<pin id="146" dir="0" index="7" bw="16" slack="0"/>
<pin id="147" dir="0" index="8" bw="16" slack="0"/>
<pin id="148" dir="0" index="9" bw="16" slack="0"/>
<pin id="149" dir="0" index="10" bw="16" slack="0"/>
<pin id="150" dir="0" index="11" bw="16" slack="0"/>
<pin id="151" dir="0" index="12" bw="16" slack="0"/>
<pin id="152" dir="0" index="13" bw="16" slack="0"/>
<pin id="153" dir="0" index="14" bw="16" slack="0"/>
<pin id="154" dir="1" index="15" bw="0" slack="2147483647"/>
</pin_list>
<bind>
<opcode="call(48) " fcode="call"/>
<opset="call_ln121/1 "/>
</bind>
</comp>

<comp id="170" class="1004" name="grp_prepare_input_buf_func_2_fu_170">
<pin_list>
<pin id="171" dir="0" index="0" bw="0" slack="0"/>
<pin id="172" dir="0" index="1" bw="16" slack="0"/>
<pin id="173" dir="0" index="2" bw="16" slack="0"/>
<pin id="174" dir="0" index="3" bw="16" slack="0"/>
<pin id="175" dir="0" index="4" bw="16" slack="0"/>
<pin id="176" dir="0" index="5" bw="16" slack="0"/>
<pin id="177" dir="0" index="6" bw="16" slack="0"/>
<pin id="178" dir="0" index="7" bw="16" slack="0"/>
<pin id="179" dir="0" index="8" bw="16" slack="0"/>
<pin id="180" dir="0" index="9" bw="16" slack="0"/>
<pin id="181" dir="0" index="10" bw="16" slack="0"/>
<pin id="182" dir="1" index="11" bw="0" slack="2147483647"/>
</pin_list>
<bind>
<opcode="call(48) " fcode="call"/>
<opset="call_ln122/1 "/>
</bind>
</comp>

<comp id="194" class="1004" name="grp_convolution_func_2_fu_194">
<pin_list>
<pin id="195" dir="0" index="0" bw="0" slack="0"/>
<pin id="196" dir="0" index="1" bw="16" slack="2147483647"/>
<pin id="197" dir="0" index="2" bw="16" slack="2147483647"/>
<pin id="198" dir="0" index="3" bw="16" slack="2147483647"/>
<pin id="199" dir="0" index="4" bw="16" slack="2147483647"/>
<pin id="200" dir="0" index="5" bw="16" slack="2147483647"/>
<pin id="201" dir="0" index="6" bw="16" slack="2147483647"/>
<pin id="202" dir="0" index="7" bw="16" slack="2147483647"/>
<pin id="203" dir="0" index="8" bw="16" slack="2147483647"/>
<pin id="204" dir="0" index="9" bw="16" slack="2147483647"/>
<pin id="205" dir="0" index="10" bw="16" slack="2147483647"/>
<pin id="206" dir="0" index="11" bw="16" slack="2147483647"/>
<pin id="207" dir="0" index="12" bw="16" slack="2147483647"/>
<pin id="208" dir="0" index="13" bw="16" slack="2147483647"/>
<pin id="209" dir="0" index="14" bw="16" slack="2147483647"/>
<pin id="210" dir="0" index="15" bw="16" slack="2147483647"/>
<pin id="211" dir="0" index="16" bw="16" slack="2147483647"/>
<pin id="212" dir="0" index="17" bw="16" slack="2147483647"/>
<pin id="213" dir="0" index="18" bw="16" slack="2147483647"/>
<pin id="214" dir="0" index="19" bw="16" slack="2147483647"/>
<pin id="215" dir="0" index="20" bw="15" slack="2147483647"/>
<pin id="216" dir="1" index="21" bw="0" slack="2147483647"/>
</pin_list>
<bind>
<opcode="call(48) " fcode="call"/>
<opset="call_ln123/3 "/>
</bind>
</comp>

<comp id="218" class="1004" name="grp_write_output_func_2_fu_218">
<pin_list>
<pin id="219" dir="0" index="0" bw="0" slack="0"/>
<pin id="220" dir="0" index="1" bw="15" slack="2147483647"/>
<pin id="221" dir="0" index="2" bw="16" slack="0"/>
<pin id="222" dir="1" index="3" bw="0" slack="2147483647"/>
</pin_list>
<bind>
<opcode="call(48) " fcode="call"/>
<opset="call_ln124/5 "/>
</bind>
</comp>

<comp id="225" class="1005" name="this_bias_read_reg_225">
<pin_list>
<pin id="226" dir="0" index="0" bw="32" slack="1"/>
<pin id="227" dir="1" index="1" bw="32" slack="1"/>
</pin_list>
<bind>
<opset="this_bias_read "/>
</bind>
</comp>

<comp id="230" class="1005" name="this_weights_read_reg_230">
<pin_list>
<pin id="231" dir="0" index="0" bw="32" slack="1"/>
<pin id="232" dir="1" index="1" bw="32" slack="1"/>
</pin_list>
<bind>
<opset="this_weights_read "/>
</bind>
</comp>

</comp_list>

<net_list>
<net id="49"><net_src comp="14" pin="0"/><net_sink comp="46" pin=0"/></net>

<net id="53"><net_src comp="14" pin="0"/><net_sink comp="50" pin=0"/></net>

<net id="57"><net_src comp="14" pin="0"/><net_sink comp="54" pin=0"/></net>

<net id="61"><net_src comp="14" pin="0"/><net_sink comp="58" pin=0"/></net>

<net id="65"><net_src comp="14" pin="0"/><net_sink comp="62" pin=0"/></net>

<net id="69"><net_src comp="14" pin="0"/><net_sink comp="66" pin=0"/></net>

<net id="73"><net_src comp="14" pin="0"/><net_sink comp="70" pin=0"/></net>

<net id="77"><net_src comp="14" pin="0"/><net_sink comp="74" pin=0"/></net>

<net id="81"><net_src comp="14" pin="0"/><net_sink comp="78" pin=0"/></net>

<net id="85"><net_src comp="14" pin="0"/><net_sink comp="82" pin=0"/></net>

<net id="89"><net_src comp="14" pin="0"/><net_sink comp="86" pin=0"/></net>

<net id="93"><net_src comp="14" pin="0"/><net_sink comp="90" pin=0"/></net>

<net id="97"><net_src comp="14" pin="0"/><net_sink comp="94" pin=0"/></net>

<net id="101"><net_src comp="14" pin="0"/><net_sink comp="98" pin=0"/></net>

<net id="105"><net_src comp="14" pin="0"/><net_sink comp="102" pin=0"/></net>

<net id="109"><net_src comp="14" pin="0"/><net_sink comp="106" pin=0"/></net>

<net id="113"><net_src comp="14" pin="0"/><net_sink comp="110" pin=0"/></net>

<net id="117"><net_src comp="14" pin="0"/><net_sink comp="114" pin=0"/></net>

<net id="121"><net_src comp="14" pin="0"/><net_sink comp="118" pin=0"/></net>

<net id="125"><net_src comp="14" pin="0"/><net_sink comp="122" pin=0"/></net>

<net id="130"><net_src comp="12" pin="0"/><net_sink comp="126" pin=0"/></net>

<net id="131"><net_src comp="6" pin="0"/><net_sink comp="126" pin=1"/></net>

<net id="136"><net_src comp="12" pin="0"/><net_sink comp="132" pin=0"/></net>

<net id="137"><net_src comp="2" pin="0"/><net_sink comp="132" pin=1"/></net>

<net id="155"><net_src comp="16" pin="0"/><net_sink comp="138" pin=0"/></net>

<net id="156"><net_src comp="0" pin="0"/><net_sink comp="138" pin=1"/></net>

<net id="157"><net_src comp="132" pin="2"/><net_sink comp="138" pin=2"/></net>

<net id="158"><net_src comp="4" pin="0"/><net_sink comp="138" pin=3"/></net>

<net id="159"><net_src comp="126" pin="2"/><net_sink comp="138" pin=4"/></net>

<net id="160"><net_src comp="86" pin="1"/><net_sink comp="138" pin=5"/></net>

<net id="161"><net_src comp="90" pin="1"/><net_sink comp="138" pin=6"/></net>

<net id="162"><net_src comp="94" pin="1"/><net_sink comp="138" pin=7"/></net>

<net id="163"><net_src comp="98" pin="1"/><net_sink comp="138" pin=8"/></net>

<net id="164"><net_src comp="102" pin="1"/><net_sink comp="138" pin=9"/></net>

<net id="165"><net_src comp="106" pin="1"/><net_sink comp="138" pin=10"/></net>

<net id="166"><net_src comp="110" pin="1"/><net_sink comp="138" pin=11"/></net>

<net id="167"><net_src comp="114" pin="1"/><net_sink comp="138" pin=12"/></net>

<net id="168"><net_src comp="118" pin="1"/><net_sink comp="138" pin=13"/></net>

<net id="169"><net_src comp="122" pin="1"/><net_sink comp="138" pin=14"/></net>

<net id="183"><net_src comp="18" pin="0"/><net_sink comp="170" pin=0"/></net>

<net id="184"><net_src comp="8" pin="0"/><net_sink comp="170" pin=1"/></net>

<net id="185"><net_src comp="46" pin="1"/><net_sink comp="170" pin=2"/></net>

<net id="186"><net_src comp="50" pin="1"/><net_sink comp="170" pin=3"/></net>

<net id="187"><net_src comp="54" pin="1"/><net_sink comp="170" pin=4"/></net>

<net id="188"><net_src comp="58" pin="1"/><net_sink comp="170" pin=5"/></net>

<net id="189"><net_src comp="62" pin="1"/><net_sink comp="170" pin=6"/></net>

<net id="190"><net_src comp="66" pin="1"/><net_sink comp="170" pin=7"/></net>

<net id="191"><net_src comp="70" pin="1"/><net_sink comp="170" pin=8"/></net>

<net id="192"><net_src comp="74" pin="1"/><net_sink comp="170" pin=9"/></net>

<net id="193"><net_src comp="78" pin="1"/><net_sink comp="170" pin=10"/></net>

<net id="217"><net_src comp="20" pin="0"/><net_sink comp="194" pin=0"/></net>

<net id="223"><net_src comp="22" pin="0"/><net_sink comp="218" pin=0"/></net>

<net id="224"><net_src comp="10" pin="0"/><net_sink comp="218" pin=2"/></net>

<net id="228"><net_src comp="126" pin="2"/><net_sink comp="225" pin=0"/></net>

<net id="229"><net_src comp="225" pin="1"/><net_sink comp="138" pin=4"/></net>

<net id="233"><net_src comp="132" pin="2"/><net_sink comp="230" pin=0"/></net>

<net id="234"><net_src comp="230" pin="1"/><net_sink comp="138" pin=2"/></net>

</net_list>

</model> 
---------------- Datapath Model END ------------------

* FSMD analyzer results:
  - Output states:
	Port: conv1_out | {5 6 }
 - Input state : 
	Port: compute.4 : gmem2 | {1 2 }
	Port: compute.4 : this_weights | {1 }
	Port: compute.4 : gmem3 | {1 2 }
	Port: compute.4 : this_bias | {1 }
	Port: compute.4 : input_s | {1 2 }
  - Chain level:
	State 1
		call_ln121 : 1
		call_ln122 : 1
	State 2
	State 3
	State 4
	State 5
	State 6


============================================================
+ Verbose Summary: Datapath Resource usage 
============================================================

* Functional unit list:
|----------|-------------------------------------|---------|---------|---------|---------|
| Operation|           Functional Unit           |   DSP   |  Delay  |    FF   |   LUT   |
|----------|-------------------------------------|---------|---------|---------|---------|
|          |    grp_load_params_func_2_fu_138    |    0    |  2.596  |   205   |    94   |
|   call   | grp_prepare_input_buf_func_2_fu_170 |    0    |  3.894  |   486   |   505   |
|          |    grp_convolution_func_2_fu_194    |    10   | 49.0861 |   1654  |   1601  |
|          |    grp_write_output_func_2_fu_218   |    0    |  1.298  |    54   |   120   |
|----------|-------------------------------------|---------|---------|---------|---------|
|   read   |      this_bias_read_read_fu_126     |    0    |    0    |    0    |    0    |
|          |    this_weights_read_read_fu_132    |    0    |    0    |    0    |    0    |
|----------|-------------------------------------|---------|---------|---------|---------|
|   Total  |                                     |    10   | 56.8741 |   2399  |   2320  |
|----------|-------------------------------------|---------|---------|---------|---------|

Memories:
+---------------+--------+--------+--------+--------+
|               |  BRAM  |   FF   |   LUT  |  URAM  |
+---------------+--------+--------+--------+--------+
|   input_buf   |    0   |   16   |    9   |    0   |
|  input_buf_1  |    0   |   16   |    9   |    0   |
|  input_buf_2  |    0   |   16   |    9   |    0   |
|  input_buf_3  |    0   |   16   |    9   |    0   |
|  input_buf_4  |    0   |   16   |    9   |    0   |
|  input_buf_5  |    0   |   16   |    9   |    0   |
|  input_buf_6  |    0   |   16   |    9   |    0   |
|  input_buf_7  |    0   |   16   |    9   |    0   |
|  input_buf_8  |    0   |   16   |    9   |    0   |
|   local_bias  |    0   |   16   |    8   |    0   |
| local_weights |    0   |   16   |    8   |    0   |
|local_weights_1|    0   |   16   |    8   |    0   |
|local_weights_2|    0   |   16   |    8   |    0   |
|local_weights_3|    0   |   16   |    8   |    0   |
|local_weights_4|    0   |   16   |    8   |    0   |
|local_weights_5|    0   |   16   |    8   |    0   |
|local_weights_6|    0   |   16   |    8   |    0   |
|local_weights_7|    0   |   16   |    8   |    0   |
|local_weights_8|    0   |   16   |    8   |    0   |
|   output_buf  |    8   |    0   |    0   |    0   |
+---------------+--------+--------+--------+--------+
|     Total     |    8   |   304  |   161  |    0   |
+---------------+--------+--------+--------+--------+

* Register list:
+-------------------------+--------+
|                         |   FF   |
+-------------------------+--------+
|  this_bias_read_reg_225 |   32   |
|this_weights_read_reg_230|   32   |
+-------------------------+--------+
|          Total          |   64   |
+-------------------------+--------+

* Multiplexer (MUX) list: 
|-------------------------------|------|------|------|--------||---------||---------||---------|
|              Comp             |  Pin | Size |  BW  | S x BW ||  Delay  ||    FF   ||   LUT   |
|-------------------------------|------|------|------|--------||---------||---------||---------|
| grp_load_params_func_2_fu_138 |  p2  |   2  |  32  |   64   ||    0    ||    9    |
| grp_load_params_func_2_fu_138 |  p4  |   2  |  32  |   64   ||    0    ||    9    |
|-------------------------------|------|------|------|--------||---------||---------||---------|
|             Total             |      |      |      |   128  ||  2.596  ||    0    ||    18   |
|-------------------------------|------|------|------|--------||---------||---------||---------|



* Summary:
+-----------+--------+--------+--------+--------+--------+--------+
|           |  BRAM  |   DSP  |  Delay |   FF   |   LUT  |  URAM  |
+-----------+--------+--------+--------+--------+--------+--------+
|  Function |    -   |   10   |   56   |  2399  |  2320  |    -   |
|   Memory  |    8   |    -   |    -   |   304  |   161  |    0   |
|Multiplexer|    -   |    -   |    2   |    0   |   18   |    -   |
|  Register |    -   |    -   |    -   |   64   |    -   |    -   |
+-----------+--------+--------+--------+--------+--------+--------+
|   Total   |    8   |   10   |   59   |  2767  |  2499  |    0   |
+-----------+--------+--------+--------+--------+--------+--------+
