

================================================================
== Vitis HLS Report for 'load_params_func_2'
================================================================
* Date:           Fri Jul 18 13:03:36 2025

* Version:        2025.1 (Build 6135595 on May 21 2025)
* Project:        hls_component
* Solution:       hls (Vivado IP Flow Target)
* Product family: zynq
* Target device:  xc7z020-clg400-2


================================================================
== Performance Estimates
================================================================
+ Timing: 
    * Summary: 
    +--------+----------+----------+------------+
    |  Clock |  Target  | Estimated| Uncertainty|
    +--------+----------+----------+------------+
    |ap_clk  |  10.00 ns|  7.300 ns|     2.70 ns|
    +--------+----------+----------+------------+

+ Latency: 
    * Summary: 
    +---------+---------+----------+----------+-----+-----+---------+
    |  Latency (cycles) |  Latency (absolute) |  Interval | Pipeline|
    |   min   |   max   |    min   |    max   | min | max |   Type  |
    +---------+---------+----------+----------+-----+-----+---------+
    |      983|      983|  9.830 us|  9.830 us|  983|  983|       no|
    +---------+---------+----------+----------+-----+-----+---------+

    + Detail: 
        * Instance: 
        +---------------------------------------------------------------------------------------+-----------------------------------------------------------------------------+---------+---------+----------+----------+-----+-----+------------------------------------------------+
        |                                                                                       |                                                                             |  Latency (cycles) |  Latency (absolute) |  Interval |                    Pipeline                    |
        |                                        Instance                                       |                                    Module                                   |   min   |   max   |    min   |    max   | min | max |                      Type                      |
        +---------------------------------------------------------------------------------------+-----------------------------------------------------------------------------+---------+---------+----------+----------+-----+-----+------------------------------------------------+
        |grp_load_params_func_2_Pipeline_VITIS_LOOP_26_1_VITIS_LOOP_30_3_VITIS_LOOP_31_4_fu_90  |load_params_func_2_Pipeline_VITIS_LOOP_26_1_VITIS_LOOP_30_3_VITIS_LOOP_31_4  |      866|      866|  8.660 us|  8.660 us|  865|  865|  loop auto-rewind stp (delay=0 clock cycles(s))|
        |grp_load_params_func_2_Pipeline_VITIS_LOOP_40_5_fu_115                                 |load_params_func_2_Pipeline_VITIS_LOOP_40_5                                  |       98|       98|  0.980 us|  0.980 us|   97|   97|  loop auto-rewind stp (delay=0 clock cycles(s))|
        +---------------------------------------------------------------------------------------+-----------------------------------------------------------------------------+---------+---------+----------+----------+-----+-----+------------------------------------------------+

        * Loop: 
        N/A

============================================================
+ Verbose Summary: Synthesis Manager
============================================================
InlineROM: 1
ExposeGlobal: 0
============================================================
+ Verbose Summary: CDFG Model
============================================================
IsTopModel: 0
ResetActiveHigh: 1
IsCombinational: 0
IsDatapathOnly: 0
HasWiredReturn: 1
HasMFsm: 0
HasVarLatency: 1
IsPipeline: 0
IsRtlPipelined: 0
IsInstanceOverlapped: 0
IsDontTouch: 0
HasImplIP: 0
IsGatedGlobalClock: 0


============================================================
+ Verbose Summary: Schedule
============================================================
* Number of FSM states : 20
* Pipeline : 0
* Dataflow Pipeline: 0

* FSM state transitions: 
1 --> 2 
2 --> 3 
3 --> 4 
4 --> 5 
5 --> 6 
6 --> 7 
7 --> 8 
8 --> 9 
9 --> 10 
10 --> 11 
11 --> 12 
12 --> 13 
13 --> 14 
14 --> 15 
15 --> 16 
16 --> 17 
17 --> 18 
18 --> 19 
19 --> 20 
20 --> 

* FSM state operations: 

State 1 <SV = 0> <Delay = 7.30>
ST_1 : Operation 21 [1/1] (0.00ns)   --->   "%this_weights_read = read i32 @_ssdm_op_Read.ap_auto.i32, i32 %this_weights" [cnn_layer.cpp:23]   --->   Operation 21 'read' 'this_weights_read' <Predicate = true> <Delay = 0.00>
ST_1 : Operation 22 [1/1] (0.00ns)   --->   "%trunc_ln = partselect i31 @_ssdm_op_PartSelect.i31.i32.i32.i32, i32 %this_weights_read, i32 1, i32 31" [cnn_layer.cpp:26]   --->   Operation 22 'partselect' 'trunc_ln' <Predicate = true> <Delay = 0.00>
ST_1 : Operation 23 [1/1] (0.00ns)   --->   "%sext_ln26 = sext i31 %trunc_ln" [cnn_layer.cpp:26]   --->   Operation 23 'sext' 'sext_ln26' <Predicate = true> <Delay = 0.00>
ST_1 : Operation 24 [1/1] (0.00ns)   --->   "%gmem2_addr = getelementptr i16 %gmem2, i32 %sext_ln26" [cnn_layer.cpp:26]   --->   Operation 24 'getelementptr' 'gmem2_addr' <Predicate = true> <Delay = 0.00>
ST_1 : Operation 25 [8/8] (7.30ns)   --->   "%empty = readreq i1 @_ssdm_op_ReadReq.m_axi.p1i16, i16 %gmem2_addr, i32 288" [cnn_layer.cpp:26]   --->   Operation 25 'readreq' 'empty' <Predicate = true> <Delay = 7.30> <CoreInst = "m_axi">   --->   Core 111 'm_axi' <Latency = 6> <II = 1> <Delay = 1.00> <Adapter> <Opcode : 'read' 'write' 'readreq' 'writereq' 'writeresp'>

State 2 <SV = 1> <Delay = 7.30>
ST_2 : Operation 26 [7/8] (7.30ns)   --->   "%empty = readreq i1 @_ssdm_op_ReadReq.m_axi.p1i16, i16 %gmem2_addr, i32 288" [cnn_layer.cpp:26]   --->   Operation 26 'readreq' 'empty' <Predicate = true> <Delay = 7.30> <CoreInst = "m_axi">   --->   Core 111 'm_axi' <Latency = 6> <II = 1> <Delay = 1.00> <Adapter> <Opcode : 'read' 'write' 'readreq' 'writereq' 'writeresp'>

State 3 <SV = 2> <Delay = 7.30>
ST_3 : Operation 27 [6/8] (7.30ns)   --->   "%empty = readreq i1 @_ssdm_op_ReadReq.m_axi.p1i16, i16 %gmem2_addr, i32 288" [cnn_layer.cpp:26]   --->   Operation 27 'readreq' 'empty' <Predicate = true> <Delay = 7.30> <CoreInst = "m_axi">   --->   Core 111 'm_axi' <Latency = 6> <II = 1> <Delay = 1.00> <Adapter> <Opcode : 'read' 'write' 'readreq' 'writereq' 'writeresp'>

State 4 <SV = 3> <Delay = 7.30>
ST_4 : Operation 28 [5/8] (7.30ns)   --->   "%empty = readreq i1 @_ssdm_op_ReadReq.m_axi.p1i16, i16 %gmem2_addr, i32 288" [cnn_layer.cpp:26]   --->   Operation 28 'readreq' 'empty' <Predicate = true> <Delay = 7.30> <CoreInst = "m_axi">   --->   Core 111 'm_axi' <Latency = 6> <II = 1> <Delay = 1.00> <Adapter> <Opcode : 'read' 'write' 'readreq' 'writereq' 'writeresp'>

State 5 <SV = 4> <Delay = 7.30>
ST_5 : Operation 29 [4/8] (7.30ns)   --->   "%empty = readreq i1 @_ssdm_op_ReadReq.m_axi.p1i16, i16 %gmem2_addr, i32 288" [cnn_layer.cpp:26]   --->   Operation 29 'readreq' 'empty' <Predicate = true> <Delay = 7.30> <CoreInst = "m_axi">   --->   Core 111 'm_axi' <Latency = 6> <II = 1> <Delay = 1.00> <Adapter> <Opcode : 'read' 'write' 'readreq' 'writereq' 'writeresp'>

State 6 <SV = 5> <Delay = 7.30>
ST_6 : Operation 30 [3/8] (7.30ns)   --->   "%empty = readreq i1 @_ssdm_op_ReadReq.m_axi.p1i16, i16 %gmem2_addr, i32 288" [cnn_layer.cpp:26]   --->   Operation 30 'readreq' 'empty' <Predicate = true> <Delay = 7.30> <CoreInst = "m_axi">   --->   Core 111 'm_axi' <Latency = 6> <II = 1> <Delay = 1.00> <Adapter> <Opcode : 'read' 'write' 'readreq' 'writereq' 'writeresp'>

State 7 <SV = 6> <Delay = 7.30>
ST_7 : Operation 31 [2/8] (7.30ns)   --->   "%empty = readreq i1 @_ssdm_op_ReadReq.m_axi.p1i16, i16 %gmem2_addr, i32 288" [cnn_layer.cpp:26]   --->   Operation 31 'readreq' 'empty' <Predicate = true> <Delay = 7.30> <CoreInst = "m_axi">   --->   Core 111 'm_axi' <Latency = 6> <II = 1> <Delay = 1.00> <Adapter> <Opcode : 'read' 'write' 'readreq' 'writereq' 'writeresp'>

State 8 <SV = 7> <Delay = 7.30>
ST_8 : Operation 32 [1/8] (7.30ns)   --->   "%empty = readreq i1 @_ssdm_op_ReadReq.m_axi.p1i16, i16 %gmem2_addr, i32 288" [cnn_layer.cpp:26]   --->   Operation 32 'readreq' 'empty' <Predicate = true> <Delay = 7.30> <CoreInst = "m_axi">   --->   Core 111 'm_axi' <Latency = 6> <II = 1> <Delay = 1.00> <Adapter> <Opcode : 'read' 'write' 'readreq' 'writereq' 'writeresp'>

State 9 <SV = 8> <Delay = 0.00>
ST_9 : Operation 33 [2/2] (0.00ns)   --->   "%call_ln26 = call void @load_params_func.2_Pipeline_VITIS_LOOP_26_1_VITIS_LOOP_30_3_VITIS_LOOP_31_4, i16 %gmem2, i31 %trunc_ln, i16 %local_weights_0_0, i16 %local_weights_0_1, i16 %local_weights_0_2, i16 %local_weights_1_0, i16 %local_weights_1_1, i16 %local_weights_1_2, i16 %local_weights_2_0, i16 %local_weights_2_1, i16 %local_weights_2_2" [cnn_layer.cpp:26]   --->   Operation 33 'call' 'call_ln26' <Predicate = true> <Delay = 0.00> <CoreType = "Generic">   --->   Generic Core

State 10 <SV = 9> <Delay = 3.95>
ST_10 : Operation 34 [1/2] (3.95ns)   --->   "%call_ln26 = call void @load_params_func.2_Pipeline_VITIS_LOOP_26_1_VITIS_LOOP_30_3_VITIS_LOOP_31_4, i16 %gmem2, i31 %trunc_ln, i16 %local_weights_0_0, i16 %local_weights_0_1, i16 %local_weights_0_2, i16 %local_weights_1_0, i16 %local_weights_1_1, i16 %local_weights_1_2, i16 %local_weights_2_0, i16 %local_weights_2_1, i16 %local_weights_2_2" [cnn_layer.cpp:26]   --->   Operation 34 'call' 'call_ln26' <Predicate = true> <Delay = 3.95> <CoreType = "Generic">   --->   Generic Core

State 11 <SV = 10> <Delay = 7.30>
ST_11 : Operation 35 [1/1] (0.00ns)   --->   "%this_bias_read = read i32 @_ssdm_op_Read.ap_auto.i32, i32 %this_bias" [cnn_layer.cpp:23]   --->   Operation 35 'read' 'this_bias_read' <Predicate = true> <Delay = 0.00>
ST_11 : Operation 36 [1/1] (0.00ns)   --->   "%trunc_ln5 = partselect i31 @_ssdm_op_PartSelect.i31.i32.i32.i32, i32 %this_bias_read, i32 1, i32 31" [cnn_layer.cpp:40]   --->   Operation 36 'partselect' 'trunc_ln5' <Predicate = true> <Delay = 0.00>
ST_11 : Operation 37 [1/1] (0.00ns)   --->   "%sext_ln40 = sext i31 %trunc_ln5" [cnn_layer.cpp:40]   --->   Operation 37 'sext' 'sext_ln40' <Predicate = true> <Delay = 0.00>
ST_11 : Operation 38 [1/1] (0.00ns)   --->   "%gmem3_addr = getelementptr i16 %gmem3, i32 %sext_ln40" [cnn_layer.cpp:40]   --->   Operation 38 'getelementptr' 'gmem3_addr' <Predicate = true> <Delay = 0.00>
ST_11 : Operation 39 [8/8] (7.30ns)   --->   "%empty_55 = readreq i1 @_ssdm_op_ReadReq.m_axi.p1i16, i16 %gmem3_addr, i32 32" [cnn_layer.cpp:40]   --->   Operation 39 'readreq' 'empty_55' <Predicate = true> <Delay = 7.30> <CoreInst = "m_axi">   --->   Core 111 'm_axi' <Latency = 6> <II = 1> <Delay = 1.00> <Adapter> <Opcode : 'read' 'write' 'readreq' 'writereq' 'writeresp'>

State 12 <SV = 11> <Delay = 7.30>
ST_12 : Operation 40 [7/8] (7.30ns)   --->   "%empty_55 = readreq i1 @_ssdm_op_ReadReq.m_axi.p1i16, i16 %gmem3_addr, i32 32" [cnn_layer.cpp:40]   --->   Operation 40 'readreq' 'empty_55' <Predicate = true> <Delay = 7.30> <CoreInst = "m_axi">   --->   Core 111 'm_axi' <Latency = 6> <II = 1> <Delay = 1.00> <Adapter> <Opcode : 'read' 'write' 'readreq' 'writereq' 'writeresp'>

State 13 <SV = 12> <Delay = 7.30>
ST_13 : Operation 41 [6/8] (7.30ns)   --->   "%empty_55 = readreq i1 @_ssdm_op_ReadReq.m_axi.p1i16, i16 %gmem3_addr, i32 32" [cnn_layer.cpp:40]   --->   Operation 41 'readreq' 'empty_55' <Predicate = true> <Delay = 7.30> <CoreInst = "m_axi">   --->   Core 111 'm_axi' <Latency = 6> <II = 1> <Delay = 1.00> <Adapter> <Opcode : 'read' 'write' 'readreq' 'writereq' 'writeresp'>

State 14 <SV = 13> <Delay = 7.30>
ST_14 : Operation 42 [5/8] (7.30ns)   --->   "%empty_55 = readreq i1 @_ssdm_op_ReadReq.m_axi.p1i16, i16 %gmem3_addr, i32 32" [cnn_layer.cpp:40]   --->   Operation 42 'readreq' 'empty_55' <Predicate = true> <Delay = 7.30> <CoreInst = "m_axi">   --->   Core 111 'm_axi' <Latency = 6> <II = 1> <Delay = 1.00> <Adapter> <Opcode : 'read' 'write' 'readreq' 'writereq' 'writeresp'>

State 15 <SV = 14> <Delay = 7.30>
ST_15 : Operation 43 [4/8] (7.30ns)   --->   "%empty_55 = readreq i1 @_ssdm_op_ReadReq.m_axi.p1i16, i16 %gmem3_addr, i32 32" [cnn_layer.cpp:40]   --->   Operation 43 'readreq' 'empty_55' <Predicate = true> <Delay = 7.30> <CoreInst = "m_axi">   --->   Core 111 'm_axi' <Latency = 6> <II = 1> <Delay = 1.00> <Adapter> <Opcode : 'read' 'write' 'readreq' 'writereq' 'writeresp'>

State 16 <SV = 15> <Delay = 7.30>
ST_16 : Operation 44 [3/8] (7.30ns)   --->   "%empty_55 = readreq i1 @_ssdm_op_ReadReq.m_axi.p1i16, i16 %gmem3_addr, i32 32" [cnn_layer.cpp:40]   --->   Operation 44 'readreq' 'empty_55' <Predicate = true> <Delay = 7.30> <CoreInst = "m_axi">   --->   Core 111 'm_axi' <Latency = 6> <II = 1> <Delay = 1.00> <Adapter> <Opcode : 'read' 'write' 'readreq' 'writereq' 'writeresp'>

State 17 <SV = 16> <Delay = 7.30>
ST_17 : Operation 45 [2/8] (7.30ns)   --->   "%empty_55 = readreq i1 @_ssdm_op_ReadReq.m_axi.p1i16, i16 %gmem3_addr, i32 32" [cnn_layer.cpp:40]   --->   Operation 45 'readreq' 'empty_55' <Predicate = true> <Delay = 7.30> <CoreInst = "m_axi">   --->   Core 111 'm_axi' <Latency = 6> <II = 1> <Delay = 1.00> <Adapter> <Opcode : 'read' 'write' 'readreq' 'writereq' 'writeresp'>

State 18 <SV = 17> <Delay = 7.30>
ST_18 : Operation 46 [1/8] (7.30ns)   --->   "%empty_55 = readreq i1 @_ssdm_op_ReadReq.m_axi.p1i16, i16 %gmem3_addr, i32 32" [cnn_layer.cpp:40]   --->   Operation 46 'readreq' 'empty_55' <Predicate = true> <Delay = 7.30> <CoreInst = "m_axi">   --->   Core 111 'm_axi' <Latency = 6> <II = 1> <Delay = 1.00> <Adapter> <Opcode : 'read' 'write' 'readreq' 'writereq' 'writeresp'>

State 19 <SV = 18> <Delay = 0.00>
ST_19 : Operation 47 [2/2] (0.00ns)   --->   "%call_ln40 = call void @load_params_func.2_Pipeline_VITIS_LOOP_40_5, i16 %gmem3, i31 %trunc_ln5, i16 %local_bias" [cnn_layer.cpp:40]   --->   Operation 47 'call' 'call_ln40' <Predicate = true> <Delay = 0.00> <CoreType = "Generic">   --->   Generic Core

State 20 <SV = 19> <Delay = 3.87>
ST_20 : Operation 48 [1/1] (0.00ns)   --->   "%specinterface_ln0 = specinterface void @_ssdm_op_SpecInterface, i16 %gmem2, void @empty_15, i32 0, i32 0, void @empty_13, i32 0, i32 0, void @empty_6, void @empty_4, void @empty_13, i32 16, i32 16, i32 32, i32 32, void @empty_13, void @empty_13, i32 4294967295, i32 0, i32 0"   --->   Operation 48 'specinterface' 'specinterface_ln0' <Predicate = true> <Delay = 0.00>
ST_20 : Operation 49 [1/1] (0.00ns)   --->   "%specinterface_ln0 = specinterface void @_ssdm_op_SpecInterface, i16 %gmem3, void @empty_15, i32 0, i32 0, void @empty_13, i32 0, i32 0, void @empty_7, void @empty_4, void @empty_13, i32 16, i32 16, i32 32, i32 32, void @empty_13, void @empty_13, i32 4294967295, i32 0, i32 0"   --->   Operation 49 'specinterface' 'specinterface_ln0' <Predicate = true> <Delay = 0.00>
ST_20 : Operation 50 [1/2] (3.87ns)   --->   "%call_ln40 = call void @load_params_func.2_Pipeline_VITIS_LOOP_40_5, i16 %gmem3, i31 %trunc_ln5, i16 %local_bias" [cnn_layer.cpp:40]   --->   Operation 50 'call' 'call_ln40' <Predicate = true> <Delay = 3.87> <CoreType = "Generic">   --->   Generic Core
ST_20 : Operation 51 [1/1] (0.00ns)   --->   "%ret_ln44 = ret" [cnn_layer.cpp:44]   --->   Operation 51 'ret' 'ret_ln44' <Predicate = true> <Delay = 0.00>


============================================================
+ Verbose Summary: Binding
============================================================
STG Binding: 
---------------- STG Properties BEGIN ----------------
- Is combinational: 0
- Is one-state seq: 0
- Is datapath-only: 0
- Is pipelined: 0
- Is top level: 0
Port [ Return ] is wired: 1; IO mode=ap_ctrl_hs:ce=0
Port [ gmem2]:  wired=1; compound=1; hidden=0; nouse=0; global=0; static=0; extern=0; dir=0; type=4; pingpong=0; private_global=0; IO mode=m_axi:ce=0
Port [ this_weights]:  wired=1; compound=0; hidden=0; nouse=0; global=0; static=0; extern=0; dir=0; type=0; pingpong=0; private_global=0; IO mode=ap_none:ce=0
Port [ gmem3]:  wired=1; compound=1; hidden=0; nouse=0; global=0; static=0; extern=0; dir=0; type=4; pingpong=0; private_global=0; IO mode=m_axi:ce=0
Port [ this_bias]:  wired=1; compound=0; hidden=0; nouse=0; global=0; static=0; extern=0; dir=0; type=0; pingpong=0; private_global=0; IO mode=ap_none:ce=0
Port [ local_weights_0_0]:  wired=1; compound=1; hidden=0; nouse=0; global=0; static=0; extern=0; dir=1; type=1; pingpong=0; private_global=0; MemPort=[03]; IO mode=ap_memory:ce=0
Port [ local_weights_0_1]:  wired=1; compound=1; hidden=0; nouse=0; global=0; static=0; extern=0; dir=1; type=1; pingpong=0; private_global=0; MemPort=[03]; IO mode=ap_memory:ce=0
Port [ local_weights_0_2]:  wired=1; compound=1; hidden=0; nouse=0; global=0; static=0; extern=0; dir=1; type=1; pingpong=0; private_global=0; MemPort=[03]; IO mode=ap_memory:ce=0
Port [ local_weights_1_0]:  wired=1; compound=1; hidden=0; nouse=0; global=0; static=0; extern=0; dir=1; type=1; pingpong=0; private_global=0; MemPort=[03]; IO mode=ap_memory:ce=0
Port [ local_weights_1_1]:  wired=1; compound=1; hidden=0; nouse=0; global=0; static=0; extern=0; dir=1; type=1; pingpong=0; private_global=0; MemPort=[03]; IO mode=ap_memory:ce=0
Port [ local_weights_1_2]:  wired=1; compound=1; hidden=0; nouse=0; global=0; static=0; extern=0; dir=1; type=1; pingpong=0; private_global=0; MemPort=[03]; IO mode=ap_memory:ce=0
Port [ local_weights_2_0]:  wired=1; compound=1; hidden=0; nouse=0; global=0; static=0; extern=0; dir=1; type=1; pingpong=0; private_global=0; MemPort=[03]; IO mode=ap_memory:ce=0
Port [ local_weights_2_1]:  wired=1; compound=1; hidden=0; nouse=0; global=0; static=0; extern=0; dir=1; type=1; pingpong=0; private_global=0; MemPort=[03]; IO mode=ap_memory:ce=0
Port [ local_weights_2_2]:  wired=1; compound=1; hidden=0; nouse=0; global=0; static=0; extern=0; dir=1; type=1; pingpong=0; private_global=0; MemPort=[03]; IO mode=ap_memory:ce=0
Port [ local_bias]:  wired=1; compound=1; hidden=0; nouse=0; global=0; static=0; extern=0; dir=1; type=1; pingpong=0; private_global=0; MemPort=[03]; IO mode=ap_memory:ce=0
---------------- STG Properties END ------------------

---------------- Datapath Model BEGIN ----------------

<LifeTime>
<method=bitvector/>
this_weights_read (read         ) [ 000000000000000000000]
trunc_ln          (partselect   ) [ 001111111110000000000]
sext_ln26         (sext         ) [ 000000000000000000000]
gmem2_addr        (getelementptr) [ 001111111000000000000]
empty             (readreq      ) [ 000000000000000000000]
call_ln26         (call         ) [ 000000000000000000000]
this_bias_read    (read         ) [ 000000000000000000000]
trunc_ln5         (partselect   ) [ 000000000000111111111]
sext_ln40         (sext         ) [ 000000000000000000000]
gmem3_addr        (getelementptr) [ 000000000000111111100]
empty_55          (readreq      ) [ 000000000000000000000]
specinterface_ln0 (specinterface) [ 000000000000000000000]
specinterface_ln0 (specinterface) [ 000000000000000000000]
call_ln40         (call         ) [ 000000000000000000000]
ret_ln44          (ret          ) [ 000000000000000000000]
</LifeTime>

<model>

<comp_list>
<comp id="0" class="1000" name="gmem2">
<pin_list>
<pin id="1" dir="1" index="0" bw="1" slack="0"/>
</pin_list>
<bind>
<StgValue><ssdm name="gmem2"/><MemPortTyVec>0 </MemPortTyVec>
</StgValue>
</bind>
</comp>

<comp id="2" class="1000" name="this_weights">
<pin_list>
<pin id="3" dir="1" index="0" bw="1" slack="0"/>
</pin_list>
<bind>
<StgValue><ssdm name="this_weights"/></StgValue>
</bind>
</comp>

<comp id="4" class="1000" name="gmem3">
<pin_list>
<pin id="5" dir="1" index="0" bw="1" slack="0"/>
</pin_list>
<bind>
<StgValue><ssdm name="gmem3"/><MemPortTyVec>0 </MemPortTyVec>
</StgValue>
</bind>
</comp>

<comp id="6" class="1000" name="this_bias">
<pin_list>
<pin id="7" dir="1" index="0" bw="1" slack="0"/>
</pin_list>
<bind>
<StgValue><ssdm name="this_bias"/></StgValue>
</bind>
</comp>

<comp id="8" class="1000" name="local_weights_0_0">
<pin_list>
<pin id="9" dir="1" index="0" bw="1" slack="0"/>
</pin_list>
<bind>
<StgValue><ssdm name="local_weights_0_0"/><MemPortTyVec>0 3 </MemPortTyVec>
</StgValue>
</bind>
</comp>

<comp id="10" class="1000" name="local_weights_0_1">
<pin_list>
<pin id="11" dir="1" index="0" bw="1" slack="0"/>
</pin_list>
<bind>
<StgValue><ssdm name="local_weights_0_1"/><MemPortTyVec>0 3 </MemPortTyVec>
</StgValue>
</bind>
</comp>

<comp id="12" class="1000" name="local_weights_0_2">
<pin_list>
<pin id="13" dir="1" index="0" bw="1" slack="0"/>
</pin_list>
<bind>
<StgValue><ssdm name="local_weights_0_2"/><MemPortTyVec>0 3 </MemPortTyVec>
</StgValue>
</bind>
</comp>

<comp id="14" class="1000" name="local_weights_1_0">
<pin_list>
<pin id="15" dir="1" index="0" bw="1" slack="0"/>
</pin_list>
<bind>
<StgValue><ssdm name="local_weights_1_0"/><MemPortTyVec>0 3 </MemPortTyVec>
</StgValue>
</bind>
</comp>

<comp id="16" class="1000" name="local_weights_1_1">
<pin_list>
<pin id="17" dir="1" index="0" bw="1" slack="0"/>
</pin_list>
<bind>
<StgValue><ssdm name="local_weights_1_1"/><MemPortTyVec>0 3 </MemPortTyVec>
</StgValue>
</bind>
</comp>

<comp id="18" class="1000" name="local_weights_1_2">
<pin_list>
<pin id="19" dir="1" index="0" bw="1" slack="0"/>
</pin_list>
<bind>
<StgValue><ssdm name="local_weights_1_2"/><MemPortTyVec>0 3 </MemPortTyVec>
</StgValue>
</bind>
</comp>

<comp id="20" class="1000" name="local_weights_2_0">
<pin_list>
<pin id="21" dir="1" index="0" bw="1" slack="0"/>
</pin_list>
<bind>
<StgValue><ssdm name="local_weights_2_0"/><MemPortTyVec>0 3 </MemPortTyVec>
</StgValue>
</bind>
</comp>

<comp id="22" class="1000" name="local_weights_2_1">
<pin_list>
<pin id="23" dir="1" index="0" bw="1" slack="0"/>
</pin_list>
<bind>
<StgValue><ssdm name="local_weights_2_1"/><MemPortTyVec>0 3 </MemPortTyVec>
</StgValue>
</bind>
</comp>

<comp id="24" class="1000" name="local_weights_2_2">
<pin_list>
<pin id="25" dir="1" index="0" bw="1" slack="0"/>
</pin_list>
<bind>
<StgValue><ssdm name="local_weights_2_2"/><MemPortTyVec>0 3 </MemPortTyVec>
</StgValue>
</bind>
</comp>

<comp id="26" class="1000" name="local_bias">
<pin_list>
<pin id="27" dir="1" index="0" bw="1" slack="0"/>
</pin_list>
<bind>
<StgValue><ssdm name="local_bias"/><MemPortTyVec>0 3 </MemPortTyVec>
</StgValue>
</bind>
</comp>

<comp id="28" class="1001" name="const_28">
<pin_list>
<pin id="29" dir="1" index="0" bw="1" slack="0"/>
</pin_list>
<bind>
<StgValue><ssdm name="_ssdm_op_Read.ap_auto.i32"/></StgValue>
</bind>
</comp>

<comp id="30" class="1001" name="const_30">
<pin_list>
<pin id="31" dir="1" index="0" bw="1" slack="0"/>
</pin_list>
<bind>
<StgValue><ssdm name="_ssdm_op_PartSelect.i31.i32.i32.i32"/></StgValue>
</bind>
</comp>

<comp id="32" class="1001" name="const_32">
<pin_list>
<pin id="33" dir="1" index="0" bw="1" slack="0"/>
</pin_list>
<bind>
<StgValue><ssdm name=""/></StgValue>
</bind>
</comp>

<comp id="34" class="1001" name="const_34">
<pin_list>
<pin id="35" dir="1" index="0" bw="1" slack="0"/>
</pin_list>
<bind>
<StgValue><ssdm name=""/></StgValue>
</bind>
</comp>

<comp id="36" class="1001" name="const_36">
<pin_list>
<pin id="37" dir="1" index="0" bw="1" slack="0"/>
</pin_list>
<bind>
<StgValue><ssdm name="_ssdm_op_ReadReq.m_axi.p1i16"/></StgValue>
</bind>
</comp>

<comp id="38" class="1001" name="const_38">
<pin_list>
<pin id="39" dir="1" index="0" bw="1" slack="0"/>
</pin_list>
<bind>
<StgValue><ssdm name=""/></StgValue>
</bind>
</comp>

<comp id="40" class="1001" name="const_40">
<pin_list>
<pin id="41" dir="1" index="0" bw="1" slack="0"/>
</pin_list>
<bind>
<StgValue><ssdm name="load_params_func.2_Pipeline_VITIS_LOOP_26_1_VITIS_LOOP_30_3_VITIS_LOOP_31_4"/></StgValue>
</bind>
</comp>

<comp id="42" class="1001" name="const_42">
<pin_list>
<pin id="43" dir="1" index="0" bw="1" slack="0"/>
</pin_list>
<bind>
<StgValue><ssdm name=""/></StgValue>
</bind>
</comp>

<comp id="44" class="1001" name="const_44">
<pin_list>
<pin id="45" dir="1" index="0" bw="1" slack="0"/>
</pin_list>
<bind>
<StgValue><ssdm name="load_params_func.2_Pipeline_VITIS_LOOP_40_5"/></StgValue>
</bind>
</comp>

<comp id="46" class="1001" name="const_46">
<pin_list>
<pin id="47" dir="1" index="0" bw="1" slack="2147483647"/>
</pin_list>
<bind>
<StgValue><ssdm name="_ssdm_op_SpecInterface"/></StgValue>
</bind>
</comp>

<comp id="48" class="1001" name="const_48">
<pin_list>
<pin id="49" dir="1" index="0" bw="1" slack="2147483647"/>
</pin_list>
<bind>
<StgValue><ssdm name="empty_15"/></StgValue>
</bind>
</comp>

<comp id="50" class="1001" name="const_50">
<pin_list>
<pin id="51" dir="1" index="0" bw="1" slack="2147483647"/>
</pin_list>
<bind>
<StgValue><ssdm name=""/></StgValue>
</bind>
</comp>

<comp id="52" class="1001" name="const_52">
<pin_list>
<pin id="53" dir="1" index="0" bw="1" slack="2147483647"/>
</pin_list>
<bind>
<StgValue><ssdm name="empty_13"/></StgValue>
</bind>
</comp>

<comp id="54" class="1001" name="const_54">
<pin_list>
<pin id="55" dir="1" index="0" bw="1" slack="2147483647"/>
</pin_list>
<bind>
<StgValue><ssdm name="empty_6"/></StgValue>
</bind>
</comp>

<comp id="56" class="1001" name="const_56">
<pin_list>
<pin id="57" dir="1" index="0" bw="1" slack="2147483647"/>
</pin_list>
<bind>
<StgValue><ssdm name="empty_4"/></StgValue>
</bind>
</comp>

<comp id="58" class="1001" name="const_58">
<pin_list>
<pin id="59" dir="1" index="0" bw="1" slack="2147483647"/>
</pin_list>
<bind>
<StgValue><ssdm name=""/></StgValue>
</bind>
</comp>

<comp id="60" class="1001" name="const_60">
<pin_list>
<pin id="61" dir="1" index="0" bw="1" slack="2147483647"/>
</pin_list>
<bind>
<StgValue><ssdm name=""/></StgValue>
</bind>
</comp>

<comp id="62" class="1001" name="const_62">
<pin_list>
<pin id="63" dir="1" index="0" bw="1" slack="2147483647"/>
</pin_list>
<bind>
<StgValue><ssdm name="empty_7"/></StgValue>
</bind>
</comp>

<comp id="64" class="1004" name="this_weights_read_read_fu_64">
<pin_list>
<pin id="65" dir="0" index="0" bw="32" slack="0"/>
<pin id="66" dir="0" index="1" bw="32" slack="0"/>
<pin id="67" dir="1" index="2" bw="32" slack="0"/>
</pin_list>
<bind>
<opcode="read(1150) " fcode="read"/>
<opset="this_weights_read/1 "/>
</bind>
</comp>

<comp id="70" class="1004" name="this_bias_read_read_fu_70">
<pin_list>
<pin id="71" dir="0" index="0" bw="32" slack="0"/>
<pin id="72" dir="0" index="1" bw="32" slack="0"/>
<pin id="73" dir="1" index="2" bw="32" slack="0"/>
</pin_list>
<bind>
<opcode="read(1150) " fcode="read"/>
<opset="this_bias_read/11 "/>
</bind>
</comp>

<comp id="76" class="1004" name="grp_readreq_fu_76">
<pin_list>
<pin id="77" dir="0" index="0" bw="1" slack="0"/>
<pin id="78" dir="0" index="1" bw="16" slack="0"/>
<pin id="79" dir="0" index="2" bw="10" slack="0"/>
<pin id="80" dir="1" index="3" bw="1" slack="2147483647"/>
</pin_list>
<bind>
<opcode="readreq(1154) " fcode="readreq"/>
<opset="empty/1 "/>
</bind>
</comp>

<comp id="83" class="1004" name="grp_readreq_fu_83">
<pin_list>
<pin id="84" dir="0" index="0" bw="1" slack="0"/>
<pin id="85" dir="0" index="1" bw="16" slack="0"/>
<pin id="86" dir="0" index="2" bw="7" slack="0"/>
<pin id="87" dir="1" index="3" bw="1" slack="2147483647"/>
</pin_list>
<bind>
<opcode="readreq(1154) " fcode="readreq"/>
<opset="empty_55/11 "/>
</bind>
</comp>

<comp id="90" class="1004" name="grp_load_params_func_2_Pipeline_VITIS_LOOP_26_1_VITIS_LOOP_30_3_VITIS_LOOP_31_4_fu_90">
<pin_list>
<pin id="91" dir="0" index="0" bw="0" slack="0"/>
<pin id="92" dir="0" index="1" bw="16" slack="0"/>
<pin id="93" dir="0" index="2" bw="31" slack="8"/>
<pin id="94" dir="0" index="3" bw="16" slack="0"/>
<pin id="95" dir="0" index="4" bw="16" slack="0"/>
<pin id="96" dir="0" index="5" bw="16" slack="0"/>
<pin id="97" dir="0" index="6" bw="16" slack="0"/>
<pin id="98" dir="0" index="7" bw="16" slack="0"/>
<pin id="99" dir="0" index="8" bw="16" slack="0"/>
<pin id="100" dir="0" index="9" bw="16" slack="0"/>
<pin id="101" dir="0" index="10" bw="16" slack="0"/>
<pin id="102" dir="0" index="11" bw="16" slack="0"/>
<pin id="103" dir="1" index="12" bw="0" slack="2147483647"/>
</pin_list>
<bind>
<opcode="call(48) " fcode="call"/>
<opset="call_ln26/9 "/>
</bind>
</comp>

<comp id="115" class="1004" name="grp_load_params_func_2_Pipeline_VITIS_LOOP_40_5_fu_115">
<pin_list>
<pin id="116" dir="0" index="0" bw="0" slack="0"/>
<pin id="117" dir="0" index="1" bw="16" slack="0"/>
<pin id="118" dir="0" index="2" bw="31" slack="8"/>
<pin id="119" dir="0" index="3" bw="16" slack="0"/>
<pin id="120" dir="1" index="4" bw="0" slack="2147483647"/>
</pin_list>
<bind>
<opcode="call(48) " fcode="call"/>
<opset="call_ln40/19 "/>
</bind>
</comp>

<comp id="124" class="1004" name="trunc_ln_fu_124">
<pin_list>
<pin id="125" dir="0" index="0" bw="31" slack="0"/>
<pin id="126" dir="0" index="1" bw="32" slack="0"/>
<pin id="127" dir="0" index="2" bw="1" slack="0"/>
<pin id="128" dir="0" index="3" bw="6" slack="0"/>
<pin id="129" dir="1" index="4" bw="31" slack="0"/>
</pin_list>
<bind>
<opcode="partselect(1002) " fcode="partselect"/>
<opset="trunc_ln/1 "/>
</bind>
</comp>

<comp id="134" class="1004" name="sext_ln26_fu_134">
<pin_list>
<pin id="135" dir="0" index="0" bw="31" slack="0"/>
<pin id="136" dir="1" index="1" bw="32" slack="0"/>
</pin_list>
<bind>
<opcode="sext(35) " fcode="sext"/>
<opset="sext_ln26/1 "/>
</bind>
</comp>

<comp id="138" class="1004" name="gmem2_addr_fu_138">
<pin_list>
<pin id="139" dir="0" index="0" bw="16" slack="0"/>
<pin id="140" dir="0" index="1" bw="31" slack="0"/>
<pin id="141" dir="1" index="2" bw="16" slack="0"/>
</pin_list>
<bind>
<opcode="getelementptr(29) " fcode="getelementptr"/>
<opset="gmem2_addr/1 "/>
</bind>
</comp>

<comp id="145" class="1004" name="trunc_ln5_fu_145">
<pin_list>
<pin id="146" dir="0" index="0" bw="31" slack="0"/>
<pin id="147" dir="0" index="1" bw="32" slack="0"/>
<pin id="148" dir="0" index="2" bw="1" slack="0"/>
<pin id="149" dir="0" index="3" bw="6" slack="0"/>
<pin id="150" dir="1" index="4" bw="31" slack="0"/>
</pin_list>
<bind>
<opcode="partselect(1002) " fcode="partselect"/>
<opset="trunc_ln5/11 "/>
</bind>
</comp>

<comp id="155" class="1004" name="sext_ln40_fu_155">
<pin_list>
<pin id="156" dir="0" index="0" bw="31" slack="0"/>
<pin id="157" dir="1" index="1" bw="32" slack="0"/>
</pin_list>
<bind>
<opcode="sext(35) " fcode="sext"/>
<opset="sext_ln40/11 "/>
</bind>
</comp>

<comp id="159" class="1004" name="gmem3_addr_fu_159">
<pin_list>
<pin id="160" dir="0" index="0" bw="16" slack="0"/>
<pin id="161" dir="0" index="1" bw="31" slack="0"/>
<pin id="162" dir="1" index="2" bw="16" slack="0"/>
</pin_list>
<bind>
<opcode="getelementptr(29) " fcode="getelementptr"/>
<opset="gmem3_addr/11 "/>
</bind>
</comp>

<comp id="166" class="1005" name="trunc_ln_reg_166">
<pin_list>
<pin id="167" dir="0" index="0" bw="31" slack="8"/>
<pin id="168" dir="1" index="1" bw="31" slack="8"/>
</pin_list>
<bind>
<opset="trunc_ln "/>
</bind>
</comp>

<comp id="171" class="1005" name="gmem2_addr_reg_171">
<pin_list>
<pin id="172" dir="0" index="0" bw="16" slack="1"/>
<pin id="173" dir="1" index="1" bw="16" slack="1"/>
</pin_list>
<bind>
<opset="gmem2_addr "/>
</bind>
</comp>

<comp id="176" class="1005" name="trunc_ln5_reg_176">
<pin_list>
<pin id="177" dir="0" index="0" bw="31" slack="8"/>
<pin id="178" dir="1" index="1" bw="31" slack="8"/>
</pin_list>
<bind>
<opset="trunc_ln5 "/>
</bind>
</comp>

<comp id="181" class="1005" name="gmem3_addr_reg_181">
<pin_list>
<pin id="182" dir="0" index="0" bw="16" slack="1"/>
<pin id="183" dir="1" index="1" bw="16" slack="1"/>
</pin_list>
<bind>
<opset="gmem3_addr "/>
</bind>
</comp>

</comp_list>

<net_list>
<net id="68"><net_src comp="28" pin="0"/><net_sink comp="64" pin=0"/></net>

<net id="69"><net_src comp="2" pin="0"/><net_sink comp="64" pin=1"/></net>

<net id="74"><net_src comp="28" pin="0"/><net_sink comp="70" pin=0"/></net>

<net id="75"><net_src comp="6" pin="0"/><net_sink comp="70" pin=1"/></net>

<net id="81"><net_src comp="36" pin="0"/><net_sink comp="76" pin=0"/></net>

<net id="82"><net_src comp="38" pin="0"/><net_sink comp="76" pin=2"/></net>

<net id="88"><net_src comp="36" pin="0"/><net_sink comp="83" pin=0"/></net>

<net id="89"><net_src comp="42" pin="0"/><net_sink comp="83" pin=2"/></net>

<net id="104"><net_src comp="40" pin="0"/><net_sink comp="90" pin=0"/></net>

<net id="105"><net_src comp="0" pin="0"/><net_sink comp="90" pin=1"/></net>

<net id="106"><net_src comp="8" pin="0"/><net_sink comp="90" pin=3"/></net>

<net id="107"><net_src comp="10" pin="0"/><net_sink comp="90" pin=4"/></net>

<net id="108"><net_src comp="12" pin="0"/><net_sink comp="90" pin=5"/></net>

<net id="109"><net_src comp="14" pin="0"/><net_sink comp="90" pin=6"/></net>

<net id="110"><net_src comp="16" pin="0"/><net_sink comp="90" pin=7"/></net>

<net id="111"><net_src comp="18" pin="0"/><net_sink comp="90" pin=8"/></net>

<net id="112"><net_src comp="20" pin="0"/><net_sink comp="90" pin=9"/></net>

<net id="113"><net_src comp="22" pin="0"/><net_sink comp="90" pin=10"/></net>

<net id="114"><net_src comp="24" pin="0"/><net_sink comp="90" pin=11"/></net>

<net id="121"><net_src comp="44" pin="0"/><net_sink comp="115" pin=0"/></net>

<net id="122"><net_src comp="4" pin="0"/><net_sink comp="115" pin=1"/></net>

<net id="123"><net_src comp="26" pin="0"/><net_sink comp="115" pin=3"/></net>

<net id="130"><net_src comp="30" pin="0"/><net_sink comp="124" pin=0"/></net>

<net id="131"><net_src comp="64" pin="2"/><net_sink comp="124" pin=1"/></net>

<net id="132"><net_src comp="32" pin="0"/><net_sink comp="124" pin=2"/></net>

<net id="133"><net_src comp="34" pin="0"/><net_sink comp="124" pin=3"/></net>

<net id="137"><net_src comp="124" pin="4"/><net_sink comp="134" pin=0"/></net>

<net id="142"><net_src comp="0" pin="0"/><net_sink comp="138" pin=0"/></net>

<net id="143"><net_src comp="134" pin="1"/><net_sink comp="138" pin=1"/></net>

<net id="144"><net_src comp="138" pin="2"/><net_sink comp="76" pin=1"/></net>

<net id="151"><net_src comp="30" pin="0"/><net_sink comp="145" pin=0"/></net>

<net id="152"><net_src comp="70" pin="2"/><net_sink comp="145" pin=1"/></net>

<net id="153"><net_src comp="32" pin="0"/><net_sink comp="145" pin=2"/></net>

<net id="154"><net_src comp="34" pin="0"/><net_sink comp="145" pin=3"/></net>

<net id="158"><net_src comp="145" pin="4"/><net_sink comp="155" pin=0"/></net>

<net id="163"><net_src comp="4" pin="0"/><net_sink comp="159" pin=0"/></net>

<net id="164"><net_src comp="155" pin="1"/><net_sink comp="159" pin=1"/></net>

<net id="165"><net_src comp="159" pin="2"/><net_sink comp="83" pin=1"/></net>

<net id="169"><net_src comp="124" pin="4"/><net_sink comp="166" pin=0"/></net>

<net id="170"><net_src comp="166" pin="1"/><net_sink comp="90" pin=2"/></net>

<net id="174"><net_src comp="138" pin="2"/><net_sink comp="171" pin=0"/></net>

<net id="175"><net_src comp="171" pin="1"/><net_sink comp="76" pin=1"/></net>

<net id="179"><net_src comp="145" pin="4"/><net_sink comp="176" pin=0"/></net>

<net id="180"><net_src comp="176" pin="1"/><net_sink comp="115" pin=2"/></net>

<net id="184"><net_src comp="159" pin="2"/><net_sink comp="181" pin=0"/></net>

<net id="185"><net_src comp="181" pin="1"/><net_sink comp="83" pin=1"/></net>

</net_list>

</model> 
---------------- Datapath Model END ------------------

* FSMD analyzer results:
  - Output states:
	Port: local_weights_0_0 | {9 10 }
	Port: local_weights_0_1 | {9 10 }
	Port: local_weights_0_2 | {9 10 }
	Port: local_weights_1_0 | {9 10 }
	Port: local_weights_1_1 | {9 10 }
	Port: local_weights_1_2 | {9 10 }
	Port: local_weights_2_0 | {9 10 }
	Port: local_weights_2_1 | {9 10 }
	Port: local_weights_2_2 | {9 10 }
	Port: local_bias | {19 20 }
 - Input state : 
	Port: load_params_func.2 : gmem2 | {1 2 3 4 5 6 7 8 9 10 }
	Port: load_params_func.2 : this_weights | {1 }
	Port: load_params_func.2 : gmem3 | {11 12 13 14 15 16 17 18 19 20 }
	Port: load_params_func.2 : this_bias | {11 }
  - Chain level:
	State 1
		sext_ln26 : 1
		gmem2_addr : 2
		empty : 3
	State 2
	State 3
	State 4
	State 5
	State 6
	State 7
	State 8
	State 9
	State 10
	State 11
		sext_ln40 : 1
		gmem3_addr : 2
		empty_55 : 3
	State 12
	State 13
	State 14
	State 15
	State 16
	State 17
	State 18
	State 19
	State 20


============================================================
+ Verbose Summary: Datapath Resource usage 
============================================================

* Functional unit list:
|----------|---------------------------------------------------------------------------------------|---------|---------|
| Operation|                                    Functional Unit                                    |    FF   |   LUT   |
|----------|---------------------------------------------------------------------------------------|---------|---------|
|   call   | grp_load_params_func_2_Pipeline_VITIS_LOOP_26_1_VITIS_LOOP_30_3_VITIS_LOOP_31_4_fu_90 |    68   |    64   |
|          |                 grp_load_params_func_2_Pipeline_VITIS_LOOP_40_5_fu_115                |    43   |    12   |
|----------|---------------------------------------------------------------------------------------|---------|---------|
|   read   |                              this_weights_read_read_fu_64                             |    0    |    0    |
|          |                               this_bias_read_read_fu_70                               |    0    |    0    |
|----------|---------------------------------------------------------------------------------------|---------|---------|
|  readreq |                                   grp_readreq_fu_76                                   |    0    |    0    |
|          |                                   grp_readreq_fu_83                                   |    0    |    0    |
|----------|---------------------------------------------------------------------------------------|---------|---------|
|partselect|                                    trunc_ln_fu_124                                    |    0    |    0    |
|          |                                    trunc_ln5_fu_145                                   |    0    |    0    |
|----------|---------------------------------------------------------------------------------------|---------|---------|
|   sext   |                                    sext_ln26_fu_134                                   |    0    |    0    |
|          |                                    sext_ln40_fu_155                                   |    0    |    0    |
|----------|---------------------------------------------------------------------------------------|---------|---------|
|   Total  |                                                                                       |   111   |    76   |
|----------|---------------------------------------------------------------------------------------|---------|---------|

Memories:
N/A

* Register list:
+------------------+--------+
|                  |   FF   |
+------------------+--------+
|gmem2_addr_reg_171|   16   |
|gmem3_addr_reg_181|   16   |
| trunc_ln5_reg_176|   31   |
| trunc_ln_reg_166 |   31   |
+------------------+--------+
|       Total      |   94   |
+------------------+--------+

* Multiplexer (MUX) list: 
|-------------------|------|------|------|--------||---------||---------||---------|
|        Comp       |  Pin | Size |  BW  | S x BW ||  Delay  ||    FF   ||   LUT   |
|-------------------|------|------|------|--------||---------||---------||---------|
| grp_readreq_fu_76 |  p1  |   2  |  16  |   32   ||    0    ||    9    |
| grp_readreq_fu_83 |  p1  |   2  |  16  |   32   ||    0    ||    9    |
|-------------------|------|------|------|--------||---------||---------||---------|
|       Total       |      |      |      |   64   ||  2.596  ||    0    ||    18   |
|-------------------|------|------|------|--------||---------||---------||---------|



* Summary:
+-----------+--------+--------+--------+
|           |  Delay |   FF   |   LUT  |
+-----------+--------+--------+--------+
|  Function |    -   |   111  |   76   |
|   Memory  |    -   |    -   |    -   |
|Multiplexer|    2   |    0   |   18   |
|  Register |    -   |   94   |    -   |
+-----------+--------+--------+--------+
|   Total   |    2   |   205  |   94   |
+-----------+--------+--------+--------+
