

================================================================
== Vitis HLS Report for 'load_params_func_2_Pipeline_VITIS_LOOP_26_1_VITIS_LOOP_30_3_VITIS_LOOP_31_4'
================================================================
* Date:           Fri Jul 18 13:03:34 2025

* Version:        2025.1 (Build 6135595 on May 21 2025)
* Project:        hls_component
* Solution:       hls (Vivado IP Flow Target)
* Product family: zynq
* Target device:  xc7z020-clg400-2


================================================================
== Performance Estimates
================================================================
+ Timing: 
    * Summary: 
    +--------+----------+----------+------------+
    |  Clock |  Target  | Estimated| Uncertainty|
    +--------+----------+----------+------------+
    |ap_clk  |  10.00 ns|  7.300 ns|     2.70 ns|
    +--------+----------+----------+------------+

+ Latency: 
    * Summary: 
    +---------+---------+----------+----------+-----+-----+------------------------------------------------+
    |  Latency (cycles) |  Latency (absolute) |  Interval |                    Pipeline                    |
    |   min   |   max   |    min   |    max   | min | max |                      Type                      |
    +---------+---------+----------+----------+-----+-----+------------------------------------------------+
    |      866|      866|  8.660 us|  8.660 us|  865|  865|  loop auto-rewind stp (delay=0 clock cycles(s))|
    +---------+---------+----------+----------+-----+-----+------------------------------------------------+

    + Detail: 
        * Instance: 
        N/A

        * Loop: 
        +---------------------------------------------------+---------+---------+----------+-----------+-----------+------+----------+
        |                                                   |  Latency (cycles) | Iteration|  Initiation Interval  | Trip |          |
        |                     Loop Name                     |   min   |   max   |  Latency |  achieved |   target  | Count| Pipelined|
        +---------------------------------------------------+---------+---------+----------+-----------+-----------+------+----------+
        |- VITIS_LOOP_26_1_VITIS_LOOP_30_3_VITIS_LOOP_31_4  |      864|      864|         3|          3|          4|   288|       yes|
        +---------------------------------------------------+---------+---------+----------+-----------+-----------+------+----------+

============================================================
+ Verbose Summary: Synthesis Manager
============================================================
InlineROM: 1
ExposeGlobal: 0
============================================================
+ Verbose Summary: CDFG Model
============================================================
IsTopModel: 0
ResetActiveHigh: 1
IsCombinational: 0
IsDatapathOnly: 0
HasWiredReturn: 1
HasMFsm: 2
HasVarLatency: 1
IsPipeline: 0
IsRtlPipelined: 0
IsInstanceOverlapped: 0
IsDontTouch: 0
HasImplIP: 0
IsGatedGlobalClock: 0

+ Individual pipeline summary: 
  * Pipeline-0: initiation interval (II) = 3, depth = 3


============================================================
+ Verbose Summary: Schedule
============================================================
* Number of FSM states : 3
* Pipeline : 1
  Pipeline-0 : II = 3, D = 3, States = { 1 2 3 }
* Dataflow Pipeline: 0

* FSM state transitions: 
1 --> 2 
2 --> 3 
3 --> 

* FSM state operations: 

State 1 <SV = 0> <Delay = 2.65>
ST_1 : Operation 6 [1/1] (0.00ns)   --->   "%n = alloca i32 1" [cnn_layer.cpp:31]   --->   Operation 6 'alloca' 'n' <Predicate = true> <Delay = 0.00>
ST_1 : Operation 7 [1/1] (0.00ns)   --->   "%m = alloca i32 1" [cnn_layer.cpp:30]   --->   Operation 7 'alloca' 'm' <Predicate = true> <Delay = 0.00>
ST_1 : Operation 8 [1/1] (0.00ns)   --->   "%indvar_flatten = alloca i32 1"   --->   Operation 8 'alloca' 'indvar_flatten' <Predicate = true> <Delay = 0.00>
ST_1 : Operation 9 [1/1] (0.00ns)   --->   "%oc = alloca i32 1" [cnn_layer.cpp:26]   --->   Operation 9 'alloca' 'oc' <Predicate = true> <Delay = 0.00>
ST_1 : Operation 10 [1/1] (0.00ns)   --->   "%indvar_flatten12 = alloca i32 1"   --->   Operation 10 'alloca' 'indvar_flatten12' <Predicate = true> <Delay = 0.00>
ST_1 : Operation 11 [1/1] (0.00ns)   --->   "%sext_ln26_read = read i31 @_ssdm_op_Read.ap_auto.i31, i31 %sext_ln26"   --->   Operation 11 'read' 'sext_ln26_read' <Predicate = true> <Delay = 0.00>
ST_1 : Operation 12 [1/1] (0.00ns)   --->   "%sext_ln26_cast = sext i31 %sext_ln26_read"   --->   Operation 12 'sext' 'sext_ln26_cast' <Predicate = true> <Delay = 0.00>
ST_1 : Operation 13 [1/1] (0.00ns)   --->   "%specinterface_ln0 = specinterface void @_ssdm_op_SpecInterface, i16 %gmem2, void @empty_15, i32 0, i32 0, void @empty_13, i32 0, i32 0, void @empty_6, void @empty_4, void @empty_13, i32 16, i32 16, i32 32, i32 32, void @empty_13, void @empty_13, i32 4294967295, i32 0, i32 0"   --->   Operation 13 'specinterface' 'specinterface_ln0' <Predicate = true> <Delay = 0.00>
ST_1 : Operation 14 [1/1] (1.29ns)   --->   "%store_ln0 = store i9 0, i9 %indvar_flatten12"   --->   Operation 14 'store' 'store_ln0' <Predicate = true> <Delay = 1.29>
ST_1 : Operation 15 [1/1] (1.29ns)   --->   "%store_ln26 = store i6 0, i6 %oc" [cnn_layer.cpp:26]   --->   Operation 15 'store' 'store_ln26' <Predicate = true> <Delay = 1.29>
ST_1 : Operation 16 [1/1] (1.29ns)   --->   "%store_ln0 = store i4 0, i4 %indvar_flatten"   --->   Operation 16 'store' 'store_ln0' <Predicate = true> <Delay = 1.29>
ST_1 : Operation 17 [1/1] (1.29ns)   --->   "%store_ln30 = store i2 0, i2 %m" [cnn_layer.cpp:30]   --->   Operation 17 'store' 'store_ln30' <Predicate = true> <Delay = 1.29>
ST_1 : Operation 18 [1/1] (1.29ns)   --->   "%store_ln31 = store i2 0, i2 %n" [cnn_layer.cpp:31]   --->   Operation 18 'store' 'store_ln31' <Predicate = true> <Delay = 1.29>
ST_1 : Operation 19 [1/1] (0.00ns)   --->   "%br_ln0 = br void %for.inc"   --->   Operation 19 'br' 'br_ln0' <Predicate = true> <Delay = 0.00>
ST_1 : Operation 20 [1/1] (0.00ns)   --->   "%indvar_flatten_load = load i4 %indvar_flatten" [cnn_layer.cpp:30]   --->   Operation 20 'load' 'indvar_flatten_load' <Predicate = true> <Delay = 0.00>
ST_1 : Operation 21 [1/1] (0.00ns)   --->   "%indvar_flatten12_load = load i9 %indvar_flatten12" [cnn_layer.cpp:26]   --->   Operation 21 'load' 'indvar_flatten12_load' <Predicate = true> <Delay = 0.00>
ST_1 : Operation 22 [1/1] (1.36ns)   --->   "%icmp_ln26 = icmp_eq  i9 %indvar_flatten12_load, i9 288" [cnn_layer.cpp:26]   --->   Operation 22 'icmp' 'icmp_ln26' <Predicate = true> <Delay = 1.36> <CoreInst = "Cmp">   --->   Core 9 'Cmp' <Latency = 0> <II = 1> <Delay = 1.36> <FuncUnit> <Opcode : 'seteq' 'setne' 'setle' 'setge' 'setlt' 'setgt'> <InPorts = 2> <OutPorts = 1>
ST_1 : Operation 23 [1/1] (1.36ns)   --->   "%add_ln26_1 = add i9 %indvar_flatten12_load, i9 1" [cnn_layer.cpp:26]   --->   Operation 23 'add' 'add_ln26_1' <Predicate = true> <Delay = 1.36> <CoreInst = "Adder">   --->   Core 1 'Adder' <Latency = 0> <II = 1> <Delay = 1.36> <FuncUnit> <Opcode : 'add' 'sub'> <InPorts = 2> <OutPorts = 1>
ST_1 : Operation 24 [1/1] (0.00ns)   --->   "%br_ln26 = br i1 %icmp_ln26, void %for.inc34, void %for.inc47.lr.ph.exitStub" [cnn_layer.cpp:26]   --->   Operation 24 'br' 'br_ln26' <Predicate = true> <Delay = 0.00>
ST_1 : Operation 25 [1/1] (0.00ns)   --->   "%gmem2_addr = getelementptr i16 %gmem2, i32 %sext_ln26_cast" [cnn_layer.cpp:26]   --->   Operation 25 'getelementptr' 'gmem2_addr' <Predicate = (!icmp_ln26)> <Delay = 0.00>
ST_1 : Operation 89 [1/1] (1.29ns)   --->   "%ret_ln0 = ret"   --->   Operation 89 'ret' 'ret_ln0' <Predicate = (icmp_ln26)> <Delay = 1.29>

State 2 <SV = 1> <Delay = 7.30>
ST_2 : Operation 26 [1/1] (7.30ns)   --->   "%gmem2_addr_read = read i16 @_ssdm_op_Read.m_axi.p1i16, i16 %gmem2_addr" [cnn_layer.cpp:34]   --->   Operation 26 'read' 'gmem2_addr_read' <Predicate = true> <Delay = 7.30> <CoreInst = "m_axi">   --->   Core 111 'm_axi' <Latency = 3> <II = 1> <Delay = 1.00> <Adapter> <Opcode : 'read' 'write' 'readreq' 'writereq' 'writeresp'>

State 3 <SV = 2> <Delay = 5.01>
ST_3 : Operation 27 [1/1] (0.00ns)   --->   "%n_load = load i2 %n" [cnn_layer.cpp:31]   --->   Operation 27 'load' 'n_load' <Predicate = true> <Delay = 0.00>
ST_3 : Operation 28 [1/1] (0.00ns)   --->   "%m_load = load i2 %m" [cnn_layer.cpp:26]   --->   Operation 28 'load' 'm_load' <Predicate = true> <Delay = 0.00>
ST_3 : Operation 29 [1/1] (0.00ns)   --->   "%oc_load = load i6 %oc" [cnn_layer.cpp:26]   --->   Operation 29 'load' 'oc_load' <Predicate = true> <Delay = 0.00>
ST_3 : Operation 30 [1/1] (1.28ns)   --->   "%add_ln26 = add i6 %oc_load, i6 1" [cnn_layer.cpp:26]   --->   Operation 30 'add' 'add_ln26' <Predicate = true> <Delay = 1.28> <CoreInst = "Adder">   --->   Core 1 'Adder' <Latency = 0> <II = 1> <Delay = 1.28> <FuncUnit> <Opcode : 'add' 'sub'> <InPorts = 2> <OutPorts = 1>
ST_3 : Operation 31 [1/1] (0.00ns)   --->   "%specloopname_ln0 = specloopname void @_ssdm_op_SpecLoopName, void @VITIS_LOOP_26_1_VITIS_LOOP_30_3_VITIS_LOOP_31_4_str"   --->   Operation 31 'specloopname' 'specloopname_ln0' <Predicate = true> <Delay = 0.00>
ST_3 : Operation 32 [1/1] (0.00ns)   --->   "%speclooptripcount_ln0 = speclooptripcount void @_ssdm_op_SpecLoopTripCount, i64 288, i64 288, i64 288"   --->   Operation 32 'speclooptripcount' 'speclooptripcount_ln0' <Predicate = true> <Delay = 0.00>
ST_3 : Operation 33 [1/1] (0.99ns)   --->   "%icmp_ln30 = icmp_eq  i4 %indvar_flatten_load, i4 9" [cnn_layer.cpp:30]   --->   Operation 33 'icmp' 'icmp_ln30' <Predicate = true> <Delay = 0.99> <CoreInst = "Cmp">   --->   Core 9 'Cmp' <Latency = 0> <II = 1> <Delay = 0.99> <FuncUnit> <Opcode : 'seteq' 'setne' 'setle' 'setge' 'setlt' 'setgt'> <InPorts = 2> <OutPorts = 1>
ST_3 : Operation 34 [1/1] (0.81ns)   --->   "%select_ln26 = select i1 %icmp_ln30, i2 0, i2 %m_load" [cnn_layer.cpp:26]   --->   Operation 34 'select' 'select_ln26' <Predicate = true> <Delay = 0.81> <CoreInst = "Sel">   --->   Core 73 'Sel' <Latency = 0> <II = 1> <Delay = 0.81> <FuncUnit> <Opcode : 'select'> <InPorts = 3> <OutPorts = 1>
ST_3 : Operation 35 [1/1] (0.00ns) (grouped into LUT with out node and_ln26)   --->   "%xor_ln26 = xor i1 %icmp_ln30, i1 1" [cnn_layer.cpp:26]   --->   Operation 35 'xor' 'xor_ln26' <Predicate = true> <Delay = 0.00> <CoreInst = "LogicGate">   --->   Core 74 'LogicGate' <Latency = 0> <II = 1> <Delay = 0.80> <FuncUnit> <Opcode : 'and' 'or' 'xor'> <InPorts = 2> <OutPorts = 1>
ST_3 : Operation 36 [1/1] (0.63ns)   --->   "%icmp_ln31 = icmp_eq  i2 %n_load, i2 3" [cnn_layer.cpp:31]   --->   Operation 36 'icmp' 'icmp_ln31' <Predicate = true> <Delay = 0.63> <CoreInst = "Cmp">   --->   Core 9 'Cmp' <Latency = 0> <II = 1> <Delay = 0.63> <FuncUnit> <Opcode : 'seteq' 'setne' 'setle' 'setge' 'setlt' 'setgt'> <InPorts = 2> <OutPorts = 1>
ST_3 : Operation 37 [1/1] (0.80ns) (out node of the LUT)   --->   "%and_ln26 = and i1 %icmp_ln31, i1 %xor_ln26" [cnn_layer.cpp:26]   --->   Operation 37 'and' 'and_ln26' <Predicate = true> <Delay = 0.80> <CoreInst = "LogicGate">   --->   Core 74 'LogicGate' <Latency = 0> <II = 1> <Delay = 0.80> <FuncUnit> <Opcode : 'and' 'or' 'xor'> <InPorts = 2> <OutPorts = 1>
ST_3 : Operation 38 [1/1] (0.97ns)   --->   "%select_ln26_1 = select i1 %icmp_ln30, i6 %add_ln26, i6 %oc_load" [cnn_layer.cpp:26]   --->   Operation 38 'select' 'select_ln26_1' <Predicate = true> <Delay = 0.97> <CoreInst = "Sel">   --->   Core 73 'Sel' <Latency = 0> <II = 1> <Delay = 0.97> <FuncUnit> <Opcode : 'select'> <InPorts = 3> <OutPorts = 1>
ST_3 : Operation 39 [1/1] (0.63ns)   --->   "%add_ln30 = add i2 %select_ln26, i2 1" [cnn_layer.cpp:30]   --->   Operation 39 'add' 'add_ln30' <Predicate = true> <Delay = 0.63> <CoreInst = "Adder">   --->   Core 1 'Adder' <Latency = 0> <II = 1> <Delay = 0.63> <FuncUnit> <Opcode : 'add' 'sub'> <InPorts = 2> <OutPorts = 1>
ST_3 : Operation 40 [1/1] (0.00ns) (grouped into LUT with out node n_mid2)   --->   "%empty = or i1 %and_ln26, i1 %icmp_ln30" [cnn_layer.cpp:26]   --->   Operation 40 'or' 'empty' <Predicate = true> <Delay = 0.00> <CoreInst = "LogicGate">   --->   Core 74 'LogicGate' <Latency = 0> <II = 1> <Delay = 0.80> <FuncUnit> <Opcode : 'and' 'or' 'xor'> <InPorts = 2> <OutPorts = 1>
ST_3 : Operation 41 [1/1] (0.81ns) (out node of the LUT)   --->   "%n_mid2 = select i1 %empty, i2 0, i2 %n_load" [cnn_layer.cpp:26]   --->   Operation 41 'select' 'n_mid2' <Predicate = true> <Delay = 0.81> <CoreInst = "Sel">   --->   Core 73 'Sel' <Latency = 0> <II = 1> <Delay = 0.81> <FuncUnit> <Opcode : 'select'> <InPorts = 3> <OutPorts = 1>
ST_3 : Operation 42 [1/1] (0.81ns)   --->   "%select_ln30 = select i1 %and_ln26, i2 %add_ln30, i2 %select_ln26" [cnn_layer.cpp:30]   --->   Operation 42 'select' 'select_ln30' <Predicate = true> <Delay = 0.81> <CoreInst = "Sel">   --->   Core 73 'Sel' <Latency = 0> <II = 1> <Delay = 0.81> <FuncUnit> <Opcode : 'select'> <InPorts = 3> <OutPorts = 1>
ST_3 : Operation 43 [1/1] (0.00ns)   --->   "%empty_53 = trunc i6 %select_ln26_1" [cnn_layer.cpp:26]   --->   Operation 43 'trunc' 'empty_53' <Predicate = true> <Delay = 0.00>
ST_3 : Operation 44 [1/1] (0.00ns)   --->   "%oc_cast_cast = zext i5 %empty_53" [cnn_layer.cpp:26]   --->   Operation 44 'zext' 'oc_cast_cast' <Predicate = true> <Delay = 0.00>
ST_3 : Operation 45 [1/1] (0.00ns)   --->   "%local_weights_0_0_addr = getelementptr i16 %local_weights_0_0, i32 0, i32 %oc_cast_cast" [cnn_layer.cpp:26]   --->   Operation 45 'getelementptr' 'local_weights_0_0_addr' <Predicate = true> <Delay = 0.00>
ST_3 : Operation 46 [1/1] (0.00ns)   --->   "%local_weights_0_1_addr = getelementptr i16 %local_weights_0_1, i32 0, i32 %oc_cast_cast" [cnn_layer.cpp:26]   --->   Operation 46 'getelementptr' 'local_weights_0_1_addr' <Predicate = true> <Delay = 0.00>
ST_3 : Operation 47 [1/1] (0.00ns)   --->   "%local_weights_0_2_addr = getelementptr i16 %local_weights_0_2, i32 0, i32 %oc_cast_cast" [cnn_layer.cpp:26]   --->   Operation 47 'getelementptr' 'local_weights_0_2_addr' <Predicate = true> <Delay = 0.00>
ST_3 : Operation 48 [1/1] (0.00ns)   --->   "%local_weights_1_0_addr = getelementptr i16 %local_weights_1_0, i32 0, i32 %oc_cast_cast" [cnn_layer.cpp:26]   --->   Operation 48 'getelementptr' 'local_weights_1_0_addr' <Predicate = true> <Delay = 0.00>
ST_3 : Operation 49 [1/1] (0.00ns)   --->   "%local_weights_1_1_addr = getelementptr i16 %local_weights_1_1, i32 0, i32 %oc_cast_cast" [cnn_layer.cpp:26]   --->   Operation 49 'getelementptr' 'local_weights_1_1_addr' <Predicate = true> <Delay = 0.00>
ST_3 : Operation 50 [1/1] (0.00ns)   --->   "%local_weights_1_2_addr = getelementptr i16 %local_weights_1_2, i32 0, i32 %oc_cast_cast" [cnn_layer.cpp:26]   --->   Operation 50 'getelementptr' 'local_weights_1_2_addr' <Predicate = true> <Delay = 0.00>
ST_3 : Operation 51 [1/1] (0.00ns)   --->   "%local_weights_2_0_addr = getelementptr i16 %local_weights_2_0, i32 0, i32 %oc_cast_cast" [cnn_layer.cpp:26]   --->   Operation 51 'getelementptr' 'local_weights_2_0_addr' <Predicate = true> <Delay = 0.00>
ST_3 : Operation 52 [1/1] (0.00ns)   --->   "%local_weights_2_1_addr = getelementptr i16 %local_weights_2_1, i32 0, i32 %oc_cast_cast" [cnn_layer.cpp:26]   --->   Operation 52 'getelementptr' 'local_weights_2_1_addr' <Predicate = true> <Delay = 0.00>
ST_3 : Operation 53 [1/1] (0.00ns)   --->   "%local_weights_2_2_addr = getelementptr i16 %local_weights_2_2, i32 0, i32 %oc_cast_cast" [cnn_layer.cpp:26]   --->   Operation 53 'getelementptr' 'local_weights_2_2_addr' <Predicate = true> <Delay = 0.00>
ST_3 : Operation 54 [1/1] (0.00ns)   --->   "%specpipeline_ln32 = specpipeline void @_ssdm_op_SpecPipeline, i32 4, i32 0, i32 0, i32 0, void @empty_13" [cnn_layer.cpp:32]   --->   Operation 54 'specpipeline' 'specpipeline_ln32' <Predicate = true> <Delay = 0.00>
ST_3 : Operation 55 [1/1] (0.63ns)   --->   "%switch_ln34 = switch i2 %select_ln30, void %arrayidx2734.case.2, i2 0, void %arrayidx2734.case.0, i2 1, void %arrayidx2734.case.1" [cnn_layer.cpp:34]   --->   Operation 55 'switch' 'switch_ln34' <Predicate = true> <Delay = 0.63>
ST_3 : Operation 56 [1/1] (0.63ns)   --->   "%switch_ln34 = switch i2 %n_mid2, void %arrayidx2734.case.210, i2 0, void %arrayidx2734.case.08, i2 1, void %arrayidx2734.case.19" [cnn_layer.cpp:34]   --->   Operation 56 'switch' 'switch_ln34' <Predicate = (select_ln30 == 1)> <Delay = 0.63>
ST_3 : Operation 57 [1/1] ( I:1.75ns O:1.75ns )   --->   "%store_ln34 = store i16 %gmem2_addr_read, i5 %local_weights_1_1_addr" [cnn_layer.cpp:34]   --->   Operation 57 'store' 'store_ln34' <Predicate = (select_ln30 == 1 & n_mid2 == 1)> <Delay = 1.75> <CoreInst = "RAM">   --->   Core 81 'RAM' <Latency = 1> <II = 1> <Delay = 1.75> <Storage> <Opcode : 'load' 'store'> <Ports = 2> <Width = 16> <Depth = 32> <RAM>
ST_3 : Operation 58 [1/1] (0.00ns)   --->   "%br_ln34 = br void %arrayidx2734.exit7" [cnn_layer.cpp:34]   --->   Operation 58 'br' 'br_ln34' <Predicate = (select_ln30 == 1 & n_mid2 == 1)> <Delay = 0.00>
ST_3 : Operation 59 [1/1] ( I:1.75ns O:1.75ns )   --->   "%store_ln34 = store i16 %gmem2_addr_read, i5 %local_weights_1_0_addr" [cnn_layer.cpp:34]   --->   Operation 59 'store' 'store_ln34' <Predicate = (select_ln30 == 1 & n_mid2 == 0)> <Delay = 1.75> <CoreInst = "RAM">   --->   Core 81 'RAM' <Latency = 1> <II = 1> <Delay = 1.75> <Storage> <Opcode : 'load' 'store'> <Ports = 2> <Width = 16> <Depth = 32> <RAM>
ST_3 : Operation 60 [1/1] (0.00ns)   --->   "%br_ln34 = br void %arrayidx2734.exit7" [cnn_layer.cpp:34]   --->   Operation 60 'br' 'br_ln34' <Predicate = (select_ln30 == 1 & n_mid2 == 0)> <Delay = 0.00>
ST_3 : Operation 61 [1/1] ( I:1.75ns O:1.75ns )   --->   "%store_ln34 = store i16 %gmem2_addr_read, i5 %local_weights_1_2_addr" [cnn_layer.cpp:34]   --->   Operation 61 'store' 'store_ln34' <Predicate = (select_ln30 == 1 & n_mid2 != 0 & n_mid2 != 1)> <Delay = 1.75> <CoreInst = "RAM">   --->   Core 81 'RAM' <Latency = 1> <II = 1> <Delay = 1.75> <Storage> <Opcode : 'load' 'store'> <Ports = 2> <Width = 16> <Depth = 32> <RAM>
ST_3 : Operation 62 [1/1] (0.00ns)   --->   "%br_ln34 = br void %arrayidx2734.exit7" [cnn_layer.cpp:34]   --->   Operation 62 'br' 'br_ln34' <Predicate = (select_ln30 == 1 & n_mid2 != 0 & n_mid2 != 1)> <Delay = 0.00>
ST_3 : Operation 63 [1/1] (0.00ns)   --->   "%br_ln34 = br void %arrayidx2734.exit" [cnn_layer.cpp:34]   --->   Operation 63 'br' 'br_ln34' <Predicate = (select_ln30 == 1)> <Delay = 0.00>
ST_3 : Operation 64 [1/1] (0.63ns)   --->   "%switch_ln34 = switch i2 %n_mid2, void %arrayidx2734.case.25, i2 0, void %arrayidx2734.case.03, i2 1, void %arrayidx2734.case.14" [cnn_layer.cpp:34]   --->   Operation 64 'switch' 'switch_ln34' <Predicate = (select_ln30 == 0)> <Delay = 0.63>
ST_3 : Operation 65 [1/1] ( I:1.75ns O:1.75ns )   --->   "%store_ln34 = store i16 %gmem2_addr_read, i5 %local_weights_0_1_addr" [cnn_layer.cpp:34]   --->   Operation 65 'store' 'store_ln34' <Predicate = (select_ln30 == 0 & n_mid2 == 1)> <Delay = 1.75> <CoreInst = "RAM">   --->   Core 81 'RAM' <Latency = 1> <II = 1> <Delay = 1.75> <Storage> <Opcode : 'load' 'store'> <Ports = 2> <Width = 16> <Depth = 32> <RAM>
ST_3 : Operation 66 [1/1] (0.00ns)   --->   "%br_ln34 = br void %arrayidx2734.exit2" [cnn_layer.cpp:34]   --->   Operation 66 'br' 'br_ln34' <Predicate = (select_ln30 == 0 & n_mid2 == 1)> <Delay = 0.00>
ST_3 : Operation 67 [1/1] ( I:1.75ns O:1.75ns )   --->   "%store_ln34 = store i16 %gmem2_addr_read, i5 %local_weights_0_0_addr" [cnn_layer.cpp:34]   --->   Operation 67 'store' 'store_ln34' <Predicate = (select_ln30 == 0 & n_mid2 == 0)> <Delay = 1.75> <CoreInst = "RAM">   --->   Core 81 'RAM' <Latency = 1> <II = 1> <Delay = 1.75> <Storage> <Opcode : 'load' 'store'> <Ports = 2> <Width = 16> <Depth = 32> <RAM>
ST_3 : Operation 68 [1/1] (0.00ns)   --->   "%br_ln34 = br void %arrayidx2734.exit2" [cnn_layer.cpp:34]   --->   Operation 68 'br' 'br_ln34' <Predicate = (select_ln30 == 0 & n_mid2 == 0)> <Delay = 0.00>
ST_3 : Operation 69 [1/1] ( I:1.75ns O:1.75ns )   --->   "%store_ln34 = store i16 %gmem2_addr_read, i5 %local_weights_0_2_addr" [cnn_layer.cpp:34]   --->   Operation 69 'store' 'store_ln34' <Predicate = (select_ln30 == 0 & n_mid2 != 0 & n_mid2 != 1)> <Delay = 1.75> <CoreInst = "RAM">   --->   Core 81 'RAM' <Latency = 1> <II = 1> <Delay = 1.75> <Storage> <Opcode : 'load' 'store'> <Ports = 2> <Width = 16> <Depth = 32> <RAM>
ST_3 : Operation 70 [1/1] (0.00ns)   --->   "%br_ln34 = br void %arrayidx2734.exit2" [cnn_layer.cpp:34]   --->   Operation 70 'br' 'br_ln34' <Predicate = (select_ln30 == 0 & n_mid2 != 0 & n_mid2 != 1)> <Delay = 0.00>
ST_3 : Operation 71 [1/1] (0.00ns)   --->   "%br_ln34 = br void %arrayidx2734.exit" [cnn_layer.cpp:34]   --->   Operation 71 'br' 'br_ln34' <Predicate = (select_ln30 == 0)> <Delay = 0.00>
ST_3 : Operation 72 [1/1] (0.63ns)   --->   "%switch_ln34 = switch i2 %n_mid2, void %arrayidx2734.case.215, i2 0, void %arrayidx2734.case.013, i2 1, void %arrayidx2734.case.114" [cnn_layer.cpp:34]   --->   Operation 72 'switch' 'switch_ln34' <Predicate = (select_ln30 != 0 & select_ln30 != 1)> <Delay = 0.63>
ST_3 : Operation 73 [1/1] ( I:1.75ns O:1.75ns )   --->   "%store_ln34 = store i16 %gmem2_addr_read, i5 %local_weights_2_1_addr" [cnn_layer.cpp:34]   --->   Operation 73 'store' 'store_ln34' <Predicate = (select_ln30 != 0 & select_ln30 != 1 & n_mid2 == 1)> <Delay = 1.75> <CoreInst = "RAM">   --->   Core 81 'RAM' <Latency = 1> <II = 1> <Delay = 1.75> <Storage> <Opcode : 'load' 'store'> <Ports = 2> <Width = 16> <Depth = 32> <RAM>
ST_3 : Operation 74 [1/1] (0.00ns)   --->   "%br_ln34 = br void %arrayidx2734.exit12" [cnn_layer.cpp:34]   --->   Operation 74 'br' 'br_ln34' <Predicate = (select_ln30 != 0 & select_ln30 != 1 & n_mid2 == 1)> <Delay = 0.00>
ST_3 : Operation 75 [1/1] ( I:1.75ns O:1.75ns )   --->   "%store_ln34 = store i16 %gmem2_addr_read, i5 %local_weights_2_0_addr" [cnn_layer.cpp:34]   --->   Operation 75 'store' 'store_ln34' <Predicate = (select_ln30 != 0 & select_ln30 != 1 & n_mid2 == 0)> <Delay = 1.75> <CoreInst = "RAM">   --->   Core 81 'RAM' <Latency = 1> <II = 1> <Delay = 1.75> <Storage> <Opcode : 'load' 'store'> <Ports = 2> <Width = 16> <Depth = 32> <RAM>
ST_3 : Operation 76 [1/1] (0.00ns)   --->   "%br_ln34 = br void %arrayidx2734.exit12" [cnn_layer.cpp:34]   --->   Operation 76 'br' 'br_ln34' <Predicate = (select_ln30 != 0 & select_ln30 != 1 & n_mid2 == 0)> <Delay = 0.00>
ST_3 : Operation 77 [1/1] ( I:1.75ns O:1.75ns )   --->   "%store_ln34 = store i16 %gmem2_addr_read, i5 %local_weights_2_2_addr" [cnn_layer.cpp:34]   --->   Operation 77 'store' 'store_ln34' <Predicate = (select_ln30 != 0 & select_ln30 != 1 & n_mid2 != 0 & n_mid2 != 1)> <Delay = 1.75> <CoreInst = "RAM">   --->   Core 81 'RAM' <Latency = 1> <II = 1> <Delay = 1.75> <Storage> <Opcode : 'load' 'store'> <Ports = 2> <Width = 16> <Depth = 32> <RAM>
ST_3 : Operation 78 [1/1] (0.00ns)   --->   "%br_ln34 = br void %arrayidx2734.exit12" [cnn_layer.cpp:34]   --->   Operation 78 'br' 'br_ln34' <Predicate = (select_ln30 != 0 & select_ln30 != 1 & n_mid2 != 0 & n_mid2 != 1)> <Delay = 0.00>
ST_3 : Operation 79 [1/1] (0.00ns)   --->   "%br_ln34 = br void %arrayidx2734.exit" [cnn_layer.cpp:34]   --->   Operation 79 'br' 'br_ln34' <Predicate = (select_ln30 != 0 & select_ln30 != 1)> <Delay = 0.00>
ST_3 : Operation 80 [1/1] (0.63ns)   --->   "%add_ln31 = add i2 %n_mid2, i2 1" [cnn_layer.cpp:31]   --->   Operation 80 'add' 'add_ln31' <Predicate = true> <Delay = 0.63> <CoreInst = "Adder">   --->   Core 1 'Adder' <Latency = 0> <II = 1> <Delay = 0.63> <FuncUnit> <Opcode : 'add' 'sub'> <InPorts = 2> <OutPorts = 1>
ST_3 : Operation 81 [1/1] (0.99ns)   --->   "%add_ln30_1 = add i4 %indvar_flatten_load, i4 1" [cnn_layer.cpp:30]   --->   Operation 81 'add' 'add_ln30_1' <Predicate = true> <Delay = 0.99> <CoreInst = "Adder">   --->   Core 1 'Adder' <Latency = 0> <II = 1> <Delay = 0.99> <FuncUnit> <Opcode : 'add' 'sub'> <InPorts = 2> <OutPorts = 1>
ST_3 : Operation 82 [1/1] (0.83ns)   --->   "%select_ln30_1 = select i1 %icmp_ln30, i4 1, i4 %add_ln30_1" [cnn_layer.cpp:30]   --->   Operation 82 'select' 'select_ln30_1' <Predicate = true> <Delay = 0.83> <CoreInst = "Sel">   --->   Core 73 'Sel' <Latency = 0> <II = 1> <Delay = 0.83> <FuncUnit> <Opcode : 'select'> <InPorts = 3> <OutPorts = 1>
ST_3 : Operation 83 [1/1] (1.29ns)   --->   "%store_ln26 = store i9 %add_ln26_1, i9 %indvar_flatten12" [cnn_layer.cpp:26]   --->   Operation 83 'store' 'store_ln26' <Predicate = true> <Delay = 1.29>
ST_3 : Operation 84 [1/1] (1.29ns)   --->   "%store_ln26 = store i6 %select_ln26_1, i6 %oc" [cnn_layer.cpp:26]   --->   Operation 84 'store' 'store_ln26' <Predicate = true> <Delay = 1.29>
ST_3 : Operation 85 [1/1] (1.29ns)   --->   "%store_ln30 = store i4 %select_ln30_1, i4 %indvar_flatten" [cnn_layer.cpp:30]   --->   Operation 85 'store' 'store_ln30' <Predicate = true> <Delay = 1.29>
ST_3 : Operation 86 [1/1] (1.29ns)   --->   "%store_ln30 = store i2 %select_ln30, i2 %m" [cnn_layer.cpp:30]   --->   Operation 86 'store' 'store_ln30' <Predicate = true> <Delay = 1.29>
ST_3 : Operation 87 [1/1] (1.29ns)   --->   "%store_ln31 = store i2 %add_ln31, i2 %n" [cnn_layer.cpp:31]   --->   Operation 87 'store' 'store_ln31' <Predicate = true> <Delay = 1.29>
ST_3 : Operation 88 [1/1] (0.00ns)   --->   "%br_ln31 = br void %for.inc" [cnn_layer.cpp:31]   --->   Operation 88 'br' 'br_ln31' <Predicate = true> <Delay = 0.00>


============================================================
+ Verbose Summary: Timing violations
============================================================
Target clock period: 10.000ns, clock uncertainty: 2.700ns.

 <State 1>: 2.659ns
The critical path consists of the following:
	'store' operation 0 bit ('store_ln0') of constant 0 on local variable 'indvar_flatten12' [20]  (1.298 ns)
	'load' operation 9 bit ('indvar_flatten12_load', cnn_layer.cpp:26) on local variable 'indvar_flatten12' [28]  (0.000 ns)
	'icmp' operation 1 bit ('icmp_ln26', cnn_layer.cpp:26) [29]  (1.361 ns)

 <State 2>: 7.300ns
The critical path consists of the following:
	bus read operation ('gmem2_addr_read', cnn_layer.cpp:34) on port 'gmem2' (cnn_layer.cpp:34) [62]  (7.300 ns)

 <State 3>: 5.010ns
The critical path consists of the following:
	'icmp' operation 1 bit ('icmp_ln30', cnn_layer.cpp:30) [40]  (0.997 ns)
	'select' operation 2 bit ('select_ln26', cnn_layer.cpp:26) [41]  (0.813 ns)
	'add' operation 2 bit ('add_ln30', cnn_layer.cpp:30) [46]  (0.632 ns)
	'select' operation 2 bit ('select_ln30', cnn_layer.cpp:30) [49]  (0.813 ns)
	'store' operation 0 bit ('store_ln34', cnn_layer.cpp:34) of variable 'gmem2_addr_read', cnn_layer.cpp:34 on array 'local_weights_2_0' [96]  (1.755 ns)


============================================================
+ Verbose Summary: Binding
============================================================
N/A
* FSMD analyzer results:
  - Output states:
 - Input state : 
  - Chain level:
	State 1
	State 2
	State 3


============================================================
+ Verbose Summary: Datapath Resource usage 
============================================================
N/A
