

================================================================
== Vitis HLS Report for 'prepare_input_buf_func_1_Pipeline_VITIS_LOOP_49_1_VITIS_LOOP_51_2_VITIS_LOOP_52_s'
================================================================
* Date:           Fri Jul 18 13:03:42 2025

* Version:        2025.1 (Build 6135595 on May 21 2025)
* Project:        hls_component
* Solution:       hls (Vivado IP Flow Target)
* Product family: zynq
* Target device:  xc7z020-clg400-2


================================================================
== Performance Estimates
================================================================
+ Timing: 
    * Summary: 
    +--------+----------+----------+------------+
    |  Clock |  Target  | Estimated| Uncertainty|
    +--------+----------+----------+------------+
    |ap_clk  |  10.00 ns|  5.995 ns|     2.70 ns|
    +--------+----------+----------+------------+

+ Latency: 
    * Summary: 
    +---------+---------+----------+----------+-------+-------+------------------------------------------------+
    |  Latency (cycles) |  Latency (absolute) |    Interval   |                    Pipeline                    |
    |   min   |   max   |    min   |    max   |  min  |  max  |                      Type                      |
    +---------+---------+----------+----------+-------+-------+------------------------------------------------+
    |    31106|    31106|  0.311 ms|  0.311 ms|  31105|  31105|  loop auto-rewind stp (delay=0 clock cycles(s))|
    +---------+---------+----------+----------+-------+-------+------------------------------------------------+

    + Detail: 
        * Instance: 
        N/A

        * Loop: 
        +---------------------------------------------------+---------+---------+----------+-----------+-----------+-------+----------+
        |                                                   |  Latency (cycles) | Iteration|  Initiation Interval  |  Trip |          |
        |                     Loop Name                     |   min   |   max   |  Latency |  achieved |   target  | Count | Pipelined|
        +---------------------------------------------------+---------+---------+----------+-----------+-----------+-------+----------+
        |- VITIS_LOOP_49_1_VITIS_LOOP_51_2_VITIS_LOOP_52_3  |    31104|    31104|         3|          3|          4|  10368|       yes|
        +---------------------------------------------------+---------+---------+----------+-----------+-----------+-------+----------+

============================================================
+ Verbose Summary: Synthesis Manager
============================================================
InlineROM: 1
ExposeGlobal: 0
============================================================
+ Verbose Summary: CDFG Model
============================================================
IsTopModel: 0
ResetActiveHigh: 1
IsCombinational: 0
IsDatapathOnly: 0
HasWiredReturn: 1
HasMFsm: 2
HasVarLatency: 1
IsPipeline: 0
IsRtlPipelined: 0
IsInstanceOverlapped: 0
IsDontTouch: 0
HasImplIP: 0
IsGatedGlobalClock: 0

+ Individual pipeline summary: 
  * Pipeline-0: initiation interval (II) = 3, depth = 3


============================================================
+ Verbose Summary: Schedule
============================================================
* Number of FSM states : 3
* Pipeline : 1
  Pipeline-0 : II = 3, D = 3, States = { 1 2 3 }
* Dataflow Pipeline: 0

* FSM state transitions: 
1 --> 2 
2 --> 3 
3 --> 

* FSM state operations: 

State 1 <SV = 0> <Delay = 5.00>
ST_1 : Operation 6 [1/1] (0.00ns)   --->   "%j = alloca i32 1" [cnn_layer.cpp:52]   --->   Operation 6 'alloca' 'j' <Predicate = true> <Delay = 0.00>
ST_1 : Operation 7 [1/1] (0.00ns)   --->   "%i = alloca i32 1" [cnn_layer.cpp:51]   --->   Operation 7 'alloca' 'i' <Predicate = true> <Delay = 0.00>
ST_1 : Operation 8 [1/1] (0.00ns)   --->   "%indvar_flatten = alloca i32 1"   --->   Operation 8 'alloca' 'indvar_flatten' <Predicate = true> <Delay = 0.00>
ST_1 : Operation 9 [1/1] (0.00ns)   --->   "%ic = alloca i32 1" [cnn_layer.cpp:49]   --->   Operation 9 'alloca' 'ic' <Predicate = true> <Delay = 0.00>
ST_1 : Operation 10 [1/1] (0.00ns)   --->   "%indvar_flatten12 = alloca i32 1"   --->   Operation 10 'alloca' 'indvar_flatten12' <Predicate = true> <Delay = 0.00>
ST_1 : Operation 11 [1/1] (1.29ns)   --->   "%store_ln0 = store i14 0, i14 %indvar_flatten12"   --->   Operation 11 'store' 'store_ln0' <Predicate = true> <Delay = 1.29>
ST_1 : Operation 12 [1/1] (1.29ns)   --->   "%store_ln49 = store i6 0, i6 %ic" [cnn_layer.cpp:49]   --->   Operation 12 'store' 'store_ln49' <Predicate = true> <Delay = 1.29>
ST_1 : Operation 13 [1/1] (1.29ns)   --->   "%store_ln0 = store i10 0, i10 %indvar_flatten"   --->   Operation 13 'store' 'store_ln0' <Predicate = true> <Delay = 1.29>
ST_1 : Operation 14 [1/1] (1.29ns)   --->   "%store_ln51 = store i5 0, i5 %i" [cnn_layer.cpp:51]   --->   Operation 14 'store' 'store_ln51' <Predicate = true> <Delay = 1.29>
ST_1 : Operation 15 [1/1] (1.29ns)   --->   "%store_ln52 = store i5 0, i5 %j" [cnn_layer.cpp:52]   --->   Operation 15 'store' 'store_ln52' <Predicate = true> <Delay = 1.29>
ST_1 : Operation 16 [1/1] (0.00ns)   --->   "%br_ln0 = br void %for.inc"   --->   Operation 16 'br' 'br_ln0' <Predicate = true> <Delay = 0.00>
ST_1 : Operation 17 [1/1] (0.00ns)   --->   "%indvar_flatten12_load = load i14 %indvar_flatten12" [cnn_layer.cpp:49]   --->   Operation 17 'load' 'indvar_flatten12_load' <Predicate = true> <Delay = 0.00>
ST_1 : Operation 18 [1/1] (1.52ns)   --->   "%icmp_ln49 = icmp_eq  i14 %indvar_flatten12_load, i14 10368" [cnn_layer.cpp:49]   --->   Operation 18 'icmp' 'icmp_ln49' <Predicate = true> <Delay = 1.52> <CoreInst = "Cmp">   --->   Core 9 'Cmp' <Latency = 0> <II = 1> <Delay = 1.52> <FuncUnit> <Opcode : 'seteq' 'setne' 'setle' 'setge' 'setlt' 'setgt'> <InPorts = 2> <OutPorts = 1>
ST_1 : Operation 19 [1/1] (1.52ns)   --->   "%add_ln49_1 = add i14 %indvar_flatten12_load, i14 1" [cnn_layer.cpp:49]   --->   Operation 19 'add' 'add_ln49_1' <Predicate = true> <Delay = 1.52> <CoreInst = "Adder">   --->   Core 1 'Adder' <Latency = 0> <II = 1> <Delay = 1.52> <FuncUnit> <Opcode : 'add' 'sub'> <InPorts = 2> <OutPorts = 1>
ST_1 : Operation 20 [1/1] (0.00ns)   --->   "%br_ln49 = br i1 %icmp_ln49, void %for.inc17, void %for.inc44.preheader.exitStub" [cnn_layer.cpp:49]   --->   Operation 20 'br' 'br_ln49' <Predicate = true> <Delay = 0.00>
ST_1 : Operation 21 [1/1] (0.00ns)   --->   "%indvar_flatten_load = load i10 %indvar_flatten" [cnn_layer.cpp:51]   --->   Operation 21 'load' 'indvar_flatten_load' <Predicate = (!icmp_ln49)> <Delay = 0.00>
ST_1 : Operation 22 [1/1] (1.41ns)   --->   "%icmp_ln51 = icmp_eq  i10 %indvar_flatten_load, i10 324" [cnn_layer.cpp:51]   --->   Operation 22 'icmp' 'icmp_ln51' <Predicate = (!icmp_ln49)> <Delay = 1.41> <CoreInst = "Cmp">   --->   Core 9 'Cmp' <Latency = 0> <II = 1> <Delay = 1.41> <FuncUnit> <Opcode : 'seteq' 'setne' 'setle' 'setge' 'setlt' 'setgt'> <InPorts = 2> <OutPorts = 1>
ST_1 : Operation 23 [1/1] (1.41ns)   --->   "%add_ln51_2 = add i10 %indvar_flatten_load, i10 1" [cnn_layer.cpp:51]   --->   Operation 23 'add' 'add_ln51_2' <Predicate = (!icmp_ln49)> <Delay = 1.41> <CoreInst = "Adder">   --->   Core 1 'Adder' <Latency = 0> <II = 1> <Delay = 1.41> <FuncUnit> <Opcode : 'add' 'sub'> <InPorts = 2> <OutPorts = 1>
ST_1 : Operation 24 [1/1] (0.99ns)   --->   "%select_ln51_2 = select i1 %icmp_ln51, i10 1, i10 %add_ln51_2" [cnn_layer.cpp:51]   --->   Operation 24 'select' 'select_ln51_2' <Predicate = (!icmp_ln49)> <Delay = 0.99> <CoreInst = "Sel">   --->   Core 73 'Sel' <Latency = 0> <II = 1> <Delay = 0.99> <FuncUnit> <Opcode : 'select'> <InPorts = 3> <OutPorts = 1>
ST_1 : Operation 25 [1/1] (1.29ns)   --->   "%store_ln49 = store i14 %add_ln49_1, i14 %indvar_flatten12" [cnn_layer.cpp:49]   --->   Operation 25 'store' 'store_ln49' <Predicate = (!icmp_ln49)> <Delay = 1.29>
ST_1 : Operation 26 [1/1] (1.29ns)   --->   "%store_ln51 = store i10 %select_ln51_2, i10 %indvar_flatten" [cnn_layer.cpp:51]   --->   Operation 26 'store' 'store_ln51' <Predicate = (!icmp_ln49)> <Delay = 1.29>
ST_1 : Operation 65 [1/1] (1.29ns)   --->   "%ret_ln0 = ret"   --->   Operation 65 'ret' 'ret_ln0' <Predicate = (icmp_ln49)> <Delay = 1.29>

State 2 <SV = 1> <Delay = 5.99>
ST_2 : Operation 27 [1/1] (0.00ns)   --->   "%j_load = load i5 %j" [cnn_layer.cpp:52]   --->   Operation 27 'load' 'j_load' <Predicate = true> <Delay = 0.00>
ST_2 : Operation 28 [1/1] (0.00ns)   --->   "%i_load = load i5 %i" [cnn_layer.cpp:49]   --->   Operation 28 'load' 'i_load' <Predicate = (!icmp_ln51)> <Delay = 0.00>
ST_2 : Operation 29 [1/1] (0.00ns)   --->   "%ic_load = load i6 %ic" [cnn_layer.cpp:49]   --->   Operation 29 'load' 'ic_load' <Predicate = true> <Delay = 0.00>
ST_2 : Operation 30 [1/1] (1.28ns)   --->   "%add_ln49 = add i6 %ic_load, i6 1" [cnn_layer.cpp:49]   --->   Operation 30 'add' 'add_ln49' <Predicate = (icmp_ln51)> <Delay = 1.28> <CoreInst = "Adder">   --->   Core 1 'Adder' <Latency = 0> <II = 1> <Delay = 1.28> <FuncUnit> <Opcode : 'add' 'sub'> <InPorts = 2> <OutPorts = 1>
ST_2 : Operation 31 [1/1] (0.97ns)   --->   "%select_ln49 = select i1 %icmp_ln51, i5 0, i5 %i_load" [cnn_layer.cpp:49]   --->   Operation 31 'select' 'select_ln49' <Predicate = true> <Delay = 0.97> <CoreInst = "Sel">   --->   Core 73 'Sel' <Latency = 0> <II = 1> <Delay = 0.97> <FuncUnit> <Opcode : 'select'> <InPorts = 3> <OutPorts = 1>
ST_2 : Operation 32 [1/1] (0.00ns) (grouped into LUT with out node and_ln49)   --->   "%xor_ln49 = xor i1 %icmp_ln51, i1 1" [cnn_layer.cpp:49]   --->   Operation 32 'xor' 'xor_ln49' <Predicate = true> <Delay = 0.00> <CoreInst = "LogicGate">   --->   Core 74 'LogicGate' <Latency = 0> <II = 1> <Delay = 0.80> <FuncUnit> <Opcode : 'and' 'or' 'xor'> <InPorts = 2> <OutPorts = 1>
ST_2 : Operation 33 [1/1] (1.02ns)   --->   "%icmp_ln52 = icmp_eq  i5 %j_load, i5 18" [cnn_layer.cpp:52]   --->   Operation 33 'icmp' 'icmp_ln52' <Predicate = true> <Delay = 1.02> <CoreInst = "Cmp">   --->   Core 9 'Cmp' <Latency = 0> <II = 1> <Delay = 1.02> <FuncUnit> <Opcode : 'seteq' 'setne' 'setle' 'setge' 'setlt' 'setgt'> <InPorts = 2> <OutPorts = 1>
ST_2 : Operation 34 [1/1] (0.80ns) (out node of the LUT)   --->   "%and_ln49 = and i1 %icmp_ln52, i1 %xor_ln49" [cnn_layer.cpp:49]   --->   Operation 34 'and' 'and_ln49' <Predicate = true> <Delay = 0.80> <CoreInst = "LogicGate">   --->   Core 74 'LogicGate' <Latency = 0> <II = 1> <Delay = 0.80> <FuncUnit> <Opcode : 'and' 'or' 'xor'> <InPorts = 2> <OutPorts = 1>
ST_2 : Operation 35 [1/1] (0.97ns)   --->   "%select_ln49_1 = select i1 %icmp_ln51, i6 %add_ln49, i6 %ic_load" [cnn_layer.cpp:49]   --->   Operation 35 'select' 'select_ln49_1' <Predicate = true> <Delay = 0.97> <CoreInst = "Sel">   --->   Core 73 'Sel' <Latency = 0> <II = 1> <Delay = 0.97> <FuncUnit> <Opcode : 'select'> <InPorts = 3> <OutPorts = 1>
ST_2 : Operation 36 [1/1] (1.02ns)   --->   "%add_ln51 = add i5 %select_ln49, i5 1" [cnn_layer.cpp:51]   --->   Operation 36 'add' 'add_ln51' <Predicate = true> <Delay = 1.02> <CoreInst = "Adder">   --->   Core 1 'Adder' <Latency = 0> <II = 1> <Delay = 1.02> <FuncUnit> <Opcode : 'add' 'sub'> <InPorts = 2> <OutPorts = 1>
ST_2 : Operation 37 [1/1] (0.00ns) (grouped into LUT with out node j_2_mid2)   --->   "%empty = or i1 %and_ln49, i1 %icmp_ln51" [cnn_layer.cpp:49]   --->   Operation 37 'or' 'empty' <Predicate = true> <Delay = 0.00> <CoreInst = "LogicGate">   --->   Core 74 'LogicGate' <Latency = 0> <II = 1> <Delay = 0.80> <FuncUnit> <Opcode : 'and' 'or' 'xor'> <InPorts = 2> <OutPorts = 1>
ST_2 : Operation 38 [1/1] (0.97ns) (out node of the LUT)   --->   "%j_2_mid2 = select i1 %empty, i5 0, i5 %j_load" [cnn_layer.cpp:49]   --->   Operation 38 'select' 'j_2_mid2' <Predicate = true> <Delay = 0.97> <CoreInst = "Sel">   --->   Core 73 'Sel' <Latency = 0> <II = 1> <Delay = 0.97> <FuncUnit> <Opcode : 'select'> <InPorts = 3> <OutPorts = 1>
ST_2 : Operation 39 [1/1] (0.97ns)   --->   "%select_ln51 = select i1 %and_ln49, i5 %add_ln51, i5 %select_ln49" [cnn_layer.cpp:51]   --->   Operation 39 'select' 'select_ln51' <Predicate = true> <Delay = 0.97> <CoreInst = "Sel">   --->   Core 73 'Sel' <Latency = 0> <II = 1> <Delay = 0.97> <FuncUnit> <Opcode : 'select'> <InPorts = 3> <OutPorts = 1>
ST_2 : Operation 40 [1/1] (0.00ns)   --->   "%trunc_ln54 = trunc i6 %select_ln49_1" [cnn_layer.cpp:54]   --->   Operation 40 'trunc' 'trunc_ln54' <Predicate = true> <Delay = 0.00>
ST_2 : Operation 41 [1/1] (0.00ns)   --->   "%tmp = bitconcatenate i9 @_ssdm_op_BitConcatenate.i9.i5.i4, i5 %trunc_ln54, i4 0" [cnn_layer.cpp:54]   --->   Operation 41 'bitconcatenate' 'tmp' <Predicate = true> <Delay = 0.00>
ST_2 : Operation 42 [1/1] (0.00ns)   --->   "%zext_ln54 = zext i9 %tmp" [cnn_layer.cpp:54]   --->   Operation 42 'zext' 'zext_ln54' <Predicate = true> <Delay = 0.00>
ST_2 : Operation 43 [1/1] (0.00ns)   --->   "%shl_ln54 = shl i6 %select_ln49_1, i6 1" [cnn_layer.cpp:54]   --->   Operation 43 'shl' 'shl_ln54' <Predicate = true> <Delay = 0.00>
ST_2 : Operation 44 [1/1] (0.00ns)   --->   "%zext_ln54_7 = zext i6 %shl_ln54" [cnn_layer.cpp:54]   --->   Operation 44 'zext' 'zext_ln54_7' <Predicate = true> <Delay = 0.00>
ST_2 : Operation 45 [1/1] (0.00ns) (grouped into TernaryAdder)   --->   "%add_ln54_3 = add i10 %zext_ln54, i10 %zext_ln54_7" [cnn_layer.cpp:54]   --->   Operation 45 'add' 'add_ln54_3' <Predicate = true> <Delay = 0.00> <CoreInst = "TAddSub">   --->   Core 10 'TAddSub' <Latency = 0> <II = 1> <Delay = 1.56> <IPBlock> <Opcode : 'add' 'sub'> <InPorts = 3> <OutPorts = 1> <Sync> <CReg>
ST_2 : Operation 46 [1/1] (0.00ns)   --->   "%zext_ln54_8 = zext i5 %select_ln51" [cnn_layer.cpp:54]   --->   Operation 46 'zext' 'zext_ln54_8' <Predicate = true> <Delay = 0.00>
ST_2 : Operation 47 [1/1] (3.02ns) (root node of TernaryAdder)   --->   "%add_ln54 = add i10 %add_ln54_3, i10 %zext_ln54_8" [cnn_layer.cpp:54]   --->   Operation 47 'add' 'add_ln54' <Predicate = true> <Delay = 3.02> <CoreInst = "TAddSub">   --->   Core 10 'TAddSub' <Latency = 0> <II = 1> <Delay = 1.56> <IPBlock> <Opcode : 'add' 'sub'> <InPorts = 3> <OutPorts = 1> <Sync> <CReg>
ST_2 : Operation 48 [1/1] (1.02ns)   --->   "%add_ln52 = add i5 %j_2_mid2, i5 1" [cnn_layer.cpp:52]   --->   Operation 48 'add' 'add_ln52' <Predicate = true> <Delay = 1.02> <CoreInst = "Adder">   --->   Core 1 'Adder' <Latency = 0> <II = 1> <Delay = 1.02> <FuncUnit> <Opcode : 'add' 'sub'> <InPorts = 2> <OutPorts = 1>
ST_2 : Operation 49 [1/1] (1.29ns)   --->   "%store_ln49 = store i6 %select_ln49_1, i6 %ic" [cnn_layer.cpp:49]   --->   Operation 49 'store' 'store_ln49' <Predicate = true> <Delay = 1.29>
ST_2 : Operation 50 [1/1] (1.29ns)   --->   "%store_ln51 = store i5 %select_ln51, i5 %i" [cnn_layer.cpp:51]   --->   Operation 50 'store' 'store_ln51' <Predicate = true> <Delay = 1.29>
ST_2 : Operation 51 [1/1] (1.29ns)   --->   "%store_ln52 = store i5 %add_ln52, i5 %j" [cnn_layer.cpp:52]   --->   Operation 51 'store' 'store_ln52' <Predicate = true> <Delay = 1.29>

State 3 <SV = 2> <Delay = 5.90>
ST_3 : Operation 52 [1/1] (0.00ns)   --->   "%specloopname_ln0 = specloopname void @_ssdm_op_SpecLoopName, void @VITIS_LOOP_49_1_VITIS_LOOP_51_2_VITIS_LOOP_52_3_str"   --->   Operation 52 'specloopname' 'specloopname_ln0' <Predicate = true> <Delay = 0.00>
ST_3 : Operation 53 [1/1] (0.00ns)   --->   "%speclooptripcount_ln0 = speclooptripcount void @_ssdm_op_SpecLoopTripCount, i64 10368, i64 10368, i64 10368"   --->   Operation 53 'speclooptripcount' 'speclooptripcount_ln0' <Predicate = true> <Delay = 0.00>
ST_3 : Operation 54 [1/1] (0.00ns)   --->   "%tmp_15 = bitconcatenate i14 @_ssdm_op_BitConcatenate.i14.i10.i4, i10 %add_ln54, i4 0" [cnn_layer.cpp:54]   --->   Operation 54 'bitconcatenate' 'tmp_15' <Predicate = true> <Delay = 0.00>
ST_3 : Operation 55 [1/1] (0.00ns)   --->   "%tmp_16 = bitconcatenate i11 @_ssdm_op_BitConcatenate.i11.i10.i1, i10 %add_ln54, i1 0" [cnn_layer.cpp:54]   --->   Operation 55 'bitconcatenate' 'tmp_16' <Predicate = true> <Delay = 0.00>
ST_3 : Operation 56 [1/1] (0.00ns)   --->   "%zext_ln53 = zext i11 %tmp_16" [cnn_layer.cpp:53]   --->   Operation 56 'zext' 'zext_ln53' <Predicate = true> <Delay = 0.00>
ST_3 : Operation 57 [1/1] (0.00ns) (grouped into TernaryAdder)   --->   "%add_ln53 = add i14 %tmp_15, i14 %zext_ln53" [cnn_layer.cpp:53]   --->   Operation 57 'add' 'add_ln53' <Predicate = true> <Delay = 0.00> <CoreInst = "TAddSub">   --->   Core 10 'TAddSub' <Latency = 0> <II = 1> <Delay = 1.56> <IPBlock> <Opcode : 'add' 'sub'> <InPorts = 3> <OutPorts = 1> <Sync> <CReg>
ST_3 : Operation 58 [1/1] (0.00ns)   --->   "%specpipeline_ln53 = specpipeline void @_ssdm_op_SpecPipeline, i32 4, i32 0, i32 0, i32 0, void @empty_13" [cnn_layer.cpp:53]   --->   Operation 58 'specpipeline' 'specpipeline_ln53' <Predicate = true> <Delay = 0.00>
ST_3 : Operation 59 [1/1] (0.00ns)   --->   "%zext_ln54_9 = zext i5 %j_2_mid2" [cnn_layer.cpp:54]   --->   Operation 59 'zext' 'zext_ln54_9' <Predicate = true> <Delay = 0.00>
ST_3 : Operation 60 [1/1] (3.13ns) (root node of TernaryAdder)   --->   "%add_ln54_1 = add i14 %add_ln53, i14 %zext_ln54_9" [cnn_layer.cpp:54]   --->   Operation 60 'add' 'add_ln54_1' <Predicate = true> <Delay = 3.13> <CoreInst = "TAddSub">   --->   Core 10 'TAddSub' <Latency = 0> <II = 1> <Delay = 1.56> <IPBlock> <Opcode : 'add' 'sub'> <InPorts = 3> <OutPorts = 1> <Sync> <CReg>
ST_3 : Operation 61 [1/1] (0.00ns)   --->   "%zext_ln54_10 = zext i14 %add_ln54_1" [cnn_layer.cpp:54]   --->   Operation 61 'zext' 'zext_ln54_10' <Predicate = true> <Delay = 0.00>
ST_3 : Operation 62 [1/1] (0.00ns)   --->   "%input_buf_addr = getelementptr i16 %input_buf, i32 0, i32 %zext_ln54_10" [cnn_layer.cpp:54]   --->   Operation 62 'getelementptr' 'input_buf_addr' <Predicate = true> <Delay = 0.00>
ST_3 : Operation 63 [1/1] ( I:2.77ns O:2.77ns )   --->   "%store_ln54 = store i16 0, i14 %input_buf_addr" [cnn_layer.cpp:54]   --->   Operation 63 'store' 'store_ln54' <Predicate = true> <Delay = 2.77> <CoreInst = "RAM">   --->   Core 81 'RAM' <Latency = 1> <II = 1> <Delay = 2.77> <Storage> <Opcode : 'load' 'store'> <Ports = 2> <Width = 16> <Depth = 10368> <RAM>
ST_3 : Operation 64 [1/1] (0.00ns)   --->   "%br_ln52 = br void %for.inc" [cnn_layer.cpp:52]   --->   Operation 64 'br' 'br_ln52' <Predicate = true> <Delay = 0.00>


============================================================
+ Verbose Summary: Binding
============================================================
STG Binding: 
---------------- STG Properties BEGIN ----------------
- Is combinational: 0
- Is one-state seq: 0
- Is datapath-only: 0
- Is pipelined: 0
- Is top level: 0
Port [ Return ] is wired: 1; IO mode=ap_ctrl_hs:ce=0
Port [ input_buf]:  wired=1; compound=1; hidden=0; nouse=0; global=0; static=0; extern=0; dir=1; type=1; pingpong=0; private_global=0; MemPort=[03]; IO mode=ap_memory:ce=0
---------------- STG Properties END ------------------

---------------- Datapath Model BEGIN ----------------

<LifeTime>
<method=bitvector/>
j                     (alloca           ) [ 0110]
i                     (alloca           ) [ 0110]
indvar_flatten        (alloca           ) [ 0100]
ic                    (alloca           ) [ 0110]
indvar_flatten12      (alloca           ) [ 0100]
store_ln0             (store            ) [ 0000]
store_ln49            (store            ) [ 0000]
store_ln0             (store            ) [ 0000]
store_ln51            (store            ) [ 0000]
store_ln52            (store            ) [ 0000]
br_ln0                (br               ) [ 0000]
indvar_flatten12_load (load             ) [ 0000]
icmp_ln49             (icmp             ) [ 0100]
add_ln49_1            (add              ) [ 0000]
br_ln49               (br               ) [ 0000]
indvar_flatten_load   (load             ) [ 0000]
icmp_ln51             (icmp             ) [ 0010]
add_ln51_2            (add              ) [ 0000]
select_ln51_2         (select           ) [ 0000]
store_ln49            (store            ) [ 0000]
store_ln51            (store            ) [ 0000]
j_load                (load             ) [ 0000]
i_load                (load             ) [ 0000]
ic_load               (load             ) [ 0000]
add_ln49              (add              ) [ 0000]
select_ln49           (select           ) [ 0000]
xor_ln49              (xor              ) [ 0000]
icmp_ln52             (icmp             ) [ 0000]
and_ln49              (and              ) [ 0000]
select_ln49_1         (select           ) [ 0000]
add_ln51              (add              ) [ 0000]
empty                 (or               ) [ 0000]
j_2_mid2              (select           ) [ 0001]
select_ln51           (select           ) [ 0000]
trunc_ln54            (trunc            ) [ 0000]
tmp                   (bitconcatenate   ) [ 0000]
zext_ln54             (zext             ) [ 0000]
shl_ln54              (shl              ) [ 0000]
zext_ln54_7           (zext             ) [ 0000]
add_ln54_3            (add              ) [ 0000]
zext_ln54_8           (zext             ) [ 0000]
add_ln54              (add              ) [ 0001]
add_ln52              (add              ) [ 0000]
store_ln49            (store            ) [ 0000]
store_ln51            (store            ) [ 0000]
store_ln52            (store            ) [ 0000]
specloopname_ln0      (specloopname     ) [ 0000]
speclooptripcount_ln0 (speclooptripcount) [ 0000]
tmp_15                (bitconcatenate   ) [ 0000]
tmp_16                (bitconcatenate   ) [ 0000]
zext_ln53             (zext             ) [ 0000]
add_ln53              (add              ) [ 0000]
specpipeline_ln53     (specpipeline     ) [ 0000]
zext_ln54_9           (zext             ) [ 0000]
add_ln54_1            (add              ) [ 0000]
zext_ln54_10          (zext             ) [ 0000]
input_buf_addr        (getelementptr    ) [ 0000]
store_ln54            (store            ) [ 0000]
br_ln52               (br               ) [ 0000]
ret_ln0               (ret              ) [ 0000]
</LifeTime>

<model>

<comp_list>
<comp id="0" class="1000" name="input_buf">
<pin_list>
<pin id="1" dir="1" index="0" bw="1" slack="0"/>
</pin_list>
<bind>
<StgValue><ssdm name="input_buf"/><MemPortTyVec>0 3 </MemPortTyVec>
</StgValue>
</bind>
</comp>

<comp id="2" class="1001" name="const_2">
<pin_list>
<pin id="3" dir="1" index="0" bw="1" slack="0"/>
</pin_list>
<bind>
<StgValue><ssdm name=""/></StgValue>
</bind>
</comp>

<comp id="4" class="1001" name="const_4">
<pin_list>
<pin id="5" dir="1" index="0" bw="1" slack="0"/>
</pin_list>
<bind>
<StgValue><ssdm name=""/></StgValue>
</bind>
</comp>

<comp id="6" class="1001" name="const_6">
<pin_list>
<pin id="7" dir="1" index="0" bw="1" slack="0"/>
</pin_list>
<bind>
<StgValue><ssdm name=""/></StgValue>
</bind>
</comp>

<comp id="8" class="1001" name="const_8">
<pin_list>
<pin id="9" dir="1" index="0" bw="1" slack="0"/>
</pin_list>
<bind>
<StgValue><ssdm name=""/></StgValue>
</bind>
</comp>

<comp id="10" class="1001" name="const_10">
<pin_list>
<pin id="11" dir="1" index="0" bw="1" slack="0"/>
</pin_list>
<bind>
<StgValue><ssdm name=""/></StgValue>
</bind>
</comp>

<comp id="12" class="1001" name="const_12">
<pin_list>
<pin id="13" dir="1" index="0" bw="1" slack="0"/>
</pin_list>
<bind>
<StgValue><ssdm name=""/></StgValue>
</bind>
</comp>

<comp id="14" class="1001" name="const_14">
<pin_list>
<pin id="15" dir="1" index="0" bw="1" slack="0"/>
</pin_list>
<bind>
<StgValue><ssdm name=""/></StgValue>
</bind>
</comp>

<comp id="16" class="1001" name="const_16">
<pin_list>
<pin id="17" dir="1" index="0" bw="1" slack="0"/>
</pin_list>
<bind>
<StgValue><ssdm name=""/></StgValue>
</bind>
</comp>

<comp id="18" class="1001" name="const_18">
<pin_list>
<pin id="19" dir="1" index="0" bw="1" slack="0"/>
</pin_list>
<bind>
<StgValue><ssdm name=""/></StgValue>
</bind>
</comp>

<comp id="20" class="1001" name="const_20">
<pin_list>
<pin id="21" dir="1" index="0" bw="1" slack="0"/>
</pin_list>
<bind>
<StgValue><ssdm name=""/></StgValue>
</bind>
</comp>

<comp id="22" class="1001" name="const_22">
<pin_list>
<pin id="23" dir="1" index="0" bw="1" slack="0"/>
</pin_list>
<bind>
<StgValue><ssdm name=""/></StgValue>
</bind>
</comp>

<comp id="24" class="1001" name="const_24">
<pin_list>
<pin id="25" dir="1" index="0" bw="1" slack="0"/>
</pin_list>
<bind>
<StgValue><ssdm name=""/></StgValue>
</bind>
</comp>

<comp id="26" class="1001" name="const_26">
<pin_list>
<pin id="27" dir="1" index="0" bw="1" slack="0"/>
</pin_list>
<bind>
<StgValue><ssdm name=""/></StgValue>
</bind>
</comp>

<comp id="28" class="1001" name="const_28">
<pin_list>
<pin id="29" dir="1" index="0" bw="1" slack="0"/>
</pin_list>
<bind>
<StgValue><ssdm name="_ssdm_op_BitConcatenate.i9.i5.i4"/></StgValue>
</bind>
</comp>

<comp id="30" class="1001" name="const_30">
<pin_list>
<pin id="31" dir="1" index="0" bw="1" slack="0"/>
</pin_list>
<bind>
<StgValue><ssdm name=""/></StgValue>
</bind>
</comp>

<comp id="32" class="1001" name="const_32">
<pin_list>
<pin id="33" dir="1" index="0" bw="1" slack="2147483647"/>
</pin_list>
<bind>
<StgValue><ssdm name="_ssdm_op_SpecLoopName"/></StgValue>
</bind>
</comp>

<comp id="34" class="1001" name="const_34">
<pin_list>
<pin id="35" dir="1" index="0" bw="1" slack="2147483647"/>
</pin_list>
<bind>
<StgValue><ssdm name="VITIS_LOOP_49_1_VITIS_LOOP_51_2_VITIS_LOOP_52_3_str"/></StgValue>
</bind>
</comp>

<comp id="36" class="1001" name="const_36">
<pin_list>
<pin id="37" dir="1" index="0" bw="1" slack="2147483647"/>
</pin_list>
<bind>
<StgValue><ssdm name="_ssdm_op_SpecLoopTripCount"/></StgValue>
</bind>
</comp>

<comp id="38" class="1001" name="const_38">
<pin_list>
<pin id="39" dir="1" index="0" bw="1" slack="2147483647"/>
</pin_list>
<bind>
<StgValue><ssdm name=""/></StgValue>
</bind>
</comp>

<comp id="40" class="1001" name="const_40">
<pin_list>
<pin id="41" dir="1" index="0" bw="1" slack="0"/>
</pin_list>
<bind>
<StgValue><ssdm name="_ssdm_op_BitConcatenate.i14.i10.i4"/></StgValue>
</bind>
</comp>

<comp id="42" class="1001" name="const_42">
<pin_list>
<pin id="43" dir="1" index="0" bw="1" slack="0"/>
</pin_list>
<bind>
<StgValue><ssdm name="_ssdm_op_BitConcatenate.i11.i10.i1"/></StgValue>
</bind>
</comp>

<comp id="44" class="1001" name="const_44">
<pin_list>
<pin id="45" dir="1" index="0" bw="1" slack="0"/>
</pin_list>
<bind>
<StgValue><ssdm name=""/></StgValue>
</bind>
</comp>

<comp id="46" class="1001" name="const_46">
<pin_list>
<pin id="47" dir="1" index="0" bw="1" slack="2147483647"/>
</pin_list>
<bind>
<StgValue><ssdm name="_ssdm_op_SpecPipeline"/></StgValue>
</bind>
</comp>

<comp id="48" class="1001" name="const_48">
<pin_list>
<pin id="49" dir="1" index="0" bw="1" slack="2147483647"/>
</pin_list>
<bind>
<StgValue><ssdm name=""/></StgValue>
</bind>
</comp>

<comp id="50" class="1001" name="const_50">
<pin_list>
<pin id="51" dir="1" index="0" bw="1" slack="0"/>
</pin_list>
<bind>
<StgValue><ssdm name=""/></StgValue>
</bind>
</comp>

<comp id="52" class="1001" name="const_52">
<pin_list>
<pin id="53" dir="1" index="0" bw="1" slack="2147483647"/>
</pin_list>
<bind>
<StgValue><ssdm name="empty_13"/></StgValue>
</bind>
</comp>

<comp id="54" class="1001" name="const_54">
<pin_list>
<pin id="55" dir="1" index="0" bw="1" slack="0"/>
</pin_list>
<bind>
<StgValue><ssdm name=""/></StgValue>
</bind>
</comp>

<comp id="56" class="1004" name="j_fu_56">
<pin_list>
<pin id="57" dir="0" index="0" bw="1" slack="0"/>
<pin id="58" dir="1" index="1" bw="5" slack="0"/>
</pin_list>
<bind>
<opcode="alloca(26) " fcode="alloca"/>
<opset="j/1 "/>
</bind>
</comp>

<comp id="60" class="1004" name="i_fu_60">
<pin_list>
<pin id="61" dir="0" index="0" bw="1" slack="0"/>
<pin id="62" dir="1" index="1" bw="5" slack="0"/>
</pin_list>
<bind>
<opcode="alloca(26) " fcode="alloca"/>
<opset="i/1 "/>
</bind>
</comp>

<comp id="64" class="1004" name="indvar_flatten_fu_64">
<pin_list>
<pin id="65" dir="0" index="0" bw="1" slack="0"/>
<pin id="66" dir="1" index="1" bw="10" slack="0"/>
</pin_list>
<bind>
<opcode="alloca(26) " fcode="alloca"/>
<opset="indvar_flatten/1 "/>
</bind>
</comp>

<comp id="68" class="1004" name="ic_fu_68">
<pin_list>
<pin id="69" dir="0" index="0" bw="1" slack="0"/>
<pin id="70" dir="1" index="1" bw="6" slack="0"/>
</pin_list>
<bind>
<opcode="alloca(26) " fcode="alloca"/>
<opset="ic/1 "/>
</bind>
</comp>

<comp id="72" class="1004" name="indvar_flatten12_fu_72">
<pin_list>
<pin id="73" dir="0" index="0" bw="1" slack="0"/>
<pin id="74" dir="1" index="1" bw="14" slack="0"/>
</pin_list>
<bind>
<opcode="alloca(26) " fcode="alloca"/>
<opset="indvar_flatten12/1 "/>
</bind>
</comp>

<comp id="76" class="1004" name="input_buf_addr_gep_fu_76">
<pin_list>
<pin id="77" dir="0" index="0" bw="16" slack="0"/>
<pin id="78" dir="0" index="1" bw="1" slack="0"/>
<pin id="79" dir="0" index="2" bw="14" slack="0"/>
<pin id="80" dir="1" index="3" bw="14" slack="0"/>
</pin_list>
<bind>
<opcode="getelementptr(29) " fcode="getelementptr"/>
<opset="input_buf_addr/3 "/>
</bind>
</comp>

<comp id="83" class="1004" name="store_ln54_access_fu_83">
<pin_list>
<pin id="84" dir="0" index="0" bw="14" slack="0"/>
<pin id="85" dir="0" index="1" bw="16" slack="0"/>
<pin id="86" dir="0" index="2" bw="0" slack="2147483647"/>
<pin id="87" dir="1" index="3" bw="16" slack="2147483647"/>
</pin_list>
<bind>
<opcode="store(28) " fcode="store"/>
<opset="store_ln54/3 "/>
</bind>
</comp>

<comp id="90" class="1004" name="store_ln0_store_fu_90">
<pin_list>
<pin id="91" dir="0" index="0" bw="1" slack="0"/>
<pin id="92" dir="0" index="1" bw="14" slack="0"/>
<pin id="93" dir="1" index="2" bw="0" slack="2147483647"/>
</pin_list>
<bind>
<opcode="store(28) " fcode="store"/>
<opset="store_ln0/1 "/>
</bind>
</comp>

<comp id="95" class="1004" name="store_ln49_store_fu_95">
<pin_list>
<pin id="96" dir="0" index="0" bw="1" slack="0"/>
<pin id="97" dir="0" index="1" bw="6" slack="0"/>
<pin id="98" dir="1" index="2" bw="0" slack="2147483647"/>
</pin_list>
<bind>
<opcode="store(28) " fcode="store"/>
<opset="store_ln49/1 "/>
</bind>
</comp>

<comp id="100" class="1004" name="store_ln0_store_fu_100">
<pin_list>
<pin id="101" dir="0" index="0" bw="1" slack="0"/>
<pin id="102" dir="0" index="1" bw="10" slack="0"/>
<pin id="103" dir="1" index="2" bw="0" slack="2147483647"/>
</pin_list>
<bind>
<opcode="store(28) " fcode="store"/>
<opset="store_ln0/1 "/>
</bind>
</comp>

<comp id="105" class="1004" name="store_ln51_store_fu_105">
<pin_list>
<pin id="106" dir="0" index="0" bw="1" slack="0"/>
<pin id="107" dir="0" index="1" bw="5" slack="0"/>
<pin id="108" dir="1" index="2" bw="0" slack="2147483647"/>
</pin_list>
<bind>
<opcode="store(28) " fcode="store"/>
<opset="store_ln51/1 "/>
</bind>
</comp>

<comp id="110" class="1004" name="store_ln52_store_fu_110">
<pin_list>
<pin id="111" dir="0" index="0" bw="1" slack="0"/>
<pin id="112" dir="0" index="1" bw="5" slack="0"/>
<pin id="113" dir="1" index="2" bw="0" slack="2147483647"/>
</pin_list>
<bind>
<opcode="store(28) " fcode="store"/>
<opset="store_ln52/1 "/>
</bind>
</comp>

<comp id="115" class="1004" name="indvar_flatten12_load_load_fu_115">
<pin_list>
<pin id="116" dir="0" index="0" bw="14" slack="0"/>
<pin id="117" dir="1" index="1" bw="14" slack="0"/>
</pin_list>
<bind>
<opcode="load(27) " fcode="load"/>
<opset="indvar_flatten12_load/1 "/>
</bind>
</comp>

<comp id="118" class="1004" name="icmp_ln49_fu_118">
<pin_list>
<pin id="119" dir="0" index="0" bw="14" slack="0"/>
<pin id="120" dir="0" index="1" bw="14" slack="0"/>
<pin id="121" dir="1" index="2" bw="1" slack="2147483647"/>
</pin_list>
<bind>
<opcode="icmp(45) " fcode="icmp"/>
<opset="icmp_ln49/1 "/>
</bind>
</comp>

<comp id="124" class="1004" name="add_ln49_1_fu_124">
<pin_list>
<pin id="125" dir="0" index="0" bw="14" slack="0"/>
<pin id="126" dir="0" index="1" bw="1" slack="0"/>
<pin id="127" dir="1" index="2" bw="14" slack="0"/>
</pin_list>
<bind>
<opcode="add(8) " fcode="add"/>
<opset="add_ln49_1/1 "/>
</bind>
</comp>

<comp id="130" class="1004" name="indvar_flatten_load_load_fu_130">
<pin_list>
<pin id="131" dir="0" index="0" bw="10" slack="0"/>
<pin id="132" dir="1" index="1" bw="10" slack="0"/>
</pin_list>
<bind>
<opcode="load(27) " fcode="load"/>
<opset="indvar_flatten_load/1 "/>
</bind>
</comp>

<comp id="133" class="1004" name="icmp_ln51_fu_133">
<pin_list>
<pin id="134" dir="0" index="0" bw="10" slack="0"/>
<pin id="135" dir="0" index="1" bw="10" slack="0"/>
<pin id="136" dir="1" index="2" bw="1" slack="0"/>
</pin_list>
<bind>
<opcode="icmp(45) " fcode="icmp"/>
<opset="icmp_ln51/1 "/>
</bind>
</comp>

<comp id="139" class="1004" name="add_ln51_2_fu_139">
<pin_list>
<pin id="140" dir="0" index="0" bw="10" slack="0"/>
<pin id="141" dir="0" index="1" bw="1" slack="0"/>
<pin id="142" dir="1" index="2" bw="10" slack="0"/>
</pin_list>
<bind>
<opcode="add(8) " fcode="add"/>
<opset="add_ln51_2/1 "/>
</bind>
</comp>

<comp id="145" class="1004" name="select_ln51_2_fu_145">
<pin_list>
<pin id="146" dir="0" index="0" bw="1" slack="0"/>
<pin id="147" dir="0" index="1" bw="1" slack="0"/>
<pin id="148" dir="0" index="2" bw="10" slack="0"/>
<pin id="149" dir="1" index="3" bw="10" slack="0"/>
</pin_list>
<bind>
<opcode="select(49) " fcode="select"/>
<opset="select_ln51_2/1 "/>
</bind>
</comp>

<comp id="153" class="1004" name="store_ln49_store_fu_153">
<pin_list>
<pin id="154" dir="0" index="0" bw="14" slack="0"/>
<pin id="155" dir="0" index="1" bw="14" slack="0"/>
<pin id="156" dir="1" index="2" bw="0" slack="2147483647"/>
</pin_list>
<bind>
<opcode="store(28) " fcode="store"/>
<opset="store_ln49/1 "/>
</bind>
</comp>

<comp id="158" class="1004" name="store_ln51_store_fu_158">
<pin_list>
<pin id="159" dir="0" index="0" bw="10" slack="0"/>
<pin id="160" dir="0" index="1" bw="10" slack="0"/>
<pin id="161" dir="1" index="2" bw="0" slack="2147483647"/>
</pin_list>
<bind>
<opcode="store(28) " fcode="store"/>
<opset="store_ln51/1 "/>
</bind>
</comp>

<comp id="163" class="1004" name="j_load_load_fu_163">
<pin_list>
<pin id="164" dir="0" index="0" bw="5" slack="1"/>
<pin id="165" dir="1" index="1" bw="5" slack="0"/>
</pin_list>
<bind>
<opcode="load(27) " fcode="load"/>
<opset="j_load/2 "/>
</bind>
</comp>

<comp id="166" class="1004" name="i_load_load_fu_166">
<pin_list>
<pin id="167" dir="0" index="0" bw="5" slack="1"/>
<pin id="168" dir="1" index="1" bw="5" slack="0"/>
</pin_list>
<bind>
<opcode="load(27) " fcode="load"/>
<opset="i_load/2 "/>
</bind>
</comp>

<comp id="169" class="1004" name="ic_load_load_fu_169">
<pin_list>
<pin id="170" dir="0" index="0" bw="6" slack="1"/>
<pin id="171" dir="1" index="1" bw="6" slack="0"/>
</pin_list>
<bind>
<opcode="load(27) " fcode="load"/>
<opset="ic_load/2 "/>
</bind>
</comp>

<comp id="172" class="1004" name="add_ln49_fu_172">
<pin_list>
<pin id="173" dir="0" index="0" bw="6" slack="0"/>
<pin id="174" dir="0" index="1" bw="1" slack="0"/>
<pin id="175" dir="1" index="2" bw="6" slack="0"/>
</pin_list>
<bind>
<opcode="add(8) " fcode="add"/>
<opset="add_ln49/2 "/>
</bind>
</comp>

<comp id="178" class="1004" name="select_ln49_fu_178">
<pin_list>
<pin id="179" dir="0" index="0" bw="1" slack="1"/>
<pin id="180" dir="0" index="1" bw="1" slack="0"/>
<pin id="181" dir="0" index="2" bw="5" slack="0"/>
<pin id="182" dir="1" index="3" bw="5" slack="0"/>
</pin_list>
<bind>
<opcode="select(49) " fcode="select"/>
<opset="select_ln49/2 "/>
</bind>
</comp>

<comp id="185" class="1004" name="xor_ln49_fu_185">
<pin_list>
<pin id="186" dir="0" index="0" bw="1" slack="1"/>
<pin id="187" dir="0" index="1" bw="1" slack="0"/>
<pin id="188" dir="1" index="2" bw="1" slack="0"/>
</pin_list>
<bind>
<opcode="xor(25) " fcode="xor"/>
<opset="xor_ln49/2 "/>
</bind>
</comp>

<comp id="190" class="1004" name="icmp_ln52_fu_190">
<pin_list>
<pin id="191" dir="0" index="0" bw="5" slack="0"/>
<pin id="192" dir="0" index="1" bw="5" slack="0"/>
<pin id="193" dir="1" index="2" bw="1" slack="0"/>
</pin_list>
<bind>
<opcode="icmp(45) " fcode="icmp"/>
<opset="icmp_ln52/2 "/>
</bind>
</comp>

<comp id="196" class="1004" name="and_ln49_fu_196">
<pin_list>
<pin id="197" dir="0" index="0" bw="1" slack="0"/>
<pin id="198" dir="0" index="1" bw="1" slack="0"/>
<pin id="199" dir="1" index="2" bw="1" slack="0"/>
</pin_list>
<bind>
<opcode="and(23) " fcode="and"/>
<opset="and_ln49/2 "/>
</bind>
</comp>

<comp id="202" class="1004" name="select_ln49_1_fu_202">
<pin_list>
<pin id="203" dir="0" index="0" bw="1" slack="1"/>
<pin id="204" dir="0" index="1" bw="6" slack="0"/>
<pin id="205" dir="0" index="2" bw="6" slack="0"/>
<pin id="206" dir="1" index="3" bw="6" slack="0"/>
</pin_list>
<bind>
<opcode="select(49) " fcode="select"/>
<opset="select_ln49_1/2 "/>
</bind>
</comp>

<comp id="209" class="1004" name="add_ln51_fu_209">
<pin_list>
<pin id="210" dir="0" index="0" bw="5" slack="0"/>
<pin id="211" dir="0" index="1" bw="1" slack="0"/>
<pin id="212" dir="1" index="2" bw="5" slack="0"/>
</pin_list>
<bind>
<opcode="add(8) " fcode="add"/>
<opset="add_ln51/2 "/>
</bind>
</comp>

<comp id="215" class="1004" name="empty_fu_215">
<pin_list>
<pin id="216" dir="0" index="0" bw="1" slack="0"/>
<pin id="217" dir="0" index="1" bw="1" slack="1"/>
<pin id="218" dir="1" index="2" bw="1" slack="0"/>
</pin_list>
<bind>
<opcode="or(24) " fcode="or"/>
<opset="empty/2 "/>
</bind>
</comp>

<comp id="220" class="1004" name="j_2_mid2_fu_220">
<pin_list>
<pin id="221" dir="0" index="0" bw="1" slack="0"/>
<pin id="222" dir="0" index="1" bw="1" slack="0"/>
<pin id="223" dir="0" index="2" bw="5" slack="0"/>
<pin id="224" dir="1" index="3" bw="5" slack="0"/>
</pin_list>
<bind>
<opcode="select(49) " fcode="select"/>
<opset="j_2_mid2/2 "/>
</bind>
</comp>

<comp id="228" class="1004" name="select_ln51_fu_228">
<pin_list>
<pin id="229" dir="0" index="0" bw="1" slack="0"/>
<pin id="230" dir="0" index="1" bw="5" slack="0"/>
<pin id="231" dir="0" index="2" bw="5" slack="0"/>
<pin id="232" dir="1" index="3" bw="5" slack="0"/>
</pin_list>
<bind>
<opcode="select(49) " fcode="select"/>
<opset="select_ln51/2 "/>
</bind>
</comp>

<comp id="236" class="1004" name="trunc_ln54_fu_236">
<pin_list>
<pin id="237" dir="0" index="0" bw="6" slack="0"/>
<pin id="238" dir="1" index="1" bw="5" slack="0"/>
</pin_list>
<bind>
<opcode="trunc(33) " fcode="trunc"/>
<opset="trunc_ln54/2 "/>
</bind>
</comp>

<comp id="240" class="1004" name="tmp_fu_240">
<pin_list>
<pin id="241" dir="0" index="0" bw="9" slack="0"/>
<pin id="242" dir="0" index="1" bw="5" slack="0"/>
<pin id="243" dir="0" index="2" bw="1" slack="0"/>
<pin id="244" dir="1" index="3" bw="9" slack="0"/>
</pin_list>
<bind>
<opcode="bitconcatenate(1004) " fcode="bitconcatenate"/>
<opset="tmp/2 "/>
</bind>
</comp>

<comp id="248" class="1004" name="zext_ln54_fu_248">
<pin_list>
<pin id="249" dir="0" index="0" bw="9" slack="0"/>
<pin id="250" dir="1" index="1" bw="10" slack="0"/>
</pin_list>
<bind>
<opcode="zext(34) " fcode="zext"/>
<opset="zext_ln54/2 "/>
</bind>
</comp>

<comp id="252" class="1004" name="shl_ln54_fu_252">
<pin_list>
<pin id="253" dir="0" index="0" bw="6" slack="0"/>
<pin id="254" dir="0" index="1" bw="1" slack="0"/>
<pin id="255" dir="1" index="2" bw="6" slack="0"/>
</pin_list>
<bind>
<opcode="shl(20) " fcode="shl"/>
<opset="shl_ln54/2 "/>
</bind>
</comp>

<comp id="258" class="1004" name="zext_ln54_7_fu_258">
<pin_list>
<pin id="259" dir="0" index="0" bw="6" slack="0"/>
<pin id="260" dir="1" index="1" bw="10" slack="0"/>
</pin_list>
<bind>
<opcode="zext(34) " fcode="zext"/>
<opset="zext_ln54_7/2 "/>
</bind>
</comp>

<comp id="262" class="1004" name="add_ln54_3_fu_262">
<pin_list>
<pin id="263" dir="0" index="0" bw="9" slack="0"/>
<pin id="264" dir="0" index="1" bw="6" slack="0"/>
<pin id="265" dir="1" index="2" bw="10" slack="0"/>
</pin_list>
<bind>
<opcode="add(8) " fcode="add"/>
<opset="add_ln54_3/2 "/>
</bind>
</comp>

<comp id="268" class="1004" name="zext_ln54_8_fu_268">
<pin_list>
<pin id="269" dir="0" index="0" bw="5" slack="0"/>
<pin id="270" dir="1" index="1" bw="10" slack="0"/>
</pin_list>
<bind>
<opcode="zext(34) " fcode="zext"/>
<opset="zext_ln54_8/2 "/>
</bind>
</comp>

<comp id="272" class="1004" name="add_ln54_fu_272">
<pin_list>
<pin id="273" dir="0" index="0" bw="10" slack="0"/>
<pin id="274" dir="0" index="1" bw="5" slack="0"/>
<pin id="275" dir="1" index="2" bw="10" slack="1"/>
</pin_list>
<bind>
<opcode="add(8) " fcode="add"/>
<opset="add_ln54/2 "/>
</bind>
</comp>

<comp id="278" class="1004" name="add_ln52_fu_278">
<pin_list>
<pin id="279" dir="0" index="0" bw="5" slack="0"/>
<pin id="280" dir="0" index="1" bw="1" slack="0"/>
<pin id="281" dir="1" index="2" bw="5" slack="0"/>
</pin_list>
<bind>
<opcode="add(8) " fcode="add"/>
<opset="add_ln52/2 "/>
</bind>
</comp>

<comp id="284" class="1004" name="store_ln49_store_fu_284">
<pin_list>
<pin id="285" dir="0" index="0" bw="6" slack="0"/>
<pin id="286" dir="0" index="1" bw="6" slack="1"/>
<pin id="287" dir="1" index="2" bw="0" slack="2147483647"/>
</pin_list>
<bind>
<opcode="store(28) " fcode="store"/>
<opset="store_ln49/2 "/>
</bind>
</comp>

<comp id="289" class="1004" name="store_ln51_store_fu_289">
<pin_list>
<pin id="290" dir="0" index="0" bw="5" slack="0"/>
<pin id="291" dir="0" index="1" bw="5" slack="1"/>
<pin id="292" dir="1" index="2" bw="0" slack="2147483647"/>
</pin_list>
<bind>
<opcode="store(28) " fcode="store"/>
<opset="store_ln51/2 "/>
</bind>
</comp>

<comp id="294" class="1004" name="store_ln52_store_fu_294">
<pin_list>
<pin id="295" dir="0" index="0" bw="5" slack="0"/>
<pin id="296" dir="0" index="1" bw="5" slack="1"/>
<pin id="297" dir="1" index="2" bw="0" slack="2147483647"/>
</pin_list>
<bind>
<opcode="store(28) " fcode="store"/>
<opset="store_ln52/2 "/>
</bind>
</comp>

<comp id="299" class="1004" name="tmp_15_fu_299">
<pin_list>
<pin id="300" dir="0" index="0" bw="14" slack="0"/>
<pin id="301" dir="0" index="1" bw="10" slack="1"/>
<pin id="302" dir="0" index="2" bw="1" slack="0"/>
<pin id="303" dir="1" index="3" bw="14" slack="0"/>
</pin_list>
<bind>
<opcode="bitconcatenate(1004) " fcode="bitconcatenate"/>
<opset="tmp_15/3 "/>
</bind>
</comp>

<comp id="306" class="1004" name="tmp_16_fu_306">
<pin_list>
<pin id="307" dir="0" index="0" bw="11" slack="0"/>
<pin id="308" dir="0" index="1" bw="10" slack="1"/>
<pin id="309" dir="0" index="2" bw="1" slack="0"/>
<pin id="310" dir="1" index="3" bw="11" slack="0"/>
</pin_list>
<bind>
<opcode="bitconcatenate(1004) " fcode="bitconcatenate"/>
<opset="tmp_16/3 "/>
</bind>
</comp>

<comp id="313" class="1004" name="zext_ln53_fu_313">
<pin_list>
<pin id="314" dir="0" index="0" bw="11" slack="0"/>
<pin id="315" dir="1" index="1" bw="14" slack="0"/>
</pin_list>
<bind>
<opcode="zext(34) " fcode="zext"/>
<opset="zext_ln53/3 "/>
</bind>
</comp>

<comp id="317" class="1004" name="add_ln53_fu_317">
<pin_list>
<pin id="318" dir="0" index="0" bw="14" slack="0"/>
<pin id="319" dir="0" index="1" bw="11" slack="0"/>
<pin id="320" dir="1" index="2" bw="14" slack="0"/>
</pin_list>
<bind>
<opcode="add(8) " fcode="add"/>
<opset="add_ln53/3 "/>
</bind>
</comp>

<comp id="323" class="1004" name="zext_ln54_9_fu_323">
<pin_list>
<pin id="324" dir="0" index="0" bw="5" slack="1"/>
<pin id="325" dir="1" index="1" bw="14" slack="0"/>
</pin_list>
<bind>
<opcode="zext(34) " fcode="zext"/>
<opset="zext_ln54_9/3 "/>
</bind>
</comp>

<comp id="326" class="1004" name="add_ln54_1_fu_326">
<pin_list>
<pin id="327" dir="0" index="0" bw="14" slack="0"/>
<pin id="328" dir="0" index="1" bw="5" slack="0"/>
<pin id="329" dir="1" index="2" bw="14" slack="0"/>
</pin_list>
<bind>
<opcode="add(8) " fcode="add"/>
<opset="add_ln54_1/3 "/>
</bind>
</comp>

<comp id="332" class="1004" name="zext_ln54_10_fu_332">
<pin_list>
<pin id="333" dir="0" index="0" bw="14" slack="0"/>
<pin id="334" dir="1" index="1" bw="32" slack="0"/>
</pin_list>
<bind>
<opcode="zext(34) " fcode="zext"/>
<opset="zext_ln54_10/3 "/>
</bind>
</comp>

<comp id="337" class="1005" name="j_reg_337">
<pin_list>
<pin id="338" dir="0" index="0" bw="5" slack="0"/>
<pin id="339" dir="1" index="1" bw="5" slack="0"/>
</pin_list>
<bind>
<opset="j "/>
</bind>
</comp>

<comp id="344" class="1005" name="i_reg_344">
<pin_list>
<pin id="345" dir="0" index="0" bw="5" slack="0"/>
<pin id="346" dir="1" index="1" bw="5" slack="0"/>
</pin_list>
<bind>
<opset="i "/>
</bind>
</comp>

<comp id="351" class="1005" name="indvar_flatten_reg_351">
<pin_list>
<pin id="352" dir="0" index="0" bw="10" slack="0"/>
<pin id="353" dir="1" index="1" bw="10" slack="0"/>
</pin_list>
<bind>
<opset="indvar_flatten "/>
</bind>
</comp>

<comp id="358" class="1005" name="ic_reg_358">
<pin_list>
<pin id="359" dir="0" index="0" bw="6" slack="0"/>
<pin id="360" dir="1" index="1" bw="6" slack="0"/>
</pin_list>
<bind>
<opset="ic "/>
</bind>
</comp>

<comp id="365" class="1005" name="indvar_flatten12_reg_365">
<pin_list>
<pin id="366" dir="0" index="0" bw="14" slack="0"/>
<pin id="367" dir="1" index="1" bw="14" slack="0"/>
</pin_list>
<bind>
<opset="indvar_flatten12 "/>
</bind>
</comp>

<comp id="375" class="1005" name="icmp_ln51_reg_375">
<pin_list>
<pin id="376" dir="0" index="0" bw="1" slack="1"/>
<pin id="377" dir="1" index="1" bw="1" slack="1"/>
</pin_list>
<bind>
<opset="icmp_ln51 "/>
</bind>
</comp>

<comp id="383" class="1005" name="j_2_mid2_reg_383">
<pin_list>
<pin id="384" dir="0" index="0" bw="5" slack="1"/>
<pin id="385" dir="1" index="1" bw="5" slack="1"/>
</pin_list>
<bind>
<opset="j_2_mid2 "/>
</bind>
</comp>

<comp id="388" class="1005" name="add_ln54_reg_388">
<pin_list>
<pin id="389" dir="0" index="0" bw="10" slack="1"/>
<pin id="390" dir="1" index="1" bw="10" slack="1"/>
</pin_list>
<bind>
<opset="add_ln54 "/>
</bind>
</comp>

</comp_list>

<net_list>
<net id="59"><net_src comp="2" pin="0"/><net_sink comp="56" pin=0"/></net>

<net id="63"><net_src comp="2" pin="0"/><net_sink comp="60" pin=0"/></net>

<net id="67"><net_src comp="2" pin="0"/><net_sink comp="64" pin=0"/></net>

<net id="71"><net_src comp="2" pin="0"/><net_sink comp="68" pin=0"/></net>

<net id="75"><net_src comp="2" pin="0"/><net_sink comp="72" pin=0"/></net>

<net id="81"><net_src comp="0" pin="0"/><net_sink comp="76" pin=0"/></net>

<net id="82"><net_src comp="50" pin="0"/><net_sink comp="76" pin=1"/></net>

<net id="88"><net_src comp="54" pin="0"/><net_sink comp="83" pin=1"/></net>

<net id="89"><net_src comp="76" pin="3"/><net_sink comp="83" pin=0"/></net>

<net id="94"><net_src comp="4" pin="0"/><net_sink comp="90" pin=0"/></net>

<net id="99"><net_src comp="6" pin="0"/><net_sink comp="95" pin=0"/></net>

<net id="104"><net_src comp="8" pin="0"/><net_sink comp="100" pin=0"/></net>

<net id="109"><net_src comp="10" pin="0"/><net_sink comp="105" pin=0"/></net>

<net id="114"><net_src comp="10" pin="0"/><net_sink comp="110" pin=0"/></net>

<net id="122"><net_src comp="115" pin="1"/><net_sink comp="118" pin=0"/></net>

<net id="123"><net_src comp="12" pin="0"/><net_sink comp="118" pin=1"/></net>

<net id="128"><net_src comp="115" pin="1"/><net_sink comp="124" pin=0"/></net>

<net id="129"><net_src comp="14" pin="0"/><net_sink comp="124" pin=1"/></net>

<net id="137"><net_src comp="130" pin="1"/><net_sink comp="133" pin=0"/></net>

<net id="138"><net_src comp="16" pin="0"/><net_sink comp="133" pin=1"/></net>

<net id="143"><net_src comp="130" pin="1"/><net_sink comp="139" pin=0"/></net>

<net id="144"><net_src comp="18" pin="0"/><net_sink comp="139" pin=1"/></net>

<net id="150"><net_src comp="133" pin="2"/><net_sink comp="145" pin=0"/></net>

<net id="151"><net_src comp="18" pin="0"/><net_sink comp="145" pin=1"/></net>

<net id="152"><net_src comp="139" pin="2"/><net_sink comp="145" pin=2"/></net>

<net id="157"><net_src comp="124" pin="2"/><net_sink comp="153" pin=0"/></net>

<net id="162"><net_src comp="145" pin="3"/><net_sink comp="158" pin=0"/></net>

<net id="176"><net_src comp="169" pin="1"/><net_sink comp="172" pin=0"/></net>

<net id="177"><net_src comp="20" pin="0"/><net_sink comp="172" pin=1"/></net>

<net id="183"><net_src comp="10" pin="0"/><net_sink comp="178" pin=1"/></net>

<net id="184"><net_src comp="166" pin="1"/><net_sink comp="178" pin=2"/></net>

<net id="189"><net_src comp="22" pin="0"/><net_sink comp="185" pin=1"/></net>

<net id="194"><net_src comp="163" pin="1"/><net_sink comp="190" pin=0"/></net>

<net id="195"><net_src comp="24" pin="0"/><net_sink comp="190" pin=1"/></net>

<net id="200"><net_src comp="190" pin="2"/><net_sink comp="196" pin=0"/></net>

<net id="201"><net_src comp="185" pin="2"/><net_sink comp="196" pin=1"/></net>

<net id="207"><net_src comp="172" pin="2"/><net_sink comp="202" pin=1"/></net>

<net id="208"><net_src comp="169" pin="1"/><net_sink comp="202" pin=2"/></net>

<net id="213"><net_src comp="178" pin="3"/><net_sink comp="209" pin=0"/></net>

<net id="214"><net_src comp="26" pin="0"/><net_sink comp="209" pin=1"/></net>

<net id="219"><net_src comp="196" pin="2"/><net_sink comp="215" pin=0"/></net>

<net id="225"><net_src comp="215" pin="2"/><net_sink comp="220" pin=0"/></net>

<net id="226"><net_src comp="10" pin="0"/><net_sink comp="220" pin=1"/></net>

<net id="227"><net_src comp="163" pin="1"/><net_sink comp="220" pin=2"/></net>

<net id="233"><net_src comp="196" pin="2"/><net_sink comp="228" pin=0"/></net>

<net id="234"><net_src comp="209" pin="2"/><net_sink comp="228" pin=1"/></net>

<net id="235"><net_src comp="178" pin="3"/><net_sink comp="228" pin=2"/></net>

<net id="239"><net_src comp="202" pin="3"/><net_sink comp="236" pin=0"/></net>

<net id="245"><net_src comp="28" pin="0"/><net_sink comp="240" pin=0"/></net>

<net id="246"><net_src comp="236" pin="1"/><net_sink comp="240" pin=1"/></net>

<net id="247"><net_src comp="30" pin="0"/><net_sink comp="240" pin=2"/></net>

<net id="251"><net_src comp="240" pin="3"/><net_sink comp="248" pin=0"/></net>

<net id="256"><net_src comp="202" pin="3"/><net_sink comp="252" pin=0"/></net>

<net id="257"><net_src comp="20" pin="0"/><net_sink comp="252" pin=1"/></net>

<net id="261"><net_src comp="252" pin="2"/><net_sink comp="258" pin=0"/></net>

<net id="266"><net_src comp="248" pin="1"/><net_sink comp="262" pin=0"/></net>

<net id="267"><net_src comp="258" pin="1"/><net_sink comp="262" pin=1"/></net>

<net id="271"><net_src comp="228" pin="3"/><net_sink comp="268" pin=0"/></net>

<net id="276"><net_src comp="262" pin="2"/><net_sink comp="272" pin=0"/></net>

<net id="277"><net_src comp="268" pin="1"/><net_sink comp="272" pin=1"/></net>

<net id="282"><net_src comp="220" pin="3"/><net_sink comp="278" pin=0"/></net>

<net id="283"><net_src comp="26" pin="0"/><net_sink comp="278" pin=1"/></net>

<net id="288"><net_src comp="202" pin="3"/><net_sink comp="284" pin=0"/></net>

<net id="293"><net_src comp="228" pin="3"/><net_sink comp="289" pin=0"/></net>

<net id="298"><net_src comp="278" pin="2"/><net_sink comp="294" pin=0"/></net>

<net id="304"><net_src comp="40" pin="0"/><net_sink comp="299" pin=0"/></net>

<net id="305"><net_src comp="30" pin="0"/><net_sink comp="299" pin=2"/></net>

<net id="311"><net_src comp="42" pin="0"/><net_sink comp="306" pin=0"/></net>

<net id="312"><net_src comp="44" pin="0"/><net_sink comp="306" pin=2"/></net>

<net id="316"><net_src comp="306" pin="3"/><net_sink comp="313" pin=0"/></net>

<net id="321"><net_src comp="299" pin="3"/><net_sink comp="317" pin=0"/></net>

<net id="322"><net_src comp="313" pin="1"/><net_sink comp="317" pin=1"/></net>

<net id="330"><net_src comp="317" pin="2"/><net_sink comp="326" pin=0"/></net>

<net id="331"><net_src comp="323" pin="1"/><net_sink comp="326" pin=1"/></net>

<net id="335"><net_src comp="326" pin="2"/><net_sink comp="332" pin=0"/></net>

<net id="336"><net_src comp="332" pin="1"/><net_sink comp="76" pin=2"/></net>

<net id="340"><net_src comp="56" pin="1"/><net_sink comp="337" pin=0"/></net>

<net id="341"><net_src comp="337" pin="1"/><net_sink comp="110" pin=1"/></net>

<net id="342"><net_src comp="337" pin="1"/><net_sink comp="163" pin=0"/></net>

<net id="343"><net_src comp="337" pin="1"/><net_sink comp="294" pin=1"/></net>

<net id="347"><net_src comp="60" pin="1"/><net_sink comp="344" pin=0"/></net>

<net id="348"><net_src comp="344" pin="1"/><net_sink comp="105" pin=1"/></net>

<net id="349"><net_src comp="344" pin="1"/><net_sink comp="166" pin=0"/></net>

<net id="350"><net_src comp="344" pin="1"/><net_sink comp="289" pin=1"/></net>

<net id="354"><net_src comp="64" pin="1"/><net_sink comp="351" pin=0"/></net>

<net id="355"><net_src comp="351" pin="1"/><net_sink comp="100" pin=1"/></net>

<net id="356"><net_src comp="351" pin="1"/><net_sink comp="130" pin=0"/></net>

<net id="357"><net_src comp="351" pin="1"/><net_sink comp="158" pin=1"/></net>

<net id="361"><net_src comp="68" pin="1"/><net_sink comp="358" pin=0"/></net>

<net id="362"><net_src comp="358" pin="1"/><net_sink comp="95" pin=1"/></net>

<net id="363"><net_src comp="358" pin="1"/><net_sink comp="169" pin=0"/></net>

<net id="364"><net_src comp="358" pin="1"/><net_sink comp="284" pin=1"/></net>

<net id="368"><net_src comp="72" pin="1"/><net_sink comp="365" pin=0"/></net>

<net id="369"><net_src comp="365" pin="1"/><net_sink comp="90" pin=1"/></net>

<net id="370"><net_src comp="365" pin="1"/><net_sink comp="115" pin=0"/></net>

<net id="371"><net_src comp="365" pin="1"/><net_sink comp="153" pin=1"/></net>

<net id="378"><net_src comp="133" pin="2"/><net_sink comp="375" pin=0"/></net>

<net id="379"><net_src comp="375" pin="1"/><net_sink comp="178" pin=0"/></net>

<net id="380"><net_src comp="375" pin="1"/><net_sink comp="185" pin=0"/></net>

<net id="381"><net_src comp="375" pin="1"/><net_sink comp="202" pin=0"/></net>

<net id="382"><net_src comp="375" pin="1"/><net_sink comp="215" pin=1"/></net>

<net id="386"><net_src comp="220" pin="3"/><net_sink comp="383" pin=0"/></net>

<net id="387"><net_src comp="383" pin="1"/><net_sink comp="323" pin=0"/></net>

<net id="391"><net_src comp="272" pin="2"/><net_sink comp="388" pin=0"/></net>

<net id="392"><net_src comp="388" pin="1"/><net_sink comp="299" pin=1"/></net>

<net id="393"><net_src comp="388" pin="1"/><net_sink comp="306" pin=1"/></net>

</net_list>

</model> 
---------------- Datapath Model END ------------------

* FSMD analyzer results:
  - Output states:
	Port: input_buf | {3 }
 - Input state : 
  - Chain level:
	State 1
		store_ln0 : 1
		store_ln49 : 1
		store_ln0 : 1
		store_ln51 : 1
		store_ln52 : 1
		indvar_flatten12_load : 1
		icmp_ln49 : 2
		add_ln49_1 : 2
		br_ln49 : 3
		indvar_flatten_load : 1
		icmp_ln51 : 2
		add_ln51_2 : 2
		select_ln51_2 : 3
		store_ln49 : 3
		store_ln51 : 4
	State 2
		add_ln49 : 1
		select_ln49 : 1
		icmp_ln52 : 1
		and_ln49 : 2
		select_ln49_1 : 2
		add_ln51 : 2
		empty : 2
		j_2_mid2 : 2
		select_ln51 : 3
		trunc_ln54 : 3
		tmp : 4
		zext_ln54 : 5
		shl_ln54 : 3
		zext_ln54_7 : 3
		add_ln54_3 : 6
		zext_ln54_8 : 4
		add_ln54 : 7
		add_ln52 : 3
		store_ln49 : 3
		store_ln51 : 4
		store_ln52 : 4
	State 3
		zext_ln53 : 1
		add_ln53 : 2
		add_ln54_1 : 3
		zext_ln54_10 : 4
		input_buf_addr : 5
		store_ln54 : 6


============================================================
+ Verbose Summary: Datapath Resource usage 
============================================================

* Functional unit list:
|----------|----------------------|---------|---------|
| Operation|    Functional Unit   |    FF   |   LUT   |
|----------|----------------------|---------|---------|
|          |   add_ln49_1_fu_124  |    0    |    14   |
|          |   add_ln51_2_fu_139  |    0    |    10   |
|          |    add_ln49_fu_172   |    0    |    6    |
|          |    add_ln51_fu_209   |    0    |    7    |
|    add   |   add_ln54_3_fu_262  |    0    |    9    |
|          |    add_ln54_fu_272   |    0    |    10   |
|          |    add_ln52_fu_278   |    0    |    7    |
|          |    add_ln53_fu_317   |    0    |    14   |
|          |   add_ln54_1_fu_326  |    0    |    14   |
|----------|----------------------|---------|---------|
|          |   icmp_ln49_fu_118   |    0    |    14   |
|   icmp   |   icmp_ln51_fu_133   |    0    |    10   |
|          |   icmp_ln52_fu_190   |    0    |    7    |
|----------|----------------------|---------|---------|
|          | select_ln51_2_fu_145 |    0    |    10   |
|          |  select_ln49_fu_178  |    0    |    5    |
|  select  | select_ln49_1_fu_202 |    0    |    6    |
|          |    j_2_mid2_fu_220   |    0    |    5    |
|          |  select_ln51_fu_228  |    0    |    5    |
|----------|----------------------|---------|---------|
|    xor   |    xor_ln49_fu_185   |    0    |    1    |
|----------|----------------------|---------|---------|
|    and   |    and_ln49_fu_196   |    0    |    1    |
|----------|----------------------|---------|---------|
|    or    |     empty_fu_215     |    0    |    1    |
|----------|----------------------|---------|---------|
|   trunc  |   trunc_ln54_fu_236  |    0    |    0    |
|----------|----------------------|---------|---------|
|          |      tmp_fu_240      |    0    |    0    |
|bitconcatenate|     tmp_15_fu_299    |    0    |    0    |
|          |     tmp_16_fu_306    |    0    |    0    |
|----------|----------------------|---------|---------|
|          |   zext_ln54_fu_248   |    0    |    0    |
|          |  zext_ln54_7_fu_258  |    0    |    0    |
|   zext   |  zext_ln54_8_fu_268  |    0    |    0    |
|          |   zext_ln53_fu_313   |    0    |    0    |
|          |  zext_ln54_9_fu_323  |    0    |    0    |
|          |  zext_ln54_10_fu_332 |    0    |    0    |
|----------|----------------------|---------|---------|
|    shl   |    shl_ln54_fu_252   |    0    |    0    |
|----------|----------------------|---------|---------|
|   Total  |                      |    0    |   156   |
|----------|----------------------|---------|---------|

Memories:
N/A

* Register list:
+------------------------+--------+
|                        |   FF   |
+------------------------+--------+
|    add_ln54_reg_388    |   10   |
|        i_reg_344       |    5   |
|       ic_reg_358       |    6   |
|    icmp_ln51_reg_375   |    1   |
|indvar_flatten12_reg_365|   14   |
| indvar_flatten_reg_351 |   10   |
|    j_2_mid2_reg_383    |    5   |
|        j_reg_337       |    5   |
+------------------------+--------+
|          Total         |   56   |
+------------------------+--------+

* Multiplexer (MUX) list: 
|--------|------|------|------|--------|
|  Comp  |  Pin | Size |  BW  | S x BW |
|--------|------|------|------|--------|
|  Total |      |      |      |    0   |
|--------|------|------|------|--------|



* Summary:
+-----------+--------+--------+
|           |   FF   |   LUT  |
+-----------+--------+--------+
|  Function |    0   |   156  |
|   Memory  |    -   |    -   |
|Multiplexer|    -   |    -   |
|  Register |   56   |    -   |
+-----------+--------+--------+
|   Total   |   56   |   156  |
+-----------+--------+--------+
