

================================================================
== Vitis HLS Report for 'write_output_func_2'
================================================================
* Date:           Fri Jul 18 13:03:38 2025

* Version:        2025.1 (Build 6135595 on May 21 2025)
* Project:        hls_component
* Solution:       hls (Vivado IP Flow Target)
* Product family: zynq
* Target device:  xc7z020-clg400-2


================================================================
== Performance Estimates
================================================================
+ Timing: 
    * Summary: 
    +--------+----------+----------+------------+
    |  Clock |  Target  | Estimated| Uncertainty|
    +--------+----------+----------+------------+
    |ap_clk  |  10.00 ns|  7.226 ns|     2.70 ns|
    +--------+----------+----------+------------+

+ Latency: 
    * Summary: 
    +---------+---------+----------+----------+-------+-------+------------------------------------------------+
    |  Latency (cycles) |  Latency (absolute) |    Interval   |                    Pipeline                    |
    |   min   |   max   |    min   |    max   |  min  |  max  |                      Type                      |
    +---------+---------+----------+----------+-------+-------+------------------------------------------------+
    |    24578|    24578|  0.246 ms|  0.246 ms|  24577|  24577|  loop auto-rewind stp (delay=0 clock cycles(s))|
    +---------+---------+----------+----------+-------+-------+------------------------------------------------+

    + Detail: 
        * Instance: 
        N/A

        * Loop: 
        +------------------------------------------------------+---------+---------+----------+-----------+-----------+------+----------+
        |                                                      |  Latency (cycles) | Iteration|  Initiation Interval  | Trip |          |
        |                       Loop Name                      |   min   |   max   |  Latency |  achieved |   target  | Count| Pipelined|
        +------------------------------------------------------+---------+---------+----------+-----------+-----------+------+----------+
        |- VITIS_LOOP_103_1_VITIS_LOOP_105_2_VITIS_LOOP_106_3  |    24576|    24576|         3|          3|          4|  8192|       yes|
        +------------------------------------------------------+---------+---------+----------+-----------+-----------+------+----------+

============================================================
+ Verbose Summary: Synthesis Manager
============================================================
InlineROM: 1
ExposeGlobal: 0
============================================================
+ Verbose Summary: CDFG Model
============================================================
IsTopModel: 0
ResetActiveHigh: 1
IsCombinational: 0
IsDatapathOnly: 0
HasWiredReturn: 1
HasMFsm: 2
HasVarLatency: 1
IsPipeline: 0
IsRtlPipelined: 0
IsInstanceOverlapped: 0
IsDontTouch: 0
HasImplIP: 0
IsGatedGlobalClock: 0

+ Individual pipeline summary: 
  * Pipeline-0: initiation interval (II) = 3, depth = 3


============================================================
+ Verbose Summary: Schedule
============================================================
* Number of FSM states : 3
* Pipeline : 1
  Pipeline-0 : II = 3, D = 3, States = { 1 2 3 }
* Dataflow Pipeline: 0

* FSM state transitions: 
1 --> 2 
2 --> 3 
3 --> 

* FSM state operations: 

State 1 <SV = 0> <Delay = 4.12>
ST_1 : Operation 6 [1/1] (0.00ns)   --->   "%oc = alloca i32 1" [cnn_layer.cpp:106]   --->   Operation 6 'alloca' 'oc' <Predicate = true> <Delay = 0.00>
ST_1 : Operation 7 [1/1] (0.00ns)   --->   "%j = alloca i32 1" [cnn_layer.cpp:105]   --->   Operation 7 'alloca' 'j' <Predicate = true> <Delay = 0.00>
ST_1 : Operation 8 [1/1] (0.00ns)   --->   "%indvar_flatten = alloca i32 1"   --->   Operation 8 'alloca' 'indvar_flatten' <Predicate = true> <Delay = 0.00>
ST_1 : Operation 9 [1/1] (0.00ns)   --->   "%i = alloca i32 1" [cnn_layer.cpp:103]   --->   Operation 9 'alloca' 'i' <Predicate = true> <Delay = 0.00>
ST_1 : Operation 10 [1/1] (0.00ns)   --->   "%indvar_flatten12 = alloca i32 1"   --->   Operation 10 'alloca' 'indvar_flatten12' <Predicate = true> <Delay = 0.00>
ST_1 : Operation 11 [1/1] (0.00ns)   --->   "%specinterface_ln0 = specinterface void @_ssdm_op_SpecInterface, i16 %conv1_out, void @empty_0, i32 0, i32 0, void @empty_13, i32 0, i32 0, void @empty_13, void @empty_13, void @empty_13, i32 0, i32 0, i32 0, i32 0, void @empty_13, void @empty_13, i32 4294967295, i32 0, i32 0"   --->   Operation 11 'specinterface' 'specinterface_ln0' <Predicate = true> <Delay = 0.00>
ST_1 : Operation 12 [1/1] (1.29ns)   --->   "%store_ln0 = store i14 0, i14 %indvar_flatten12"   --->   Operation 12 'store' 'store_ln0' <Predicate = true> <Delay = 1.29>
ST_1 : Operation 13 [1/1] (1.29ns)   --->   "%store_ln103 = store i5 0, i5 %i" [cnn_layer.cpp:103]   --->   Operation 13 'store' 'store_ln103' <Predicate = true> <Delay = 1.29>
ST_1 : Operation 14 [1/1] (1.29ns)   --->   "%store_ln0 = store i11 0, i11 %indvar_flatten"   --->   Operation 14 'store' 'store_ln0' <Predicate = true> <Delay = 1.29>
ST_1 : Operation 15 [1/1] (1.29ns)   --->   "%store_ln105 = store i5 0, i5 %j" [cnn_layer.cpp:105]   --->   Operation 15 'store' 'store_ln105' <Predicate = true> <Delay = 1.29>
ST_1 : Operation 16 [1/1] (1.29ns)   --->   "%store_ln106 = store i6 0, i6 %oc" [cnn_layer.cpp:106]   --->   Operation 16 'store' 'store_ln106' <Predicate = true> <Delay = 1.29>
ST_1 : Operation 17 [1/1] (0.00ns)   --->   "%br_ln103 = br void %for.inc" [cnn_layer.cpp:103]   --->   Operation 17 'br' 'br_ln103' <Predicate = true> <Delay = 0.00>
ST_1 : Operation 18 [1/1] (0.00ns)   --->   "%indvar_flatten12_load = load i14 %indvar_flatten12" [cnn_layer.cpp:103]   --->   Operation 18 'load' 'indvar_flatten12_load' <Predicate = true> <Delay = 0.00>
ST_1 : Operation 19 [1/1] (1.52ns)   --->   "%icmp_ln103 = icmp_eq  i14 %indvar_flatten12_load, i14 8192" [cnn_layer.cpp:103]   --->   Operation 19 'icmp' 'icmp_ln103' <Predicate = true> <Delay = 1.52> <CoreInst = "Cmp">   --->   Core 9 'Cmp' <Latency = 0> <II = 1> <Delay = 1.52> <FuncUnit> <Opcode : 'seteq' 'setne' 'setle' 'setge' 'setlt' 'setgt'> <InPorts = 2> <OutPorts = 1>
ST_1 : Operation 20 [1/1] (1.52ns)   --->   "%add_ln103_1 = add i14 %indvar_flatten12_load, i14 1" [cnn_layer.cpp:103]   --->   Operation 20 'add' 'add_ln103_1' <Predicate = true> <Delay = 1.52> <CoreInst = "Adder">   --->   Core 1 'Adder' <Latency = 0> <II = 1> <Delay = 1.52> <FuncUnit> <Opcode : 'add' 'sub'> <InPorts = 2> <OutPorts = 1>
ST_1 : Operation 21 [1/1] (0.00ns)   --->   "%br_ln103 = br i1 %icmp_ln103, void %for.inc17, void %for.end19" [cnn_layer.cpp:103]   --->   Operation 21 'br' 'br_ln103' <Predicate = true> <Delay = 0.00>
ST_1 : Operation 22 [1/1] (1.29ns)   --->   "%store_ln103 = store i14 %add_ln103_1, i14 %indvar_flatten12" [cnn_layer.cpp:103]   --->   Operation 22 'store' 'store_ln103' <Predicate = (!icmp_ln103)> <Delay = 1.29>
ST_1 : Operation 59 [1/1] (1.29ns)   --->   "%ret_ln112 = ret" [cnn_layer.cpp:112]   --->   Operation 59 'ret' 'ret_ln112' <Predicate = (icmp_ln103)> <Delay = 1.29>

State 2 <SV = 1> <Delay = 7.22>
ST_2 : Operation 23 [1/1] (0.00ns)   --->   "%oc_load = load i6 %oc" [cnn_layer.cpp:106]   --->   Operation 23 'load' 'oc_load' <Predicate = true> <Delay = 0.00>
ST_2 : Operation 24 [1/1] (0.00ns)   --->   "%j_load = load i5 %j" [cnn_layer.cpp:103]   --->   Operation 24 'load' 'j_load' <Predicate = true> <Delay = 0.00>
ST_2 : Operation 25 [1/1] (0.00ns)   --->   "%indvar_flatten_load = load i11 %indvar_flatten" [cnn_layer.cpp:105]   --->   Operation 25 'load' 'indvar_flatten_load' <Predicate = true> <Delay = 0.00>
ST_2 : Operation 26 [1/1] (0.00ns)   --->   "%i_load = load i5 %i" [cnn_layer.cpp:103]   --->   Operation 26 'load' 'i_load' <Predicate = true> <Delay = 0.00>
ST_2 : Operation 27 [1/1] (1.02ns)   --->   "%add_ln103 = add i5 %i_load, i5 1" [cnn_layer.cpp:103]   --->   Operation 27 'add' 'add_ln103' <Predicate = true> <Delay = 1.02> <CoreInst = "Adder">   --->   Core 1 'Adder' <Latency = 0> <II = 1> <Delay = 1.02> <FuncUnit> <Opcode : 'add' 'sub'> <InPorts = 2> <OutPorts = 1>
ST_2 : Operation 28 [1/1] (1.48ns)   --->   "%icmp_ln105 = icmp_eq  i11 %indvar_flatten_load, i11 512" [cnn_layer.cpp:105]   --->   Operation 28 'icmp' 'icmp_ln105' <Predicate = true> <Delay = 1.48> <CoreInst = "Cmp">   --->   Core 9 'Cmp' <Latency = 0> <II = 1> <Delay = 1.48> <FuncUnit> <Opcode : 'seteq' 'setne' 'setle' 'setge' 'setlt' 'setgt'> <InPorts = 2> <OutPorts = 1>
ST_2 : Operation 29 [1/1] (0.97ns)   --->   "%select_ln103 = select i1 %icmp_ln105, i5 0, i5 %j_load" [cnn_layer.cpp:103]   --->   Operation 29 'select' 'select_ln103' <Predicate = true> <Delay = 0.97> <CoreInst = "Sel">   --->   Core 73 'Sel' <Latency = 0> <II = 1> <Delay = 0.97> <FuncUnit> <Opcode : 'select'> <InPorts = 3> <OutPorts = 1>
ST_2 : Operation 30 [1/1] (0.00ns) (grouped into LUT with out node and_ln103)   --->   "%xor_ln103 = xor i1 %icmp_ln105, i1 1" [cnn_layer.cpp:103]   --->   Operation 30 'xor' 'xor_ln103' <Predicate = true> <Delay = 0.00> <CoreInst = "LogicGate">   --->   Core 74 'LogicGate' <Latency = 0> <II = 1> <Delay = 0.80> <FuncUnit> <Opcode : 'and' 'or' 'xor'> <InPorts = 2> <OutPorts = 1>
ST_2 : Operation 31 [1/1] (1.28ns)   --->   "%icmp_ln106 = icmp_eq  i6 %oc_load, i6 32" [cnn_layer.cpp:106]   --->   Operation 31 'icmp' 'icmp_ln106' <Predicate = true> <Delay = 1.28> <CoreInst = "Cmp">   --->   Core 9 'Cmp' <Latency = 0> <II = 1> <Delay = 1.28> <FuncUnit> <Opcode : 'seteq' 'setne' 'setle' 'setge' 'setlt' 'setgt'> <InPorts = 2> <OutPorts = 1>
ST_2 : Operation 32 [1/1] (0.80ns) (out node of the LUT)   --->   "%and_ln103 = and i1 %icmp_ln106, i1 %xor_ln103" [cnn_layer.cpp:103]   --->   Operation 32 'and' 'and_ln103' <Predicate = true> <Delay = 0.80> <CoreInst = "LogicGate">   --->   Core 74 'LogicGate' <Latency = 0> <II = 1> <Delay = 0.80> <FuncUnit> <Opcode : 'and' 'or' 'xor'> <InPorts = 2> <OutPorts = 1>
ST_2 : Operation 33 [1/1] (0.97ns)   --->   "%select_ln103_1 = select i1 %icmp_ln105, i5 %add_ln103, i5 %i_load" [cnn_layer.cpp:103]   --->   Operation 33 'select' 'select_ln103_1' <Predicate = true> <Delay = 0.97> <CoreInst = "Sel">   --->   Core 73 'Sel' <Latency = 0> <II = 1> <Delay = 0.97> <FuncUnit> <Opcode : 'select'> <InPorts = 3> <OutPorts = 1>
ST_2 : Operation 34 [1/1] (1.02ns)   --->   "%add_ln105 = add i5 %select_ln103, i5 1" [cnn_layer.cpp:105]   --->   Operation 34 'add' 'add_ln105' <Predicate = true> <Delay = 1.02> <CoreInst = "Adder">   --->   Core 1 'Adder' <Latency = 0> <II = 1> <Delay = 1.02> <FuncUnit> <Opcode : 'add' 'sub'> <InPorts = 2> <OutPorts = 1>
ST_2 : Operation 35 [1/1] (0.00ns) (grouped into LUT with out node oc_mid2)   --->   "%empty = or i1 %and_ln103, i1 %icmp_ln105" [cnn_layer.cpp:103]   --->   Operation 35 'or' 'empty' <Predicate = true> <Delay = 0.00> <CoreInst = "LogicGate">   --->   Core 74 'LogicGate' <Latency = 0> <II = 1> <Delay = 0.80> <FuncUnit> <Opcode : 'and' 'or' 'xor'> <InPorts = 2> <OutPorts = 1>
ST_2 : Operation 36 [1/1] (0.97ns) (out node of the LUT)   --->   "%oc_mid2 = select i1 %empty, i6 0, i6 %oc_load" [cnn_layer.cpp:103]   --->   Operation 36 'select' 'oc_mid2' <Predicate = true> <Delay = 0.97> <CoreInst = "Sel">   --->   Core 73 'Sel' <Latency = 0> <II = 1> <Delay = 0.97> <FuncUnit> <Opcode : 'select'> <InPorts = 3> <OutPorts = 1>
ST_2 : Operation 37 [1/1] (0.97ns)   --->   "%select_ln105 = select i1 %and_ln103, i5 %add_ln105, i5 %select_ln103" [cnn_layer.cpp:105]   --->   Operation 37 'select' 'select_ln105' <Predicate = true> <Delay = 0.97> <CoreInst = "Sel">   --->   Core 73 'Sel' <Latency = 0> <II = 1> <Delay = 0.97> <FuncUnit> <Opcode : 'select'> <InPorts = 3> <OutPorts = 1>
ST_2 : Operation 38 [1/1] (0.00ns)   --->   "%trunc_ln108 = trunc i5 %select_ln103_1" [cnn_layer.cpp:108]   --->   Operation 38 'trunc' 'trunc_ln108' <Predicate = true> <Delay = 0.00>
ST_2 : Operation 39 [1/1] (0.00ns)   --->   "%trunc_ln108_1 = trunc i5 %select_ln105" [cnn_layer.cpp:108]   --->   Operation 39 'trunc' 'trunc_ln108_1' <Predicate = true> <Delay = 0.00>
ST_2 : Operation 40 [1/1] (0.00ns)   --->   "%trunc_ln108_2 = trunc i6 %oc_mid2" [cnn_layer.cpp:108]   --->   Operation 40 'trunc' 'trunc_ln108_2' <Predicate = true> <Delay = 0.00>
ST_2 : Operation 41 [1/1] (0.00ns)   --->   "%tmp_1 = bitconcatenate i13 @_ssdm_op_BitConcatenate.i13.i5.i4.i4, i5 %trunc_ln108_2, i4 %trunc_ln108, i4 %trunc_ln108_1" [cnn_layer.cpp:108]   --->   Operation 41 'bitconcatenate' 'tmp_1' <Predicate = true> <Delay = 0.00>
ST_2 : Operation 42 [1/1] (0.00ns)   --->   "%zext_ln108 = zext i13 %tmp_1" [cnn_layer.cpp:108]   --->   Operation 42 'zext' 'zext_ln108' <Predicate = true> <Delay = 0.00>
ST_2 : Operation 43 [1/1] (0.00ns)   --->   "%output_buf_addr = getelementptr i15 %output_buf, i32 0, i32 %zext_ln108" [cnn_layer.cpp:108]   --->   Operation 43 'getelementptr' 'output_buf_addr' <Predicate = true> <Delay = 0.00>
ST_2 : Operation 44 [2/2] (2.77ns)   --->   "%output_buf_load = load i13 %output_buf_addr" [cnn_layer.cpp:108]   --->   Operation 44 'load' 'output_buf_load' <Predicate = true> <Delay = 2.77> <CoreInst = "RAM">   --->   Core 81 'RAM' <Latency = 1> <II = 1> <Delay = 2.77> <Storage> <Opcode : 'load' 'store'> <Ports = 2> <Width = 15> <Depth = 8192> <RAM>
ST_2 : Operation 45 [1/1] (1.28ns)   --->   "%add_ln106 = add i6 %oc_mid2, i6 1" [cnn_layer.cpp:106]   --->   Operation 45 'add' 'add_ln106' <Predicate = true> <Delay = 1.28> <CoreInst = "Adder">   --->   Core 1 'Adder' <Latency = 0> <II = 1> <Delay = 1.28> <FuncUnit> <Opcode : 'add' 'sub'> <InPorts = 2> <OutPorts = 1>
ST_2 : Operation 46 [1/1] (1.48ns)   --->   "%add_ln105_1 = add i11 %indvar_flatten_load, i11 1" [cnn_layer.cpp:105]   --->   Operation 46 'add' 'add_ln105_1' <Predicate = true> <Delay = 1.48> <CoreInst = "Adder">   --->   Core 1 'Adder' <Latency = 0> <II = 1> <Delay = 1.48> <FuncUnit> <Opcode : 'add' 'sub'> <InPorts = 2> <OutPorts = 1>
ST_2 : Operation 47 [1/1] (0.79ns)   --->   "%select_ln105_1 = select i1 %icmp_ln105, i11 1, i11 %add_ln105_1" [cnn_layer.cpp:105]   --->   Operation 47 'select' 'select_ln105_1' <Predicate = true> <Delay = 0.79> <CoreInst = "Sel">   --->   Core 73 'Sel' <Latency = 0> <II = 1> <Delay = 0.79> <FuncUnit> <Opcode : 'select'> <InPorts = 3> <OutPorts = 1>
ST_2 : Operation 48 [1/1] (1.29ns)   --->   "%store_ln103 = store i5 %select_ln103_1, i5 %i" [cnn_layer.cpp:103]   --->   Operation 48 'store' 'store_ln103' <Predicate = true> <Delay = 1.29>
ST_2 : Operation 49 [1/1] (1.29ns)   --->   "%store_ln105 = store i11 %select_ln105_1, i11 %indvar_flatten" [cnn_layer.cpp:105]   --->   Operation 49 'store' 'store_ln105' <Predicate = true> <Delay = 1.29>
ST_2 : Operation 50 [1/1] (1.29ns)   --->   "%store_ln105 = store i5 %select_ln105, i5 %j" [cnn_layer.cpp:105]   --->   Operation 50 'store' 'store_ln105' <Predicate = true> <Delay = 1.29>
ST_2 : Operation 51 [1/1] (1.29ns)   --->   "%store_ln106 = store i6 %add_ln106, i6 %oc" [cnn_layer.cpp:106]   --->   Operation 51 'store' 'store_ln106' <Predicate = true> <Delay = 1.29>

State 3 <SV = 2> <Delay = 6.18>
ST_3 : Operation 52 [1/1] (0.00ns)   --->   "%specloopname_ln0 = specloopname void @_ssdm_op_SpecLoopName, void @VITIS_LOOP_103_1_VITIS_LOOP_105_2_VITIS_LOOP_106_3_str"   --->   Operation 52 'specloopname' 'specloopname_ln0' <Predicate = true> <Delay = 0.00>
ST_3 : Operation 53 [1/1] (0.00ns)   --->   "%speclooptripcount_ln0 = speclooptripcount void @_ssdm_op_SpecLoopTripCount, i64 8192, i64 8192, i64 8192"   --->   Operation 53 'speclooptripcount' 'speclooptripcount_ln0' <Predicate = true> <Delay = 0.00>
ST_3 : Operation 54 [1/1] (0.00ns)   --->   "%specpipeline_ln107 = specpipeline void @_ssdm_op_SpecPipeline, i32 4, i32 0, i32 0, i32 0, void @empty_13" [cnn_layer.cpp:107]   --->   Operation 54 'specpipeline' 'specpipeline_ln107' <Predicate = true> <Delay = 0.00>
ST_3 : Operation 55 [1/2] ( I:2.77ns O:2.77ns )   --->   "%output_buf_load = load i13 %output_buf_addr" [cnn_layer.cpp:108]   --->   Operation 55 'load' 'output_buf_load' <Predicate = true> <Delay = 2.77> <CoreInst = "RAM">   --->   Core 81 'RAM' <Latency = 1> <II = 1> <Delay = 2.77> <Storage> <Opcode : 'load' 'store'> <Ports = 2> <Width = 15> <Depth = 8192> <RAM>
ST_3 : Operation 56 [1/1] (0.00ns)   --->   "%output_buf_load_cast = zext i15 %output_buf_load" [cnn_layer.cpp:108]   --->   Operation 56 'zext' 'output_buf_load_cast' <Predicate = true> <Delay = 0.00>
ST_3 : Operation 57 [1/1] ( I:3.41ns O:3.41ns )   --->   "%write_ln108 = write void @_ssdm_op_Write.ap_fifo.volatile.i16P0A, i16 %conv1_out, i16 %output_buf_load_cast" [cnn_layer.cpp:108]   --->   Operation 57 'write' 'write_ln108' <Predicate = true> <Delay = 3.41> <CoreInst = "FIFO">   --->   Core 77 'FIFO' <Latency = 0> <II = 1> <Delay = 3.41> <Storage> <Opcode : 'read' 'write' 'nbread' 'nbwrite'> <Ports = 0> <Width = 16> <Depth = 8192> <FIFO>
ST_3 : Operation 58 [1/1] (0.00ns)   --->   "%br_ln106 = br void %for.inc" [cnn_layer.cpp:106]   --->   Operation 58 'br' 'br_ln106' <Predicate = true> <Delay = 0.00>


============================================================
+ Verbose Summary: Timing violations
============================================================
Target clock period: 10.000ns, clock uncertainty: 2.700ns.

 <State 1>: 4.124ns
The critical path consists of the following:
	'store' operation 0 bit ('store_ln0') of constant 0 on local variable 'indvar_flatten12' [9]  (1.298 ns)
	'load' operation 14 bit ('indvar_flatten12_load', cnn_layer.cpp:103) on local variable 'indvar_flatten12' [16]  (0.000 ns)
	'icmp' operation 1 bit ('icmp_ln103', cnn_layer.cpp:103) [17]  (1.528 ns)
	'store' operation 0 bit ('store_ln103', cnn_layer.cpp:103) of variable 'add_ln103_1', cnn_layer.cpp:103 on local variable 'indvar_flatten12' [51]  (1.298 ns)

 <State 2>: 7.226ns
The critical path consists of the following:
	'load' operation 11 bit ('indvar_flatten_load', cnn_layer.cpp:105) on local variable 'indvar_flatten' [23]  (0.000 ns)
	'icmp' operation 1 bit ('icmp_ln105', cnn_layer.cpp:105) [28]  (1.482 ns)
	'select' operation 5 bit ('select_ln103', cnn_layer.cpp:103) [29]  (0.976 ns)
	'add' operation 5 bit ('add_ln105', cnn_layer.cpp:105) [34]  (1.022 ns)
	'select' operation 5 bit ('select_ln105', cnn_layer.cpp:105) [37]  (0.976 ns)
	'getelementptr' operation 13 bit ('output_buf_addr', cnn_layer.cpp:108) [44]  (0.000 ns)
	'load' operation 15 bit ('output_buf_load', cnn_layer.cpp:108) on array 'output_buf' [45]  (2.771 ns)

 <State 3>: 6.189ns
The critical path consists of the following:
	'load' operation 15 bit ('output_buf_load', cnn_layer.cpp:108) on array 'output_buf' [45]  (2.771 ns)
	fifo write operation ('write_ln108', cnn_layer.cpp:108) on port 'conv1_out' (cnn_layer.cpp:108) [47]  (3.418 ns)


============================================================
+ Verbose Summary: Binding
============================================================
N/A
* FSMD analyzer results:
  - Output states:
 - Input state : 
  - Chain level:
	State 1
	State 2
	State 3


============================================================
+ Verbose Summary: Datapath Resource usage 
============================================================
N/A
